<?xml version="1.0" encoding="UTF-8"?>
<testsuite name="com.telcoedge.charging.ChargingServiceTest" tests="4" skipped="0" failures="0" errors="0" timestamp="2026-05-28T13:28:31.860Z" hostname="DESKTOP-UH6MUT8" time="0.184">
  <properties/>
  <testcase name="shouldRejectInsufficientBalance()" classname="com.telcoedge.charging.ChargingServiceTest" time="0.083"/>
  <testcase name="shouldReturnDuplicateForSameEventId()" classname="com.telcoedge.charging.ChargingServiceTest" time="0.009"/>
  <testcase name="shouldChargeSuccessfully()" classname="com.telcoedge.charging.ChargingServiceTest" time="0.003"/>
  <testcase name="shouldReturnSubscriberNotFound()" classname="com.telcoedge.charging.ChargingServiceTest" time="0.003"/>
  <system-out><![CDATA[]]></system-out>
  <system-err><![CDATA[]]></system-err>
</testsuite>
