<?xml version="1.0" encoding="UTF-8"?>
<testsuite name="com.telcoedge.charging.ChargingServiceIntegrationTest" tests="5" skipped="0" failures="0" errors="0" timestamp="2026-06-16T17:47:18.282Z" hostname="DESKTOP-UH6MUT8" time="56.424">
  <properties/>
  <testcase name="shouldRejectInsufficientBalance()" classname="com.telcoedge.charging.ChargingServiceIntegrationTest" time="2.238"/>
  <testcase name="shouldRejectDuplicate()" classname="com.telcoedge.charging.ChargingServiceIntegrationTest" time="0.305"/>
  <testcase name="ChargingPathShouldNotExceedExpectedQueryCount()" classname="com.telcoedge.charging.ChargingServiceIntegrationTest" time="0.113"/>
  <testcase name="shouldChargeSuccessfully()" classname="com.telcoedge.charging.ChargingServiceIntegrationTest" time="0.196"/>
  <testcase name="shouldResultInSubscriberNotFound()" classname="com.telcoedge.charging.ChargingServiceIntegrationTest" time="0.22"/>
  <system-out><![CDATA[23:17:19.233 [Test worker] INFO org.springframework.test.context.support.AnnotationConfigContextLoaderUtils -- Could not detect default configuration classes for test class [com.telcoedge.charging.ChargingServiceIntegrationTest]: ChargingServiceIntegrationTest does not declare any static, non-private, non-final, nested classes annotated with @Configuration.
23:17:19.539 [Test worker] INFO org.testcontainers.images.PullPolicy -- Image pull policy will be performed by: DefaultPullPolicy()
23:17:19.550 [Test worker] INFO org.testcontainers.utility.ImageNameSubstitutor -- Image name substitution will be performed by: DefaultImageNameSubstitutor (composite of 'ConfigurationFileImageNameSubstitutor' and 'PrefixingImageNameSubstitutor')
23:17:20.537 [Test worker] INFO org.testcontainers.dockerclient.DockerClientProviderStrategy -- Loaded org.testcontainers.dockerclient.NpipeSocketClientProviderStrategy from ~/.testcontainers.properties, will try it first
23:17:21.586 [Test worker] INFO org.testcontainers.dockerclient.DockerClientProviderStrategy -- Found Docker environment with local Npipe socket (npipe:////./pipe/docker_engine)
23:17:21.589 [Test worker] INFO org.testcontainers.DockerClientFactory -- Docker host IP address is localhost
23:17:21.663 [Test worker] INFO org.testcontainers.DockerClientFactory -- Connected to docker: 
  Server Version: 27.2.0
  API Version: 1.47
  Operating System: Docker Desktop
  Total Memory: 5884 MB
23:17:22.038 [Test worker] INFO tc.testcontainers/ryuk:0.7.0 -- Creating container for image: testcontainers/ryuk:0.7.0
23:17:22.997 [Test worker] INFO org.testcontainers.utility.RegistryAuthLocator -- Credential helper/store (docker-credential-desktop) does not have credentials for https://index.docker.io/v1/
23:17:25.118 [Test worker] INFO tc.testcontainers/ryuk:0.7.0 -- Container testcontainers/ryuk:0.7.0 is starting: 7f3ee65e4f8ac683daad366beabdc3af866de334c17347d1a64b6054ee851115
23:17:27.972 [Test worker] INFO tc.testcontainers/ryuk:0.7.0 -- Container testcontainers/ryuk:0.7.0 started in PT5.9334635S
23:17:28.006 [Test worker] INFO org.testcontainers.utility.RyukResourceReaper -- Ryuk started - will monitor and terminate Testcontainers containers on JVM exit
23:17:28.006 [Test worker] INFO org.testcontainers.DockerClientFactory -- Checking the system...
23:17:28.008 [Test worker] INFO org.testcontainers.DockerClientFactory -- ✔︎ Docker server version should be at least 1.6.0
23:17:28.894 [Test worker] INFO org.springframework.boot.test.context.SpringBootTestContextBootstrapper -- Found @SpringBootConfiguration com.telcoedge.charging.ChargingEngineApplication for test class com.telcoedge.charging.ChargingServiceIntegrationTest
23:17:29.549 [Test worker] INFO tc.postgres:16-alpine -- Creating container for image: postgres:16-alpine
23:17:32.504 [Test worker] INFO tc.postgres:16-alpine -- Container postgres:16-alpine is starting: 7798fcebfb6336a2c8fe1f61c13d3b7d457d4de90e67dc05060d76ddcb7d69fd
23:17:40.895 [Test worker] INFO tc.postgres:16-alpine -- Container postgres:16-alpine started in PT11.3459998S
23:17:40.897 [Test worker] INFO tc.postgres:16-alpine -- Container is started (JDBC URL: jdbc:postgresql://localhost:61826/test?loggerLevel=OFF)

  .   ____          _            __ _ _
 /\\ / ___'_ __ _ _(_)_ __  __ _ \ \ \ \
( ( )\___ | '_ | '_| | '_ \/ _` | \ \ \ \
 \\/  ___)| |_)| | | | | || (_| |  ) ) ) )
  '  |____| .__|_| |_|_| |_\__, | / / / /
 =========|_|==============|___/=/_/_/_/

 :: Spring Boot ::                (v3.3.4)

2026-06-16T23:17:43.111+05:30  INFO 13176 --- [    Test worker] c.t.c.ChargingServiceIntegrationTest     : Starting ChargingServiceIntegrationTest using Java 21.0.11 with PID 13176 (started by shuba in C:\Users\shuba\Documents\career\telcoedge\telcoedge\charging-engine)
2026-06-16T23:17:43.114+05:30 DEBUG 13176 --- [    Test worker] c.t.c.ChargingServiceIntegrationTest     : Running with Spring Boot v3.3.4, Spring v6.1.13
2026-06-16T23:17:43.116+05:30  INFO 13176 --- [    Test worker] c.t.c.ChargingServiceIntegrationTest     : No active profile set, falling back to 1 default profile: "default"
2026-06-16T23:17:47.561+05:30  INFO 13176 --- [    Test worker] .s.d.r.c.RepositoryConfigurationDelegate : Bootstrapping Spring Data JPA repositories in DEFAULT mode.
2026-06-16T23:17:47.977+05:30  INFO 13176 --- [    Test worker] .s.d.r.c.RepositoryConfigurationDelegate : Finished Spring Data repository scanning in 359 ms. Found 4 JPA repository interfaces.
2026-06-16T23:17:52.405+05:30  INFO 13176 --- [    Test worker] org.flywaydb.core.FlywayExecutor         : Database: jdbc:postgresql://localhost:61826/test (PostgreSQL 16.13)
2026-06-16T23:17:52.590+05:30  INFO 13176 --- [    Test worker] o.f.c.i.s.JdbcTableSchemaHistory         : Schema history table "public"."flyway_schema_history" does not exist yet
2026-06-16T23:17:52.605+05:30  INFO 13176 --- [    Test worker] o.f.core.internal.command.DbValidate     : Successfully validated 6 migrations (execution time 00:00.108s)
2026-06-16T23:17:52.681+05:30  INFO 13176 --- [    Test worker] o.f.c.i.s.JdbcTableSchemaHistory         : Creating Schema History table "public"."flyway_schema_history" ...
2026-06-16T23:17:53.062+05:30  INFO 13176 --- [    Test worker] o.f.core.internal.command.DbMigrate      : Current version of schema "public": << Empty Schema >>
2026-06-16T23:17:53.145+05:30  INFO 13176 --- [    Test worker] o.f.core.internal.command.DbMigrate      : Migrating schema "public" to version "1 - create subscribers table"
2026-06-16T23:17:53.408+05:30  INFO 13176 --- [    Test worker] o.f.core.internal.command.DbMigrate      : Migrating schema "public" to version "2 - create operators"
2026-06-16T23:17:53.529+05:30  INFO 13176 --- [    Test worker] o.f.core.internal.command.DbMigrate      : Migrating schema "public" to version "3 - create plans and tariff rates"
2026-06-16T23:17:53.700+05:30  INFO 13176 --- [    Test worker] o.f.core.internal.command.DbMigrate      : Migrating schema "public" to version "4 - create balances"
2026-06-16T23:17:53.786+05:30  INFO 13176 --- [    Test worker] o.f.core.internal.command.DbMigrate      : Migrating schema "public" to version "5 - create usage events"
2026-06-16T23:17:53.935+05:30  INFO 13176 --- [    Test worker] o.f.core.internal.command.DbMigrate      : Migrating schema "public" to version "6 - create idempotency keys"
2026-06-16T23:17:54.053+05:30  INFO 13176 --- [    Test worker] o.f.core.internal.command.DbMigrate      : Successfully applied 6 migrations to schema "public", now at version v6 (execution time 00:00.433s)
2026-06-16T23:17:55.040+05:30  INFO 13176 --- [    Test worker] o.hibernate.jpa.internal.util.LogHelper  : HHH000204: Processing PersistenceUnitInfo [name: default]
2026-06-16T23:17:55.292+05:30  INFO 13176 --- [    Test worker] org.hibernate.Version                    : HHH000412: Hibernate ORM core version 6.5.3.Final
2026-06-16T23:17:55.543+05:30  INFO 13176 --- [    Test worker] o.h.c.internal.RegionFactoryInitiator    : HHH000026: Second-level cache disabled
2026-06-16T23:17:56.798+05:30  INFO 13176 --- [    Test worker] o.s.o.j.p.SpringPersistenceUnitInfo      : No LoadTimeWeaver setup: ignoring JPA class transformer
2026-06-16T23:17:57.161+05:30  INFO 13176 --- [    Test worker] com.zaxxer.hikari.HikariDataSource       : HikariPool-1 - Starting...
2026-06-16T23:17:57.274+05:30  INFO 13176 --- [    Test worker] com.zaxxer.hikari.pool.HikariPool        : HikariPool-1 - Added connection org.postgresql.jdbc.PgConnection@74691677
2026-06-16T23:17:57.280+05:30  INFO 13176 --- [    Test worker] com.zaxxer.hikari.HikariDataSource       : HikariPool-1 - Start completed.
2026-06-16T23:17:57.514+05:30  WARN 13176 --- [    Test worker] org.hibernate.orm.deprecation            : HHH90000025: PostgreSQLDialect does not need to be specified explicitly using 'hibernate.dialect' (remove the property setting and it will be selected by default)
2026-06-16T23:18:00.939+05:30  INFO 13176 --- [    Test worker] o.h.e.t.j.p.i.JtaPlatformInitiator       : HHH000489: No JTA platform available (set 'hibernate.transaction.jta.platform' to enable JTA platform integration)
2026-06-16T23:18:01.085+05:30  INFO 13176 --- [    Test worker] j.LocalContainerEntityManagerFactoryBean : Initialized JPA EntityManagerFactory for persistence unit 'default'
2026-06-16T23:18:02.001+05:30 DEBUG 13176 --- [    Test worker] o.h.stat.internal.StatisticsInitiator    : Statistics initialized [enabled=true]
2026-06-16T23:18:02.141+05:30  INFO 13176 --- [    Test worker] i.StatisticalLoggingSessionEventListener : Session Metrics {
    0 nanoseconds spent acquiring 0 JDBC connections;
    0 nanoseconds spent releasing 0 JDBC connections;
    0 nanoseconds spent preparing 0 JDBC statements;
    0 nanoseconds spent executing 0 JDBC statements;
    0 nanoseconds spent executing 0 JDBC batches;
    0 nanoseconds spent performing 0 L2C puts;
    0 nanoseconds spent performing 0 L2C hits;
    0 nanoseconds spent performing 0 L2C misses;
    0 nanoseconds spent executing 0 flushes (flushing a total of 0 entities and 0 collections);
    0 nanoseconds spent executing 0 pre-partial-flushes;
    0 nanoseconds spent executing 0 partial-flushes (flushing a total of 0 entities and 0 collections)
}
2026-06-16T23:18:02.145+05:30  INFO 13176 --- [    Test worker] i.StatisticalLoggingSessionEventListener : Session Metrics {
    0 nanoseconds spent acquiring 0 JDBC connections;
    0 nanoseconds spent releasing 0 JDBC connections;
    0 nanoseconds spent preparing 0 JDBC statements;
    0 nanoseconds spent executing 0 JDBC statements;
    0 nanoseconds spent executing 0 JDBC batches;
    0 nanoseconds spent performing 0 L2C puts;
    0 nanoseconds spent performing 0 L2C hits;
    0 nanoseconds spent performing 0 L2C misses;
    0 nanoseconds spent executing 0 flushes (flushing a total of 0 entities and 0 collections);
    0 nanoseconds spent executing 0 pre-partial-flushes;
    0 nanoseconds spent executing 0 partial-flushes (flushing a total of 0 entities and 0 collections)
}
2026-06-16T23:18:02.409+05:30  INFO 13176 --- [    Test worker] i.StatisticalLoggingSessionEventListener : Session Metrics {
    0 nanoseconds spent acquiring 0 JDBC connections;
    0 nanoseconds spent releasing 0 JDBC connections;
    0 nanoseconds spent preparing 0 JDBC statements;
    0 nanoseconds spent executing 0 JDBC statements;
    0 nanoseconds spent executing 0 JDBC batches;
    0 nanoseconds spent performing 0 L2C puts;
    0 nanoseconds spent performing 0 L2C hits;
    0 nanoseconds spent performing 0 L2C misses;
    0 nanoseconds spent executing 0 flushes (flushing a total of 0 entities and 0 collections);
    0 nanoseconds spent executing 0 pre-partial-flushes;
    0 nanoseconds spent executing 0 partial-flushes (flushing a total of 0 entities and 0 collections)
}
2026-06-16T23:18:03.530+05:30  INFO 13176 --- [    Test worker] i.StatisticalLoggingSessionEventListener : Session Metrics {
    0 nanoseconds spent acquiring 0 JDBC connections;
    0 nanoseconds spent releasing 0 JDBC connections;
    0 nanoseconds spent preparing 0 JDBC statements;
    0 nanoseconds spent executing 0 JDBC statements;
    0 nanoseconds spent executing 0 JDBC batches;
    0 nanoseconds spent performing 0 L2C puts;
    0 nanoseconds spent performing 0 L2C hits;
    0 nanoseconds spent performing 0 L2C misses;
    0 nanoseconds spent executing 0 flushes (flushing a total of 0 entities and 0 collections);
    0 nanoseconds spent executing 0 pre-partial-flushes;
    0 nanoseconds spent executing 0 partial-flushes (flushing a total of 0 entities and 0 collections)
}
2026-06-16T23:18:03.679+05:30  INFO 13176 --- [    Test worker] i.StatisticalLoggingSessionEventListener : Session Metrics {
    0 nanoseconds spent acquiring 0 JDBC connections;
    0 nanoseconds spent releasing 0 JDBC connections;
    0 nanoseconds spent preparing 0 JDBC statements;
    0 nanoseconds spent executing 0 JDBC statements;
    0 nanoseconds spent executing 0 JDBC batches;
    0 nanoseconds spent performing 0 L2C puts;
    0 nanoseconds spent performing 0 L2C hits;
    0 nanoseconds spent performing 0 L2C misses;
    0 nanoseconds spent executing 0 flushes (flushing a total of 0 entities and 0 collections);
    0 nanoseconds spent executing 0 pre-partial-flushes;
    0 nanoseconds spent executing 0 partial-flushes (flushing a total of 0 entities and 0 collections)
}
2026-06-16T23:18:03.943+05:30  INFO 13176 --- [    Test worker] i.StatisticalLoggingSessionEventListener : Session Metrics {
    0 nanoseconds spent acquiring 0 JDBC connections;
    0 nanoseconds spent releasing 0 JDBC connections;
    0 nanoseconds spent preparing 0 JDBC statements;
    0 nanoseconds spent executing 0 JDBC statements;
    0 nanoseconds spent executing 0 JDBC batches;
    0 nanoseconds spent performing 0 L2C puts;
    0 nanoseconds spent performing 0 L2C hits;
    0 nanoseconds spent performing 0 L2C misses;
    0 nanoseconds spent executing 0 flushes (flushing a total of 0 entities and 0 collections);
    0 nanoseconds spent executing 0 pre-partial-flushes;
    0 nanoseconds spent executing 0 partial-flushes (flushing a total of 0 entities and 0 collections)
}
2026-06-16T23:18:03.970+05:30  INFO 13176 --- [    Test worker] i.StatisticalLoggingSessionEventListener : Session Metrics {
    0 nanoseconds spent acquiring 0 JDBC connections;
    0 nanoseconds spent releasing 0 JDBC connections;
    0 nanoseconds spent preparing 0 JDBC statements;
    0 nanoseconds spent executing 0 JDBC statements;
    0 nanoseconds spent executing 0 JDBC batches;
    0 nanoseconds spent performing 0 L2C puts;
    0 nanoseconds spent performing 0 L2C hits;
    0 nanoseconds spent performing 0 L2C misses;
    0 nanoseconds spent executing 0 flushes (flushing a total of 0 entities and 0 collections);
    0 nanoseconds spent executing 0 pre-partial-flushes;
    0 nanoseconds spent executing 0 partial-flushes (flushing a total of 0 entities and 0 collections)
}
2026-06-16T23:18:03.984+05:30  INFO 13176 --- [    Test worker] i.StatisticalLoggingSessionEventListener : Session Metrics {
    0 nanoseconds spent acquiring 0 JDBC connections;
    0 nanoseconds spent releasing 0 JDBC connections;
    0 nanoseconds spent preparing 0 JDBC statements;
    0 nanoseconds spent executing 0 JDBC statements;
    0 nanoseconds spent executing 0 JDBC batches;
    0 nanoseconds spent performing 0 L2C puts;
    0 nanoseconds spent performing 0 L2C hits;
    0 nanoseconds spent performing 0 L2C misses;
    0 nanoseconds spent executing 0 flushes (flushing a total of 0 entities and 0 collections);
    0 nanoseconds spent executing 0 pre-partial-flushes;
    0 nanoseconds spent executing 0 partial-flushes (flushing a total of 0 entities and 0 collections)
}
2026-06-16T23:18:03.985+05:30  INFO 13176 --- [    Test worker] i.StatisticalLoggingSessionEventListener : Session Metrics {
    0 nanoseconds spent acquiring 0 JDBC connections;
    0 nanoseconds spent releasing 0 JDBC connections;
    0 nanoseconds spent preparing 0 JDBC statements;
    0 nanoseconds spent executing 0 JDBC statements;
    0 nanoseconds spent executing 0 JDBC batches;
    0 nanoseconds spent performing 0 L2C puts;
    0 nanoseconds spent performing 0 L2C hits;
    0 nanoseconds spent performing 0 L2C misses;
    0 nanoseconds spent executing 0 flushes (flushing a total of 0 entities and 0 collections);
    0 nanoseconds spent executing 0 pre-partial-flushes;
    0 nanoseconds spent executing 0 partial-flushes (flushing a total of 0 entities and 0 collections)
}
2026-06-16T23:18:03.993+05:30  INFO 13176 --- [    Test worker] i.StatisticalLoggingSessionEventListener : Session Metrics {
    0 nanoseconds spent acquiring 0 JDBC connections;
    0 nanoseconds spent releasing 0 JDBC connections;
    0 nanoseconds spent preparing 0 JDBC statements;
    0 nanoseconds spent executing 0 JDBC statements;
    0 nanoseconds spent executing 0 JDBC batches;
    0 nanoseconds spent performing 0 L2C puts;
    0 nanoseconds spent performing 0 L2C hits;
    0 nanoseconds spent performing 0 L2C misses;
    0 nanoseconds spent executing 0 flushes (flushing a total of 0 entities and 0 collections);
    0 nanoseconds spent executing 0 pre-partial-flushes;
    0 nanoseconds spent executing 0 partial-flushes (flushing a total of 0 entities and 0 collections)
}
2026-06-16T23:18:04.020+05:30  INFO 13176 --- [    Test worker] i.StatisticalLoggingSessionEventListener : Session Metrics {
    0 nanoseconds spent acquiring 0 JDBC connections;
    0 nanoseconds spent releasing 0 JDBC connections;
    0 nanoseconds spent preparing 0 JDBC statements;
    0 nanoseconds spent executing 0 JDBC statements;
    0 nanoseconds spent executing 0 JDBC batches;
    0 nanoseconds spent performing 0 L2C puts;
    0 nanoseconds spent performing 0 L2C hits;
    0 nanoseconds spent performing 0 L2C misses;
    0 nanoseconds spent executing 0 flushes (flushing a total of 0 entities and 0 collections);
    0 nanoseconds spent executing 0 pre-partial-flushes;
    0 nanoseconds spent executing 0 partial-flushes (flushing a total of 0 entities and 0 collections)
}
2026-06-16T23:18:04.082+05:30  INFO 13176 --- [    Test worker] i.StatisticalLoggingSessionEventListener : Session Metrics {
    0 nanoseconds spent acquiring 0 JDBC connections;
    0 nanoseconds spent releasing 0 JDBC connections;
    0 nanoseconds spent preparing 0 JDBC statements;
    0 nanoseconds spent executing 0 JDBC statements;
    0 nanoseconds spent executing 0 JDBC batches;
    0 nanoseconds spent performing 0 L2C puts;
    0 nanoseconds spent performing 0 L2C hits;
    0 nanoseconds spent performing 0 L2C misses;
    0 nanoseconds spent executing 0 flushes (flushing a total of 0 entities and 0 collections);
    0 nanoseconds spent executing 0 pre-partial-flushes;
    0 nanoseconds spent executing 0 partial-flushes (flushing a total of 0 entities and 0 collections)
}
2026-06-16T23:18:04.127+05:30  INFO 13176 --- [    Test worker] i.StatisticalLoggingSessionEventListener : Session Metrics {
    0 nanoseconds spent acquiring 0 JDBC connections;
    0 nanoseconds spent releasing 0 JDBC connections;
    0 nanoseconds spent preparing 0 JDBC statements;
    0 nanoseconds spent executing 0 JDBC statements;
    0 nanoseconds spent executing 0 JDBC batches;
    0 nanoseconds spent performing 0 L2C puts;
    0 nanoseconds spent performing 0 L2C hits;
    0 nanoseconds spent performing 0 L2C misses;
    0 nanoseconds spent executing 0 flushes (flushing a total of 0 entities and 0 collections);
    0 nanoseconds spent executing 0 pre-partial-flushes;
    0 nanoseconds spent executing 0 partial-flushes (flushing a total of 0 entities and 0 collections)
}
2026-06-16T23:18:04.146+05:30  INFO 13176 --- [    Test worker] i.StatisticalLoggingSessionEventListener : Session Metrics {
    0 nanoseconds spent acquiring 0 JDBC connections;
    0 nanoseconds spent releasing 0 JDBC connections;
    0 nanoseconds spent preparing 0 JDBC statements;
    0 nanoseconds spent executing 0 JDBC statements;
    0 nanoseconds spent executing 0 JDBC batches;
    0 nanoseconds spent performing 0 L2C puts;
    0 nanoseconds spent performing 0 L2C hits;
    0 nanoseconds spent performing 0 L2C misses;
    0 nanoseconds spent executing 0 flushes (flushing a total of 0 entities and 0 collections);
    0 nanoseconds spent executing 0 pre-partial-flushes;
    0 nanoseconds spent executing 0 partial-flushes (flushing a total of 0 entities and 0 collections)
}
2026-06-16T23:18:04.154+05:30  INFO 13176 --- [    Test worker] i.StatisticalLoggingSessionEventListener : Session Metrics {
    0 nanoseconds spent acquiring 0 JDBC connections;
    0 nanoseconds spent releasing 0 JDBC connections;
    0 nanoseconds spent preparing 0 JDBC statements;
    0 nanoseconds spent executing 0 JDBC statements;
    0 nanoseconds spent executing 0 JDBC batches;
    0 nanoseconds spent performing 0 L2C puts;
    0 nanoseconds spent performing 0 L2C hits;
    0 nanoseconds spent performing 0 L2C misses;
    0 nanoseconds spent executing 0 flushes (flushing a total of 0 entities and 0 collections);
    0 nanoseconds spent executing 0 pre-partial-flushes;
    0 nanoseconds spent executing 0 partial-flushes (flushing a total of 0 entities and 0 collections)
}
2026-06-16T23:18:04.260+05:30  INFO 13176 --- [    Test worker] o.s.d.j.r.query.QueryEnhancerFactory     : Hibernate is in classpath; If applicable, HQL parser will be used.
2026-06-16T23:18:04.854+05:30  INFO 13176 --- [    Test worker] i.StatisticalLoggingSessionEventListener : Session Metrics {
    0 nanoseconds spent acquiring 0 JDBC connections;
    0 nanoseconds spent releasing 0 JDBC connections;
    0 nanoseconds spent preparing 0 JDBC statements;
    0 nanoseconds spent executing 0 JDBC statements;
    0 nanoseconds spent executing 0 JDBC batches;
    0 nanoseconds spent performing 0 L2C puts;
    0 nanoseconds spent performing 0 L2C hits;
    0 nanoseconds spent performing 0 L2C misses;
    0 nanoseconds spent executing 0 flushes (flushing a total of 0 entities and 0 collections);
    0 nanoseconds spent executing 0 pre-partial-flushes;
    0 nanoseconds spent executing 0 partial-flushes (flushing a total of 0 entities and 0 collections)
}
2026-06-16T23:18:04.856+05:30  INFO 13176 --- [    Test worker] i.StatisticalLoggingSessionEventListener : Session Metrics {
    0 nanoseconds spent acquiring 0 JDBC connections;
    0 nanoseconds spent releasing 0 JDBC connections;
    0 nanoseconds spent preparing 0 JDBC statements;
    0 nanoseconds spent executing 0 JDBC statements;
    0 nanoseconds spent executing 0 JDBC batches;
    0 nanoseconds spent performing 0 L2C puts;
    0 nanoseconds spent performing 0 L2C hits;
    0 nanoseconds spent performing 0 L2C misses;
    0 nanoseconds spent executing 0 flushes (flushing a total of 0 entities and 0 collections);
    0 nanoseconds spent executing 0 pre-partial-flushes;
    0 nanoseconds spent executing 0 partial-flushes (flushing a total of 0 entities and 0 collections)
}
2026-06-16T23:18:05.410+05:30  INFO 13176 --- [    Test worker] i.StatisticalLoggingSessionEventListener : Session Metrics {
    0 nanoseconds spent acquiring 0 JDBC connections;
    0 nanoseconds spent releasing 0 JDBC connections;
    0 nanoseconds spent preparing 0 JDBC statements;
    0 nanoseconds spent executing 0 JDBC statements;
    0 nanoseconds spent executing 0 JDBC batches;
    0 nanoseconds spent performing 0 L2C puts;
    0 nanoseconds spent performing 0 L2C hits;
    0 nanoseconds spent performing 0 L2C misses;
    0 nanoseconds spent executing 0 flushes (flushing a total of 0 entities and 0 collections);
    0 nanoseconds spent executing 0 pre-partial-flushes;
    0 nanoseconds spent executing 0 partial-flushes (flushing a total of 0 entities and 0 collections)
}
2026-06-16T23:18:05.412+05:30  INFO 13176 --- [    Test worker] i.StatisticalLoggingSessionEventListener : Session Metrics {
    0 nanoseconds spent acquiring 0 JDBC connections;
    0 nanoseconds spent releasing 0 JDBC connections;
    0 nanoseconds spent preparing 0 JDBC statements;
    0 nanoseconds spent executing 0 JDBC statements;
    0 nanoseconds spent executing 0 JDBC batches;
    0 nanoseconds spent performing 0 L2C puts;
    0 nanoseconds spent performing 0 L2C hits;
    0 nanoseconds spent performing 0 L2C misses;
    0 nanoseconds spent executing 0 flushes (flushing a total of 0 entities and 0 collections);
    0 nanoseconds spent executing 0 pre-partial-flushes;
    0 nanoseconds spent executing 0 partial-flushes (flushing a total of 0 entities and 0 collections)
}
2026-06-16T23:18:05.414+05:30  INFO 13176 --- [    Test worker] i.StatisticalLoggingSessionEventListener : Session Metrics {
    0 nanoseconds spent acquiring 0 JDBC connections;
    0 nanoseconds spent releasing 0 JDBC connections;
    0 nanoseconds spent preparing 0 JDBC statements;
    0 nanoseconds spent executing 0 JDBC statements;
    0 nanoseconds spent executing 0 JDBC batches;
    0 nanoseconds spent performing 0 L2C puts;
    0 nanoseconds spent performing 0 L2C hits;
    0 nanoseconds spent performing 0 L2C misses;
    0 nanoseconds spent executing 0 flushes (flushing a total of 0 entities and 0 collections);
    0 nanoseconds spent executing 0 pre-partial-flushes;
    0 nanoseconds spent executing 0 partial-flushes (flushing a total of 0 entities and 0 collections)
}
2026-06-16T23:18:05.448+05:30  INFO 13176 --- [    Test worker] i.StatisticalLoggingSessionEventListener : Session Metrics {
    0 nanoseconds spent acquiring 0 JDBC connections;
    0 nanoseconds spent releasing 0 JDBC connections;
    0 nanoseconds spent preparing 0 JDBC statements;
    0 nanoseconds spent executing 0 JDBC statements;
    0 nanoseconds spent executing 0 JDBC batches;
    0 nanoseconds spent performing 0 L2C puts;
    0 nanoseconds spent performing 0 L2C hits;
    0 nanoseconds spent performing 0 L2C misses;
    0 nanoseconds spent executing 0 flushes (flushing a total of 0 entities and 0 collections);
    0 nanoseconds spent executing 0 pre-partial-flushes;
    0 nanoseconds spent executing 0 partial-flushes (flushing a total of 0 entities and 0 collections)
}
2026-06-16T23:18:05.461+05:30  INFO 13176 --- [    Test worker] i.StatisticalLoggingSessionEventListener : Session Metrics {
    0 nanoseconds spent acquiring 0 JDBC connections;
    0 nanoseconds spent releasing 0 JDBC connections;
    0 nanoseconds spent preparing 0 JDBC statements;
    0 nanoseconds spent executing 0 JDBC statements;
    0 nanoseconds spent executing 0 JDBC batches;
    0 nanoseconds spent performing 0 L2C puts;
    0 nanoseconds spent performing 0 L2C hits;
    0 nanoseconds spent performing 0 L2C misses;
    0 nanoseconds spent executing 0 flushes (flushing a total of 0 entities and 0 collections);
    0 nanoseconds spent executing 0 pre-partial-flushes;
    0 nanoseconds spent executing 0 partial-flushes (flushing a total of 0 entities and 0 collections)
}
2026-06-16T23:18:05.643+05:30  INFO 13176 --- [    Test worker] i.StatisticalLoggingSessionEventListener : Session Metrics {
    0 nanoseconds spent acquiring 0 JDBC connections;
    0 nanoseconds spent releasing 0 JDBC connections;
    0 nanoseconds spent preparing 0 JDBC statements;
    0 nanoseconds spent executing 0 JDBC statements;
    0 nanoseconds spent executing 0 JDBC batches;
    0 nanoseconds spent performing 0 L2C puts;
    0 nanoseconds spent performing 0 L2C hits;
    0 nanoseconds spent performing 0 L2C misses;
    0 nanoseconds spent executing 0 flushes (flushing a total of 0 entities and 0 collections);
    0 nanoseconds spent executing 0 pre-partial-flushes;
    0 nanoseconds spent executing 0 partial-flushes (flushing a total of 0 entities and 0 collections)
}
2026-06-16T23:18:05.644+05:30  INFO 13176 --- [    Test worker] i.StatisticalLoggingSessionEventListener : Session Metrics {
    0 nanoseconds spent acquiring 0 JDBC connections;
    0 nanoseconds spent releasing 0 JDBC connections;
    0 nanoseconds spent preparing 0 JDBC statements;
    0 nanoseconds spent executing 0 JDBC statements;
    0 nanoseconds spent executing 0 JDBC batches;
    0 nanoseconds spent performing 0 L2C puts;
    0 nanoseconds spent performing 0 L2C hits;
    0 nanoseconds spent performing 0 L2C misses;
    0 nanoseconds spent executing 0 flushes (flushing a total of 0 entities and 0 collections);
    0 nanoseconds spent executing 0 pre-partial-flushes;
    0 nanoseconds spent executing 0 partial-flushes (flushing a total of 0 entities and 0 collections)
}
2026-06-16T23:18:06.116+05:30  INFO 13176 --- [    Test worker] i.StatisticalLoggingSessionEventListener : Session Metrics {
    0 nanoseconds spent acquiring 0 JDBC connections;
    0 nanoseconds spent releasing 0 JDBC connections;
    0 nanoseconds spent preparing 0 JDBC statements;
    0 nanoseconds spent executing 0 JDBC statements;
    0 nanoseconds spent executing 0 JDBC batches;
    0 nanoseconds spent performing 0 L2C puts;
    0 nanoseconds spent performing 0 L2C hits;
    0 nanoseconds spent performing 0 L2C misses;
    0 nanoseconds spent executing 0 flushes (flushing a total of 0 entities and 0 collections);
    0 nanoseconds spent executing 0 pre-partial-flushes;
    0 nanoseconds spent executing 0 partial-flushes (flushing a total of 0 entities and 0 collections)
}
2026-06-16T23:18:10.670+05:30  INFO 13176 --- [    Test worker] o.s.b.a.e.web.EndpointLinksResolver      : Exposing 1 endpoint beneath base path '/actuator'
2026-06-16T23:18:11.074+05:30  INFO 13176 --- [    Test worker] c.t.c.ChargingServiceIntegrationTest     : Started ChargingServiceIntegrationTest in 29.886 seconds (process running for 56.376)
2026-06-16T23:18:13.509+05:30 DEBUG 13176 --- [    Test worker] org.hibernate.SQL                        : 
    select
        ike1_0.id,
        ike1_0.created_at,
        ike1_0.event_id,
        ike1_0.expires_at,
        ike1_0.response_hash,
        ike1_0.status 
    from
        idempotency_keys ike1_0 
    where
        ike1_0.event_id=?
2026-06-16T23:18:13.513+05:30 TRACE 13176 --- [    Test worker] org.hibernate.orm.jdbc.bind              : binding parameter (1:UUID) <- [39a7512e-dc9e-4b75-91f4-b4b3c1659b49]
2026-06-16T23:18:13.521+05:30 DEBUG 13176 --- [    Test worker] o.h.stat.internal.StatisticsImpl         : HHH000117: HQL: [CRITERIA] select ike1_0.id,ike1_0.created_at,ike1_0.event_id,ike1_0.expires_at,ike1_0.response_hash,ike1_0.status from idempotency_keys ike1_0 where ike1_0.event_id=?, time: 71ms, rows: 0
2026-06-16T23:18:13.561+05:30 DEBUG 13176 --- [    Test worker] org.hibernate.SQL                        : 
    select
        tre1_0.usage_type,
        tre1_0.rate_per_unit 
    from
        tariff_rates tre1_0 
    where
        tre1_0.plan_id=(
            select
                spe1_0.plan_id 
            from
                subscriber_plans spe1_0 
            where
                spe1_0.subscriber_id=? 
                and spe1_0.active=true
        )
2026-06-16T23:18:13.562+05:30 TRACE 13176 --- [    Test worker] org.hibernate.orm.jdbc.bind              : binding parameter (1:BIGINT) <- [1]
2026-06-16T23:18:13.570+05:30 DEBUG 13176 --- [    Test worker] o.h.stat.internal.StatisticsImpl         : HHH000117: HQL:     SELECT tr.usageType AS usageType, tr.ratePerUnit AS ratePerUnit
    FROM TariffRateEntity tr
    WHERE tr.planId = (
    SELECT sp.planId FROM SubscriberPlanEntity sp
    WHERE sp.subscriberId = :subscriberId AND sp.active=true
    )
, time: 9ms, rows: 3
2026-06-16T23:18:13.592+05:30 DEBUG 13176 --- [    Test worker] org.hibernate.SQL                        : 
    select
        be1_0.id,
        be1_0.amount,
        be1_0.created_at,
        be1_0.subscriber_id,
        be1_0.updated_at,
        be1_0.version 
    from
        balances be1_0 
    where
        be1_0.subscriber_id=?
2026-06-16T23:18:13.593+05:30 TRACE 13176 --- [    Test worker] org.hibernate.orm.jdbc.bind              : binding parameter (1:BIGINT) <- [1]
2026-06-16T23:18:13.631+05:30 DEBUG 13176 --- [    Test worker] o.h.stat.internal.StatisticsImpl         : HHH000117: HQL: [CRITERIA] select be1_0.id,be1_0.amount,be1_0.created_at,be1_0.subscriber_id,be1_0.updated_at,be1_0.version from balances be1_0 where be1_0.subscriber_id=?, time: 39ms, rows: 1
2026-06-16T23:18:13.656+05:30  INFO 13176 --- [    Test worker] i.StatisticalLoggingSessionEventListener : Session Metrics {
    63400 nanoseconds spent acquiring 1 JDBC connections;
    0 nanoseconds spent releasing 0 JDBC connections;
    850200 nanoseconds spent preparing 3 JDBC statements;
    11037100 nanoseconds spent executing 3 JDBC statements;
    0 nanoseconds spent executing 0 JDBC batches;
    0 nanoseconds spent performing 0 L2C puts;
    0 nanoseconds spent performing 0 L2C hits;
    0 nanoseconds spent performing 0 L2C misses;
    17490300 nanoseconds spent executing 1 flushes (flushing a total of 1 entities and 0 collections);
    649973920684703 nanoseconds spent executing 3 pre-partial-flushes;
    45700 nanoseconds spent executing 3 partial-flushes (flushing a total of 0 entities and 0 collections)
}
2026-06-16T23:18:13.905+05:30 DEBUG 13176 --- [    Test worker] org.hibernate.SQL                        : 
    select
        ike1_0.id,
        ike1_0.created_at,
        ike1_0.event_id,
        ike1_0.expires_at,
        ike1_0.response_hash,
        ike1_0.status 
    from
        idempotency_keys ike1_0 
    where
        ike1_0.event_id=?
2026-06-16T23:18:13.906+05:30 TRACE 13176 --- [    Test worker] org.hibernate.orm.jdbc.bind              : binding parameter (1:UUID) <- [c62dd002-0f07-460f-9c6a-e168e9c93766]
2026-06-16T23:18:13.915+05:30 DEBUG 13176 --- [    Test worker] o.h.stat.internal.StatisticsImpl         : HHH000117: HQL: [CRITERIA] select ike1_0.id,ike1_0.created_at,ike1_0.event_id,ike1_0.expires_at,ike1_0.response_hash,ike1_0.status from idempotency_keys ike1_0 where ike1_0.event_id=?, time: 9ms, rows: 0
2026-06-16T23:18:13.928+05:30 DEBUG 13176 --- [    Test worker] org.hibernate.SQL                        : 
    select
        tre1_0.usage_type,
        tre1_0.rate_per_unit 
    from
        tariff_rates tre1_0 
    where
        tre1_0.plan_id=(
            select
                spe1_0.plan_id 
            from
                subscriber_plans spe1_0 
            where
                spe1_0.subscriber_id=? 
                and spe1_0.active=true
        )
2026-06-16T23:18:13.929+05:30 TRACE 13176 --- [    Test worker] org.hibernate.orm.jdbc.bind              : binding parameter (1:BIGINT) <- [2]
2026-06-16T23:18:13.941+05:30 DEBUG 13176 --- [    Test worker] o.h.stat.internal.StatisticsImpl         : HHH000117: HQL:     SELECT tr.usageType AS usageType, tr.ratePerUnit AS ratePerUnit
    FROM TariffRateEntity tr
    WHERE tr.planId = (
    SELECT sp.planId FROM SubscriberPlanEntity sp
    WHERE sp.subscriberId = :subscriberId AND sp.active=true
    )
, time: 14ms, rows: 3
2026-06-16T23:18:13.947+05:30 DEBUG 13176 --- [    Test worker] org.hibernate.SQL                        : 
    select
        be1_0.id,
        be1_0.amount,
        be1_0.created_at,
        be1_0.subscriber_id,
        be1_0.updated_at,
        be1_0.version 
    from
        balances be1_0 
    where
        be1_0.subscriber_id=?
2026-06-16T23:18:13.948+05:30 TRACE 13176 --- [    Test worker] org.hibernate.orm.jdbc.bind              : binding parameter (1:BIGINT) <- [2]
2026-06-16T23:18:13.973+05:30 DEBUG 13176 --- [    Test worker] o.h.stat.internal.StatisticsImpl         : HHH000117: HQL: [CRITERIA] select be1_0.id,be1_0.amount,be1_0.created_at,be1_0.subscriber_id,be1_0.updated_at,be1_0.version from balances be1_0 where be1_0.subscriber_id=?, time: 26ms, rows: 1
2026-06-16T23:18:14.044+05:30 DEBUG 13176 --- [    Test worker] org.hibernate.SQL                        : 
    insert 
    into
        usage_events
        (amount_charged, balance_after, event_id, operator_id, processed_at, rate_applied, status, subscriber_id, units, usage_type) 
    values
        (?, ?, ?, ?, ?, ?, ?, ?, ?, ?) 
    returning id
2026-06-16T23:18:14.052+05:30 TRACE 13176 --- [    Test worker] org.hibernate.orm.jdbc.bind              : binding parameter (1:NUMERIC) <- [0.6000]
2026-06-16T23:18:14.054+05:30 TRACE 13176 --- [    Test worker] org.hibernate.orm.jdbc.bind              : binding parameter (2:NUMERIC) <- [999.4000]
2026-06-16T23:18:14.055+05:30 TRACE 13176 --- [    Test worker] org.hibernate.orm.jdbc.bind              : binding parameter (3:UUID) <- [c62dd002-0f07-460f-9c6a-e168e9c93766]
2026-06-16T23:18:14.056+05:30 TRACE 13176 --- [    Test worker] org.hibernate.orm.jdbc.bind              : binding parameter (4:VARCHAR) <- [acme]
2026-06-16T23:18:14.057+05:30 TRACE 13176 --- [    Test worker] org.hibernate.orm.jdbc.bind              : binding parameter (5:TIMESTAMP_UTC) <- [2026-06-16T17:48:13.974061Z]
2026-06-16T23:18:14.060+05:30 TRACE 13176 --- [    Test worker] org.hibernate.orm.jdbc.bind              : binding parameter (6:NUMERIC) <- [0.0100]
2026-06-16T23:18:14.060+05:30 TRACE 13176 --- [    Test worker] org.hibernate.orm.jdbc.bind              : binding parameter (7:VARCHAR) <- [CHARGED]
2026-06-16T23:18:14.061+05:30 TRACE 13176 --- [    Test worker] org.hibernate.orm.jdbc.bind              : binding parameter (8:BIGINT) <- [2]
2026-06-16T23:18:14.061+05:30 TRACE 13176 --- [    Test worker] org.hibernate.orm.jdbc.bind              : binding parameter (9:NUMERIC) <- [60]
2026-06-16T23:18:14.062+05:30 TRACE 13176 --- [    Test worker] org.hibernate.orm.jdbc.bind              : binding parameter (10:VARCHAR) <- [VOICE]
2026-06-16T23:18:14.095+05:30 DEBUG 13176 --- [    Test worker] org.hibernate.SQL                        : 
    insert 
    into
        idempotency_keys
        (created_at, event_id, expires_at, response_hash, status) 
    values
        (?, ?, ?, ?, ?) 
    returning id
2026-06-16T23:18:14.096+05:30 TRACE 13176 --- [    Test worker] org.hibernate.orm.jdbc.bind              : binding parameter (1:TIMESTAMP_UTC) <- [2026-06-16T17:48:14.094684700Z]
2026-06-16T23:18:14.097+05:30 TRACE 13176 --- [    Test worker] org.hibernate.orm.jdbc.bind              : binding parameter (2:UUID) <- [c62dd002-0f07-460f-9c6a-e168e9c93766]
2026-06-16T23:18:14.098+05:30 TRACE 13176 --- [    Test worker] org.hibernate.orm.jdbc.bind              : binding parameter (3:TIMESTAMP_UTC) <- [2026-06-17T17:48:14.094684700Z]
2026-06-16T23:18:14.098+05:30 TRACE 13176 --- [    Test worker] org.hibernate.orm.jdbc.bind              : binding parameter (4:VARCHAR) <- [null]
2026-06-16T23:18:14.099+05:30 TRACE 13176 --- [    Test worker] org.hibernate.orm.jdbc.bind              : binding parameter (5:VARCHAR) <- [CHARGED]
2026-06-16T23:18:14.126+05:30 DEBUG 13176 --- [    Test worker] org.hibernate.SQL                        : 
    update
        balances 
    set
        amount=?,
        subscriber_id=?,
        updated_at=?,
        version=? 
    where
        id=? 
        and version=?
2026-06-16T23:18:14.127+05:30 TRACE 13176 --- [    Test worker] org.hibernate.orm.jdbc.bind              : binding parameter (1:NUMERIC) <- [999.4000]
2026-06-16T23:18:14.127+05:30 TRACE 13176 --- [    Test worker] org.hibernate.orm.jdbc.bind              : binding parameter (2:BIGINT) <- [2]
2026-06-16T23:18:14.128+05:30 TRACE 13176 --- [    Test worker] org.hibernate.orm.jdbc.bind              : binding parameter (3:TIMESTAMP_UTC) <- [2026-06-16T17:48:14.110330800Z]
2026-06-16T23:18:14.128+05:30 TRACE 13176 --- [    Test worker] org.hibernate.orm.jdbc.bind              : binding parameter (4:INTEGER) <- [1]
2026-06-16T23:18:14.128+05:30 TRACE 13176 --- [    Test worker] org.hibernate.orm.jdbc.bind              : binding parameter (5:BIGINT) <- [2]
2026-06-16T23:18:14.129+05:30 TRACE 13176 --- [    Test worker] org.hibernate.orm.jdbc.bind              : binding parameter (6:INTEGER) <- [0]
2026-06-16T23:18:14.139+05:30  INFO 13176 --- [    Test worker] i.StatisticalLoggingSessionEventListener : Session Metrics {
    54300 nanoseconds spent acquiring 1 JDBC connections;
    0 nanoseconds spent releasing 0 JDBC connections;
    854800 nanoseconds spent preparing 6 JDBC statements;
    54242000 nanoseconds spent executing 6 JDBC statements;
    0 nanoseconds spent executing 0 JDBC batches;
    0 nanoseconds spent performing 0 L2C puts;
    0 nanoseconds spent performing 0 L2C hits;
    0 nanoseconds spent performing 0 L2C misses;
    27902500 nanoseconds spent executing 1 flushes (flushing a total of 3 entities and 0 collections);
    649975272203903 nanoseconds spent executing 3 pre-partial-flushes;
    31500 nanoseconds spent executing 3 partial-flushes (flushing a total of 0 entities and 0 collections)
}
2026-06-16T23:18:14.143+05:30 DEBUG 13176 --- [    Test worker] org.hibernate.SQL                        : 
    select
        ike1_0.id,
        ike1_0.created_at,
        ike1_0.event_id,
        ike1_0.expires_at,
        ike1_0.response_hash,
        ike1_0.status 
    from
        idempotency_keys ike1_0 
    where
        ike1_0.event_id=?
2026-06-16T23:18:14.144+05:30 TRACE 13176 --- [    Test worker] org.hibernate.orm.jdbc.bind              : binding parameter (1:UUID) <- [c62dd002-0f07-460f-9c6a-e168e9c93766]
2026-06-16T23:18:14.149+05:30 DEBUG 13176 --- [    Test worker] o.h.stat.internal.StatisticsImpl         : HHH000117: HQL: [CRITERIA] select ike1_0.id,ike1_0.created_at,ike1_0.event_id,ike1_0.expires_at,ike1_0.response_hash,ike1_0.status from idempotency_keys ike1_0 where ike1_0.event_id=?, time: 5ms, rows: 1
2026-06-16T23:18:14.150+05:30 DEBUG 13176 --- [    Test worker] com.telcoedge.charging.ChargingService   : Duplicate event with eventId : c62dd002-0f07-460f-9c6a-e168e9c93766 Detected
2026-06-16T23:18:14.156+05:30  INFO 13176 --- [    Test worker] i.StatisticalLoggingSessionEventListener : Session Metrics {
    55100 nanoseconds spent acquiring 1 JDBC connections;
    0 nanoseconds spent releasing 0 JDBC connections;
    91000 nanoseconds spent preparing 1 JDBC statements;
    3088700 nanoseconds spent executing 1 JDBC statements;
    0 nanoseconds spent executing 0 JDBC batches;
    0 nanoseconds spent performing 0 L2C puts;
    0 nanoseconds spent performing 0 L2C hits;
    0 nanoseconds spent performing 0 L2C misses;
    675400 nanoseconds spent executing 1 flushes (flushing a total of 1 entities and 0 collections);
    216658641848901 nanoseconds spent executing 1 pre-partial-flushes;
    11600 nanoseconds spent executing 1 partial-flushes (flushing a total of 0 entities and 0 collections)
}
2026-06-16T23:18:14.220+05:30 DEBUG 13176 --- [    Test worker] org.hibernate.SQL                        : 
    select
        ike1_0.id,
        ike1_0.created_at,
        ike1_0.event_id,
        ike1_0.expires_at,
        ike1_0.response_hash,
        ike1_0.status 
    from
        idempotency_keys ike1_0 
    where
        ike1_0.event_id=?
2026-06-16T23:18:14.221+05:30 TRACE 13176 --- [    Test worker] org.hibernate.orm.jdbc.bind              : binding parameter (1:UUID) <- [88265e37-313c-49e8-bae1-151e9722a1df]
2026-06-16T23:18:14.226+05:30 DEBUG 13176 --- [    Test worker] o.h.stat.internal.StatisticsImpl         : HHH000117: HQL: [CRITERIA] select ike1_0.id,ike1_0.created_at,ike1_0.event_id,ike1_0.expires_at,ike1_0.response_hash,ike1_0.status from idempotency_keys ike1_0 where ike1_0.event_id=?, time: 5ms, rows: 0
2026-06-16T23:18:14.237+05:30 DEBUG 13176 --- [    Test worker] org.hibernate.SQL                        : 
    select
        tre1_0.usage_type,
        tre1_0.rate_per_unit 
    from
        tariff_rates tre1_0 
    where
        tre1_0.plan_id=(
            select
                spe1_0.plan_id 
            from
                subscriber_plans spe1_0 
            where
                spe1_0.subscriber_id=? 
                and spe1_0.active=true
        )
2026-06-16T23:18:14.238+05:30 TRACE 13176 --- [    Test worker] org.hibernate.orm.jdbc.bind              : binding parameter (1:BIGINT) <- [3]
2026-06-16T23:18:14.242+05:30 DEBUG 13176 --- [    Test worker] o.h.stat.internal.StatisticsImpl         : HHH000117: HQL:     SELECT tr.usageType AS usageType, tr.ratePerUnit AS ratePerUnit
    FROM TariffRateEntity tr
    WHERE tr.planId = (
    SELECT sp.planId FROM SubscriberPlanEntity sp
    WHERE sp.subscriberId = :subscriberId AND sp.active=true
    )
, time: 4ms, rows: 3
2026-06-16T23:18:14.248+05:30 DEBUG 13176 --- [    Test worker] org.hibernate.SQL                        : 
    select
        be1_0.id,
        be1_0.amount,
        be1_0.created_at,
        be1_0.subscriber_id,
        be1_0.updated_at,
        be1_0.version 
    from
        balances be1_0 
    where
        be1_0.subscriber_id=?
2026-06-16T23:18:14.249+05:30 TRACE 13176 --- [    Test worker] org.hibernate.orm.jdbc.bind              : binding parameter (1:BIGINT) <- [3]
2026-06-16T23:18:14.261+05:30 DEBUG 13176 --- [    Test worker] o.h.stat.internal.StatisticsImpl         : HHH000117: HQL: [CRITERIA] select be1_0.id,be1_0.amount,be1_0.created_at,be1_0.subscriber_id,be1_0.updated_at,be1_0.version from balances be1_0 where be1_0.subscriber_id=?, time: 14ms, rows: 1
2026-06-16T23:18:14.266+05:30  INFO 13176 --- [    Test worker] i.StatisticalLoggingSessionEventListener : Session Metrics {
    75300 nanoseconds spent acquiring 1 JDBC connections;
    0 nanoseconds spent releasing 0 JDBC connections;
    227100 nanoseconds spent preparing 3 JDBC statements;
    16969500 nanoseconds spent executing 3 JDBC statements;
    0 nanoseconds spent executing 0 JDBC batches;
    0 nanoseconds spent performing 0 L2C puts;
    0 nanoseconds spent performing 0 L2C hits;
    0 nanoseconds spent performing 0 L2C misses;
    403300 nanoseconds spent executing 1 flushes (flushing a total of 1 entities and 0 collections);
    649976199760503 nanoseconds spent executing 3 pre-partial-flushes;
    26800 nanoseconds spent executing 3 partial-flushes (flushing a total of 0 entities and 0 collections)
}
2026-06-16T23:18:14.355+05:30 DEBUG 13176 --- [    Test worker] org.hibernate.SQL                        : 
    select
        ike1_0.id,
        ike1_0.created_at,
        ike1_0.event_id,
        ike1_0.expires_at,
        ike1_0.response_hash,
        ike1_0.status 
    from
        idempotency_keys ike1_0 
    where
        ike1_0.event_id=?
2026-06-16T23:18:14.356+05:30 TRACE 13176 --- [    Test worker] org.hibernate.orm.jdbc.bind              : binding parameter (1:UUID) <- [c5e1fe7a-fcd5-44b7-8bea-e8e86394f4e7]
2026-06-16T23:18:14.372+05:30 DEBUG 13176 --- [    Test worker] org.hibernate.SQL                        : 
    select
        tre1_0.usage_type,
        tre1_0.rate_per_unit 
    from
        tariff_rates tre1_0 
    where
        tre1_0.plan_id=(
            select
                spe1_0.plan_id 
            from
                subscriber_plans spe1_0 
            where
                spe1_0.subscriber_id=? 
                and spe1_0.active=true
        )
2026-06-16T23:18:14.373+05:30 TRACE 13176 --- [    Test worker] org.hibernate.orm.jdbc.bind              : binding parameter (1:BIGINT) <- [4]
2026-06-16T23:18:14.386+05:30 DEBUG 13176 --- [    Test worker] org.hibernate.SQL                        : 
    select
        be1_0.id,
        be1_0.amount,
        be1_0.created_at,
        be1_0.subscriber_id,
        be1_0.updated_at,
        be1_0.version 
    from
        balances be1_0 
    where
        be1_0.subscriber_id=?
2026-06-16T23:18:14.387+05:30 TRACE 13176 --- [    Test worker] org.hibernate.orm.jdbc.bind              : binding parameter (1:BIGINT) <- [4]
2026-06-16T23:18:14.408+05:30 DEBUG 13176 --- [    Test worker] org.hibernate.SQL                        : 
    insert 
    into
        usage_events
        (amount_charged, balance_after, event_id, operator_id, processed_at, rate_applied, status, subscriber_id, units, usage_type) 
    values
        (?, ?, ?, ?, ?, ?, ?, ?, ?, ?) 
    returning id
2026-06-16T23:18:14.408+05:30 TRACE 13176 --- [    Test worker] org.hibernate.orm.jdbc.bind              : binding parameter (1:NUMERIC) <- [0.6000]
2026-06-16T23:18:14.409+05:30 TRACE 13176 --- [    Test worker] org.hibernate.orm.jdbc.bind              : binding parameter (2:NUMERIC) <- [999.4000]
2026-06-16T23:18:14.409+05:30 TRACE 13176 --- [    Test worker] org.hibernate.orm.jdbc.bind              : binding parameter (3:UUID) <- [c5e1fe7a-fcd5-44b7-8bea-e8e86394f4e7]
2026-06-16T23:18:14.409+05:30 TRACE 13176 --- [    Test worker] org.hibernate.orm.jdbc.bind              : binding parameter (4:VARCHAR) <- [acme]
2026-06-16T23:18:14.409+05:30 TRACE 13176 --- [    Test worker] org.hibernate.orm.jdbc.bind              : binding parameter (5:TIMESTAMP_UTC) <- [2026-06-16T17:48:14.400057700Z]
2026-06-16T23:18:14.410+05:30 TRACE 13176 --- [    Test worker] org.hibernate.orm.jdbc.bind              : binding parameter (6:NUMERIC) <- [0.0100]
2026-06-16T23:18:14.410+05:30 TRACE 13176 --- [    Test worker] org.hibernate.orm.jdbc.bind              : binding parameter (7:VARCHAR) <- [CHARGED]
2026-06-16T23:18:14.410+05:30 TRACE 13176 --- [    Test worker] org.hibernate.orm.jdbc.bind              : binding parameter (8:BIGINT) <- [4]
2026-06-16T23:18:14.410+05:30 TRACE 13176 --- [    Test worker] org.hibernate.orm.jdbc.bind              : binding parameter (9:NUMERIC) <- [60]
2026-06-16T23:18:14.411+05:30 TRACE 13176 --- [    Test worker] org.hibernate.orm.jdbc.bind              : binding parameter (10:VARCHAR) <- [VOICE]
2026-06-16T23:18:14.427+05:30 DEBUG 13176 --- [    Test worker] org.hibernate.SQL                        : 
    insert 
    into
        idempotency_keys
        (created_at, event_id, expires_at, response_hash, status) 
    values
        (?, ?, ?, ?, ?) 
    returning id
2026-06-16T23:18:14.428+05:30 TRACE 13176 --- [    Test worker] org.hibernate.orm.jdbc.bind              : binding parameter (1:TIMESTAMP_UTC) <- [2026-06-16T17:48:14.427040700Z]
2026-06-16T23:18:14.429+05:30 TRACE 13176 --- [    Test worker] org.hibernate.orm.jdbc.bind              : binding parameter (2:UUID) <- [c5e1fe7a-fcd5-44b7-8bea-e8e86394f4e7]
2026-06-16T23:18:14.429+05:30 TRACE 13176 --- [    Test worker] org.hibernate.orm.jdbc.bind              : binding parameter (3:TIMESTAMP_UTC) <- [2026-06-17T17:48:14.427040700Z]
2026-06-16T23:18:14.430+05:30 TRACE 13176 --- [    Test worker] org.hibernate.orm.jdbc.bind              : binding parameter (4:VARCHAR) <- [null]
2026-06-16T23:18:14.430+05:30 TRACE 13176 --- [    Test worker] org.hibernate.orm.jdbc.bind              : binding parameter (5:VARCHAR) <- [CHARGED]
2026-06-16T23:18:14.453+05:30 DEBUG 13176 --- [    Test worker] org.hibernate.SQL                        : 
    update
        balances 
    set
        amount=?,
        subscriber_id=?,
        updated_at=?,
        version=? 
    where
        id=? 
        and version=?
2026-06-16T23:18:14.454+05:30 TRACE 13176 --- [    Test worker] org.hibernate.orm.jdbc.bind              : binding parameter (1:NUMERIC) <- [999.4000]
2026-06-16T23:18:14.454+05:30 TRACE 13176 --- [    Test worker] org.hibernate.orm.jdbc.bind              : binding parameter (2:BIGINT) <- [4]
2026-06-16T23:18:14.455+05:30 TRACE 13176 --- [    Test worker] org.hibernate.orm.jdbc.bind              : binding parameter (3:TIMESTAMP_UTC) <- [2026-06-16T17:48:14.451502700Z]
2026-06-16T23:18:14.455+05:30 TRACE 13176 --- [    Test worker] org.hibernate.orm.jdbc.bind              : binding parameter (4:INTEGER) <- [1]
2026-06-16T23:18:14.455+05:30 TRACE 13176 --- [    Test worker] org.hibernate.orm.jdbc.bind              : binding parameter (5:BIGINT) <- [4]
2026-06-16T23:18:14.456+05:30 TRACE 13176 --- [    Test worker] org.hibernate.orm.jdbc.bind              : binding parameter (6:INTEGER) <- [0]
2026-06-16T23:18:14.470+05:30  INFO 13176 --- [    Test worker] i.StatisticalLoggingSessionEventListener : Session Metrics {
    49300 nanoseconds spent acquiring 1 JDBC connections;
    0 nanoseconds spent releasing 0 JDBC connections;
    369400 nanoseconds spent preparing 6 JDBC statements;
    65617700 nanoseconds spent executing 6 JDBC statements;
    0 nanoseconds spent executing 0 JDBC batches;
    0 nanoseconds spent performing 0 L2C puts;
    0 nanoseconds spent performing 0 L2C hits;
    0 nanoseconds spent performing 0 L2C misses;
    14744800 nanoseconds spent executing 1 flushes (flushing a total of 3 entities and 0 collections);
    649976609209803 nanoseconds spent executing 3 pre-partial-flushes;
    27800 nanoseconds spent executing 3 partial-flushes (flushing a total of 0 entities and 0 collections)
}
2026-06-16T23:18:14.633+05:30 DEBUG 13176 --- [    Test worker] org.hibernate.SQL                        : 
    select
        ike1_0.id,
        ike1_0.created_at,
        ike1_0.event_id,
        ike1_0.expires_at,
        ike1_0.response_hash,
        ike1_0.status 
    from
        idempotency_keys ike1_0 
    where
        ike1_0.event_id=?
2026-06-16T23:18:14.634+05:30 TRACE 13176 --- [    Test worker] org.hibernate.orm.jdbc.bind              : binding parameter (1:UUID) <- [0336a4dc-6fca-4158-b139-5ff592912489]
2026-06-16T23:18:14.678+05:30  INFO 13176 --- [    Test worker] org.hibernate.SQL_SLOW                   : Slow query took 32 milliseconds [select ike1_0.id,ike1_0.created_at,ike1_0.event_id,ike1_0.expires_at,ike1_0.response_hash,ike1_0.status from idempotency_keys ike1_0 where ike1_0.event_id=?]
2026-06-16T23:18:14.698+05:30  INFO 13176 --- [    Test worker] i.StatisticalLoggingSessionEventListener : Session Metrics {
    51500 nanoseconds spent acquiring 1 JDBC connections;
    0 nanoseconds spent releasing 0 JDBC connections;
    69400 nanoseconds spent preparing 1 JDBC statements;
    32305300 nanoseconds spent executing 1 JDBC statements;
    0 nanoseconds spent executing 0 JDBC batches;
    0 nanoseconds spent performing 0 L2C puts;
    0 nanoseconds spent performing 0 L2C hits;
    0 nanoseconds spent performing 0 L2C misses;
    0 nanoseconds spent executing 0 flushes (flushing a total of 0 entities and 0 collections);
    216659126561901 nanoseconds spent executing 1 pre-partial-flushes;
    13500 nanoseconds spent executing 1 partial-flushes (flushing a total of 0 entities and 0 collections)
}
]]></system-out>
  <system-err><![CDATA[WARNING: A Java agent has been loaded dynamically (C:\Users\shuba\.gradle\caches\modules-2\files-2.1\net.bytebuddy\byte-buddy-agent\1.14.19\154da3a65b4f4a909d3e5bdec55d1b2b4cbb6ce1\byte-buddy-agent-1.14.19.jar)
WARNING: If a serviceability tool is in use, please run with -XX:+EnableDynamicAgentLoading to hide this warning
WARNING: If a serviceability tool is not in use, please run with -Djdk.instrument.traceUsage for more information
WARNING: Dynamic loading of agents will be disallowed by default in a future release
]]></system-err>
</testsuite>
