<?xml version="1.0" encoding="UTF-8"?>
<testsuite name="com.telcoedge.charging.ChargingIntegrationTest" tests="8" skipped="0" failures="0" errors="0" timestamp="2026-08-06T05:23:35.290Z" hostname="LAPTOP-AJ4PV88L" time="16.595">
  <properties/>
  <testcase name="RetryConfiguredForSubscriberLookup()" classname="com.telcoedge.charging.ChargingIntegrationTest" time="0.702"/>
  <testcase name="tariffRateIsCachedAfterFirstLookup()" classname="com.telcoedge.charging.ChargingIntegrationTest" time="0.232"/>
  <testcase name="readinessReportsDownWhenNegativeBalanceExist()" classname="com.telcoedge.charging.ChargingIntegrationTest" time="0.282"/>
  <testcase name="readinessEndpointReportUp()" classname="com.telcoedge.charging.ChargingIntegrationTest" time="0.033"/>
  <testcase name="cacheMetricsAreExposed()" classname="com.telcoedge.charging.ChargingIntegrationTest" time="0.487"/>
  <testcase name="callerProvidedCorrelationIdIsPreserved()" classname="com.telcoedge.charging.ChargingIntegrationTest" time="0.068"/>
  <testcase name="livenessEndpointReportUp()" classname="com.telcoedge.charging.ChargingIntegrationTest" time="0.03"/>
  <testcase name="responseIncludesCorrelationId()" classname="com.telcoedge.charging.ChargingIntegrationTest" time="0.3"/>
  <system-out><![CDATA[10:53:35.504 [Test worker] INFO org.springframework.test.context.support.AnnotationConfigContextLoaderUtils -- Could not detect default configuration classes for test class [com.telcoedge.charging.ChargingIntegrationTest]: ChargingIntegrationTest does not declare any static, non-private, non-final, nested classes annotated with @Configuration.
10:53:35.544 [Test worker] INFO org.testcontainers.images.PullPolicy -- Image pull policy will be performed by: DefaultPullPolicy()
10:53:35.548 [Test worker] INFO org.testcontainers.utility.ImageNameSubstitutor -- Image name substitution will be performed by: DefaultImageNameSubstitutor (composite of 'ConfigurationFileImageNameSubstitutor' and 'PrefixingImageNameSubstitutor')
10:53:35.563 [Test worker] INFO org.testcontainers.DockerClientFactory -- Testcontainers version: 1.21.4
10:53:36.064 [Test worker] INFO org.testcontainers.dockerclient.DockerClientProviderStrategy -- Found Docker environment with Environment variables, system properties and defaults. Resolved dockerHost=tcp://localhost:2375
10:53:36.065 [Test worker] INFO org.testcontainers.DockerClientFactory -- Docker host IP address is host.docker.internal
10:53:36.090 [Test worker] INFO org.testcontainers.DockerClientFactory -- Connected to docker: 
  Server Version: 29.6.1
  API Version: 1.55
  Operating System: Docker Desktop
  Total Memory: 15687 MB
  Labels: 
    com.docker.desktop.address=npipe://\\.\pipe\docker_cli
10:53:36.170 [Test worker] INFO tc.testcontainers/ryuk:0.12.0 -- Creating container for image: testcontainers/ryuk:0.12.0
10:53:36.506 [Test worker] INFO tc.testcontainers/ryuk:0.12.0 -- Container testcontainers/ryuk:0.12.0 is starting: 2811c8760e385222c22ea9ce842db323a86e000b0ab526a98991bc4f1de84eaf
10:53:37.059 [Test worker] INFO tc.testcontainers/ryuk:0.12.0 -- Container testcontainers/ryuk:0.12.0 started in PT0.8885747S
10:53:37.069 [Test worker] INFO org.testcontainers.utility.RyukResourceReaper -- Ryuk started - will monitor and terminate Testcontainers containers on JVM exit
10:53:37.069 [Test worker] INFO org.testcontainers.DockerClientFactory -- Checking the system...
10:53:37.070 [Test worker] INFO org.testcontainers.DockerClientFactory -- ✔︎ Docker server version should be at least 1.6.0
10:53:37.283 [Test worker] INFO org.springframework.boot.test.context.SpringBootTestContextBootstrapper -- Found @SpringBootConfiguration com.telcoedge.charging.ChargingEngineApplication for test class com.telcoedge.charging.ChargingIntegrationTest
10:53:37.401 [Test worker] INFO tc.postgres:16-alpine -- Creating container for image: postgres:16-alpine
10:53:37.497 [Test worker] INFO tc.postgres:16-alpine -- Container postgres:16-alpine is starting: d1f19cd0dd78cf3da9c538c3cae3d733d5c6314d642f87dcdf72544dde34fbaa
10:53:39.450 [Test worker] INFO tc.postgres:16-alpine -- Container postgres:16-alpine started in PT2.0490942S
10:53:39.452 [Test worker] INFO tc.postgres:16-alpine -- Container is started (JDBC URL: jdbc:postgresql://host.docker.internal:59467/test?loggerLevel=OFF)

  .   ____          _            __ _ _
 /\\ / ___'_ __ _ _(_)_ __  __ _ \ \ \ \
( ( )\___ | '_ | '_| | '_ \/ _` | \ \ \ \
 \\/  ___)| |_)| | | | | || (_| |  ) ) ) )
  '  |____| .__|_| |_|_| |_\__, | / / / /
 =========|_|==============|___/=/_/_/_/

 :: Spring Boot ::                (v3.3.4)

{"@timestamp":"2026-08-06T10.53.40.197+05:30","level":"INFO","logger_name":"com.telcoedge.charging.ChargingIntegrationTest","thread_name":"Test worker","message":"Starting ChargingIntegrationTest using Java 21.0.11 with PID 5804 (started by shubbham goyal in C:\\workspaces\\assisstedLearning\\telcoedge\\charging-engine)","app":"charging-engine"}
{"@timestamp":"2026-08-06T10.53.40.200+05:30","level":"DEBUG","logger_name":"com.telcoedge.charging.ChargingIntegrationTest","thread_name":"Test worker","message":"Running with Spring Boot v3.3.4, Spring v6.1.13","app":"charging-engine"}
{"@timestamp":"2026-08-06T10.53.40.201+05:30","level":"INFO","logger_name":"com.telcoedge.charging.ChargingIntegrationTest","thread_name":"Test worker","message":"No active profile set, falling back to 1 default profile: \"default\"","app":"charging-engine"}
{"@timestamp":"2026-08-06T10.53.41.134+05:30","level":"INFO","logger_name":"org.springframework.data.repository.config.RepositoryConfigurationDelegate","thread_name":"Test worker","message":"Bootstrapping Spring Data JPA repositories in DEFAULT mode.","app":"charging-engine"}
{"@timestamp":"2026-08-06T10.53.41.197+05:30","level":"INFO","logger_name":"org.springframework.data.repository.config.RepositoryConfigurationDelegate","thread_name":"Test worker","message":"Finished Spring Data repository scanning in 56 ms. Found 5 JPA repository interfaces.","app":"charging-engine"}
{"@timestamp":"2026-08-06T10.53.42.500+05:30","level":"INFO","logger_name":"org.springframework.boot.web.embedded.tomcat.TomcatWebServer","thread_name":"Test worker","message":"Tomcat initialized with port 0 (http)","app":"charging-engine"}
{"@timestamp":"2026-08-06T10.53.42.513+05:30","level":"INFO","logger_name":"org.apache.coyote.http11.Http11NioProtocol","thread_name":"Test worker","message":"Initializing ProtocolHandler [\"http-nio-auto-1\"]","app":"charging-engine"}
{"@timestamp":"2026-08-06T10.53.42.516+05:30","level":"INFO","logger_name":"org.apache.catalina.core.StandardService","thread_name":"Test worker","message":"Starting service [Tomcat]","app":"charging-engine"}
{"@timestamp":"2026-08-06T10.53.42.516+05:30","level":"INFO","logger_name":"org.apache.catalina.core.StandardEngine","thread_name":"Test worker","message":"Starting Servlet engine: [Apache Tomcat/10.1.30]","app":"charging-engine"}
{"@timestamp":"2026-08-06T10.53.42.594+05:30","level":"INFO","logger_name":"org.apache.catalina.core.ContainerBase.[Tomcat].[localhost].[/]","thread_name":"Test worker","message":"Initializing Spring embedded WebApplicationContext","app":"charging-engine"}
{"@timestamp":"2026-08-06T10.53.42.595+05:30","level":"INFO","logger_name":"org.springframework.boot.web.servlet.context.ServletWebServerApplicationContext","thread_name":"Test worker","message":"Root WebApplicationContext: initialization completed in 2378 ms","app":"charging-engine"}
{"@timestamp":"2026-08-06T10.53.43.136+05:30","level":"DEBUG","logger_name":"com.telcoedge.charging.config.CorelationIdFilter","thread_name":"Test worker","message":"Filter 'corelationIdFilter' configured for use","app":"charging-engine"}
{"@timestamp":"2026-08-06T10.53.43.652+05:30","level":"INFO","logger_name":"org.flywaydb.core.FlywayExecutor","thread_name":"Test worker","message":"Database: jdbc:postgresql://host.docker.internal:59467/test (PostgreSQL 16.14)","app":"charging-engine"}
{"@timestamp":"2026-08-06T10.53.43.744+05:30","level":"INFO","logger_name":"org.flywaydb.core.internal.schemahistory.JdbcTableSchemaHistory","thread_name":"Test worker","message":"Schema history table \"public\".\"flyway_schema_history\" does not exist yet","app":"charging-engine"}
{"@timestamp":"2026-08-06T10.53.43.749+05:30","level":"INFO","logger_name":"org.flywaydb.core.internal.command.DbValidate","thread_name":"Test worker","message":"Successfully validated 10 migrations (execution time 00:00.034s)","app":"charging-engine"}
{"@timestamp":"2026-08-06T10.53.43.773+05:30","level":"INFO","logger_name":"org.flywaydb.core.internal.schemahistory.JdbcTableSchemaHistory","thread_name":"Test worker","message":"Creating Schema History table \"public\".\"flyway_schema_history\" ...","app":"charging-engine"}
{"@timestamp":"2026-08-06T10.53.43.847+05:30","level":"INFO","logger_name":"org.flywaydb.core.internal.command.DbMigrate","thread_name":"Test worker","message":"Current version of schema \"public\": << Empty Schema >>","app":"charging-engine"}
{"@timestamp":"2026-08-06T10.53.43.862+05:30","level":"INFO","logger_name":"org.flywaydb.core.internal.command.DbMigrate","thread_name":"Test worker","message":"Migrating schema \"public\" to version \"1 - create subscribers table\"","app":"charging-engine"}
{"@timestamp":"2026-08-06T10.53.43.925+05:30","level":"INFO","logger_name":"org.flywaydb.core.internal.command.DbMigrate","thread_name":"Test worker","message":"Migrating schema \"public\" to version \"2 - create operators\"","app":"charging-engine"}
{"@timestamp":"2026-08-06T10.53.43.963+05:30","level":"INFO","logger_name":"org.flywaydb.core.internal.command.DbMigrate","thread_name":"Test worker","message":"Migrating schema \"public\" to version \"3 - create plans and tariff rates\"","app":"charging-engine"}
{"@timestamp":"2026-08-06T10.53.43.999+05:30","level":"INFO","logger_name":"org.flywaydb.core.internal.command.DbMigrate","thread_name":"Test worker","message":"Migrating schema \"public\" to version \"4 - create balances\"","app":"charging-engine"}
{"@timestamp":"2026-08-06T10.53.44.017+05:30","level":"INFO","logger_name":"org.flywaydb.core.internal.command.DbMigrate","thread_name":"Test worker","message":"Migrating schema \"public\" to version \"5 - create usage events\"","app":"charging-engine"}
{"@timestamp":"2026-08-06T10.53.44.039+05:30","level":"INFO","logger_name":"org.flywaydb.core.internal.command.DbMigrate","thread_name":"Test worker","message":"Migrating schema \"public\" to version \"6 - create idempotency keys\"","app":"charging-engine"}
{"@timestamp":"2026-08-06T10.53.44.063+05:30","level":"INFO","logger_name":"org.flywaydb.core.internal.command.DbMigrate","thread_name":"Test worker","message":"Migrating schema \"public\" to version \"7 - add usage events type index\"","app":"charging-engine"}
{"@timestamp":"2026-08-06T10.53.44.087+05:30","level":"INFO","logger_name":"org.flywaydb.core.internal.command.DbMigrate","thread_name":"Test worker","message":"Migrating schema \"public\" to version \"8 - add audit columns to subscribers\"","app":"charging-engine"}
{"@timestamp":"2026-08-06T10.53.44.110+05:30","level":"INFO","logger_name":"org.flywaydb.core.internal.command.DbMigrate","thread_name":"Test worker","message":"Migrating schema \"public\" to version \"9 - tune usage events autovacuum\"","app":"charging-engine"}
{"@timestamp":"2026-08-06T10.53.44.136+05:30","level":"INFO","logger_name":"org.flywaydb.core.internal.command.DbMigrate","thread_name":"Test worker","message":"Migrating schema \"public\" to version \"10 - partition usage events\"","app":"charging-engine"}
{"@timestamp":"2026-08-06T10.53.44.228+05:30","level":"INFO","logger_name":"org.flywaydb.core.internal.command.DbMigrate","thread_name":"Test worker","message":"Successfully applied 10 migrations to schema \"public\", now at version v10 (execution time 00:00.179s)","app":"charging-engine"}
{"@timestamp":"2026-08-06T10.53.44.370+05:30","level":"INFO","logger_name":"org.hibernate.jpa.internal.util.LogHelper","thread_name":"Test worker","message":"HHH000204: Processing PersistenceUnitInfo [name: default]","app":"charging-engine"}
{"@timestamp":"2026-08-06T10.53.44.442+05:30","level":"INFO","logger_name":"org.hibernate.Version","thread_name":"Test worker","message":"HHH000412: Hibernate ORM core version 6.5.3.Final","app":"charging-engine"}
{"@timestamp":"2026-08-06T10.53.44.494+05:30","level":"INFO","logger_name":"org.hibernate.cache.internal.RegionFactoryInitiator","thread_name":"Test worker","message":"HHH000026: Second-level cache disabled","app":"charging-engine"}
{"@timestamp":"2026-08-06T10.53.44.866+05:30","level":"INFO","logger_name":"org.springframework.orm.jpa.persistenceunit.SpringPersistenceUnitInfo","thread_name":"Test worker","message":"No LoadTimeWeaver setup: ignoring JPA class transformer","app":"charging-engine"}
{"@timestamp":"2026-08-06T10.53.44.899+05:30","level":"INFO","logger_name":"com.zaxxer.hikari.HikariDataSource","thread_name":"Test worker","message":"HikariPool-1 - Starting...","app":"charging-engine"}
{"@timestamp":"2026-08-06T10.53.44.924+05:30","level":"INFO","logger_name":"com.zaxxer.hikari.pool.HikariPool","thread_name":"Test worker","message":"HikariPool-1 - Added connection org.postgresql.jdbc.PgConnection@25777ab6","app":"charging-engine"}
{"@timestamp":"2026-08-06T10.53.44.927+05:30","level":"INFO","logger_name":"com.zaxxer.hikari.HikariDataSource","thread_name":"Test worker","message":"HikariPool-1 - Start completed.","app":"charging-engine"}
{"@timestamp":"2026-08-06T10.53.44.969+05:30","level":"WARN","logger_name":"org.hibernate.orm.deprecation","thread_name":"Test worker","message":"HHH90000025: PostgreSQLDialect does not need to be specified explicitly using 'hibernate.dialect' (remove the property setting and it will be selected by default)","app":"charging-engine"}
{"@timestamp":"2026-08-06T10.53.46.050+05:30","level":"INFO","logger_name":"org.hibernate.engine.transaction.jta.platform.internal.JtaPlatformInitiator","thread_name":"Test worker","message":"HHH000489: No JTA platform available (set 'hibernate.transaction.jta.platform' to enable JTA platform integration)","app":"charging-engine"}
{"@timestamp":"2026-08-06T10.53.46.106+05:30","level":"INFO","logger_name":"org.springframework.orm.jpa.LocalContainerEntityManagerFactoryBean","thread_name":"Test worker","message":"Initialized JPA EntityManagerFactory for persistence unit 'default'","app":"charging-engine"}
{"@timestamp":"2026-08-06T10.53.46.352+05:30","level":"DEBUG","logger_name":"org.hibernate.stat.internal.StatisticsInitiator","thread_name":"Test worker","message":"Statistics initialized [enabled=true]","app":"charging-engine"}
{"@timestamp":"2026-08-06T10.53.46.357+05:30","level":"INFO","logger_name":"org.hibernate.engine.internal.StatisticalLoggingSessionEventListener","thread_name":"Test worker","message":"Session Metrics {\n    0 nanoseconds spent acquiring 0 JDBC connections;\n    0 nanoseconds spent releasing 0 JDBC connections;\n    0 nanoseconds spent preparing 0 JDBC statements;\n    0 nanoseconds spent executing 0 JDBC statements;\n    0 nanoseconds spent executing 0 JDBC batches;\n    0 nanoseconds spent performing 0 L2C puts;\n    0 nanoseconds spent performing 0 L2C hits;\n    0 nanoseconds spent performing 0 L2C misses;\n    0 nanoseconds spent executing 0 flushes (flushing a total of 0 entities and 0 collections);\n    0 nanoseconds spent executing 0 pre-partial-flushes;\n    0 nanoseconds spent executing 0 partial-flushes (flushing a total of 0 entities and 0 collections)\n}","app":"charging-engine"}
{"@timestamp":"2026-08-06T10.53.46.358+05:30","level":"INFO","logger_name":"org.hibernate.engine.internal.StatisticalLoggingSessionEventListener","thread_name":"Test worker","message":"Session Metrics {\n    0 nanoseconds spent acquiring 0 JDBC connections;\n    0 nanoseconds spent releasing 0 JDBC connections;\n    0 nanoseconds spent preparing 0 JDBC statements;\n    0 nanoseconds spent executing 0 JDBC statements;\n    0 nanoseconds spent executing 0 JDBC batches;\n    0 nanoseconds spent performing 0 L2C puts;\n    0 nanoseconds spent performing 0 L2C hits;\n    0 nanoseconds spent performing 0 L2C misses;\n    0 nanoseconds spent executing 0 flushes (flushing a total of 0 entities and 0 collections);\n    0 nanoseconds spent executing 0 pre-partial-flushes;\n    0 nanoseconds spent executing 0 partial-flushes (flushing a total of 0 entities and 0 collections)\n}","app":"charging-engine"}
{"@timestamp":"2026-08-06T10.53.46.437+05:30","level":"INFO","logger_name":"org.hibernate.engine.internal.StatisticalLoggingSessionEventListener","thread_name":"Test worker","message":"Session Metrics {\n    0 nanoseconds spent acquiring 0 JDBC connections;\n    0 nanoseconds spent releasing 0 JDBC connections;\n    0 nanoseconds spent preparing 0 JDBC statements;\n    0 nanoseconds spent executing 0 JDBC statements;\n    0 nanoseconds spent executing 0 JDBC batches;\n    0 nanoseconds spent performing 0 L2C puts;\n    0 nanoseconds spent performing 0 L2C hits;\n    0 nanoseconds spent performing 0 L2C misses;\n    0 nanoseconds spent executing 0 flushes (flushing a total of 0 entities and 0 collections);\n    0 nanoseconds spent executing 0 pre-partial-flushes;\n    0 nanoseconds spent executing 0 partial-flushes (flushing a total of 0 entities and 0 collections)\n}","app":"charging-engine"}
{"@timestamp":"2026-08-06T10.53.46.475+05:30","level":"INFO","logger_name":"org.hibernate.engine.internal.StatisticalLoggingSessionEventListener","thread_name":"Test worker","message":"Session Metrics {\n    0 nanoseconds spent acquiring 0 JDBC connections;\n    0 nanoseconds spent releasing 0 JDBC connections;\n    0 nanoseconds spent preparing 0 JDBC statements;\n    0 nanoseconds spent executing 0 JDBC statements;\n    0 nanoseconds spent executing 0 JDBC batches;\n    0 nanoseconds spent performing 0 L2C puts;\n    0 nanoseconds spent performing 0 L2C hits;\n    0 nanoseconds spent performing 0 L2C misses;\n    0 nanoseconds spent executing 0 flushes (flushing a total of 0 entities and 0 collections);\n    0 nanoseconds spent executing 0 pre-partial-flushes;\n    0 nanoseconds spent executing 0 partial-flushes (flushing a total of 0 entities and 0 collections)\n}","app":"charging-engine"}
{"@timestamp":"2026-08-06T10.53.46.478+05:30","level":"INFO","logger_name":"org.hibernate.engine.internal.StatisticalLoggingSessionEventListener","thread_name":"Test worker","message":"Session Metrics {\n    0 nanoseconds spent acquiring 0 JDBC connections;\n    0 nanoseconds spent releasing 0 JDBC connections;\n    0 nanoseconds spent preparing 0 JDBC statements;\n    0 nanoseconds spent executing 0 JDBC statements;\n    0 nanoseconds spent executing 0 JDBC batches;\n    0 nanoseconds spent performing 0 L2C puts;\n    0 nanoseconds spent performing 0 L2C hits;\n    0 nanoseconds spent performing 0 L2C misses;\n    0 nanoseconds spent executing 0 flushes (flushing a total of 0 entities and 0 collections);\n    0 nanoseconds spent executing 0 pre-partial-flushes;\n    0 nanoseconds spent executing 0 partial-flushes (flushing a total of 0 entities and 0 collections)\n}","app":"charging-engine"}
{"@timestamp":"2026-08-06T10.53.46.635+05:30","level":"INFO","logger_name":"org.hibernate.engine.internal.StatisticalLoggingSessionEventListener","thread_name":"Test worker","message":"Session Metrics {\n    0 nanoseconds spent acquiring 0 JDBC connections;\n    0 nanoseconds spent releasing 0 JDBC connections;\n    0 nanoseconds spent preparing 0 JDBC statements;\n    0 nanoseconds spent executing 0 JDBC statements;\n    0 nanoseconds spent executing 0 JDBC batches;\n    0 nanoseconds spent performing 0 L2C puts;\n    0 nanoseconds spent performing 0 L2C hits;\n    0 nanoseconds spent performing 0 L2C misses;\n    0 nanoseconds spent executing 0 flushes (flushing a total of 0 entities and 0 collections);\n    0 nanoseconds spent executing 0 pre-partial-flushes;\n    0 nanoseconds spent executing 0 partial-flushes (flushing a total of 0 entities and 0 collections)\n}","app":"charging-engine"}
{"@timestamp":"2026-08-06T10.53.46.642+05:30","level":"INFO","logger_name":"org.hibernate.engine.internal.StatisticalLoggingSessionEventListener","thread_name":"Test worker","message":"Session Metrics {\n    0 nanoseconds spent acquiring 0 JDBC connections;\n    0 nanoseconds spent releasing 0 JDBC connections;\n    0 nanoseconds spent preparing 0 JDBC statements;\n    0 nanoseconds spent executing 0 JDBC statements;\n    0 nanoseconds spent executing 0 JDBC batches;\n    0 nanoseconds spent performing 0 L2C puts;\n    0 nanoseconds spent performing 0 L2C hits;\n    0 nanoseconds spent performing 0 L2C misses;\n    0 nanoseconds spent executing 0 flushes (flushing a total of 0 entities and 0 collections);\n    0 nanoseconds spent executing 0 pre-partial-flushes;\n    0 nanoseconds spent executing 0 partial-flushes (flushing a total of 0 entities and 0 collections)\n}","app":"charging-engine"}
{"@timestamp":"2026-08-06T10.53.46.662+05:30","level":"INFO","logger_name":"org.springframework.data.jpa.repository.query.QueryEnhancerFactory","thread_name":"Test worker","message":"Hibernate is in classpath; If applicable, HQL parser will be used.","app":"charging-engine"}
{"@timestamp":"2026-08-06T10.53.46.917+05:30","level":"INFO","logger_name":"org.hibernate.engine.internal.StatisticalLoggingSessionEventListener","thread_name":"Test worker","message":"Session Metrics {\n    0 nanoseconds spent acquiring 0 JDBC connections;\n    0 nanoseconds spent releasing 0 JDBC connections;\n    0 nanoseconds spent preparing 0 JDBC statements;\n    0 nanoseconds spent executing 0 JDBC statements;\n    0 nanoseconds spent executing 0 JDBC batches;\n    0 nanoseconds spent performing 0 L2C puts;\n    0 nanoseconds spent performing 0 L2C hits;\n    0 nanoseconds spent performing 0 L2C misses;\n    0 nanoseconds spent executing 0 flushes (flushing a total of 0 entities and 0 collections);\n    0 nanoseconds spent executing 0 pre-partial-flushes;\n    0 nanoseconds spent executing 0 partial-flushes (flushing a total of 0 entities and 0 collections)\n}","app":"charging-engine"}
{"@timestamp":"2026-08-06T10.53.46.918+05:30","level":"INFO","logger_name":"org.hibernate.engine.internal.StatisticalLoggingSessionEventListener","thread_name":"Test worker","message":"Session Metrics {\n    0 nanoseconds spent acquiring 0 JDBC connections;\n    0 nanoseconds spent releasing 0 JDBC connections;\n    0 nanoseconds spent preparing 0 JDBC statements;\n    0 nanoseconds spent executing 0 JDBC statements;\n    0 nanoseconds spent executing 0 JDBC batches;\n    0 nanoseconds spent performing 0 L2C puts;\n    0 nanoseconds spent performing 0 L2C hits;\n    0 nanoseconds spent performing 0 L2C misses;\n    0 nanoseconds spent executing 0 flushes (flushing a total of 0 entities and 0 collections);\n    0 nanoseconds spent executing 0 pre-partial-flushes;\n    0 nanoseconds spent executing 0 partial-flushes (flushing a total of 0 entities and 0 collections)\n}","app":"charging-engine"}
{"@timestamp":"2026-08-06T10.53.47.149+05:30","level":"INFO","logger_name":"org.hibernate.engine.internal.StatisticalLoggingSessionEventListener","thread_name":"Test worker","message":"Session Metrics {\n    0 nanoseconds spent acquiring 0 JDBC connections;\n    0 nanoseconds spent releasing 0 JDBC connections;\n    0 nanoseconds spent preparing 0 JDBC statements;\n    0 nanoseconds spent executing 0 JDBC statements;\n    0 nanoseconds spent executing 0 JDBC batches;\n    0 nanoseconds spent performing 0 L2C puts;\n    0 nanoseconds spent performing 0 L2C hits;\n    0 nanoseconds spent performing 0 L2C misses;\n    0 nanoseconds spent executing 0 flushes (flushing a total of 0 entities and 0 collections);\n    0 nanoseconds spent executing 0 pre-partial-flushes;\n    0 nanoseconds spent executing 0 partial-flushes (flushing a total of 0 entities and 0 collections)\n}","app":"charging-engine"}
{"@timestamp":"2026-08-06T10.53.47.176+05:30","level":"INFO","logger_name":"org.hibernate.engine.internal.StatisticalLoggingSessionEventListener","thread_name":"Test worker","message":"Session Metrics {\n    0 nanoseconds spent acquiring 0 JDBC connections;\n    0 nanoseconds spent releasing 0 JDBC connections;\n    0 nanoseconds spent preparing 0 JDBC statements;\n    0 nanoseconds spent executing 0 JDBC statements;\n    0 nanoseconds spent executing 0 JDBC batches;\n    0 nanoseconds spent performing 0 L2C puts;\n    0 nanoseconds spent performing 0 L2C hits;\n    0 nanoseconds spent performing 0 L2C misses;\n    0 nanoseconds spent executing 0 flushes (flushing a total of 0 entities and 0 collections);\n    0 nanoseconds spent executing 0 pre-partial-flushes;\n    0 nanoseconds spent executing 0 partial-flushes (flushing a total of 0 entities and 0 collections)\n}","app":"charging-engine"}
{"@timestamp":"2026-08-06T10.53.47.179+05:30","level":"INFO","logger_name":"org.hibernate.engine.internal.StatisticalLoggingSessionEventListener","thread_name":"Test worker","message":"Session Metrics {\n    0 nanoseconds spent acquiring 0 JDBC connections;\n    0 nanoseconds spent releasing 0 JDBC connections;\n    0 nanoseconds spent preparing 0 JDBC statements;\n    0 nanoseconds spent executing 0 JDBC statements;\n    0 nanoseconds spent executing 0 JDBC batches;\n    0 nanoseconds spent performing 0 L2C puts;\n    0 nanoseconds spent performing 0 L2C hits;\n    0 nanoseconds spent performing 0 L2C misses;\n    0 nanoseconds spent executing 0 flushes (flushing a total of 0 entities and 0 collections);\n    0 nanoseconds spent executing 0 pre-partial-flushes;\n    0 nanoseconds spent executing 0 partial-flushes (flushing a total of 0 entities and 0 collections)\n}","app":"charging-engine"}
{"@timestamp":"2026-08-06T10.53.47.180+05:30","level":"INFO","logger_name":"org.hibernate.engine.internal.StatisticalLoggingSessionEventListener","thread_name":"Test worker","message":"Session Metrics {\n    0 nanoseconds spent acquiring 0 JDBC connections;\n    0 nanoseconds spent releasing 0 JDBC connections;\n    0 nanoseconds spent preparing 0 JDBC statements;\n    0 nanoseconds spent executing 0 JDBC statements;\n    0 nanoseconds spent executing 0 JDBC batches;\n    0 nanoseconds spent performing 0 L2C puts;\n    0 nanoseconds spent performing 0 L2C hits;\n    0 nanoseconds spent performing 0 L2C misses;\n    0 nanoseconds spent executing 0 flushes (flushing a total of 0 entities and 0 collections);\n    0 nanoseconds spent executing 0 pre-partial-flushes;\n    0 nanoseconds spent executing 0 partial-flushes (flushing a total of 0 entities and 0 collections)\n}","app":"charging-engine"}
{"@timestamp":"2026-08-06T10.53.47.183+05:30","level":"INFO","logger_name":"org.hibernate.engine.internal.StatisticalLoggingSessionEventListener","thread_name":"Test worker","message":"Session Metrics {\n    0 nanoseconds spent acquiring 0 JDBC connections;\n    0 nanoseconds spent releasing 0 JDBC connections;\n    0 nanoseconds spent preparing 0 JDBC statements;\n    0 nanoseconds spent executing 0 JDBC statements;\n    0 nanoseconds spent executing 0 JDBC batches;\n    0 nanoseconds spent performing 0 L2C puts;\n    0 nanoseconds spent performing 0 L2C hits;\n    0 nanoseconds spent performing 0 L2C misses;\n    0 nanoseconds spent executing 0 flushes (flushing a total of 0 entities and 0 collections);\n    0 nanoseconds spent executing 0 pre-partial-flushes;\n    0 nanoseconds spent executing 0 partial-flushes (flushing a total of 0 entities and 0 collections)\n}","app":"charging-engine"}
{"@timestamp":"2026-08-06T10.53.47.185+05:30","level":"INFO","logger_name":"org.hibernate.engine.internal.StatisticalLoggingSessionEventListener","thread_name":"Test worker","message":"Session Metrics {\n    0 nanoseconds spent acquiring 0 JDBC connections;\n    0 nanoseconds spent releasing 0 JDBC connections;\n    0 nanoseconds spent preparing 0 JDBC statements;\n    0 nanoseconds spent executing 0 JDBC statements;\n    0 nanoseconds spent executing 0 JDBC batches;\n    0 nanoseconds spent performing 0 L2C puts;\n    0 nanoseconds spent performing 0 L2C hits;\n    0 nanoseconds spent performing 0 L2C misses;\n    0 nanoseconds spent executing 0 flushes (flushing a total of 0 entities and 0 collections);\n    0 nanoseconds spent executing 0 pre-partial-flushes;\n    0 nanoseconds spent executing 0 partial-flushes (flushing a total of 0 entities and 0 collections)\n}","app":"charging-engine"}
{"@timestamp":"2026-08-06T10.53.47.187+05:30","level":"INFO","logger_name":"org.hibernate.engine.internal.StatisticalLoggingSessionEventListener","thread_name":"Test worker","message":"Session Metrics {\n    0 nanoseconds spent acquiring 0 JDBC connections;\n    0 nanoseconds spent releasing 0 JDBC connections;\n    0 nanoseconds spent preparing 0 JDBC statements;\n    0 nanoseconds spent executing 0 JDBC statements;\n    0 nanoseconds spent executing 0 JDBC batches;\n    0 nanoseconds spent performing 0 L2C puts;\n    0 nanoseconds spent performing 0 L2C hits;\n    0 nanoseconds spent performing 0 L2C misses;\n    0 nanoseconds spent executing 0 flushes (flushing a total of 0 entities and 0 collections);\n    0 nanoseconds spent executing 0 pre-partial-flushes;\n    0 nanoseconds spent executing 0 partial-flushes (flushing a total of 0 entities and 0 collections)\n}","app":"charging-engine"}
{"@timestamp":"2026-08-06T10.53.47.188+05:30","level":"INFO","logger_name":"org.hibernate.engine.internal.StatisticalLoggingSessionEventListener","thread_name":"Test worker","message":"Session Metrics {\n    0 nanoseconds spent acquiring 0 JDBC connections;\n    0 nanoseconds spent releasing 0 JDBC connections;\n    0 nanoseconds spent preparing 0 JDBC statements;\n    0 nanoseconds spent executing 0 JDBC statements;\n    0 nanoseconds spent executing 0 JDBC batches;\n    0 nanoseconds spent performing 0 L2C puts;\n    0 nanoseconds spent performing 0 L2C hits;\n    0 nanoseconds spent performing 0 L2C misses;\n    0 nanoseconds spent executing 0 flushes (flushing a total of 0 entities and 0 collections);\n    0 nanoseconds spent executing 0 pre-partial-flushes;\n    0 nanoseconds spent executing 0 partial-flushes (flushing a total of 0 entities and 0 collections)\n}","app":"charging-engine"}
{"@timestamp":"2026-08-06T10.53.47.191+05:30","level":"INFO","logger_name":"org.hibernate.engine.internal.StatisticalLoggingSessionEventListener","thread_name":"Test worker","message":"Session Metrics {\n    0 nanoseconds spent acquiring 0 JDBC connections;\n    0 nanoseconds spent releasing 0 JDBC connections;\n    0 nanoseconds spent preparing 0 JDBC statements;\n    0 nanoseconds spent executing 0 JDBC statements;\n    0 nanoseconds spent executing 0 JDBC batches;\n    0 nanoseconds spent performing 0 L2C puts;\n    0 nanoseconds spent performing 0 L2C hits;\n    0 nanoseconds spent performing 0 L2C misses;\n    0 nanoseconds spent executing 0 flushes (flushing a total of 0 entities and 0 collections);\n    0 nanoseconds spent executing 0 pre-partial-flushes;\n    0 nanoseconds spent executing 0 partial-flushes (flushing a total of 0 entities and 0 collections)\n}","app":"charging-engine"}
{"@timestamp":"2026-08-06T10.53.47.192+05:30","level":"INFO","logger_name":"org.hibernate.engine.internal.StatisticalLoggingSessionEventListener","thread_name":"Test worker","message":"Session Metrics {\n    0 nanoseconds spent acquiring 0 JDBC connections;\n    0 nanoseconds spent releasing 0 JDBC connections;\n    0 nanoseconds spent preparing 0 JDBC statements;\n    0 nanoseconds spent executing 0 JDBC statements;\n    0 nanoseconds spent executing 0 JDBC batches;\n    0 nanoseconds spent performing 0 L2C puts;\n    0 nanoseconds spent performing 0 L2C hits;\n    0 nanoseconds spent performing 0 L2C misses;\n    0 nanoseconds spent executing 0 flushes (flushing a total of 0 entities and 0 collections);\n    0 nanoseconds spent executing 0 pre-partial-flushes;\n    0 nanoseconds spent executing 0 partial-flushes (flushing a total of 0 entities and 0 collections)\n}","app":"charging-engine"}
{"@timestamp":"2026-08-06T10.53.47.231+05:30","level":"INFO","logger_name":"org.hibernate.engine.internal.StatisticalLoggingSessionEventListener","thread_name":"Test worker","message":"Session Metrics {\n    0 nanoseconds spent acquiring 0 JDBC connections;\n    0 nanoseconds spent releasing 0 JDBC connections;\n    0 nanoseconds spent preparing 0 JDBC statements;\n    0 nanoseconds spent executing 0 JDBC statements;\n    0 nanoseconds spent executing 0 JDBC batches;\n    0 nanoseconds spent performing 0 L2C puts;\n    0 nanoseconds spent performing 0 L2C hits;\n    0 nanoseconds spent performing 0 L2C misses;\n    0 nanoseconds spent executing 0 flushes (flushing a total of 0 entities and 0 collections);\n    0 nanoseconds spent executing 0 pre-partial-flushes;\n    0 nanoseconds spent executing 0 partial-flushes (flushing a total of 0 entities and 0 collections)\n}","app":"charging-engine"}
{"@timestamp":"2026-08-06T10.53.47.235+05:30","level":"INFO","logger_name":"org.hibernate.engine.internal.StatisticalLoggingSessionEventListener","thread_name":"Test worker","message":"Session Metrics {\n    0 nanoseconds spent acquiring 0 JDBC connections;\n    0 nanoseconds spent releasing 0 JDBC connections;\n    0 nanoseconds spent preparing 0 JDBC statements;\n    0 nanoseconds spent executing 0 JDBC statements;\n    0 nanoseconds spent executing 0 JDBC batches;\n    0 nanoseconds spent performing 0 L2C puts;\n    0 nanoseconds spent performing 0 L2C hits;\n    0 nanoseconds spent performing 0 L2C misses;\n    0 nanoseconds spent executing 0 flushes (flushing a total of 0 entities and 0 collections);\n    0 nanoseconds spent executing 0 pre-partial-flushes;\n    0 nanoseconds spent executing 0 partial-flushes (flushing a total of 0 entities and 0 collections)\n}","app":"charging-engine"}
{"@timestamp":"2026-08-06T10.53.47.241+05:30","level":"INFO","logger_name":"org.hibernate.engine.internal.StatisticalLoggingSessionEventListener","thread_name":"Test worker","message":"Session Metrics {\n    0 nanoseconds spent acquiring 0 JDBC connections;\n    0 nanoseconds spent releasing 0 JDBC connections;\n    0 nanoseconds spent preparing 0 JDBC statements;\n    0 nanoseconds spent executing 0 JDBC statements;\n    0 nanoseconds spent executing 0 JDBC batches;\n    0 nanoseconds spent performing 0 L2C puts;\n    0 nanoseconds spent performing 0 L2C hits;\n    0 nanoseconds spent performing 0 L2C misses;\n    0 nanoseconds spent executing 0 flushes (flushing a total of 0 entities and 0 collections);\n    0 nanoseconds spent executing 0 pre-partial-flushes;\n    0 nanoseconds spent executing 0 partial-flushes (flushing a total of 0 entities and 0 collections)\n}","app":"charging-engine"}
{"@timestamp":"2026-08-06T10.53.47.242+05:30","level":"INFO","logger_name":"org.hibernate.engine.internal.StatisticalLoggingSessionEventListener","thread_name":"Test worker","message":"Session Metrics {\n    0 nanoseconds spent acquiring 0 JDBC connections;\n    0 nanoseconds spent releasing 0 JDBC connections;\n    0 nanoseconds spent preparing 0 JDBC statements;\n    0 nanoseconds spent executing 0 JDBC statements;\n    0 nanoseconds spent executing 0 JDBC batches;\n    0 nanoseconds spent performing 0 L2C puts;\n    0 nanoseconds spent performing 0 L2C hits;\n    0 nanoseconds spent performing 0 L2C misses;\n    0 nanoseconds spent executing 0 flushes (flushing a total of 0 entities and 0 collections);\n    0 nanoseconds spent executing 0 pre-partial-flushes;\n    0 nanoseconds spent executing 0 partial-flushes (flushing a total of 0 entities and 0 collections)\n}","app":"charging-engine"}
{"@timestamp":"2026-08-06T10.53.47.247+05:30","level":"INFO","logger_name":"org.hibernate.engine.internal.StatisticalLoggingSessionEventListener","thread_name":"Test worker","message":"Session Metrics {\n    0 nanoseconds spent acquiring 0 JDBC connections;\n    0 nanoseconds spent releasing 0 JDBC connections;\n    0 nanoseconds spent preparing 0 JDBC statements;\n    0 nanoseconds spent executing 0 JDBC statements;\n    0 nanoseconds spent executing 0 JDBC batches;\n    0 nanoseconds spent performing 0 L2C puts;\n    0 nanoseconds spent performing 0 L2C hits;\n    0 nanoseconds spent performing 0 L2C misses;\n    0 nanoseconds spent executing 0 flushes (flushing a total of 0 entities and 0 collections);\n    0 nanoseconds spent executing 0 pre-partial-flushes;\n    0 nanoseconds spent executing 0 partial-flushes (flushing a total of 0 entities and 0 collections)\n}","app":"charging-engine"}
{"@timestamp":"2026-08-06T10.53.47.248+05:30","level":"INFO","logger_name":"org.hibernate.engine.internal.StatisticalLoggingSessionEventListener","thread_name":"Test worker","message":"Session Metrics {\n    0 nanoseconds spent acquiring 0 JDBC connections;\n    0 nanoseconds spent releasing 0 JDBC connections;\n    0 nanoseconds spent preparing 0 JDBC statements;\n    0 nanoseconds spent executing 0 JDBC statements;\n    0 nanoseconds spent executing 0 JDBC batches;\n    0 nanoseconds spent performing 0 L2C puts;\n    0 nanoseconds spent performing 0 L2C hits;\n    0 nanoseconds spent performing 0 L2C misses;\n    0 nanoseconds spent executing 0 flushes (flushing a total of 0 entities and 0 collections);\n    0 nanoseconds spent executing 0 pre-partial-flushes;\n    0 nanoseconds spent executing 0 partial-flushes (flushing a total of 0 entities and 0 collections)\n}","app":"charging-engine"}
{"@timestamp":"2026-08-06T10.53.47.248+05:30","level":"INFO","logger_name":"org.hibernate.engine.internal.StatisticalLoggingSessionEventListener","thread_name":"Test worker","message":"Session Metrics {\n    0 nanoseconds spent acquiring 0 JDBC connections;\n    0 nanoseconds spent releasing 0 JDBC connections;\n    0 nanoseconds spent preparing 0 JDBC statements;\n    0 nanoseconds spent executing 0 JDBC statements;\n    0 nanoseconds spent executing 0 JDBC batches;\n    0 nanoseconds spent performing 0 L2C puts;\n    0 nanoseconds spent performing 0 L2C hits;\n    0 nanoseconds spent performing 0 L2C misses;\n    0 nanoseconds spent executing 0 flushes (flushing a total of 0 entities and 0 collections);\n    0 nanoseconds spent executing 0 pre-partial-flushes;\n    0 nanoseconds spent executing 0 partial-flushes (flushing a total of 0 entities and 0 collections)\n}","app":"charging-engine"}
{"@timestamp":"2026-08-06T10.53.47.251+05:30","level":"INFO","logger_name":"org.hibernate.engine.internal.StatisticalLoggingSessionEventListener","thread_name":"Test worker","message":"Session Metrics {\n    0 nanoseconds spent acquiring 0 JDBC connections;\n    0 nanoseconds spent releasing 0 JDBC connections;\n    0 nanoseconds spent preparing 0 JDBC statements;\n    0 nanoseconds spent executing 0 JDBC statements;\n    0 nanoseconds spent executing 0 JDBC batches;\n    0 nanoseconds spent performing 0 L2C puts;\n    0 nanoseconds spent performing 0 L2C hits;\n    0 nanoseconds spent performing 0 L2C misses;\n    0 nanoseconds spent executing 0 flushes (flushing a total of 0 entities and 0 collections);\n    0 nanoseconds spent executing 0 pre-partial-flushes;\n    0 nanoseconds spent executing 0 partial-flushes (flushing a total of 0 entities and 0 collections)\n}","app":"charging-engine"}
{"@timestamp":"2026-08-06T10.53.47.251+05:30","level":"INFO","logger_name":"org.hibernate.engine.internal.StatisticalLoggingSessionEventListener","thread_name":"Test worker","message":"Session Metrics {\n    0 nanoseconds spent acquiring 0 JDBC connections;\n    0 nanoseconds spent releasing 0 JDBC connections;\n    0 nanoseconds spent preparing 0 JDBC statements;\n    0 nanoseconds spent executing 0 JDBC statements;\n    0 nanoseconds spent executing 0 JDBC batches;\n    0 nanoseconds spent performing 0 L2C puts;\n    0 nanoseconds spent performing 0 L2C hits;\n    0 nanoseconds spent performing 0 L2C misses;\n    0 nanoseconds spent executing 0 flushes (flushing a total of 0 entities and 0 collections);\n    0 nanoseconds spent executing 0 pre-partial-flushes;\n    0 nanoseconds spent executing 0 partial-flushes (flushing a total of 0 entities and 0 collections)\n}","app":"charging-engine"}
{"@timestamp":"2026-08-06T10.53.47.293+05:30","level":"INFO","logger_name":"org.hibernate.engine.internal.StatisticalLoggingSessionEventListener","thread_name":"Test worker","message":"Session Metrics {\n    0 nanoseconds spent acquiring 0 JDBC connections;\n    0 nanoseconds spent releasing 0 JDBC connections;\n    0 nanoseconds spent preparing 0 JDBC statements;\n    0 nanoseconds spent executing 0 JDBC statements;\n    0 nanoseconds spent executing 0 JDBC batches;\n    0 nanoseconds spent performing 0 L2C puts;\n    0 nanoseconds spent performing 0 L2C hits;\n    0 nanoseconds spent performing 0 L2C misses;\n    0 nanoseconds spent executing 0 flushes (flushing a total of 0 entities and 0 collections);\n    0 nanoseconds spent executing 0 pre-partial-flushes;\n    0 nanoseconds spent executing 0 partial-flushes (flushing a total of 0 entities and 0 collections)\n}","app":"charging-engine"}
{"@timestamp":"2026-08-06T10.53.47.298+05:30","level":"INFO","logger_name":"org.hibernate.engine.internal.StatisticalLoggingSessionEventListener","thread_name":"Test worker","message":"Session Metrics {\n    0 nanoseconds spent acquiring 0 JDBC connections;\n    0 nanoseconds spent releasing 0 JDBC connections;\n    0 nanoseconds spent preparing 0 JDBC statements;\n    0 nanoseconds spent executing 0 JDBC statements;\n    0 nanoseconds spent executing 0 JDBC batches;\n    0 nanoseconds spent performing 0 L2C puts;\n    0 nanoseconds spent performing 0 L2C hits;\n    0 nanoseconds spent performing 0 L2C misses;\n    0 nanoseconds spent executing 0 flushes (flushing a total of 0 entities and 0 collections);\n    0 nanoseconds spent executing 0 pre-partial-flushes;\n    0 nanoseconds spent executing 0 partial-flushes (flushing a total of 0 entities and 0 collections)\n}","app":"charging-engine"}
{"@timestamp":"2026-08-06T10.53.47.309+05:30","level":"INFO","logger_name":"org.hibernate.engine.internal.StatisticalLoggingSessionEventListener","thread_name":"Test worker","message":"Session Metrics {\n    0 nanoseconds spent acquiring 0 JDBC connections;\n    0 nanoseconds spent releasing 0 JDBC connections;\n    0 nanoseconds spent preparing 0 JDBC statements;\n    0 nanoseconds spent executing 0 JDBC statements;\n    0 nanoseconds spent executing 0 JDBC batches;\n    0 nanoseconds spent performing 0 L2C puts;\n    0 nanoseconds spent performing 0 L2C hits;\n    0 nanoseconds spent performing 0 L2C misses;\n    0 nanoseconds spent executing 0 flushes (flushing a total of 0 entities and 0 collections);\n    0 nanoseconds spent executing 0 pre-partial-flushes;\n    0 nanoseconds spent executing 0 partial-flushes (flushing a total of 0 entities and 0 collections)\n}","app":"charging-engine"}
{"@timestamp":"2026-08-06T10.53.47.310+05:30","level":"INFO","logger_name":"org.hibernate.engine.internal.StatisticalLoggingSessionEventListener","thread_name":"Test worker","message":"Session Metrics {\n    0 nanoseconds spent acquiring 0 JDBC connections;\n    0 nanoseconds spent releasing 0 JDBC connections;\n    0 nanoseconds spent preparing 0 JDBC statements;\n    0 nanoseconds spent executing 0 JDBC statements;\n    0 nanoseconds spent executing 0 JDBC batches;\n    0 nanoseconds spent performing 0 L2C puts;\n    0 nanoseconds spent performing 0 L2C hits;\n    0 nanoseconds spent performing 0 L2C misses;\n    0 nanoseconds spent executing 0 flushes (flushing a total of 0 entities and 0 collections);\n    0 nanoseconds spent executing 0 pre-partial-flushes;\n    0 nanoseconds spent executing 0 partial-flushes (flushing a total of 0 entities and 0 collections)\n}","app":"charging-engine"}
{"@timestamp":"2026-08-06T10.53.47.317+05:30","level":"INFO","logger_name":"org.hibernate.engine.internal.StatisticalLoggingSessionEventListener","thread_name":"Test worker","message":"Session Metrics {\n    0 nanoseconds spent acquiring 0 JDBC connections;\n    0 nanoseconds spent releasing 0 JDBC connections;\n    0 nanoseconds spent preparing 0 JDBC statements;\n    0 nanoseconds spent executing 0 JDBC statements;\n    0 nanoseconds spent executing 0 JDBC batches;\n    0 nanoseconds spent performing 0 L2C puts;\n    0 nanoseconds spent performing 0 L2C hits;\n    0 nanoseconds spent performing 0 L2C misses;\n    0 nanoseconds spent executing 0 flushes (flushing a total of 0 entities and 0 collections);\n    0 nanoseconds spent executing 0 pre-partial-flushes;\n    0 nanoseconds spent executing 0 partial-flushes (flushing a total of 0 entities and 0 collections)\n}","app":"charging-engine"}
{"@timestamp":"2026-08-06T10.53.47.318+05:30","level":"INFO","logger_name":"org.hibernate.engine.internal.StatisticalLoggingSessionEventListener","thread_name":"Test worker","message":"Session Metrics {\n    0 nanoseconds spent acquiring 0 JDBC connections;\n    0 nanoseconds spent releasing 0 JDBC connections;\n    0 nanoseconds spent preparing 0 JDBC statements;\n    0 nanoseconds spent executing 0 JDBC statements;\n    0 nanoseconds spent executing 0 JDBC batches;\n    0 nanoseconds spent performing 0 L2C puts;\n    0 nanoseconds spent performing 0 L2C hits;\n    0 nanoseconds spent performing 0 L2C misses;\n    0 nanoseconds spent executing 0 flushes (flushing a total of 0 entities and 0 collections);\n    0 nanoseconds spent executing 0 pre-partial-flushes;\n    0 nanoseconds spent executing 0 partial-flushes (flushing a total of 0 entities and 0 collections)\n}","app":"charging-engine"}
{"@timestamp":"2026-08-06T10.53.47.357+05:30","level":"INFO","logger_name":"org.hibernate.engine.internal.StatisticalLoggingSessionEventListener","thread_name":"Test worker","message":"Session Metrics {\n    0 nanoseconds spent acquiring 0 JDBC connections;\n    0 nanoseconds spent releasing 0 JDBC connections;\n    0 nanoseconds spent preparing 0 JDBC statements;\n    0 nanoseconds spent executing 0 JDBC statements;\n    0 nanoseconds spent executing 0 JDBC batches;\n    0 nanoseconds spent performing 0 L2C puts;\n    0 nanoseconds spent performing 0 L2C hits;\n    0 nanoseconds spent performing 0 L2C misses;\n    0 nanoseconds spent executing 0 flushes (flushing a total of 0 entities and 0 collections);\n    0 nanoseconds spent executing 0 pre-partial-flushes;\n    0 nanoseconds spent executing 0 partial-flushes (flushing a total of 0 entities and 0 collections)\n}","app":"charging-engine"}
{"@timestamp":"2026-08-06T10.53.47.774+05:30","level":"INFO","logger_name":"org.hibernate.engine.internal.StatisticalLoggingSessionEventListener","thread_name":"Test worker","message":"Session Metrics {\n    0 nanoseconds spent acquiring 0 JDBC connections;\n    0 nanoseconds spent releasing 0 JDBC connections;\n    0 nanoseconds spent preparing 0 JDBC statements;\n    0 nanoseconds spent executing 0 JDBC statements;\n    0 nanoseconds spent executing 0 JDBC batches;\n    0 nanoseconds spent performing 0 L2C puts;\n    0 nanoseconds spent performing 0 L2C hits;\n    0 nanoseconds spent performing 0 L2C misses;\n    0 nanoseconds spent executing 0 flushes (flushing a total of 0 entities and 0 collections);\n    0 nanoseconds spent executing 0 pre-partial-flushes;\n    0 nanoseconds spent executing 0 partial-flushes (flushing a total of 0 entities and 0 collections)\n}","app":"charging-engine"}
{"@timestamp":"2026-08-06T10.53.47.778+05:30","level":"INFO","logger_name":"org.hibernate.engine.internal.StatisticalLoggingSessionEventListener","thread_name":"Test worker","message":"Session Metrics {\n    0 nanoseconds spent acquiring 0 JDBC connections;\n    0 nanoseconds spent releasing 0 JDBC connections;\n    0 nanoseconds spent preparing 0 JDBC statements;\n    0 nanoseconds spent executing 0 JDBC statements;\n    0 nanoseconds spent executing 0 JDBC batches;\n    0 nanoseconds spent performing 0 L2C puts;\n    0 nanoseconds spent performing 0 L2C hits;\n    0 nanoseconds spent performing 0 L2C misses;\n    0 nanoseconds spent executing 0 flushes (flushing a total of 0 entities and 0 collections);\n    0 nanoseconds spent executing 0 pre-partial-flushes;\n    0 nanoseconds spent executing 0 partial-flushes (flushing a total of 0 entities and 0 collections)\n}","app":"charging-engine"}
{"@timestamp":"2026-08-06T10.53.47.784+05:30","level":"INFO","logger_name":"org.hibernate.engine.internal.StatisticalLoggingSessionEventListener","thread_name":"Test worker","message":"Session Metrics {\n    0 nanoseconds spent acquiring 0 JDBC connections;\n    0 nanoseconds spent releasing 0 JDBC connections;\n    0 nanoseconds spent preparing 0 JDBC statements;\n    0 nanoseconds spent executing 0 JDBC statements;\n    0 nanoseconds spent executing 0 JDBC batches;\n    0 nanoseconds spent performing 0 L2C puts;\n    0 nanoseconds spent performing 0 L2C hits;\n    0 nanoseconds spent performing 0 L2C misses;\n    0 nanoseconds spent executing 0 flushes (flushing a total of 0 entities and 0 collections);\n    0 nanoseconds spent executing 0 pre-partial-flushes;\n    0 nanoseconds spent executing 0 partial-flushes (flushing a total of 0 entities and 0 collections)\n}","app":"charging-engine"}
{"@timestamp":"2026-08-06T10.53.47.784+05:30","level":"INFO","logger_name":"org.hibernate.engine.internal.StatisticalLoggingSessionEventListener","thread_name":"Test worker","message":"Session Metrics {\n    0 nanoseconds spent acquiring 0 JDBC connections;\n    0 nanoseconds spent releasing 0 JDBC connections;\n    0 nanoseconds spent preparing 0 JDBC statements;\n    0 nanoseconds spent executing 0 JDBC statements;\n    0 nanoseconds spent executing 0 JDBC batches;\n    0 nanoseconds spent performing 0 L2C puts;\n    0 nanoseconds spent performing 0 L2C hits;\n    0 nanoseconds spent performing 0 L2C misses;\n    0 nanoseconds spent executing 0 flushes (flushing a total of 0 entities and 0 collections);\n    0 nanoseconds spent executing 0 pre-partial-flushes;\n    0 nanoseconds spent executing 0 partial-flushes (flushing a total of 0 entities and 0 collections)\n}","app":"charging-engine"}
{"@timestamp":"2026-08-06T10.53.47.786+05:30","level":"INFO","logger_name":"org.hibernate.engine.internal.StatisticalLoggingSessionEventListener","thread_name":"Test worker","message":"Session Metrics {\n    0 nanoseconds spent acquiring 0 JDBC connections;\n    0 nanoseconds spent releasing 0 JDBC connections;\n    0 nanoseconds spent preparing 0 JDBC statements;\n    0 nanoseconds spent executing 0 JDBC statements;\n    0 nanoseconds spent executing 0 JDBC batches;\n    0 nanoseconds spent performing 0 L2C puts;\n    0 nanoseconds spent performing 0 L2C hits;\n    0 nanoseconds spent performing 0 L2C misses;\n    0 nanoseconds spent executing 0 flushes (flushing a total of 0 entities and 0 collections);\n    0 nanoseconds spent executing 0 pre-partial-flushes;\n    0 nanoseconds spent executing 0 partial-flushes (flushing a total of 0 entities and 0 collections)\n}","app":"charging-engine"}
{"@timestamp":"2026-08-06T10.53.49.478+05:30","level":"INFO","logger_name":"org.springframework.boot.actuate.endpoint.web.EndpointLinksResolver","thread_name":"Test worker","message":"Exposing 4 endpoints beneath base path '/actuator'","app":"charging-engine"}
{"@timestamp":"2026-08-06T10.53.49.618+05:30","level":"INFO","logger_name":"org.apache.coyote.http11.Http11NioProtocol","thread_name":"Test worker","message":"Starting ProtocolHandler [\"http-nio-auto-1\"]","app":"charging-engine"}
{"@timestamp":"2026-08-06T10.53.49.634+05:30","level":"INFO","logger_name":"org.springframework.boot.web.embedded.tomcat.TomcatWebServer","thread_name":"Test worker","message":"Tomcat started on port 59495 (http) with context path '/'","app":"charging-engine"}
{"@timestamp":"2026-08-06T10.53.49.665+05:30","level":"INFO","logger_name":"com.telcoedge.charging.ChargingIntegrationTest","thread_name":"Test worker","message":"Started ChargingIntegrationTest in 10.156 seconds (process running for 15.311)","app":"charging-engine"}
{"@timestamp":"2026-08-06T10.53.50.638+05:30","level":"DEBUG","logger_name":"org.hibernate.SQL","thread_name":"Test worker","message":"\r\n    select\r\n        tre1_0.usage_type,\r\n        tre1_0.rate_per_unit \r\n    from\r\n        tariff_rates tre1_0 \r\n    where\r\n        tre1_0.plan_id=? \r\n        and tre1_0.usage_type=?","app":"charging-engine"}
{"@timestamp":"2026-08-06T10.53.50.640+05:30","level":"TRACE","logger_name":"org.hibernate.orm.jdbc.bind","thread_name":"Test worker","message":"binding parameter (1:BIGINT) <- [1]","app":"charging-engine"}
{"@timestamp":"2026-08-06T10.53.50.641+05:30","level":"TRACE","logger_name":"org.hibernate.orm.jdbc.bind","thread_name":"Test worker","message":"binding parameter (2:VARCHAR) <- [VOICE]","app":"charging-engine"}
{"@timestamp":"2026-08-06T10.53.50.649+05:30","level":"DEBUG","logger_name":"org.hibernate.stat.internal.StatisticsImpl","thread_name":"Test worker","message":"HHH000117: HQL: [CRITERIA] select tre1_0.usage_type,tre1_0.rate_per_unit from tariff_rates tre1_0 where tre1_0.plan_id=? and tre1_0.usage_type=?, time: 19ms, rows: 1","app":"charging-engine"}
{"@timestamp":"2026-08-06T10.53.50.651+05:30","level":"INFO","logger_name":"org.hibernate.engine.internal.StatisticalLoggingSessionEventListener","thread_name":"Test worker","message":"Session Metrics {\n    49600 nanoseconds spent acquiring 1 JDBC connections;\n    0 nanoseconds spent releasing 0 JDBC connections;\n    189000 nanoseconds spent preparing 1 JDBC statements;\n    2670600 nanoseconds spent executing 1 JDBC statements;\n    0 nanoseconds spent executing 0 JDBC batches;\n    0 nanoseconds spent performing 0 L2C puts;\n    0 nanoseconds spent performing 0 L2C hits;\n    0 nanoseconds spent performing 0 L2C misses;\n    0 nanoseconds spent executing 0 flushes (flushing a total of 0 entities and 0 collections);\n    0 nanoseconds spent executing 0 pre-partial-flushes;\n    0 nanoseconds spent executing 0 partial-flushes (flushing a total of 0 entities and 0 collections)\n}","app":"charging-engine"}
{"@timestamp":"2026-08-06T10.53.50.829+05:30","level":"INFO","logger_name":"org.apache.catalina.core.ContainerBase.[Tomcat].[localhost].[/]","thread_name":"tomcat-handler-0","message":"Initializing Spring DispatcherServlet 'dispatcherServlet'","app":"charging-engine"}
{"@timestamp":"2026-08-06T10.53.50.829+05:30","level":"INFO","logger_name":"org.springframework.web.servlet.DispatcherServlet","thread_name":"tomcat-handler-0","message":"Initializing Servlet 'dispatcherServlet'","app":"charging-engine"}
{"@timestamp":"2026-08-06T10.53.50.831+05:30","level":"INFO","logger_name":"org.springframework.web.servlet.DispatcherServlet","thread_name":"tomcat-handler-0","message":"Completed initialization in 1 ms","app":"charging-engine"}
{"@timestamp":"2026-08-06T10.53.51.014+05:30","level":"DEBUG","logger_name":"org.hibernate.SQL","thread_name":"Test worker","message":"\r\n    select\r\n        tre1_0.usage_type,\r\n        tre1_0.rate_per_unit \r\n    from\r\n        tariff_rates tre1_0 \r\n    where\r\n        tre1_0.plan_id=? \r\n        and tre1_0.usage_type=?","app":"charging-engine"}
{"@timestamp":"2026-08-06T10.53.51.015+05:30","level":"TRACE","logger_name":"org.hibernate.orm.jdbc.bind","thread_name":"Test worker","message":"binding parameter (1:BIGINT) <- [1]","app":"charging-engine"}
{"@timestamp":"2026-08-06T10.53.51.015+05:30","level":"TRACE","logger_name":"org.hibernate.orm.jdbc.bind","thread_name":"Test worker","message":"binding parameter (2:VARCHAR) <- [DATA]","app":"charging-engine"}
{"@timestamp":"2026-08-06T10.53.51.019+05:30","level":"DEBUG","logger_name":"org.hibernate.stat.internal.StatisticsImpl","thread_name":"Test worker","message":"HHH000117: HQL: [CRITERIA] select tre1_0.usage_type,tre1_0.rate_per_unit from tariff_rates tre1_0 where tre1_0.plan_id=? and tre1_0.usage_type=?, time: 4ms, rows: 1","app":"charging-engine"}
{"@timestamp":"2026-08-06T10.53.51.020+05:30","level":"INFO","logger_name":"org.hibernate.engine.internal.StatisticalLoggingSessionEventListener","thread_name":"Test worker","message":"Session Metrics {\n    19100 nanoseconds spent acquiring 1 JDBC connections;\n    0 nanoseconds spent releasing 0 JDBC connections;\n    47800 nanoseconds spent preparing 1 JDBC statements;\n    3229500 nanoseconds spent executing 1 JDBC statements;\n    0 nanoseconds spent executing 0 JDBC batches;\n    0 nanoseconds spent performing 0 L2C puts;\n    0 nanoseconds spent performing 0 L2C hits;\n    0 nanoseconds spent performing 0 L2C misses;\n    0 nanoseconds spent executing 0 flushes (flushing a total of 0 entities and 0 collections);\n    0 nanoseconds spent executing 0 pre-partial-flushes;\n    0 nanoseconds spent executing 0 partial-flushes (flushing a total of 0 entities and 0 collections)\n}","app":"charging-engine"}
{"@timestamp":"2026-08-06T10.53.51.054+05:30","level":"DEBUG","logger_name":"org.hibernate.SQL","thread_name":"tomcat-handler-2","message":"\r\n    select\r\n        count(*) \r\n    from\r\n        balances be1_0","correlationId":"ad5eab1a","app":"charging-engine"}
{"@timestamp":"2026-08-06T10.53.51.058+05:30","level":"DEBUG","logger_name":"org.hibernate.stat.internal.StatisticsImpl","thread_name":"tomcat-handler-2","message":"HHH000117: HQL: select count(*) from BalanceEntity x, time: 3ms, rows: 1","correlationId":"ad5eab1a","app":"charging-engine"}
{"@timestamp":"2026-08-06T10.53.51.062+05:30","level":"INFO","logger_name":"org.hibernate.engine.internal.StatisticalLoggingSessionEventListener","thread_name":"tomcat-handler-2","message":"Session Metrics {\n    121500 nanoseconds spent acquiring 1 JDBC connections;\n    0 nanoseconds spent releasing 0 JDBC connections;\n    70000 nanoseconds spent preparing 1 JDBC statements;\n    2823600 nanoseconds spent executing 1 JDBC statements;\n    0 nanoseconds spent executing 0 JDBC batches;\n    0 nanoseconds spent performing 0 L2C puts;\n    0 nanoseconds spent performing 0 L2C hits;\n    0 nanoseconds spent performing 0 L2C misses;\n    0 nanoseconds spent executing 0 flushes (flushing a total of 0 entities and 0 collections);\n    14156919577501 nanoseconds spent executing 1 pre-partial-flushes;\n    5800 nanoseconds spent executing 1 partial-flushes (flushing a total of 0 entities and 0 collections)\n}","correlationId":"ad5eab1a","app":"charging-engine"}
{"@timestamp":"2026-08-06T10.53.51.675+05:30","level":"DEBUG","logger_name":"org.hibernate.SQL","thread_name":"tomcat-handler-5","message":"\r\n    select\r\n        ike1_0.id,\r\n        ike1_0.created_at,\r\n        ike1_0.event_id,\r\n        ike1_0.expires_at,\r\n        ike1_0.response_hash,\r\n        ike1_0.status \r\n    from\r\n        idempotency_keys ike1_0 \r\n    where\r\n        ike1_0.event_id=?","msisdn":"9876543000","operatorId":"acme","correlationId":"321c05f7","app":"charging-engine"}
{"@timestamp":"2026-08-06T10.53.51.676+05:30","level":"TRACE","logger_name":"org.hibernate.orm.jdbc.bind","thread_name":"tomcat-handler-5","message":"binding parameter (1:UUID) <- [d6a10fa2-c761-4205-bdc4-fa6561ef0fce]","msisdn":"9876543000","operatorId":"acme","correlationId":"321c05f7","app":"charging-engine"}
{"@timestamp":"2026-08-06T10.53.51.681+05:30","level":"DEBUG","logger_name":"org.hibernate.stat.internal.StatisticsImpl","thread_name":"tomcat-handler-5","message":"HHH000117: HQL: [CRITERIA] select ike1_0.id,ike1_0.created_at,ike1_0.event_id,ike1_0.expires_at,ike1_0.response_hash,ike1_0.status from idempotency_keys ike1_0 where ike1_0.event_id=?, time: 15ms, rows: 0","msisdn":"9876543000","operatorId":"acme","correlationId":"321c05f7","app":"charging-engine"}
{"@timestamp":"2026-08-06T10.53.51.707+05:30","level":"DEBUG","logger_name":"org.hibernate.SQL","thread_name":"tomcat-handler-5","message":"\r\n    select\r\n        spe1_0.plan_id \r\n    from\r\n        subscriber_plans spe1_0 \r\n    where\r\n        spe1_0.subscriber_id=? \r\n        and spe1_0.active=true","msisdn":"9876543000","operatorId":"acme","correlationId":"321c05f7","app":"charging-engine"}
{"@timestamp":"2026-08-06T10.53.51.708+05:30","level":"TRACE","logger_name":"org.hibernate.orm.jdbc.bind","thread_name":"tomcat-handler-5","message":"binding parameter (1:BIGINT) <- [8]","msisdn":"9876543000","operatorId":"acme","correlationId":"321c05f7","app":"charging-engine"}
{"@timestamp":"2026-08-06T10.53.51.711+05:30","level":"DEBUG","logger_name":"org.hibernate.stat.internal.StatisticsImpl","thread_name":"tomcat-handler-5","message":"HHH000117: HQL: SELECT new com.telcoedge.charging.persistence.SubscriberToPlanIdDto(\nspe.planId\n)FROM SubscriberPlanEntity spe\nWHERE spe.subscriberId = :subscriberId AND spe.active=true\n, time: 5ms, rows: 1","msisdn":"9876543000","operatorId":"acme","correlationId":"321c05f7","app":"charging-engine"}
{"@timestamp":"2026-08-06T10.53.51.715+05:30","level":"DEBUG","logger_name":"org.hibernate.SQL","thread_name":"tomcat-handler-5","message":"\r\n    select\r\n        be1_0.id,\r\n        be1_0.amount,\r\n        be1_0.created_at,\r\n        be1_0.subscriber_id,\r\n        be1_0.updated_at,\r\n        be1_0.version \r\n    from\r\n        balances be1_0 \r\n    where\r\n        be1_0.subscriber_id=?","msisdn":"9876543000","operatorId":"acme","correlationId":"321c05f7","app":"charging-engine"}
{"@timestamp":"2026-08-06T10.53.51.715+05:30","level":"TRACE","logger_name":"org.hibernate.orm.jdbc.bind","thread_name":"tomcat-handler-5","message":"binding parameter (1:BIGINT) <- [8]","msisdn":"9876543000","operatorId":"acme","correlationId":"321c05f7","app":"charging-engine"}
{"@timestamp":"2026-08-06T10.53.51.733+05:30","level":"DEBUG","logger_name":"org.hibernate.stat.internal.StatisticsImpl","thread_name":"tomcat-handler-5","message":"HHH000117: HQL: [CRITERIA] select be1_0.id,be1_0.amount,be1_0.created_at,be1_0.subscriber_id,be1_0.updated_at,be1_0.version from balances be1_0 where be1_0.subscriber_id=?, time: 19ms, rows: 1","msisdn":"9876543000","operatorId":"acme","correlationId":"321c05f7","app":"charging-engine"}
{"@timestamp":"2026-08-06T10.53.51.758+05:30","level":"DEBUG","logger_name":"org.hibernate.SQL","thread_name":"tomcat-handler-5","message":"\r\n    insert \r\n    into\r\n        usage_events\r\n        (amount_charged, balance_after, event_id, operator_id, processed_at, rate_applied, status, subscriber_id, units, usage_type) \r\n    values\r\n        (?, ?, ?, ?, ?, ?, ?, ?, ?, ?) \r\n    returning id","msisdn":"9876543000","operatorId":"acme","correlationId":"321c05f7","app":"charging-engine"}
{"@timestamp":"2026-08-06T10.53.51.763+05:30","level":"TRACE","logger_name":"org.hibernate.orm.jdbc.bind","thread_name":"tomcat-handler-5","message":"binding parameter (1:NUMERIC) <- [0.6000]","msisdn":"9876543000","operatorId":"acme","correlationId":"321c05f7","app":"charging-engine"}
{"@timestamp":"2026-08-06T10.53.51.764+05:30","level":"TRACE","logger_name":"org.hibernate.orm.jdbc.bind","thread_name":"tomcat-handler-5","message":"binding parameter (2:NUMERIC) <- [999.4000]","msisdn":"9876543000","operatorId":"acme","correlationId":"321c05f7","app":"charging-engine"}
{"@timestamp":"2026-08-06T10.53.51.764+05:30","level":"TRACE","logger_name":"org.hibernate.orm.jdbc.bind","thread_name":"tomcat-handler-5","message":"binding parameter (3:UUID) <- [d6a10fa2-c761-4205-bdc4-fa6561ef0fce]","msisdn":"9876543000","operatorId":"acme","correlationId":"321c05f7","app":"charging-engine"}
{"@timestamp":"2026-08-06T10.53.51.765+05:30","level":"TRACE","logger_name":"org.hibernate.orm.jdbc.bind","thread_name":"tomcat-handler-5","message":"binding parameter (4:VARCHAR) <- [acme]","msisdn":"9876543000","operatorId":"acme","correlationId":"321c05f7","app":"charging-engine"}
{"@timestamp":"2026-08-06T10.53.51.765+05:30","level":"TRACE","logger_name":"org.hibernate.orm.jdbc.bind","thread_name":"tomcat-handler-5","message":"binding parameter (5:TIMESTAMP_UTC) <- [2026-08-06T05:23:51.735959300Z]","msisdn":"9876543000","operatorId":"acme","correlationId":"321c05f7","app":"charging-engine"}
{"@timestamp":"2026-08-06T10.53.51.766+05:30","level":"TRACE","logger_name":"org.hibernate.orm.jdbc.bind","thread_name":"tomcat-handler-5","message":"binding parameter (6:NUMERIC) <- [0.0100]","msisdn":"9876543000","operatorId":"acme","correlationId":"321c05f7","app":"charging-engine"}
{"@timestamp":"2026-08-06T10.53.51.766+05:30","level":"TRACE","logger_name":"org.hibernate.orm.jdbc.bind","thread_name":"tomcat-handler-5","message":"binding parameter (7:VARCHAR) <- [CHARGED]","msisdn":"9876543000","operatorId":"acme","correlationId":"321c05f7","app":"charging-engine"}
{"@timestamp":"2026-08-06T10.53.51.766+05:30","level":"TRACE","logger_name":"org.hibernate.orm.jdbc.bind","thread_name":"tomcat-handler-5","message":"binding parameter (8:BIGINT) <- [8]","msisdn":"9876543000","operatorId":"acme","correlationId":"321c05f7","app":"charging-engine"}
{"@timestamp":"2026-08-06T10.53.51.766+05:30","level":"TRACE","logger_name":"org.hibernate.orm.jdbc.bind","thread_name":"tomcat-handler-5","message":"binding parameter (9:NUMERIC) <- [60]","msisdn":"9876543000","operatorId":"acme","correlationId":"321c05f7","app":"charging-engine"}
{"@timestamp":"2026-08-06T10.53.51.767+05:30","level":"TRACE","logger_name":"org.hibernate.orm.jdbc.bind","thread_name":"tomcat-handler-5","message":"binding parameter (10:VARCHAR) <- [VOICE]","msisdn":"9876543000","operatorId":"acme","correlationId":"321c05f7","app":"charging-engine"}
{"@timestamp":"2026-08-06T10.53.51.791+05:30","level":"DEBUG","logger_name":"org.hibernate.SQL","thread_name":"tomcat-handler-5","message":"\r\n    insert \r\n    into\r\n        idempotency_keys\r\n        (created_at, event_id, expires_at, response_hash, status) \r\n    values\r\n        (?, ?, ?, ?, ?) \r\n    returning id","msisdn":"9876543000","operatorId":"acme","correlationId":"321c05f7","app":"charging-engine"}
{"@timestamp":"2026-08-06T10.53.51.792+05:30","level":"TRACE","logger_name":"org.hibernate.orm.jdbc.bind","thread_name":"tomcat-handler-5","message":"binding parameter (1:TIMESTAMP_UTC) <- [2026-08-06T05:23:51.790791300Z]","msisdn":"9876543000","operatorId":"acme","correlationId":"321c05f7","app":"charging-engine"}
{"@timestamp":"2026-08-06T10.53.51.792+05:30","level":"TRACE","logger_name":"org.hibernate.orm.jdbc.bind","thread_name":"tomcat-handler-5","message":"binding parameter (2:UUID) <- [d6a10fa2-c761-4205-bdc4-fa6561ef0fce]","msisdn":"9876543000","operatorId":"acme","correlationId":"321c05f7","app":"charging-engine"}
{"@timestamp":"2026-08-06T10.53.51.792+05:30","level":"TRACE","logger_name":"org.hibernate.orm.jdbc.bind","thread_name":"tomcat-handler-5","message":"binding parameter (3:TIMESTAMP_UTC) <- [2026-08-07T05:23:51.790791300Z]","msisdn":"9876543000","operatorId":"acme","correlationId":"321c05f7","app":"charging-engine"}
{"@timestamp":"2026-08-06T10.53.51.793+05:30","level":"TRACE","logger_name":"org.hibernate.orm.jdbc.bind","thread_name":"tomcat-handler-5","message":"binding parameter (4:VARCHAR) <- [null]","msisdn":"9876543000","operatorId":"acme","correlationId":"321c05f7","app":"charging-engine"}
{"@timestamp":"2026-08-06T10.53.51.793+05:30","level":"TRACE","logger_name":"org.hibernate.orm.jdbc.bind","thread_name":"tomcat-handler-5","message":"binding parameter (5:VARCHAR) <- [CHARGED]","msisdn":"9876543000","operatorId":"acme","correlationId":"321c05f7","app":"charging-engine"}
{"@timestamp":"2026-08-06T10.53.51.852+05:30","level":"DEBUG","logger_name":"org.hibernate.SQL","thread_name":"tomcat-handler-5","message":"\r\n    update\r\n        balances \r\n    set\r\n        amount=?,\r\n        subscriber_id=?,\r\n        updated_at=?,\r\n        version=? \r\n    where\r\n        id=? \r\n        and version=?","msisdn":"9876543000","operatorId":"acme","correlationId":"321c05f7","app":"charging-engine"}
{"@timestamp":"2026-08-06T10.53.51.852+05:30","level":"TRACE","logger_name":"org.hibernate.orm.jdbc.bind","thread_name":"tomcat-handler-5","message":"binding parameter (1:NUMERIC) <- [999.4000]","msisdn":"9876543000","operatorId":"acme","correlationId":"321c05f7","app":"charging-engine"}
{"@timestamp":"2026-08-06T10.53.51.854+05:30","level":"TRACE","logger_name":"org.hibernate.orm.jdbc.bind","thread_name":"tomcat-handler-5","message":"binding parameter (2:BIGINT) <- [8]","msisdn":"9876543000","operatorId":"acme","correlationId":"321c05f7","app":"charging-engine"}
{"@timestamp":"2026-08-06T10.53.51.854+05:30","level":"TRACE","logger_name":"org.hibernate.orm.jdbc.bind","thread_name":"tomcat-handler-5","message":"binding parameter (3:TIMESTAMP_UTC) <- [2026-08-06T05:23:51.823859800Z]","msisdn":"9876543000","operatorId":"acme","correlationId":"321c05f7","app":"charging-engine"}
{"@timestamp":"2026-08-06T10.53.51.854+05:30","level":"TRACE","logger_name":"org.hibernate.orm.jdbc.bind","thread_name":"tomcat-handler-5","message":"binding parameter (4:INTEGER) <- [1]","msisdn":"9876543000","operatorId":"acme","correlationId":"321c05f7","app":"charging-engine"}
{"@timestamp":"2026-08-06T10.53.51.855+05:30","level":"TRACE","logger_name":"org.hibernate.orm.jdbc.bind","thread_name":"tomcat-handler-5","message":"binding parameter (5:BIGINT) <- [8]","msisdn":"9876543000","operatorId":"acme","correlationId":"321c05f7","app":"charging-engine"}
{"@timestamp":"2026-08-06T10.53.51.855+05:30","level":"TRACE","logger_name":"org.hibernate.orm.jdbc.bind","thread_name":"tomcat-handler-5","message":"binding parameter (6:INTEGER) <- [0]","msisdn":"9876543000","operatorId":"acme","correlationId":"321c05f7","app":"charging-engine"}
{"@timestamp":"2026-08-06T10.53.51.870+05:30","level":"INFO","logger_name":"org.hibernate.engine.internal.StatisticalLoggingSessionEventListener","thread_name":"tomcat-handler-5","message":"Session Metrics {\n    91500 nanoseconds spent acquiring 1 JDBC connections;\n    0 nanoseconds spent releasing 0 JDBC connections;\n    822000 nanoseconds spent preparing 6 JDBC statements;\n    15128000 nanoseconds spent executing 5 JDBC statements;\n    4720800 nanoseconds spent executing 1 JDBC batches;\n    0 nanoseconds spent performing 0 L2C puts;\n    0 nanoseconds spent performing 0 L2C hits;\n    0 nanoseconds spent performing 0 L2C misses;\n    62243000 nanoseconds spent executing 1 flushes (flushing a total of 3 entities and 0 collections);\n    42472674761903 nanoseconds spent executing 3 pre-partial-flushes;\n    20900 nanoseconds spent executing 3 partial-flushes (flushing a total of 0 entities and 0 collections)\n}","msisdn":"9876543000","operatorId":"acme","correlationId":"321c05f7","app":"charging-engine"}
]]></system-out>
  <system-err><![CDATA[WARNING: A Java agent has been loaded dynamically (C:\Users\shubbham goyal\.gradle\caches\modules-2\files-2.1\net.bytebuddy\byte-buddy-agent\1.14.19\154da3a65b4f4a909d3e5bdec55d1b2b4cbb6ce1\byte-buddy-agent-1.14.19.jar)
WARNING: If a serviceability tool is in use, please run with -XX:+EnableDynamicAgentLoading to hide this warning
WARNING: If a serviceability tool is not in use, please run with -Djdk.instrument.traceUsage for more information
WARNING: Dynamic loading of agents will be disallowed by default in a future release
]]></system-err>
</testsuite>
