<?xml version="1.0" encoding="UTF-8"?>
<testsuite name="com.telcoedge.charging.ChargingServiceIntegrationTest" tests="7" skipped="0" failures="0" errors="0" timestamp="2026-06-26T03:46:22.008Z" hostname="DESKTOP-UH6MUT8" time="53.102">
  <properties/>
  <testcase name="shouldRejectInsufficientBalance()" classname="com.telcoedge.charging.ChargingServiceIntegrationTest" time="2.563"/>
  <testcase name="usageHistoryShouldExecuteExactlyTwoQueries()" classname="com.telcoedge.charging.ChargingServiceIntegrationTest" time="1.19"/>
  <testcase name="shouldRejectDuplicate()" classname="com.telcoedge.charging.ChargingServiceIntegrationTest" time="0.167"/>
  <testcase name="ChargingPathShouldNotExceedExpectedQueryCount()" classname="com.telcoedge.charging.ChargingServiceIntegrationTest" time="0.126"/>
  <testcase name="shouldChargeSuccessfully()" classname="com.telcoedge.charging.ChargingServiceIntegrationTest" time="0.242"/>
  <testcase name="filteredUsageHistoryShouldReturnMatchingEvents()" classname="com.telcoedge.charging.ChargingServiceIntegrationTest" time="0.626"/>
  <testcase name="shouldResultInSubscriberNotFound()" classname="com.telcoedge.charging.ChargingServiceIntegrationTest" time="0.074"/>
  <system-out><![CDATA[09:16:22.514 [Test worker] INFO org.springframework.test.context.support.AnnotationConfigContextLoaderUtils -- Could not detect default configuration classes for test class [com.telcoedge.charging.ChargingServiceIntegrationTest]: ChargingServiceIntegrationTest does not declare any static, non-private, non-final, nested classes annotated with @Configuration.
09:16:22.705 [Test worker] INFO org.testcontainers.images.PullPolicy -- Image pull policy will be performed by: DefaultPullPolicy()
09:16:22.722 [Test worker] INFO org.testcontainers.utility.ImageNameSubstitutor -- Image name substitution will be performed by: DefaultImageNameSubstitutor (composite of 'ConfigurationFileImageNameSubstitutor' and 'PrefixingImageNameSubstitutor')
09:16:23.869 [Test worker] INFO org.testcontainers.dockerclient.DockerClientProviderStrategy -- Loaded org.testcontainers.dockerclient.NpipeSocketClientProviderStrategy from ~/.testcontainers.properties, will try it first
09:16:24.658 [Test worker] INFO org.testcontainers.dockerclient.DockerClientProviderStrategy -- Found Docker environment with local Npipe socket (npipe:////./pipe/docker_engine)
09:16:24.662 [Test worker] INFO org.testcontainers.DockerClientFactory -- Docker host IP address is localhost
09:16:24.724 [Test worker] INFO org.testcontainers.DockerClientFactory -- Connected to docker: 
  Server Version: 27.2.0
  API Version: 1.47
  Operating System: Docker Desktop
  Total Memory: 5884 MB
09:16:25.081 [Test worker] INFO tc.testcontainers/ryuk:0.7.0 -- Creating container for image: testcontainers/ryuk:0.7.0
09:16:25.481 [Test worker] INFO org.testcontainers.utility.RegistryAuthLocator -- Credential helper/store (docker-credential-desktop) does not have credentials for https://index.docker.io/v1/
09:16:27.375 [Test worker] INFO tc.testcontainers/ryuk:0.7.0 -- Container testcontainers/ryuk:0.7.0 is starting: 02f32513791209d8698fa3de7611cb3c4a5d476a055ce02f324002f71e97bb12
09:16:29.801 [Test worker] INFO tc.testcontainers/ryuk:0.7.0 -- Container testcontainers/ryuk:0.7.0 started in PT4.7190637S
09:16:29.824 [Test worker] INFO org.testcontainers.utility.RyukResourceReaper -- Ryuk started - will monitor and terminate Testcontainers containers on JVM exit
09:16:29.825 [Test worker] INFO org.testcontainers.DockerClientFactory -- Checking the system...
09:16:29.827 [Test worker] INFO org.testcontainers.DockerClientFactory -- ✔︎ Docker server version should be at least 1.6.0
09:16:30.409 [Test worker] INFO org.springframework.boot.test.context.SpringBootTestContextBootstrapper -- Found @SpringBootConfiguration com.telcoedge.charging.ChargingEngineApplication for test class com.telcoedge.charging.ChargingServiceIntegrationTest
09:16:30.760 [Test worker] INFO tc.postgres:16-alpine -- Creating container for image: postgres:16-alpine
09:16:33.665 [Test worker] INFO tc.postgres:16-alpine -- Container postgres:16-alpine is starting: 7c85b1e0e8d9d1dc3c28de27165705a0fdbb8e087e2ad5d63478084d8795c19e
09:16:41.704 [Test worker] INFO tc.postgres:16-alpine -- Container postgres:16-alpine started in PT10.9444531S
09:16:41.707 [Test worker] INFO tc.postgres:16-alpine -- Container is started (JDBC URL: jdbc:postgresql://localhost:60429/test?loggerLevel=OFF)

  .   ____          _            __ _ _
 /\\ / ___'_ __ _ _(_)_ __  __ _ \ \ \ \
( ( )\___ | '_ | '_| | '_ \/ _` | \ \ \ \
 \\/  ___)| |_)| | | | | || (_| |  ) ) ) )
  '  |____| .__|_| |_|_| |_\__, | / / / /
 =========|_|==============|___/=/_/_/_/

 :: Spring Boot ::                (v3.3.4)

2026-06-26T09:16:42.881+05:30  INFO 4912 --- [    Test worker] c.t.c.ChargingServiceIntegrationTest     : Starting ChargingServiceIntegrationTest using Java 21.0.11 with PID 4912 (started by shuba in C:\Users\shuba\Documents\career\telcoedge\telcoedge\charging-engine)
2026-06-26T09:16:42.883+05:30 DEBUG 4912 --- [    Test worker] c.t.c.ChargingServiceIntegrationTest     : Running with Spring Boot v3.3.4, Spring v6.1.13
2026-06-26T09:16:42.886+05:30  INFO 4912 --- [    Test worker] c.t.c.ChargingServiceIntegrationTest     : No active profile set, falling back to 1 default profile: "default"
2026-06-26T09:16:46.363+05:30  INFO 4912 --- [    Test worker] .s.d.r.c.RepositoryConfigurationDelegate : Bootstrapping Spring Data JPA repositories in DEFAULT mode.
2026-06-26T09:16:46.624+05:30  INFO 4912 --- [    Test worker] .s.d.r.c.RepositoryConfigurationDelegate : Finished Spring Data repository scanning in 232 ms. Found 4 JPA repository interfaces.
2026-06-26T09:16:50.184+05:30  INFO 4912 --- [    Test worker] org.flywaydb.core.FlywayExecutor         : Database: jdbc:postgresql://localhost:60429/test (PostgreSQL 16.13)
2026-06-26T09:16:50.382+05:30  INFO 4912 --- [    Test worker] o.f.c.i.s.JdbcTableSchemaHistory         : Schema history table "public"."flyway_schema_history" does not exist yet
2026-06-26T09:16:50.393+05:30  INFO 4912 --- [    Test worker] o.f.core.internal.command.DbValidate     : Successfully validated 7 migrations (execution time 00:00.116s)
2026-06-26T09:16:50.442+05:30  INFO 4912 --- [    Test worker] o.f.c.i.s.JdbcTableSchemaHistory         : Creating Schema History table "public"."flyway_schema_history" ...
2026-06-26T09:16:50.649+05:30  INFO 4912 --- [    Test worker] o.f.core.internal.command.DbMigrate      : Current version of schema "public": << Empty Schema >>
2026-06-26T09:16:50.685+05:30  INFO 4912 --- [    Test worker] o.f.core.internal.command.DbMigrate      : Migrating schema "public" to version "1 - create subscribers table"
2026-06-26T09:16:50.880+05:30  INFO 4912 --- [    Test worker] o.f.core.internal.command.DbMigrate      : Migrating schema "public" to version "2 - create operators"
2026-06-26T09:16:51.038+05:30  INFO 4912 --- [    Test worker] o.f.core.internal.command.DbMigrate      : Migrating schema "public" to version "3 - create plans and tariff rates"
2026-06-26T09:16:51.158+05:30  INFO 4912 --- [    Test worker] o.f.core.internal.command.DbMigrate      : Migrating schema "public" to version "4 - create balances"
2026-06-26T09:16:51.365+05:30  INFO 4912 --- [    Test worker] o.f.core.internal.command.DbMigrate      : Migrating schema "public" to version "5 - create usage events"
2026-06-26T09:16:51.538+05:30  INFO 4912 --- [    Test worker] o.f.core.internal.command.DbMigrate      : Migrating schema "public" to version "6 - create idempotency keys"
2026-06-26T09:16:51.632+05:30  INFO 4912 --- [    Test worker] o.f.core.internal.command.DbMigrate      : Migrating schema "public" to version "7 - add usage events type index"
2026-06-26T09:16:51.725+05:30  INFO 4912 --- [    Test worker] o.f.core.internal.command.DbMigrate      : Successfully applied 7 migrations to schema "public", now at version v7 (execution time 00:00.372s)
2026-06-26T09:16:52.416+05:30  INFO 4912 --- [    Test worker] o.hibernate.jpa.internal.util.LogHelper  : HHH000204: Processing PersistenceUnitInfo [name: default]
2026-06-26T09:16:53.105+05:30  INFO 4912 --- [    Test worker] org.hibernate.Version                    : HHH000412: Hibernate ORM core version 6.5.3.Final
2026-06-26T09:16:53.256+05:30  INFO 4912 --- [    Test worker] o.h.c.internal.RegionFactoryInitiator    : HHH000026: Second-level cache disabled
2026-06-26T09:16:54.586+05:30  INFO 4912 --- [    Test worker] o.s.o.j.p.SpringPersistenceUnitInfo      : No LoadTimeWeaver setup: ignoring JPA class transformer
2026-06-26T09:16:54.803+05:30  INFO 4912 --- [    Test worker] com.zaxxer.hikari.HikariDataSource       : HikariPool-1 - Starting...
2026-06-26T09:16:54.945+05:30  INFO 4912 --- [    Test worker] com.zaxxer.hikari.pool.HikariPool        : HikariPool-1 - Added connection org.postgresql.jdbc.PgConnection@2bf0bb93
2026-06-26T09:16:54.950+05:30  INFO 4912 --- [    Test worker] com.zaxxer.hikari.HikariDataSource       : HikariPool-1 - Start completed.
2026-06-26T09:16:55.168+05:30  WARN 4912 --- [    Test worker] org.hibernate.orm.deprecation            : HHH90000025: PostgreSQLDialect does not need to be specified explicitly using 'hibernate.dialect' (remove the property setting and it will be selected by default)
2026-06-26T09:16:58.366+05:30  INFO 4912 --- [    Test worker] o.h.e.t.j.p.i.JtaPlatformInitiator       : HHH000489: No JTA platform available (set 'hibernate.transaction.jta.platform' to enable JTA platform integration)
2026-06-26T09:16:58.511+05:30  INFO 4912 --- [    Test worker] j.LocalContainerEntityManagerFactoryBean : Initialized JPA EntityManagerFactory for persistence unit 'default'
2026-06-26T09:16:59.168+05:30 DEBUG 4912 --- [    Test worker] o.h.stat.internal.StatisticsInitiator    : Statistics initialized [enabled=true]
2026-06-26T09:16:59.203+05:30  INFO 4912 --- [    Test worker] i.StatisticalLoggingSessionEventListener : Session Metrics {
    0 nanoseconds spent acquiring 0 JDBC connections;
    0 nanoseconds spent releasing 0 JDBC connections;
    0 nanoseconds spent preparing 0 JDBC statements;
    0 nanoseconds spent executing 0 JDBC statements;
    0 nanoseconds spent executing 0 JDBC batches;
    0 nanoseconds spent performing 0 L2C puts;
    0 nanoseconds spent performing 0 L2C hits;
    0 nanoseconds spent performing 0 L2C misses;
    0 nanoseconds spent executing 0 flushes (flushing a total of 0 entities and 0 collections);
    0 nanoseconds spent executing 0 pre-partial-flushes;
    0 nanoseconds spent executing 0 partial-flushes (flushing a total of 0 entities and 0 collections)
}
2026-06-26T09:16:59.205+05:30  INFO 4912 --- [    Test worker] i.StatisticalLoggingSessionEventListener : Session Metrics {
    0 nanoseconds spent acquiring 0 JDBC connections;
    0 nanoseconds spent releasing 0 JDBC connections;
    0 nanoseconds spent preparing 0 JDBC statements;
    0 nanoseconds spent executing 0 JDBC statements;
    0 nanoseconds spent executing 0 JDBC batches;
    0 nanoseconds spent performing 0 L2C puts;
    0 nanoseconds spent performing 0 L2C hits;
    0 nanoseconds spent performing 0 L2C misses;
    0 nanoseconds spent executing 0 flushes (flushing a total of 0 entities and 0 collections);
    0 nanoseconds spent executing 0 pre-partial-flushes;
    0 nanoseconds spent executing 0 partial-flushes (flushing a total of 0 entities and 0 collections)
}
2026-06-26T09:16:59.514+05:30  INFO 4912 --- [    Test worker] i.StatisticalLoggingSessionEventListener : Session Metrics {
    0 nanoseconds spent acquiring 0 JDBC connections;
    0 nanoseconds spent releasing 0 JDBC connections;
    0 nanoseconds spent preparing 0 JDBC statements;
    0 nanoseconds spent executing 0 JDBC statements;
    0 nanoseconds spent executing 0 JDBC batches;
    0 nanoseconds spent performing 0 L2C puts;
    0 nanoseconds spent performing 0 L2C hits;
    0 nanoseconds spent performing 0 L2C misses;
    0 nanoseconds spent executing 0 flushes (flushing a total of 0 entities and 0 collections);
    0 nanoseconds spent executing 0 pre-partial-flushes;
    0 nanoseconds spent executing 0 partial-flushes (flushing a total of 0 entities and 0 collections)
}
2026-06-26T09:16:59.707+05:30  INFO 4912 --- [    Test worker] i.StatisticalLoggingSessionEventListener : Session Metrics {
    0 nanoseconds spent acquiring 0 JDBC connections;
    0 nanoseconds spent releasing 0 JDBC connections;
    0 nanoseconds spent preparing 0 JDBC statements;
    0 nanoseconds spent executing 0 JDBC statements;
    0 nanoseconds spent executing 0 JDBC batches;
    0 nanoseconds spent performing 0 L2C puts;
    0 nanoseconds spent performing 0 L2C hits;
    0 nanoseconds spent performing 0 L2C misses;
    0 nanoseconds spent executing 0 flushes (flushing a total of 0 entities and 0 collections);
    0 nanoseconds spent executing 0 pre-partial-flushes;
    0 nanoseconds spent executing 0 partial-flushes (flushing a total of 0 entities and 0 collections)
}
2026-06-26T09:16:59.719+05:30  INFO 4912 --- [    Test worker] i.StatisticalLoggingSessionEventListener : Session Metrics {
    0 nanoseconds spent acquiring 0 JDBC connections;
    0 nanoseconds spent releasing 0 JDBC connections;
    0 nanoseconds spent preparing 0 JDBC statements;
    0 nanoseconds spent executing 0 JDBC statements;
    0 nanoseconds spent executing 0 JDBC batches;
    0 nanoseconds spent performing 0 L2C puts;
    0 nanoseconds spent performing 0 L2C hits;
    0 nanoseconds spent performing 0 L2C misses;
    0 nanoseconds spent executing 0 flushes (flushing a total of 0 entities and 0 collections);
    0 nanoseconds spent executing 0 pre-partial-flushes;
    0 nanoseconds spent executing 0 partial-flushes (flushing a total of 0 entities and 0 collections)
}
2026-06-26T09:17:00.174+05:30  INFO 4912 --- [    Test worker] i.StatisticalLoggingSessionEventListener : Session Metrics {
    0 nanoseconds spent acquiring 0 JDBC connections;
    0 nanoseconds spent releasing 0 JDBC connections;
    0 nanoseconds spent preparing 0 JDBC statements;
    0 nanoseconds spent executing 0 JDBC statements;
    0 nanoseconds spent executing 0 JDBC batches;
    0 nanoseconds spent performing 0 L2C puts;
    0 nanoseconds spent performing 0 L2C hits;
    0 nanoseconds spent performing 0 L2C misses;
    0 nanoseconds spent executing 0 flushes (flushing a total of 0 entities and 0 collections);
    0 nanoseconds spent executing 0 pre-partial-flushes;
    0 nanoseconds spent executing 0 partial-flushes (flushing a total of 0 entities and 0 collections)
}
2026-06-26T09:17:00.205+05:30  INFO 4912 --- [    Test worker] i.StatisticalLoggingSessionEventListener : Session Metrics {
    0 nanoseconds spent acquiring 0 JDBC connections;
    0 nanoseconds spent releasing 0 JDBC connections;
    0 nanoseconds spent preparing 0 JDBC statements;
    0 nanoseconds spent executing 0 JDBC statements;
    0 nanoseconds spent executing 0 JDBC batches;
    0 nanoseconds spent performing 0 L2C puts;
    0 nanoseconds spent performing 0 L2C hits;
    0 nanoseconds spent performing 0 L2C misses;
    0 nanoseconds spent executing 0 flushes (flushing a total of 0 entities and 0 collections);
    0 nanoseconds spent executing 0 pre-partial-flushes;
    0 nanoseconds spent executing 0 partial-flushes (flushing a total of 0 entities and 0 collections)
}
2026-06-26T09:17:00.263+05:30  INFO 4912 --- [    Test worker] o.s.d.j.r.query.QueryEnhancerFactory     : Hibernate is in classpath; If applicable, HQL parser will be used.
2026-06-26T09:17:01.047+05:30  INFO 4912 --- [    Test worker] i.StatisticalLoggingSessionEventListener : Session Metrics {
    0 nanoseconds spent acquiring 0 JDBC connections;
    0 nanoseconds spent releasing 0 JDBC connections;
    0 nanoseconds spent preparing 0 JDBC statements;
    0 nanoseconds spent executing 0 JDBC statements;
    0 nanoseconds spent executing 0 JDBC batches;
    0 nanoseconds spent performing 0 L2C puts;
    0 nanoseconds spent performing 0 L2C hits;
    0 nanoseconds spent performing 0 L2C misses;
    0 nanoseconds spent executing 0 flushes (flushing a total of 0 entities and 0 collections);
    0 nanoseconds spent executing 0 pre-partial-flushes;
    0 nanoseconds spent executing 0 partial-flushes (flushing a total of 0 entities and 0 collections)
}
2026-06-26T09:17:01.055+05:30  INFO 4912 --- [    Test worker] i.StatisticalLoggingSessionEventListener : Session Metrics {
    0 nanoseconds spent acquiring 0 JDBC connections;
    0 nanoseconds spent releasing 0 JDBC connections;
    0 nanoseconds spent preparing 0 JDBC statements;
    0 nanoseconds spent executing 0 JDBC statements;
    0 nanoseconds spent executing 0 JDBC batches;
    0 nanoseconds spent performing 0 L2C puts;
    0 nanoseconds spent performing 0 L2C hits;
    0 nanoseconds spent performing 0 L2C misses;
    0 nanoseconds spent executing 0 flushes (flushing a total of 0 entities and 0 collections);
    0 nanoseconds spent executing 0 pre-partial-flushes;
    0 nanoseconds spent executing 0 partial-flushes (flushing a total of 0 entities and 0 collections)
}
2026-06-26T09:17:02.096+05:30  INFO 4912 --- [    Test worker] i.StatisticalLoggingSessionEventListener : Session Metrics {
    0 nanoseconds spent acquiring 0 JDBC connections;
    0 nanoseconds spent releasing 0 JDBC connections;
    0 nanoseconds spent preparing 0 JDBC statements;
    0 nanoseconds spent executing 0 JDBC statements;
    0 nanoseconds spent executing 0 JDBC batches;
    0 nanoseconds spent performing 0 L2C puts;
    0 nanoseconds spent performing 0 L2C hits;
    0 nanoseconds spent performing 0 L2C misses;
    0 nanoseconds spent executing 0 flushes (flushing a total of 0 entities and 0 collections);
    0 nanoseconds spent executing 0 pre-partial-flushes;
    0 nanoseconds spent executing 0 partial-flushes (flushing a total of 0 entities and 0 collections)
}
2026-06-26T09:17:02.131+05:30  INFO 4912 --- [    Test worker] i.StatisticalLoggingSessionEventListener : Session Metrics {
    0 nanoseconds spent acquiring 0 JDBC connections;
    0 nanoseconds spent releasing 0 JDBC connections;
    0 nanoseconds spent preparing 0 JDBC statements;
    0 nanoseconds spent executing 0 JDBC statements;
    0 nanoseconds spent executing 0 JDBC batches;
    0 nanoseconds spent performing 0 L2C puts;
    0 nanoseconds spent performing 0 L2C hits;
    0 nanoseconds spent performing 0 L2C misses;
    0 nanoseconds spent executing 0 flushes (flushing a total of 0 entities and 0 collections);
    0 nanoseconds spent executing 0 pre-partial-flushes;
    0 nanoseconds spent executing 0 partial-flushes (flushing a total of 0 entities and 0 collections)
}
2026-06-26T09:17:02.147+05:30  INFO 4912 --- [    Test worker] i.StatisticalLoggingSessionEventListener : Session Metrics {
    0 nanoseconds spent acquiring 0 JDBC connections;
    0 nanoseconds spent releasing 0 JDBC connections;
    0 nanoseconds spent preparing 0 JDBC statements;
    0 nanoseconds spent executing 0 JDBC statements;
    0 nanoseconds spent executing 0 JDBC batches;
    0 nanoseconds spent performing 0 L2C puts;
    0 nanoseconds spent performing 0 L2C hits;
    0 nanoseconds spent performing 0 L2C misses;
    0 nanoseconds spent executing 0 flushes (flushing a total of 0 entities and 0 collections);
    0 nanoseconds spent executing 0 pre-partial-flushes;
    0 nanoseconds spent executing 0 partial-flushes (flushing a total of 0 entities and 0 collections)
}
2026-06-26T09:17:02.149+05:30  INFO 4912 --- [    Test worker] i.StatisticalLoggingSessionEventListener : Session Metrics {
    0 nanoseconds spent acquiring 0 JDBC connections;
    0 nanoseconds spent releasing 0 JDBC connections;
    0 nanoseconds spent preparing 0 JDBC statements;
    0 nanoseconds spent executing 0 JDBC statements;
    0 nanoseconds spent executing 0 JDBC batches;
    0 nanoseconds spent performing 0 L2C puts;
    0 nanoseconds spent performing 0 L2C hits;
    0 nanoseconds spent performing 0 L2C misses;
    0 nanoseconds spent executing 0 flushes (flushing a total of 0 entities and 0 collections);
    0 nanoseconds spent executing 0 pre-partial-flushes;
    0 nanoseconds spent executing 0 partial-flushes (flushing a total of 0 entities and 0 collections)
}
2026-06-26T09:17:02.194+05:30  INFO 4912 --- [    Test worker] i.StatisticalLoggingSessionEventListener : Session Metrics {
    0 nanoseconds spent acquiring 0 JDBC connections;
    0 nanoseconds spent releasing 0 JDBC connections;
    0 nanoseconds spent preparing 0 JDBC statements;
    0 nanoseconds spent executing 0 JDBC statements;
    0 nanoseconds spent executing 0 JDBC batches;
    0 nanoseconds spent performing 0 L2C puts;
    0 nanoseconds spent performing 0 L2C hits;
    0 nanoseconds spent performing 0 L2C misses;
    0 nanoseconds spent executing 0 flushes (flushing a total of 0 entities and 0 collections);
    0 nanoseconds spent executing 0 pre-partial-flushes;
    0 nanoseconds spent executing 0 partial-flushes (flushing a total of 0 entities and 0 collections)
}
2026-06-26T09:17:02.225+05:30  INFO 4912 --- [    Test worker] i.StatisticalLoggingSessionEventListener : Session Metrics {
    0 nanoseconds spent acquiring 0 JDBC connections;
    0 nanoseconds spent releasing 0 JDBC connections;
    0 nanoseconds spent preparing 0 JDBC statements;
    0 nanoseconds spent executing 0 JDBC statements;
    0 nanoseconds spent executing 0 JDBC batches;
    0 nanoseconds spent performing 0 L2C puts;
    0 nanoseconds spent performing 0 L2C hits;
    0 nanoseconds spent performing 0 L2C misses;
    0 nanoseconds spent executing 0 flushes (flushing a total of 0 entities and 0 collections);
    0 nanoseconds spent executing 0 pre-partial-flushes;
    0 nanoseconds spent executing 0 partial-flushes (flushing a total of 0 entities and 0 collections)
}
2026-06-26T09:17:02.242+05:30  INFO 4912 --- [    Test worker] i.StatisticalLoggingSessionEventListener : Session Metrics {
    0 nanoseconds spent acquiring 0 JDBC connections;
    0 nanoseconds spent releasing 0 JDBC connections;
    0 nanoseconds spent preparing 0 JDBC statements;
    0 nanoseconds spent executing 0 JDBC statements;
    0 nanoseconds spent executing 0 JDBC batches;
    0 nanoseconds spent performing 0 L2C puts;
    0 nanoseconds spent performing 0 L2C hits;
    0 nanoseconds spent performing 0 L2C misses;
    0 nanoseconds spent executing 0 flushes (flushing a total of 0 entities and 0 collections);
    0 nanoseconds spent executing 0 pre-partial-flushes;
    0 nanoseconds spent executing 0 partial-flushes (flushing a total of 0 entities and 0 collections)
}
2026-06-26T09:17:02.244+05:30  INFO 4912 --- [    Test worker] i.StatisticalLoggingSessionEventListener : Session Metrics {
    0 nanoseconds spent acquiring 0 JDBC connections;
    0 nanoseconds spent releasing 0 JDBC connections;
    0 nanoseconds spent preparing 0 JDBC statements;
    0 nanoseconds spent executing 0 JDBC statements;
    0 nanoseconds spent executing 0 JDBC batches;
    0 nanoseconds spent performing 0 L2C puts;
    0 nanoseconds spent performing 0 L2C hits;
    0 nanoseconds spent performing 0 L2C misses;
    0 nanoseconds spent executing 0 flushes (flushing a total of 0 entities and 0 collections);
    0 nanoseconds spent executing 0 pre-partial-flushes;
    0 nanoseconds spent executing 0 partial-flushes (flushing a total of 0 entities and 0 collections)
}
2026-06-26T09:17:02.261+05:30  INFO 4912 --- [    Test worker] i.StatisticalLoggingSessionEventListener : Session Metrics {
    0 nanoseconds spent acquiring 0 JDBC connections;
    0 nanoseconds spent releasing 0 JDBC connections;
    0 nanoseconds spent preparing 0 JDBC statements;
    0 nanoseconds spent executing 0 JDBC statements;
    0 nanoseconds spent executing 0 JDBC batches;
    0 nanoseconds spent performing 0 L2C puts;
    0 nanoseconds spent performing 0 L2C hits;
    0 nanoseconds spent performing 0 L2C misses;
    0 nanoseconds spent executing 0 flushes (flushing a total of 0 entities and 0 collections);
    0 nanoseconds spent executing 0 pre-partial-flushes;
    0 nanoseconds spent executing 0 partial-flushes (flushing a total of 0 entities and 0 collections)
}
2026-06-26T09:17:02.261+05:30  INFO 4912 --- [    Test worker] i.StatisticalLoggingSessionEventListener : Session Metrics {
    0 nanoseconds spent acquiring 0 JDBC connections;
    0 nanoseconds spent releasing 0 JDBC connections;
    0 nanoseconds spent preparing 0 JDBC statements;
    0 nanoseconds spent executing 0 JDBC statements;
    0 nanoseconds spent executing 0 JDBC batches;
    0 nanoseconds spent performing 0 L2C puts;
    0 nanoseconds spent performing 0 L2C hits;
    0 nanoseconds spent performing 0 L2C misses;
    0 nanoseconds spent executing 0 flushes (flushing a total of 0 entities and 0 collections);
    0 nanoseconds spent executing 0 pre-partial-flushes;
    0 nanoseconds spent executing 0 partial-flushes (flushing a total of 0 entities and 0 collections)
}
2026-06-26T09:17:02.362+05:30  INFO 4912 --- [    Test worker] i.StatisticalLoggingSessionEventListener : Session Metrics {
    0 nanoseconds spent acquiring 0 JDBC connections;
    0 nanoseconds spent releasing 0 JDBC connections;
    0 nanoseconds spent preparing 0 JDBC statements;
    0 nanoseconds spent executing 0 JDBC statements;
    0 nanoseconds spent executing 0 JDBC batches;
    0 nanoseconds spent performing 0 L2C puts;
    0 nanoseconds spent performing 0 L2C hits;
    0 nanoseconds spent performing 0 L2C misses;
    0 nanoseconds spent executing 0 flushes (flushing a total of 0 entities and 0 collections);
    0 nanoseconds spent executing 0 pre-partial-flushes;
    0 nanoseconds spent executing 0 partial-flushes (flushing a total of 0 entities and 0 collections)
}
2026-06-26T09:17:02.412+05:30  INFO 4912 --- [    Test worker] i.StatisticalLoggingSessionEventListener : Session Metrics {
    0 nanoseconds spent acquiring 0 JDBC connections;
    0 nanoseconds spent releasing 0 JDBC connections;
    0 nanoseconds spent preparing 0 JDBC statements;
    0 nanoseconds spent executing 0 JDBC statements;
    0 nanoseconds spent executing 0 JDBC batches;
    0 nanoseconds spent performing 0 L2C puts;
    0 nanoseconds spent performing 0 L2C hits;
    0 nanoseconds spent performing 0 L2C misses;
    0 nanoseconds spent executing 0 flushes (flushing a total of 0 entities and 0 collections);
    0 nanoseconds spent executing 0 pre-partial-flushes;
    0 nanoseconds spent executing 0 partial-flushes (flushing a total of 0 entities and 0 collections)
}
2026-06-26T09:17:02.525+05:30  INFO 4912 --- [    Test worker] i.StatisticalLoggingSessionEventListener : Session Metrics {
    0 nanoseconds spent acquiring 0 JDBC connections;
    0 nanoseconds spent releasing 0 JDBC connections;
    0 nanoseconds spent preparing 0 JDBC statements;
    0 nanoseconds spent executing 0 JDBC statements;
    0 nanoseconds spent executing 0 JDBC batches;
    0 nanoseconds spent performing 0 L2C puts;
    0 nanoseconds spent performing 0 L2C hits;
    0 nanoseconds spent performing 0 L2C misses;
    0 nanoseconds spent executing 0 flushes (flushing a total of 0 entities and 0 collections);
    0 nanoseconds spent executing 0 pre-partial-flushes;
    0 nanoseconds spent executing 0 partial-flushes (flushing a total of 0 entities and 0 collections)
}
2026-06-26T09:17:02.573+05:30  INFO 4912 --- [    Test worker] i.StatisticalLoggingSessionEventListener : Session Metrics {
    0 nanoseconds spent acquiring 0 JDBC connections;
    0 nanoseconds spent releasing 0 JDBC connections;
    0 nanoseconds spent preparing 0 JDBC statements;
    0 nanoseconds spent executing 0 JDBC statements;
    0 nanoseconds spent executing 0 JDBC batches;
    0 nanoseconds spent performing 0 L2C puts;
    0 nanoseconds spent performing 0 L2C hits;
    0 nanoseconds spent performing 0 L2C misses;
    0 nanoseconds spent executing 0 flushes (flushing a total of 0 entities and 0 collections);
    0 nanoseconds spent executing 0 pre-partial-flushes;
    0 nanoseconds spent executing 0 partial-flushes (flushing a total of 0 entities and 0 collections)
}
2026-06-26T09:17:02.588+05:30  INFO 4912 --- [    Test worker] i.StatisticalLoggingSessionEventListener : Session Metrics {
    0 nanoseconds spent acquiring 0 JDBC connections;
    0 nanoseconds spent releasing 0 JDBC connections;
    0 nanoseconds spent preparing 0 JDBC statements;
    0 nanoseconds spent executing 0 JDBC statements;
    0 nanoseconds spent executing 0 JDBC batches;
    0 nanoseconds spent performing 0 L2C puts;
    0 nanoseconds spent performing 0 L2C hits;
    0 nanoseconds spent performing 0 L2C misses;
    0 nanoseconds spent executing 0 flushes (flushing a total of 0 entities and 0 collections);
    0 nanoseconds spent executing 0 pre-partial-flushes;
    0 nanoseconds spent executing 0 partial-flushes (flushing a total of 0 entities and 0 collections)
}
2026-06-26T09:17:02.590+05:30  INFO 4912 --- [    Test worker] i.StatisticalLoggingSessionEventListener : Session Metrics {
    0 nanoseconds spent acquiring 0 JDBC connections;
    0 nanoseconds spent releasing 0 JDBC connections;
    0 nanoseconds spent preparing 0 JDBC statements;
    0 nanoseconds spent executing 0 JDBC statements;
    0 nanoseconds spent executing 0 JDBC batches;
    0 nanoseconds spent performing 0 L2C puts;
    0 nanoseconds spent performing 0 L2C hits;
    0 nanoseconds spent performing 0 L2C misses;
    0 nanoseconds spent executing 0 flushes (flushing a total of 0 entities and 0 collections);
    0 nanoseconds spent executing 0 pre-partial-flushes;
    0 nanoseconds spent executing 0 partial-flushes (flushing a total of 0 entities and 0 collections)
}
2026-06-26T09:17:02.621+05:30  INFO 4912 --- [    Test worker] i.StatisticalLoggingSessionEventListener : Session Metrics {
    0 nanoseconds spent acquiring 0 JDBC connections;
    0 nanoseconds spent releasing 0 JDBC connections;
    0 nanoseconds spent preparing 0 JDBC statements;
    0 nanoseconds spent executing 0 JDBC statements;
    0 nanoseconds spent executing 0 JDBC batches;
    0 nanoseconds spent performing 0 L2C puts;
    0 nanoseconds spent performing 0 L2C hits;
    0 nanoseconds spent performing 0 L2C misses;
    0 nanoseconds spent executing 0 flushes (flushing a total of 0 entities and 0 collections);
    0 nanoseconds spent executing 0 pre-partial-flushes;
    0 nanoseconds spent executing 0 partial-flushes (flushing a total of 0 entities and 0 collections)
}
2026-06-26T09:17:02.624+05:30  INFO 4912 --- [    Test worker] i.StatisticalLoggingSessionEventListener : Session Metrics {
    0 nanoseconds spent acquiring 0 JDBC connections;
    0 nanoseconds spent releasing 0 JDBC connections;
    0 nanoseconds spent preparing 0 JDBC statements;
    0 nanoseconds spent executing 0 JDBC statements;
    0 nanoseconds spent executing 0 JDBC batches;
    0 nanoseconds spent performing 0 L2C puts;
    0 nanoseconds spent performing 0 L2C hits;
    0 nanoseconds spent performing 0 L2C misses;
    0 nanoseconds spent executing 0 flushes (flushing a total of 0 entities and 0 collections);
    0 nanoseconds spent executing 0 pre-partial-flushes;
    0 nanoseconds spent executing 0 partial-flushes (flushing a total of 0 entities and 0 collections)
}
2026-06-26T09:17:02.661+05:30  INFO 4912 --- [    Test worker] i.StatisticalLoggingSessionEventListener : Session Metrics {
    0 nanoseconds spent acquiring 0 JDBC connections;
    0 nanoseconds spent releasing 0 JDBC connections;
    0 nanoseconds spent preparing 0 JDBC statements;
    0 nanoseconds spent executing 0 JDBC statements;
    0 nanoseconds spent executing 0 JDBC batches;
    0 nanoseconds spent performing 0 L2C puts;
    0 nanoseconds spent performing 0 L2C hits;
    0 nanoseconds spent performing 0 L2C misses;
    0 nanoseconds spent executing 0 flushes (flushing a total of 0 entities and 0 collections);
    0 nanoseconds spent executing 0 pre-partial-flushes;
    0 nanoseconds spent executing 0 partial-flushes (flushing a total of 0 entities and 0 collections)
}
2026-06-26T09:17:02.705+05:30  INFO 4912 --- [    Test worker] i.StatisticalLoggingSessionEventListener : Session Metrics {
    0 nanoseconds spent acquiring 0 JDBC connections;
    0 nanoseconds spent releasing 0 JDBC connections;
    0 nanoseconds spent preparing 0 JDBC statements;
    0 nanoseconds spent executing 0 JDBC statements;
    0 nanoseconds spent executing 0 JDBC batches;
    0 nanoseconds spent performing 0 L2C puts;
    0 nanoseconds spent performing 0 L2C hits;
    0 nanoseconds spent performing 0 L2C misses;
    0 nanoseconds spent executing 0 flushes (flushing a total of 0 entities and 0 collections);
    0 nanoseconds spent executing 0 pre-partial-flushes;
    0 nanoseconds spent executing 0 partial-flushes (flushing a total of 0 entities and 0 collections)
}
2026-06-26T09:17:02.715+05:30  INFO 4912 --- [    Test worker] i.StatisticalLoggingSessionEventListener : Session Metrics {
    0 nanoseconds spent acquiring 0 JDBC connections;
    0 nanoseconds spent releasing 0 JDBC connections;
    0 nanoseconds spent preparing 0 JDBC statements;
    0 nanoseconds spent executing 0 JDBC statements;
    0 nanoseconds spent executing 0 JDBC batches;
    0 nanoseconds spent performing 0 L2C puts;
    0 nanoseconds spent performing 0 L2C hits;
    0 nanoseconds spent performing 0 L2C misses;
    0 nanoseconds spent executing 0 flushes (flushing a total of 0 entities and 0 collections);
    0 nanoseconds spent executing 0 pre-partial-flushes;
    0 nanoseconds spent executing 0 partial-flushes (flushing a total of 0 entities and 0 collections)
}
2026-06-26T09:17:02.873+05:30  INFO 4912 --- [    Test worker] i.StatisticalLoggingSessionEventListener : Session Metrics {
    0 nanoseconds spent acquiring 0 JDBC connections;
    0 nanoseconds spent releasing 0 JDBC connections;
    0 nanoseconds spent preparing 0 JDBC statements;
    0 nanoseconds spent executing 0 JDBC statements;
    0 nanoseconds spent executing 0 JDBC batches;
    0 nanoseconds spent performing 0 L2C puts;
    0 nanoseconds spent performing 0 L2C hits;
    0 nanoseconds spent performing 0 L2C misses;
    0 nanoseconds spent executing 0 flushes (flushing a total of 0 entities and 0 collections);
    0 nanoseconds spent executing 0 pre-partial-flushes;
    0 nanoseconds spent executing 0 partial-flushes (flushing a total of 0 entities and 0 collections)
}
2026-06-26T09:17:02.875+05:30  INFO 4912 --- [    Test worker] i.StatisticalLoggingSessionEventListener : Session Metrics {
    0 nanoseconds spent acquiring 0 JDBC connections;
    0 nanoseconds spent releasing 0 JDBC connections;
    0 nanoseconds spent preparing 0 JDBC statements;
    0 nanoseconds spent executing 0 JDBC statements;
    0 nanoseconds spent executing 0 JDBC batches;
    0 nanoseconds spent performing 0 L2C puts;
    0 nanoseconds spent performing 0 L2C hits;
    0 nanoseconds spent performing 0 L2C misses;
    0 nanoseconds spent executing 0 flushes (flushing a total of 0 entities and 0 collections);
    0 nanoseconds spent executing 0 pre-partial-flushes;
    0 nanoseconds spent executing 0 partial-flushes (flushing a total of 0 entities and 0 collections)
}
2026-06-26T09:17:03.039+05:30  INFO 4912 --- [    Test worker] i.StatisticalLoggingSessionEventListener : Session Metrics {
    0 nanoseconds spent acquiring 0 JDBC connections;
    0 nanoseconds spent releasing 0 JDBC connections;
    0 nanoseconds spent preparing 0 JDBC statements;
    0 nanoseconds spent executing 0 JDBC statements;
    0 nanoseconds spent executing 0 JDBC batches;
    0 nanoseconds spent performing 0 L2C puts;
    0 nanoseconds spent performing 0 L2C hits;
    0 nanoseconds spent performing 0 L2C misses;
    0 nanoseconds spent executing 0 flushes (flushing a total of 0 entities and 0 collections);
    0 nanoseconds spent executing 0 pre-partial-flushes;
    0 nanoseconds spent executing 0 partial-flushes (flushing a total of 0 entities and 0 collections)
}
2026-06-26T09:17:09.248+05:30  INFO 4912 --- [    Test worker] o.s.b.a.e.web.EndpointLinksResolver      : Exposing 1 endpoint beneath base path '/actuator'
2026-06-26T09:17:09.578+05:30  INFO 4912 --- [    Test worker] c.t.c.ChargingServiceIntegrationTest     : Started ChargingServiceIntegrationTest in 27.749 seconds (process running for 50.349)
2026-06-26T09:17:12.097+05:30 DEBUG 4912 --- [    Test worker] org.hibernate.SQL                        : 
    select
        ike1_0.id,
        ike1_0.created_at,
        ike1_0.event_id,
        ike1_0.expires_at,
        ike1_0.response_hash,
        ike1_0.status 
    from
        idempotency_keys ike1_0 
    where
        ike1_0.event_id=?
2026-06-26T09:17:12.100+05:30 TRACE 4912 --- [    Test worker] org.hibernate.orm.jdbc.bind              : binding parameter (1:UUID) <- [0e05140b-6609-4ad2-8a06-a7c5ee571a15]
2026-06-26T09:17:12.107+05:30 DEBUG 4912 --- [    Test worker] o.h.stat.internal.StatisticsImpl         : HHH000117: HQL: [CRITERIA] select ike1_0.id,ike1_0.created_at,ike1_0.event_id,ike1_0.expires_at,ike1_0.response_hash,ike1_0.status from idempotency_keys ike1_0 where ike1_0.event_id=?, time: 60ms, rows: 0
2026-06-26T09:17:12.160+05:30 DEBUG 4912 --- [    Test worker] org.hibernate.SQL                        : 
    select
        tre1_0.usage_type,
        tre1_0.rate_per_unit 
    from
        tariff_rates tre1_0 
    where
        tre1_0.plan_id=(
            select
                spe1_0.plan_id 
            from
                subscriber_plans spe1_0 
            where
                spe1_0.subscriber_id=? 
                and spe1_0.active=true
        )
2026-06-26T09:17:12.161+05:30 TRACE 4912 --- [    Test worker] org.hibernate.orm.jdbc.bind              : binding parameter (1:BIGINT) <- [1]
2026-06-26T09:17:12.175+05:30 DEBUG 4912 --- [    Test worker] o.h.stat.internal.StatisticsImpl         : HHH000117: HQL:     SELECT tr.usageType AS usageType, tr.ratePerUnit AS ratePerUnit
    FROM TariffRateEntity tr
    WHERE tr.planId = (
    SELECT sp.planId FROM SubscriberPlanEntity sp
    WHERE sp.subscriberId = :subscriberId AND sp.active=true
    )
, time: 16ms, rows: 3
2026-06-26T09:17:12.193+05:30 DEBUG 4912 --- [    Test worker] org.hibernate.SQL                        : 
    select
        be1_0.id,
        be1_0.amount,
        be1_0.created_at,
        be1_0.subscriber_id,
        be1_0.updated_at,
        be1_0.version 
    from
        balances be1_0 
    where
        be1_0.subscriber_id=?
2026-06-26T09:17:12.194+05:30 TRACE 4912 --- [    Test worker] org.hibernate.orm.jdbc.bind              : binding parameter (1:BIGINT) <- [1]
2026-06-26T09:17:12.245+05:30 DEBUG 4912 --- [    Test worker] o.h.stat.internal.StatisticsImpl         : HHH000117: HQL: [CRITERIA] select be1_0.id,be1_0.amount,be1_0.created_at,be1_0.subscriber_id,be1_0.updated_at,be1_0.version from balances be1_0 where be1_0.subscriber_id=?, time: 52ms, rows: 1
2026-06-26T09:17:12.327+05:30  INFO 4912 --- [    Test worker] i.StatisticalLoggingSessionEventListener : Session Metrics {
    58800 nanoseconds spent acquiring 1 JDBC connections;
    0 nanoseconds spent releasing 0 JDBC connections;
    739800 nanoseconds spent preparing 3 JDBC statements;
    21781800 nanoseconds spent executing 3 JDBC statements;
    0 nanoseconds spent executing 0 JDBC batches;
    0 nanoseconds spent performing 0 L2C puts;
    0 nanoseconds spent performing 0 L2C hits;
    0 nanoseconds spent performing 0 L2C misses;
    67351400 nanoseconds spent executing 1 flushes (flushing a total of 1 entities and 0 collections);
    3091123508419903 nanoseconds spent executing 3 pre-partial-flushes;
    34200 nanoseconds spent executing 3 partial-flushes (flushing a total of 0 entities and 0 collections)
}
2026-06-26T09:17:12.733+05:30 DEBUG 4912 --- [    Test worker] org.hibernate.SQL                        : 
    select
        ike1_0.id,
        ike1_0.created_at,
        ike1_0.event_id,
        ike1_0.expires_at,
        ike1_0.response_hash,
        ike1_0.status 
    from
        idempotency_keys ike1_0 
    where
        ike1_0.event_id=?
2026-06-26T09:17:12.734+05:30 TRACE 4912 --- [    Test worker] org.hibernate.orm.jdbc.bind              : binding parameter (1:UUID) <- [f22d573f-3ed0-4d76-8374-a32dc16ef526]
2026-06-26T09:17:12.740+05:30 DEBUG 4912 --- [    Test worker] o.h.stat.internal.StatisticsImpl         : HHH000117: HQL: [CRITERIA] select ike1_0.id,ike1_0.created_at,ike1_0.event_id,ike1_0.expires_at,ike1_0.response_hash,ike1_0.status from idempotency_keys ike1_0 where ike1_0.event_id=?, time: 6ms, rows: 0
2026-06-26T09:17:12.752+05:30 DEBUG 4912 --- [    Test worker] org.hibernate.SQL                        : 
    select
        tre1_0.usage_type,
        tre1_0.rate_per_unit 
    from
        tariff_rates tre1_0 
    where
        tre1_0.plan_id=(
            select
                spe1_0.plan_id 
            from
                subscriber_plans spe1_0 
            where
                spe1_0.subscriber_id=? 
                and spe1_0.active=true
        )
2026-06-26T09:17:12.753+05:30 TRACE 4912 --- [    Test worker] org.hibernate.orm.jdbc.bind              : binding parameter (1:BIGINT) <- [2]
2026-06-26T09:17:12.769+05:30 DEBUG 4912 --- [    Test worker] o.h.stat.internal.StatisticsImpl         : HHH000117: HQL:     SELECT tr.usageType AS usageType, tr.ratePerUnit AS ratePerUnit
    FROM TariffRateEntity tr
    WHERE tr.planId = (
    SELECT sp.planId FROM SubscriberPlanEntity sp
    WHERE sp.subscriberId = :subscriberId AND sp.active=true
    )
, time: 17ms, rows: 3
2026-06-26T09:17:12.774+05:30 DEBUG 4912 --- [    Test worker] org.hibernate.SQL                        : 
    select
        be1_0.id,
        be1_0.amount,
        be1_0.created_at,
        be1_0.subscriber_id,
        be1_0.updated_at,
        be1_0.version 
    from
        balances be1_0 
    where
        be1_0.subscriber_id=?
2026-06-26T09:17:12.775+05:30 TRACE 4912 --- [    Test worker] org.hibernate.orm.jdbc.bind              : binding parameter (1:BIGINT) <- [2]
2026-06-26T09:17:12.795+05:30 DEBUG 4912 --- [    Test worker] o.h.stat.internal.StatisticsImpl         : HHH000117: HQL: [CRITERIA] select be1_0.id,be1_0.amount,be1_0.created_at,be1_0.subscriber_id,be1_0.updated_at,be1_0.version from balances be1_0 where be1_0.subscriber_id=?, time: 20ms, rows: 1
2026-06-26T09:17:12.897+05:30 DEBUG 4912 --- [    Test worker] org.hibernate.SQL                        : 
    insert 
    into
        usage_events
        (amount_charged, balance_after, event_id, operator_id, processed_at, rate_applied, status, subscriber_id, units, usage_type) 
    values
        (?, ?, ?, ?, ?, ?, ?, ?, ?, ?) 
    returning id
2026-06-26T09:17:12.930+05:30 TRACE 4912 --- [    Test worker] org.hibernate.orm.jdbc.bind              : binding parameter (1:NUMERIC) <- [0.6000]
2026-06-26T09:17:12.936+05:30 TRACE 4912 --- [    Test worker] org.hibernate.orm.jdbc.bind              : binding parameter (2:NUMERIC) <- [999.4000]
2026-06-26T09:17:12.936+05:30 TRACE 4912 --- [    Test worker] org.hibernate.orm.jdbc.bind              : binding parameter (3:UUID) <- [f22d573f-3ed0-4d76-8374-a32dc16ef526]
2026-06-26T09:17:12.937+05:30 TRACE 4912 --- [    Test worker] org.hibernate.orm.jdbc.bind              : binding parameter (4:VARCHAR) <- [acme]
2026-06-26T09:17:12.938+05:30 TRACE 4912 --- [    Test worker] org.hibernate.orm.jdbc.bind              : binding parameter (5:TIMESTAMP_UTC) <- [2026-06-26T03:47:12.796414700Z]
2026-06-26T09:17:12.951+05:30 TRACE 4912 --- [    Test worker] org.hibernate.orm.jdbc.bind              : binding parameter (6:NUMERIC) <- [0.0100]
2026-06-26T09:17:12.951+05:30 TRACE 4912 --- [    Test worker] org.hibernate.orm.jdbc.bind              : binding parameter (7:VARCHAR) <- [CHARGED]
2026-06-26T09:17:12.952+05:30 TRACE 4912 --- [    Test worker] org.hibernate.orm.jdbc.bind              : binding parameter (8:BIGINT) <- [2]
2026-06-26T09:17:12.952+05:30 TRACE 4912 --- [    Test worker] org.hibernate.orm.jdbc.bind              : binding parameter (9:NUMERIC) <- [60]
2026-06-26T09:17:12.952+05:30 TRACE 4912 --- [    Test worker] org.hibernate.orm.jdbc.bind              : binding parameter (10:VARCHAR) <- [VOICE]
2026-06-26T09:17:13.070+05:30 DEBUG 4912 --- [    Test worker] org.hibernate.SQL                        : 
    insert 
    into
        idempotency_keys
        (created_at, event_id, expires_at, response_hash, status) 
    values
        (?, ?, ?, ?, ?) 
    returning id
2026-06-26T09:17:13.086+05:30 TRACE 4912 --- [    Test worker] org.hibernate.orm.jdbc.bind              : binding parameter (1:TIMESTAMP_UTC) <- [2026-06-26T03:47:13.052264Z]
2026-06-26T09:17:13.087+05:30 TRACE 4912 --- [    Test worker] org.hibernate.orm.jdbc.bind              : binding parameter (2:UUID) <- [f22d573f-3ed0-4d76-8374-a32dc16ef526]
2026-06-26T09:17:13.097+05:30 TRACE 4912 --- [    Test worker] org.hibernate.orm.jdbc.bind              : binding parameter (3:TIMESTAMP_UTC) <- [2026-06-27T03:47:13.052264Z]
2026-06-26T09:17:13.097+05:30 TRACE 4912 --- [    Test worker] org.hibernate.orm.jdbc.bind              : binding parameter (4:VARCHAR) <- [null]
2026-06-26T09:17:13.099+05:30 TRACE 4912 --- [    Test worker] org.hibernate.orm.jdbc.bind              : binding parameter (5:VARCHAR) <- [CHARGED]
2026-06-26T09:17:13.133+05:30  INFO 4912 --- [    Test worker] org.hibernate.SQL_SLOW                   : Slow query took 31 milliseconds [insert into idempotency_keys (created_at,event_id,expires_at,response_hash,status) values (?,?,?,?,?) returning id]
2026-06-26T09:17:13.176+05:30 DEBUG 4912 --- [    Test worker] org.hibernate.SQL                        : 
    update
        balances 
    set
        amount=?,
        subscriber_id=?,
        updated_at=?,
        version=? 
    where
        id=? 
        and version=?
2026-06-26T09:17:13.178+05:30 TRACE 4912 --- [    Test worker] org.hibernate.orm.jdbc.bind              : binding parameter (1:NUMERIC) <- [999.4000]
2026-06-26T09:17:13.178+05:30 TRACE 4912 --- [    Test worker] org.hibernate.orm.jdbc.bind              : binding parameter (2:BIGINT) <- [2]
2026-06-26T09:17:13.178+05:30 TRACE 4912 --- [    Test worker] org.hibernate.orm.jdbc.bind              : binding parameter (3:TIMESTAMP_UTC) <- [2026-06-26T03:47:13.137897800Z]
2026-06-26T09:17:13.179+05:30 TRACE 4912 --- [    Test worker] org.hibernate.orm.jdbc.bind              : binding parameter (4:INTEGER) <- [1]
2026-06-26T09:17:13.179+05:30 TRACE 4912 --- [    Test worker] org.hibernate.orm.jdbc.bind              : binding parameter (5:BIGINT) <- [2]
2026-06-26T09:17:13.179+05:30 TRACE 4912 --- [    Test worker] org.hibernate.orm.jdbc.bind              : binding parameter (6:INTEGER) <- [0]
2026-06-26T09:17:13.222+05:30  INFO 4912 --- [    Test worker] org.hibernate.SQL_SLOW                   : Slow query took 42 milliseconds [update balances set amount=?,subscriber_id=?,updated_at=?,version=? where id=? and version=?]
2026-06-26T09:17:13.260+05:30  INFO 4912 --- [    Test worker] i.StatisticalLoggingSessionEventListener : Session Metrics {
    54900 nanoseconds spent acquiring 1 JDBC connections;
    0 nanoseconds spent releasing 0 JDBC connections;
    14995900 nanoseconds spent preparing 6 JDBC statements;
    132765900 nanoseconds spent executing 6 JDBC statements;
    0 nanoseconds spent executing 0 JDBC batches;
    0 nanoseconds spent performing 0 L2C puts;
    0 nanoseconds spent performing 0 L2C hits;
    0 nanoseconds spent performing 0 L2C misses;
    105051100 nanoseconds spent executing 1 flushes (flushing a total of 3 entities and 0 collections);
    3091125481056703 nanoseconds spent executing 3 pre-partial-flushes;
    34000 nanoseconds spent executing 3 partial-flushes (flushing a total of 0 entities and 0 collections)
}
2026-06-26T09:17:13.263+05:30 DEBUG 4912 --- [    Test worker] org.hibernate.SQL                        : 
    select
        ike1_0.id,
        ike1_0.created_at,
        ike1_0.event_id,
        ike1_0.expires_at,
        ike1_0.response_hash,
        ike1_0.status 
    from
        idempotency_keys ike1_0 
    where
        ike1_0.event_id=?
2026-06-26T09:17:13.276+05:30 TRACE 4912 --- [    Test worker] org.hibernate.orm.jdbc.bind              : binding parameter (1:UUID) <- [34de0341-68d8-4c69-82d4-617946bde264]
2026-06-26T09:17:13.341+05:30  INFO 4912 --- [    Test worker] org.hibernate.SQL_SLOW                   : Slow query took 64 milliseconds [select ike1_0.id,ike1_0.created_at,ike1_0.event_id,ike1_0.expires_at,ike1_0.response_hash,ike1_0.status from idempotency_keys ike1_0 where ike1_0.event_id=?]
2026-06-26T09:17:13.342+05:30 DEBUG 4912 --- [    Test worker] o.h.stat.internal.StatisticsImpl         : HHH000117: HQL: [CRITERIA] select ike1_0.id,ike1_0.created_at,ike1_0.event_id,ike1_0.expires_at,ike1_0.response_hash,ike1_0.status from idempotency_keys ike1_0 where ike1_0.event_id=?, time: 79ms, rows: 0
2026-06-26T09:17:13.374+05:30 DEBUG 4912 --- [    Test worker] org.hibernate.SQL                        : 
    select
        tre1_0.usage_type,
        tre1_0.rate_per_unit 
    from
        tariff_rates tre1_0 
    where
        tre1_0.plan_id=(
            select
                spe1_0.plan_id 
            from
                subscriber_plans spe1_0 
            where
                spe1_0.subscriber_id=? 
                and spe1_0.active=true
        )
2026-06-26T09:17:13.374+05:30 TRACE 4912 --- [    Test worker] org.hibernate.orm.jdbc.bind              : binding parameter (1:BIGINT) <- [2]
2026-06-26T09:17:13.386+05:30 DEBUG 4912 --- [    Test worker] o.h.stat.internal.StatisticsImpl         : HHH000117: HQL:     SELECT tr.usageType AS usageType, tr.ratePerUnit AS ratePerUnit
    FROM TariffRateEntity tr
    WHERE tr.planId = (
    SELECT sp.planId FROM SubscriberPlanEntity sp
    WHERE sp.subscriberId = :subscriberId AND sp.active=true
    )
, time: 12ms, rows: 3
2026-06-26T09:17:13.390+05:30 DEBUG 4912 --- [    Test worker] org.hibernate.SQL                        : 
    select
        be1_0.id,
        be1_0.amount,
        be1_0.created_at,
        be1_0.subscriber_id,
        be1_0.updated_at,
        be1_0.version 
    from
        balances be1_0 
    where
        be1_0.subscriber_id=?
2026-06-26T09:17:13.391+05:30 TRACE 4912 --- [    Test worker] org.hibernate.orm.jdbc.bind              : binding parameter (1:BIGINT) <- [2]
2026-06-26T09:17:13.404+05:30 DEBUG 4912 --- [    Test worker] o.h.stat.internal.StatisticsImpl         : HHH000117: HQL: [CRITERIA] select be1_0.id,be1_0.amount,be1_0.created_at,be1_0.subscriber_id,be1_0.updated_at,be1_0.version from balances be1_0 where be1_0.subscriber_id=?, time: 13ms, rows: 1
2026-06-26T09:17:13.405+05:30 DEBUG 4912 --- [    Test worker] org.hibernate.SQL                        : 
    insert 
    into
        usage_events
        (amount_charged, balance_after, event_id, operator_id, processed_at, rate_applied, status, subscriber_id, units, usage_type) 
    values
        (?, ?, ?, ?, ?, ?, ?, ?, ?, ?) 
    returning id
2026-06-26T09:17:13.406+05:30 TRACE 4912 --- [    Test worker] org.hibernate.orm.jdbc.bind              : binding parameter (1:NUMERIC) <- [0.6000]
2026-06-26T09:17:13.406+05:30 TRACE 4912 --- [    Test worker] org.hibernate.orm.jdbc.bind              : binding parameter (2:NUMERIC) <- [998.8000]
2026-06-26T09:17:13.409+05:30 TRACE 4912 --- [    Test worker] org.hibernate.orm.jdbc.bind              : binding parameter (3:UUID) <- [34de0341-68d8-4c69-82d4-617946bde264]
2026-06-26T09:17:13.415+05:30 TRACE 4912 --- [    Test worker] org.hibernate.orm.jdbc.bind              : binding parameter (4:VARCHAR) <- [acme]
2026-06-26T09:17:13.415+05:30 TRACE 4912 --- [    Test worker] org.hibernate.orm.jdbc.bind              : binding parameter (5:TIMESTAMP_UTC) <- [2026-06-26T03:47:13.404490300Z]
2026-06-26T09:17:13.416+05:30 TRACE 4912 --- [    Test worker] org.hibernate.orm.jdbc.bind              : binding parameter (6:NUMERIC) <- [0.0100]
2026-06-26T09:17:13.419+05:30 TRACE 4912 --- [    Test worker] org.hibernate.orm.jdbc.bind              : binding parameter (7:VARCHAR) <- [CHARGED]
2026-06-26T09:17:13.420+05:30 TRACE 4912 --- [    Test worker] org.hibernate.orm.jdbc.bind              : binding parameter (8:BIGINT) <- [2]
2026-06-26T09:17:13.420+05:30 TRACE 4912 --- [    Test worker] org.hibernate.orm.jdbc.bind              : binding parameter (9:NUMERIC) <- [60]
2026-06-26T09:17:13.420+05:30 TRACE 4912 --- [    Test worker] org.hibernate.orm.jdbc.bind              : binding parameter (10:VARCHAR) <- [VOICE]
2026-06-26T09:17:13.502+05:30  INFO 4912 --- [    Test worker] org.hibernate.SQL_SLOW                   : Slow query took 80 milliseconds [insert into usage_events (amount_charged,balance_after,event_id,operator_id,processed_at,rate_applied,status,subscriber_id,units,usage_type) values (?,?,?,?,?,?,?,?,?,?) returning id]
2026-06-26T09:17:13.505+05:30 DEBUG 4912 --- [    Test worker] org.hibernate.SQL                        : 
    insert 
    into
        idempotency_keys
        (created_at, event_id, expires_at, response_hash, status) 
    values
        (?, ?, ?, ?, ?) 
    returning id
2026-06-26T09:17:13.505+05:30 TRACE 4912 --- [    Test worker] org.hibernate.orm.jdbc.bind              : binding parameter (1:TIMESTAMP_UTC) <- [2026-06-26T03:47:13.503432500Z]
2026-06-26T09:17:13.506+05:30 TRACE 4912 --- [    Test worker] org.hibernate.orm.jdbc.bind              : binding parameter (2:UUID) <- [34de0341-68d8-4c69-82d4-617946bde264]
2026-06-26T09:17:13.506+05:30 TRACE 4912 --- [    Test worker] org.hibernate.orm.jdbc.bind              : binding parameter (3:TIMESTAMP_UTC) <- [2026-06-27T03:47:13.503432500Z]
2026-06-26T09:17:13.507+05:30 TRACE 4912 --- [    Test worker] org.hibernate.orm.jdbc.bind              : binding parameter (4:VARCHAR) <- [null]
2026-06-26T09:17:13.507+05:30 TRACE 4912 --- [    Test worker] org.hibernate.orm.jdbc.bind              : binding parameter (5:VARCHAR) <- [CHARGED]
2026-06-26T09:17:13.526+05:30 DEBUG 4912 --- [    Test worker] org.hibernate.SQL                        : 
    update
        balances 
    set
        amount=?,
        subscriber_id=?,
        updated_at=?,
        version=? 
    where
        id=? 
        and version=?
2026-06-26T09:17:13.527+05:30 TRACE 4912 --- [    Test worker] org.hibernate.orm.jdbc.bind              : binding parameter (1:NUMERIC) <- [998.8000]
2026-06-26T09:17:13.527+05:30 TRACE 4912 --- [    Test worker] org.hibernate.orm.jdbc.bind              : binding parameter (2:BIGINT) <- [2]
2026-06-26T09:17:13.528+05:30 TRACE 4912 --- [    Test worker] org.hibernate.orm.jdbc.bind              : binding parameter (3:TIMESTAMP_UTC) <- [2026-06-26T03:47:13.523436200Z]
2026-06-26T09:17:13.528+05:30 TRACE 4912 --- [    Test worker] org.hibernate.orm.jdbc.bind              : binding parameter (4:INTEGER) <- [2]
2026-06-26T09:17:13.529+05:30 TRACE 4912 --- [    Test worker] org.hibernate.orm.jdbc.bind              : binding parameter (5:BIGINT) <- [2]
2026-06-26T09:17:13.529+05:30 TRACE 4912 --- [    Test worker] org.hibernate.orm.jdbc.bind              : binding parameter (6:INTEGER) <- [1]
2026-06-26T09:17:13.538+05:30  INFO 4912 --- [    Test worker] i.StatisticalLoggingSessionEventListener : Session Metrics {
    35300 nanoseconds spent acquiring 1 JDBC connections;
    0 nanoseconds spent releasing 0 JDBC connections;
    438800 nanoseconds spent preparing 6 JDBC statements;
    183399700 nanoseconds spent executing 6 JDBC statements;
    0 nanoseconds spent executing 0 JDBC batches;
    0 nanoseconds spent performing 0 L2C puts;
    0 nanoseconds spent performing 0 L2C hits;
    0 nanoseconds spent performing 0 L2C misses;
    11266100 nanoseconds spent executing 1 flushes (flushing a total of 3 entities and 0 collections);
    3091127251747403 nanoseconds spent executing 3 pre-partial-flushes;
    25500 nanoseconds spent executing 3 partial-flushes (flushing a total of 0 entities and 0 collections)
}
2026-06-26T09:17:13.545+05:30 DEBUG 4912 --- [    Test worker] org.hibernate.SQL                        : 
    select
        ike1_0.id,
        ike1_0.created_at,
        ike1_0.event_id,
        ike1_0.expires_at,
        ike1_0.response_hash,
        ike1_0.status 
    from
        idempotency_keys ike1_0 
    where
        ike1_0.event_id=?
2026-06-26T09:17:13.545+05:30 TRACE 4912 --- [    Test worker] org.hibernate.orm.jdbc.bind              : binding parameter (1:UUID) <- [25c11f7a-a8f7-40cc-a6e9-0f7b319197ed]
2026-06-26T09:17:13.553+05:30 DEBUG 4912 --- [    Test worker] o.h.stat.internal.StatisticsImpl         : HHH000117: HQL: [CRITERIA] select ike1_0.id,ike1_0.created_at,ike1_0.event_id,ike1_0.expires_at,ike1_0.response_hash,ike1_0.status from idempotency_keys ike1_0 where ike1_0.event_id=?, time: 9ms, rows: 0
2026-06-26T09:17:13.574+05:30 DEBUG 4912 --- [    Test worker] org.hibernate.SQL                        : 
    select
        tre1_0.usage_type,
        tre1_0.rate_per_unit 
    from
        tariff_rates tre1_0 
    where
        tre1_0.plan_id=(
            select
                spe1_0.plan_id 
            from
                subscriber_plans spe1_0 
            where
                spe1_0.subscriber_id=? 
                and spe1_0.active=true
        )
2026-06-26T09:17:13.576+05:30 TRACE 4912 --- [    Test worker] org.hibernate.orm.jdbc.bind              : binding parameter (1:BIGINT) <- [2]
2026-06-26T09:17:13.585+05:30 DEBUG 4912 --- [    Test worker] o.h.stat.internal.StatisticsImpl         : HHH000117: HQL:     SELECT tr.usageType AS usageType, tr.ratePerUnit AS ratePerUnit
    FROM TariffRateEntity tr
    WHERE tr.planId = (
    SELECT sp.planId FROM SubscriberPlanEntity sp
    WHERE sp.subscriberId = :subscriberId AND sp.active=true
    )
, time: 12ms, rows: 3
2026-06-26T09:17:13.592+05:30 DEBUG 4912 --- [    Test worker] org.hibernate.SQL                        : 
    select
        be1_0.id,
        be1_0.amount,
        be1_0.created_at,
        be1_0.subscriber_id,
        be1_0.updated_at,
        be1_0.version 
    from
        balances be1_0 
    where
        be1_0.subscriber_id=?
2026-06-26T09:17:13.592+05:30 TRACE 4912 --- [    Test worker] org.hibernate.orm.jdbc.bind              : binding parameter (1:BIGINT) <- [2]
2026-06-26T09:17:13.604+05:30 DEBUG 4912 --- [    Test worker] o.h.stat.internal.StatisticsImpl         : HHH000117: HQL: [CRITERIA] select be1_0.id,be1_0.amount,be1_0.created_at,be1_0.subscriber_id,be1_0.updated_at,be1_0.version from balances be1_0 where be1_0.subscriber_id=?, time: 13ms, rows: 1
2026-06-26T09:17:13.608+05:30 DEBUG 4912 --- [    Test worker] org.hibernate.SQL                        : 
    insert 
    into
        usage_events
        (amount_charged, balance_after, event_id, operator_id, processed_at, rate_applied, status, subscriber_id, units, usage_type) 
    values
        (?, ?, ?, ?, ?, ?, ?, ?, ?, ?) 
    returning id
2026-06-26T09:17:13.608+05:30 TRACE 4912 --- [    Test worker] org.hibernate.orm.jdbc.bind              : binding parameter (1:NUMERIC) <- [0.6000]
2026-06-26T09:17:13.609+05:30 TRACE 4912 --- [    Test worker] org.hibernate.orm.jdbc.bind              : binding parameter (2:NUMERIC) <- [998.2000]
2026-06-26T09:17:13.609+05:30 TRACE 4912 --- [    Test worker] org.hibernate.orm.jdbc.bind              : binding parameter (3:UUID) <- [25c11f7a-a8f7-40cc-a6e9-0f7b319197ed]
2026-06-26T09:17:13.609+05:30 TRACE 4912 --- [    Test worker] org.hibernate.orm.jdbc.bind              : binding parameter (4:VARCHAR) <- [acme]
2026-06-26T09:17:13.610+05:30 TRACE 4912 --- [    Test worker] org.hibernate.orm.jdbc.bind              : binding parameter (5:TIMESTAMP_UTC) <- [2026-06-26T03:47:13.605992100Z]
2026-06-26T09:17:13.612+05:30 TRACE 4912 --- [    Test worker] org.hibernate.orm.jdbc.bind              : binding parameter (6:NUMERIC) <- [0.0100]
2026-06-26T09:17:13.613+05:30 TRACE 4912 --- [    Test worker] org.hibernate.orm.jdbc.bind              : binding parameter (7:VARCHAR) <- [CHARGED]
2026-06-26T09:17:13.613+05:30 TRACE 4912 --- [    Test worker] org.hibernate.orm.jdbc.bind              : binding parameter (8:BIGINT) <- [2]
2026-06-26T09:17:13.614+05:30 TRACE 4912 --- [    Test worker] org.hibernate.orm.jdbc.bind              : binding parameter (9:NUMERIC) <- [60]
2026-06-26T09:17:13.614+05:30 TRACE 4912 --- [    Test worker] org.hibernate.orm.jdbc.bind              : binding parameter (10:VARCHAR) <- [VOICE]
2026-06-26T09:17:13.657+05:30  INFO 4912 --- [    Test worker] org.hibernate.SQL_SLOW                   : Slow query took 42 milliseconds [insert into usage_events (amount_charged,balance_after,event_id,operator_id,processed_at,rate_applied,status,subscriber_id,units,usage_type) values (?,?,?,?,?,?,?,?,?,?) returning id]
2026-06-26T09:17:13.669+05:30 DEBUG 4912 --- [    Test worker] org.hibernate.SQL                        : 
    insert 
    into
        idempotency_keys
        (created_at, event_id, expires_at, response_hash, status) 
    values
        (?, ?, ?, ?, ?) 
    returning id
2026-06-26T09:17:13.670+05:30 TRACE 4912 --- [    Test worker] org.hibernate.orm.jdbc.bind              : binding parameter (1:TIMESTAMP_UTC) <- [2026-06-26T03:47:13.659916Z]
2026-06-26T09:17:13.671+05:30 TRACE 4912 --- [    Test worker] org.hibernate.orm.jdbc.bind              : binding parameter (2:UUID) <- [25c11f7a-a8f7-40cc-a6e9-0f7b319197ed]
2026-06-26T09:17:13.671+05:30 TRACE 4912 --- [    Test worker] org.hibernate.orm.jdbc.bind              : binding parameter (3:TIMESTAMP_UTC) <- [2026-06-27T03:47:13.659916Z]
2026-06-26T09:17:13.671+05:30 TRACE 4912 --- [    Test worker] org.hibernate.orm.jdbc.bind              : binding parameter (4:VARCHAR) <- [null]
2026-06-26T09:17:13.674+05:30 TRACE 4912 --- [    Test worker] org.hibernate.orm.jdbc.bind              : binding parameter (5:VARCHAR) <- [CHARGED]
2026-06-26T09:17:13.692+05:30 DEBUG 4912 --- [    Test worker] org.hibernate.SQL                        : 
    update
        balances 
    set
        amount=?,
        subscriber_id=?,
        updated_at=?,
        version=? 
    where
        id=? 
        and version=?
2026-06-26T09:17:13.693+05:30 TRACE 4912 --- [    Test worker] org.hibernate.orm.jdbc.bind              : binding parameter (1:NUMERIC) <- [998.2000]
2026-06-26T09:17:13.693+05:30 TRACE 4912 --- [    Test worker] org.hibernate.orm.jdbc.bind              : binding parameter (2:BIGINT) <- [2]
2026-06-26T09:17:13.694+05:30 TRACE 4912 --- [    Test worker] org.hibernate.orm.jdbc.bind              : binding parameter (3:TIMESTAMP_UTC) <- [2026-06-26T03:47:13.691489300Z]
2026-06-26T09:17:13.694+05:30 TRACE 4912 --- [    Test worker] org.hibernate.orm.jdbc.bind              : binding parameter (4:INTEGER) <- [3]
2026-06-26T09:17:13.694+05:30 TRACE 4912 --- [    Test worker] org.hibernate.orm.jdbc.bind              : binding parameter (5:BIGINT) <- [2]
2026-06-26T09:17:13.695+05:30 TRACE 4912 --- [    Test worker] org.hibernate.orm.jdbc.bind              : binding parameter (6:INTEGER) <- [2]
2026-06-26T09:17:13.706+05:30  INFO 4912 --- [    Test worker] i.StatisticalLoggingSessionEventListener : Session Metrics {
    53700 nanoseconds spent acquiring 1 JDBC connections;
    0 nanoseconds spent releasing 0 JDBC connections;
    1438600 nanoseconds spent preparing 6 JDBC statements;
    90479700 nanoseconds spent executing 6 JDBC statements;
    0 nanoseconds spent executing 0 JDBC batches;
    0 nanoseconds spent performing 0 L2C puts;
    0 nanoseconds spent performing 0 L2C hits;
    0 nanoseconds spent performing 0 L2C misses;
    11553800 nanoseconds spent executing 1 flushes (flushing a total of 3 entities and 0 collections);
    3091127930164003 nanoseconds spent executing 3 pre-partial-flushes;
    45400 nanoseconds spent executing 3 partial-flushes (flushing a total of 0 entities and 0 collections)
}
2026-06-26T09:17:13.747+05:30 DEBUG 4912 --- [    Test worker] org.hibernate.SQL                        : 
    select
        uee1_0.event_id,
        uee1_0.usage_type,
        uee1_0.units,
        uee1_0.rate_applied,
        uee1_0.amount_charged,
        uee1_0.balance_after,
        uee1_0.processed_at 
    from
        usage_events uee1_0 
    where
        uee1_0.subscriber_id=? 
    order by
        uee1_0.processed_at desc 
    fetch
        first ? rows only
2026-06-26T09:17:13.747+05:30 TRACE 4912 --- [    Test worker] org.hibernate.orm.jdbc.bind              : binding parameter (1:BIGINT) <- [2]
2026-06-26T09:17:13.748+05:30 TRACE 4912 --- [    Test worker] org.hibernate.orm.jdbc.bind              : binding parameter (2:INTEGER) <- [20]
2026-06-26T09:17:13.763+05:30 DEBUG 4912 --- [    Test worker] o.h.stat.internal.StatisticsImpl         : HHH000117: HQL:     SELECT new com.telcoedge.charging.dto.UsageHistoryDto(
        ue.eventId, ue.usageType, ue.units, ue.rateApplied,
        ue.amountCharged, ue.balanceAfter, ue.processedAt)
    FROM UsageEventEntity ue
    WHERE ue.subscriberId = :subscriberId
    ORDER BY ue.processedAt DESC
, time: 22ms, rows: 3
2026-06-26T09:17:13.792+05:30  INFO 4912 --- [    Test worker] i.StatisticalLoggingSessionEventListener : Session Metrics {
    52700 nanoseconds spent acquiring 1 JDBC connections;
    0 nanoseconds spent releasing 0 JDBC connections;
    191600 nanoseconds spent preparing 1 JDBC statements;
    8792900 nanoseconds spent executing 1 JDBC statements;
    0 nanoseconds spent executing 0 JDBC batches;
    0 nanoseconds spent performing 0 L2C puts;
    0 nanoseconds spent performing 0 L2C hits;
    0 nanoseconds spent performing 0 L2C misses;
    0 nanoseconds spent executing 0 flushes (flushing a total of 0 entities and 0 collections);
    1030376133952701 nanoseconds spent executing 1 pre-partial-flushes;
    9200 nanoseconds spent executing 1 partial-flushes (flushing a total of 0 entities and 0 collections)
}
2026-06-26T09:17:13.924+05:30 DEBUG 4912 --- [    Test worker] org.hibernate.SQL                        : 
    select
        ike1_0.id,
        ike1_0.created_at,
        ike1_0.event_id,
        ike1_0.expires_at,
        ike1_0.response_hash,
        ike1_0.status 
    from
        idempotency_keys ike1_0 
    where
        ike1_0.event_id=?
2026-06-26T09:17:13.924+05:30 TRACE 4912 --- [    Test worker] org.hibernate.orm.jdbc.bind              : binding parameter (1:UUID) <- [23ae3994-bfca-4323-a89e-4d792b0efd9d]
2026-06-26T09:17:13.939+05:30 DEBUG 4912 --- [    Test worker] org.hibernate.SQL                        : 
    select
        tre1_0.usage_type,
        tre1_0.rate_per_unit 
    from
        tariff_rates tre1_0 
    where
        tre1_0.plan_id=(
            select
                spe1_0.plan_id 
            from
                subscriber_plans spe1_0 
            where
                spe1_0.subscriber_id=? 
                and spe1_0.active=true
        )
2026-06-26T09:17:13.940+05:30 TRACE 4912 --- [    Test worker] org.hibernate.orm.jdbc.bind              : binding parameter (1:BIGINT) <- [3]
2026-06-26T09:17:13.955+05:30 DEBUG 4912 --- [    Test worker] org.hibernate.SQL                        : 
    select
        be1_0.id,
        be1_0.amount,
        be1_0.created_at,
        be1_0.subscriber_id,
        be1_0.updated_at,
        be1_0.version 
    from
        balances be1_0 
    where
        be1_0.subscriber_id=?
2026-06-26T09:17:13.956+05:30 TRACE 4912 --- [    Test worker] org.hibernate.orm.jdbc.bind              : binding parameter (1:BIGINT) <- [3]
2026-06-26T09:17:13.963+05:30 DEBUG 4912 --- [    Test worker] org.hibernate.SQL                        : 
    insert 
    into
        usage_events
        (amount_charged, balance_after, event_id, operator_id, processed_at, rate_applied, status, subscriber_id, units, usage_type) 
    values
        (?, ?, ?, ?, ?, ?, ?, ?, ?, ?) 
    returning id
2026-06-26T09:17:13.963+05:30 TRACE 4912 --- [    Test worker] org.hibernate.orm.jdbc.bind              : binding parameter (1:NUMERIC) <- [0.6000]
2026-06-26T09:17:13.963+05:30 TRACE 4912 --- [    Test worker] org.hibernate.orm.jdbc.bind              : binding parameter (2:NUMERIC) <- [999.4000]
2026-06-26T09:17:13.964+05:30 TRACE 4912 --- [    Test worker] org.hibernate.orm.jdbc.bind              : binding parameter (3:UUID) <- [23ae3994-bfca-4323-a89e-4d792b0efd9d]
2026-06-26T09:17:13.964+05:30 TRACE 4912 --- [    Test worker] org.hibernate.orm.jdbc.bind              : binding parameter (4:VARCHAR) <- [acme]
2026-06-26T09:17:13.964+05:30 TRACE 4912 --- [    Test worker] org.hibernate.orm.jdbc.bind              : binding parameter (5:TIMESTAMP_UTC) <- [2026-06-26T03:47:13.961990500Z]
2026-06-26T09:17:13.965+05:30 TRACE 4912 --- [    Test worker] org.hibernate.orm.jdbc.bind              : binding parameter (6:NUMERIC) <- [0.0100]
2026-06-26T09:17:13.966+05:30 TRACE 4912 --- [    Test worker] org.hibernate.orm.jdbc.bind              : binding parameter (7:VARCHAR) <- [CHARGED]
2026-06-26T09:17:13.966+05:30 TRACE 4912 --- [    Test worker] org.hibernate.orm.jdbc.bind              : binding parameter (8:BIGINT) <- [3]
2026-06-26T09:17:13.967+05:30 TRACE 4912 --- [    Test worker] org.hibernate.orm.jdbc.bind              : binding parameter (9:NUMERIC) <- [60]
2026-06-26T09:17:13.967+05:30 TRACE 4912 --- [    Test worker] org.hibernate.orm.jdbc.bind              : binding parameter (10:VARCHAR) <- [VOICE]
2026-06-26T09:17:13.972+05:30 DEBUG 4912 --- [    Test worker] org.hibernate.SQL                        : 
    insert 
    into
        idempotency_keys
        (created_at, event_id, expires_at, response_hash, status) 
    values
        (?, ?, ?, ?, ?) 
    returning id
2026-06-26T09:17:13.973+05:30 TRACE 4912 --- [    Test worker] org.hibernate.orm.jdbc.bind              : binding parameter (1:TIMESTAMP_UTC) <- [2026-06-26T03:47:13.972869100Z]
2026-06-26T09:17:13.975+05:30 TRACE 4912 --- [    Test worker] org.hibernate.orm.jdbc.bind              : binding parameter (2:UUID) <- [23ae3994-bfca-4323-a89e-4d792b0efd9d]
2026-06-26T09:17:13.976+05:30 TRACE 4912 --- [    Test worker] org.hibernate.orm.jdbc.bind              : binding parameter (3:TIMESTAMP_UTC) <- [2026-06-27T03:47:13.972869100Z]
2026-06-26T09:17:13.976+05:30 TRACE 4912 --- [    Test worker] org.hibernate.orm.jdbc.bind              : binding parameter (4:VARCHAR) <- [null]
2026-06-26T09:17:13.977+05:30 TRACE 4912 --- [    Test worker] org.hibernate.orm.jdbc.bind              : binding parameter (5:VARCHAR) <- [CHARGED]
2026-06-26T09:17:13.985+05:30 DEBUG 4912 --- [    Test worker] org.hibernate.SQL                        : 
    update
        balances 
    set
        amount=?,
        subscriber_id=?,
        updated_at=?,
        version=? 
    where
        id=? 
        and version=?
2026-06-26T09:17:13.986+05:30 TRACE 4912 --- [    Test worker] org.hibernate.orm.jdbc.bind              : binding parameter (1:NUMERIC) <- [999.4000]
2026-06-26T09:17:13.986+05:30 TRACE 4912 --- [    Test worker] org.hibernate.orm.jdbc.bind              : binding parameter (2:BIGINT) <- [3]
2026-06-26T09:17:13.987+05:30 TRACE 4912 --- [    Test worker] org.hibernate.orm.jdbc.bind              : binding parameter (3:TIMESTAMP_UTC) <- [2026-06-26T03:47:13.985127300Z]
2026-06-26T09:17:13.987+05:30 TRACE 4912 --- [    Test worker] org.hibernate.orm.jdbc.bind              : binding parameter (4:INTEGER) <- [1]
2026-06-26T09:17:13.988+05:30 TRACE 4912 --- [    Test worker] org.hibernate.orm.jdbc.bind              : binding parameter (5:BIGINT) <- [3]
2026-06-26T09:17:13.988+05:30 TRACE 4912 --- [    Test worker] org.hibernate.orm.jdbc.bind              : binding parameter (6:INTEGER) <- [0]
2026-06-26T09:17:14.002+05:30  INFO 4912 --- [    Test worker] i.StatisticalLoggingSessionEventListener : Session Metrics {
    55900 nanoseconds spent acquiring 1 JDBC connections;
    0 nanoseconds spent releasing 0 JDBC connections;
    377600 nanoseconds spent preparing 6 JDBC statements;
    27848600 nanoseconds spent executing 6 JDBC statements;
    0 nanoseconds spent executing 0 JDBC batches;
    0 nanoseconds spent performing 0 L2C puts;
    0 nanoseconds spent performing 0 L2C hits;
    0 nanoseconds spent performing 0 L2C misses;
    12654400 nanoseconds spent executing 1 flushes (flushing a total of 3 entities and 0 collections);
    3091129040361403 nanoseconds spent executing 3 pre-partial-flushes;
    37400 nanoseconds spent executing 3 partial-flushes (flushing a total of 0 entities and 0 collections)
}
2026-06-26T09:17:14.007+05:30 DEBUG 4912 --- [    Test worker] org.hibernate.SQL                        : 
    select
        ike1_0.id,
        ike1_0.created_at,
        ike1_0.event_id,
        ike1_0.expires_at,
        ike1_0.response_hash,
        ike1_0.status 
    from
        idempotency_keys ike1_0 
    where
        ike1_0.event_id=?
2026-06-26T09:17:14.008+05:30 TRACE 4912 --- [    Test worker] org.hibernate.orm.jdbc.bind              : binding parameter (1:UUID) <- [23ae3994-bfca-4323-a89e-4d792b0efd9d]
2026-06-26T09:17:14.013+05:30 DEBUG 4912 --- [    Test worker] com.telcoedge.charging.ChargingService   : Duplicate event with eventId : 23ae3994-bfca-4323-a89e-4d792b0efd9d Detected
2026-06-26T09:17:14.021+05:30  INFO 4912 --- [    Test worker] i.StatisticalLoggingSessionEventListener : Session Metrics {
    50800 nanoseconds spent acquiring 1 JDBC connections;
    0 nanoseconds spent releasing 0 JDBC connections;
    60900 nanoseconds spent preparing 1 JDBC statements;
    3379000 nanoseconds spent executing 1 JDBC statements;
    0 nanoseconds spent executing 0 JDBC batches;
    0 nanoseconds spent performing 0 L2C puts;
    0 nanoseconds spent performing 0 L2C hits;
    0 nanoseconds spent performing 0 L2C misses;
    4322200 nanoseconds spent executing 1 flushes (flushing a total of 1 entities and 0 collections);
    1030376414238501 nanoseconds spent executing 1 pre-partial-flushes;
    9500 nanoseconds spent executing 1 partial-flushes (flushing a total of 0 entities and 0 collections)
}
2026-06-26T09:17:14.086+05:30 DEBUG 4912 --- [    Test worker] org.hibernate.SQL                        : 
    select
        ike1_0.id,
        ike1_0.created_at,
        ike1_0.event_id,
        ike1_0.expires_at,
        ike1_0.response_hash,
        ike1_0.status 
    from
        idempotency_keys ike1_0 
    where
        ike1_0.event_id=?
2026-06-26T09:17:14.088+05:30 TRACE 4912 --- [    Test worker] org.hibernate.orm.jdbc.bind              : binding parameter (1:UUID) <- [9ac2f902-2511-4636-8dce-986b7abdee48]
2026-06-26T09:17:14.104+05:30 DEBUG 4912 --- [    Test worker] o.h.stat.internal.StatisticsImpl         : HHH000117: HQL: [CRITERIA] select ike1_0.id,ike1_0.created_at,ike1_0.event_id,ike1_0.expires_at,ike1_0.response_hash,ike1_0.status from idempotency_keys ike1_0 where ike1_0.event_id=?, time: 18ms, rows: 0
2026-06-26T09:17:14.113+05:30 DEBUG 4912 --- [    Test worker] org.hibernate.SQL                        : 
    select
        tre1_0.usage_type,
        tre1_0.rate_per_unit 
    from
        tariff_rates tre1_0 
    where
        tre1_0.plan_id=(
            select
                spe1_0.plan_id 
            from
                subscriber_plans spe1_0 
            where
                spe1_0.subscriber_id=? 
                and spe1_0.active=true
        )
2026-06-26T09:17:14.114+05:30 TRACE 4912 --- [    Test worker] org.hibernate.orm.jdbc.bind              : binding parameter (1:BIGINT) <- [4]
2026-06-26T09:17:14.121+05:30 DEBUG 4912 --- [    Test worker] o.h.stat.internal.StatisticsImpl         : HHH000117: HQL:     SELECT tr.usageType AS usageType, tr.ratePerUnit AS ratePerUnit
    FROM TariffRateEntity tr
    WHERE tr.planId = (
    SELECT sp.planId FROM SubscriberPlanEntity sp
    WHERE sp.subscriberId = :subscriberId AND sp.active=true
    )
, time: 7ms, rows: 3
2026-06-26T09:17:14.125+05:30 DEBUG 4912 --- [    Test worker] org.hibernate.SQL                        : 
    select
        be1_0.id,
        be1_0.amount,
        be1_0.created_at,
        be1_0.subscriber_id,
        be1_0.updated_at,
        be1_0.version 
    from
        balances be1_0 
    where
        be1_0.subscriber_id=?
2026-06-26T09:17:14.125+05:30 TRACE 4912 --- [    Test worker] org.hibernate.orm.jdbc.bind              : binding parameter (1:BIGINT) <- [4]
2026-06-26T09:17:14.138+05:30 DEBUG 4912 --- [    Test worker] o.h.stat.internal.StatisticsImpl         : HHH000117: HQL: [CRITERIA] select be1_0.id,be1_0.amount,be1_0.created_at,be1_0.subscriber_id,be1_0.updated_at,be1_0.version from balances be1_0 where be1_0.subscriber_id=?, time: 12ms, rows: 1
2026-06-26T09:17:14.148+05:30  INFO 4912 --- [    Test worker] i.StatisticalLoggingSessionEventListener : Session Metrics {
    63100 nanoseconds spent acquiring 1 JDBC connections;
    0 nanoseconds spent releasing 0 JDBC connections;
    218900 nanoseconds spent preparing 3 JDBC statements;
    32728000 nanoseconds spent executing 3 JDBC statements;
    0 nanoseconds spent executing 0 JDBC batches;
    0 nanoseconds spent performing 0 L2C puts;
    0 nanoseconds spent performing 0 L2C hits;
    0 nanoseconds spent performing 0 L2C misses;
    274700 nanoseconds spent executing 1 flushes (flushing a total of 1 entities and 0 collections);
    3091129544409203 nanoseconds spent executing 3 pre-partial-flushes;
    26500 nanoseconds spent executing 3 partial-flushes (flushing a total of 0 entities and 0 collections)
}
2026-06-26T09:17:14.245+05:30 DEBUG 4912 --- [    Test worker] org.hibernate.SQL                        : 
    select
        ike1_0.id,
        ike1_0.created_at,
        ike1_0.event_id,
        ike1_0.expires_at,
        ike1_0.response_hash,
        ike1_0.status 
    from
        idempotency_keys ike1_0 
    where
        ike1_0.event_id=?
2026-06-26T09:17:14.245+05:30 TRACE 4912 --- [    Test worker] org.hibernate.orm.jdbc.bind              : binding parameter (1:UUID) <- [223a2e46-e0a8-47c7-bc06-216390173550]
2026-06-26T09:17:14.262+05:30 DEBUG 4912 --- [    Test worker] org.hibernate.SQL                        : 
    select
        tre1_0.usage_type,
        tre1_0.rate_per_unit 
    from
        tariff_rates tre1_0 
    where
        tre1_0.plan_id=(
            select
                spe1_0.plan_id 
            from
                subscriber_plans spe1_0 
            where
                spe1_0.subscriber_id=? 
                and spe1_0.active=true
        )
2026-06-26T09:17:14.263+05:30 TRACE 4912 --- [    Test worker] org.hibernate.orm.jdbc.bind              : binding parameter (1:BIGINT) <- [5]
2026-06-26T09:17:14.274+05:30 DEBUG 4912 --- [    Test worker] org.hibernate.SQL                        : 
    select
        be1_0.id,
        be1_0.amount,
        be1_0.created_at,
        be1_0.subscriber_id,
        be1_0.updated_at,
        be1_0.version 
    from
        balances be1_0 
    where
        be1_0.subscriber_id=?
2026-06-26T09:17:14.275+05:30 TRACE 4912 --- [    Test worker] org.hibernate.orm.jdbc.bind              : binding parameter (1:BIGINT) <- [5]
2026-06-26T09:17:14.288+05:30 DEBUG 4912 --- [    Test worker] org.hibernate.SQL                        : 
    insert 
    into
        usage_events
        (amount_charged, balance_after, event_id, operator_id, processed_at, rate_applied, status, subscriber_id, units, usage_type) 
    values
        (?, ?, ?, ?, ?, ?, ?, ?, ?, ?) 
    returning id
2026-06-26T09:17:14.289+05:30 TRACE 4912 --- [    Test worker] org.hibernate.orm.jdbc.bind              : binding parameter (1:NUMERIC) <- [0.6000]
2026-06-26T09:17:14.290+05:30 TRACE 4912 --- [    Test worker] org.hibernate.orm.jdbc.bind              : binding parameter (2:NUMERIC) <- [999.4000]
2026-06-26T09:17:14.290+05:30 TRACE 4912 --- [    Test worker] org.hibernate.orm.jdbc.bind              : binding parameter (3:UUID) <- [223a2e46-e0a8-47c7-bc06-216390173550]
[...]
2026-06-26T09:17:14.645+05:30 TRACE 4912 --- [    Test worker] org.hibernate.orm.jdbc.bind              : binding parameter (2:NUMERIC) <- [998.8000]
2026-06-26T09:17:14.645+05:30 TRACE 4912 --- [    Test worker] org.hibernate.orm.jdbc.bind              : binding parameter (3:UUID) <- [51eaed33-ca5e-4398-bae8-8c5848f1203c]
2026-06-26T09:17:14.646+05:30 TRACE 4912 --- [    Test worker] org.hibernate.orm.jdbc.bind              : binding parameter (4:VARCHAR) <- [acme]
2026-06-26T09:17:14.647+05:30 TRACE 4912 --- [    Test worker] org.hibernate.orm.jdbc.bind              : binding parameter (5:TIMESTAMP_UTC) <- [2026-06-26T03:47:14.642993Z]
2026-06-26T09:17:14.649+05:30 TRACE 4912 --- [    Test worker] org.hibernate.orm.jdbc.bind              : binding parameter (6:NUMERIC) <- [0.0100]
2026-06-26T09:17:14.650+05:30 TRACE 4912 --- [    Test worker] org.hibernate.orm.jdbc.bind              : binding parameter (7:VARCHAR) <- [CHARGED]
2026-06-26T09:17:14.651+05:30 TRACE 4912 --- [    Test worker] org.hibernate.orm.jdbc.bind              : binding parameter (8:BIGINT) <- [6]
2026-06-26T09:17:14.651+05:30 TRACE 4912 --- [    Test worker] org.hibernate.orm.jdbc.bind              : binding parameter (9:NUMERIC) <- [60]
2026-06-26T09:17:14.651+05:30 TRACE 4912 --- [    Test worker] org.hibernate.orm.jdbc.bind              : binding parameter (10:VARCHAR) <- [VOICE]
2026-06-26T09:17:14.668+05:30 DEBUG 4912 --- [    Test worker] org.hibernate.SQL                        : 
    insert 
    into
        idempotency_keys
        (created_at, event_id, expires_at, response_hash, status) 
    values
        (?, ?, ?, ?, ?) 
    returning id
2026-06-26T09:17:14.668+05:30 TRACE 4912 --- [    Test worker] org.hibernate.orm.jdbc.bind              : binding parameter (1:TIMESTAMP_UTC) <- [2026-06-26T03:47:14.666520800Z]
2026-06-26T09:17:14.669+05:30 TRACE 4912 --- [    Test worker] org.hibernate.orm.jdbc.bind              : binding parameter (2:UUID) <- [51eaed33-ca5e-4398-bae8-8c5848f1203c]
2026-06-26T09:17:14.669+05:30 TRACE 4912 --- [    Test worker] org.hibernate.orm.jdbc.bind              : binding parameter (3:TIMESTAMP_UTC) <- [2026-06-27T03:47:14.666520800Z]
2026-06-26T09:17:14.669+05:30 TRACE 4912 --- [    Test worker] org.hibernate.orm.jdbc.bind              : binding parameter (4:VARCHAR) <- [null]
2026-06-26T09:17:14.670+05:30 TRACE 4912 --- [    Test worker] org.hibernate.orm.jdbc.bind              : binding parameter (5:VARCHAR) <- [CHARGED]
2026-06-26T09:17:14.677+05:30 DEBUG 4912 --- [    Test worker] org.hibernate.SQL                        : 
    update
        balances 
    set
        amount=?,
        subscriber_id=?,
        updated_at=?,
        version=? 
    where
        id=? 
        and version=?
2026-06-26T09:17:14.678+05:30 TRACE 4912 --- [    Test worker] org.hibernate.orm.jdbc.bind              : binding parameter (1:NUMERIC) <- [998.8000]
2026-06-26T09:17:14.679+05:30 TRACE 4912 --- [    Test worker] org.hibernate.orm.jdbc.bind              : binding parameter (2:BIGINT) <- [6]
2026-06-26T09:17:14.680+05:30 TRACE 4912 --- [    Test worker] org.hibernate.orm.jdbc.bind              : binding parameter (3:TIMESTAMP_UTC) <- [2026-06-26T03:47:14.675821500Z]
2026-06-26T09:17:14.680+05:30 TRACE 4912 --- [    Test worker] org.hibernate.orm.jdbc.bind              : binding parameter (4:INTEGER) <- [2]
2026-06-26T09:17:14.681+05:30 TRACE 4912 --- [    Test worker] org.hibernate.orm.jdbc.bind              : binding parameter (5:BIGINT) <- [6]
2026-06-26T09:17:14.681+05:30 TRACE 4912 --- [    Test worker] org.hibernate.orm.jdbc.bind              : binding parameter (6:INTEGER) <- [1]
2026-06-26T09:17:14.703+05:30  INFO 4912 --- [    Test worker] i.StatisticalLoggingSessionEventListener : Session Metrics {
    189400 nanoseconds spent acquiring 1 JDBC connections;
    0 nanoseconds spent releasing 0 JDBC connections;
    437600 nanoseconds spent preparing 6 JDBC statements;
    60936200 nanoseconds spent executing 6 JDBC statements;
    0 nanoseconds spent executing 0 JDBC batches;
    0 nanoseconds spent performing 0 L2C puts;
    0 nanoseconds spent performing 0 L2C hits;
    0 nanoseconds spent performing 0 L2C misses;
    19067500 nanoseconds spent executing 1 flushes (flushing a total of 3 entities and 0 collections);
    3091131050200603 nanoseconds spent executing 3 pre-partial-flushes;
    37700 nanoseconds spent executing 3 partial-flushes (flushing a total of 0 entities and 0 collections)
}
2026-06-26T09:17:14.707+05:30 DEBUG 4912 --- [    Test worker] org.hibernate.SQL                        : 
    select
        ike1_0.id,
        ike1_0.created_at,
        ike1_0.event_id,
        ike1_0.expires_at,
        ike1_0.response_hash,
        ike1_0.status 
    from
        idempotency_keys ike1_0 
    where
        ike1_0.event_id=?
2026-06-26T09:17:14.708+05:30 TRACE 4912 --- [    Test worker] org.hibernate.orm.jdbc.bind              : binding parameter (1:UUID) <- [d6bd3fed-34aa-4978-b315-9f9c9b21f16e]
2026-06-26T09:17:14.726+05:30 DEBUG 4912 --- [    Test worker] org.hibernate.SQL                        : 
    select
        tre1_0.usage_type,
        tre1_0.rate_per_unit 
    from
        tariff_rates tre1_0 
    where
        tre1_0.plan_id=(
            select
                spe1_0.plan_id 
            from
                subscriber_plans spe1_0 
            where
                spe1_0.subscriber_id=? 
                and spe1_0.active=true
        )
2026-06-26T09:17:14.726+05:30 TRACE 4912 --- [    Test worker] org.hibernate.orm.jdbc.bind              : binding parameter (1:BIGINT) <- [6]
2026-06-26T09:17:14.743+05:30 DEBUG 4912 --- [    Test worker] org.hibernate.SQL                        : 
    select
        be1_0.id,
        be1_0.amount,
        be1_0.created_at,
        be1_0.subscriber_id,
        be1_0.updated_at,
        be1_0.version 
    from
        balances be1_0 
    where
        be1_0.subscriber_id=?
2026-06-26T09:17:14.743+05:30 TRACE 4912 --- [    Test worker] org.hibernate.orm.jdbc.bind              : binding parameter (1:BIGINT) <- [6]
2026-06-26T09:17:14.752+05:30 DEBUG 4912 --- [    Test worker] org.hibernate.SQL                        : 
    insert 
    into
        usage_events
        (amount_charged, balance_after, event_id, operator_id, processed_at, rate_applied, status, subscriber_id, units, usage_type) 
    values
        (?, ?, ?, ?, ?, ?, ?, ?, ?, ?) 
    returning id
2026-06-26T09:17:14.753+05:30 TRACE 4912 --- [    Test worker] org.hibernate.orm.jdbc.bind              : binding parameter (1:NUMERIC) <- [50.0000]
2026-06-26T09:17:14.753+05:30 TRACE 4912 --- [    Test worker] org.hibernate.orm.jdbc.bind              : binding parameter (2:NUMERIC) <- [948.8000]
2026-06-26T09:17:14.754+05:30 TRACE 4912 --- [    Test worker] org.hibernate.orm.jdbc.bind              : binding parameter (3:UUID) <- [d6bd3fed-34aa-4978-b315-9f9c9b21f16e]
2026-06-26T09:17:14.755+05:30 TRACE 4912 --- [    Test worker] org.hibernate.orm.jdbc.bind              : binding parameter (4:VARCHAR) <- [acme]
2026-06-26T09:17:14.755+05:30 TRACE 4912 --- [    Test worker] org.hibernate.orm.jdbc.bind              : binding parameter (5:TIMESTAMP_UTC) <- [2026-06-26T03:47:14.751194300Z]
2026-06-26T09:17:14.756+05:30 TRACE 4912 --- [    Test worker] org.hibernate.orm.jdbc.bind              : binding parameter (6:NUMERIC) <- [0.5000]
2026-06-26T09:17:14.756+05:30 TRACE 4912 --- [    Test worker] org.hibernate.orm.jdbc.bind              : binding parameter (7:VARCHAR) <- [CHARGED]
2026-06-26T09:17:14.756+05:30 TRACE 4912 --- [    Test worker] org.hibernate.orm.jdbc.bind              : binding parameter (8:BIGINT) <- [6]
2026-06-26T09:17:14.757+05:30 TRACE 4912 --- [    Test worker] org.hibernate.orm.jdbc.bind              : binding parameter (9:NUMERIC) <- [100]
2026-06-26T09:17:14.758+05:30 TRACE 4912 --- [    Test worker] org.hibernate.orm.jdbc.bind              : binding parameter (10:VARCHAR) <- [DATA]
2026-06-26T09:17:14.773+05:30 DEBUG 4912 --- [    Test worker] org.hibernate.SQL                        : 
    insert 
    into
        idempotency_keys
        (created_at, event_id, expires_at, response_hash, status) 
    values
        (?, ?, ?, ?, ?) 
    returning id
2026-06-26T09:17:14.774+05:30 TRACE 4912 --- [    Test worker] org.hibernate.orm.jdbc.bind              : binding parameter (1:TIMESTAMP_UTC) <- [2026-06-26T03:47:14.772124400Z]
2026-06-26T09:17:14.774+05:30 TRACE 4912 --- [    Test worker] org.hibernate.orm.jdbc.bind              : binding parameter (2:UUID) <- [d6bd3fed-34aa-4978-b315-9f9c9b21f16e]
2026-06-26T09:17:14.775+05:30 TRACE 4912 --- [    Test worker] org.hibernate.orm.jdbc.bind              : binding parameter (3:TIMESTAMP_UTC) <- [2026-06-27T03:47:14.772124400Z]
2026-06-26T09:17:14.775+05:30 TRACE 4912 --- [    Test worker] org.hibernate.orm.jdbc.bind              : binding parameter (4:VARCHAR) <- [null]
2026-06-26T09:17:14.775+05:30 TRACE 4912 --- [    Test worker] org.hibernate.orm.jdbc.bind              : binding parameter (5:VARCHAR) <- [CHARGED]
2026-06-26T09:17:14.790+05:30 DEBUG 4912 --- [    Test worker] org.hibernate.SQL                        : 
    update
        balances 
    set
        amount=?,
        subscriber_id=?,
        updated_at=?,
        version=? 
    where
        id=? 
        and version=?
2026-06-26T09:17:14.790+05:30 TRACE 4912 --- [    Test worker] org.hibernate.orm.jdbc.bind              : binding parameter (1:NUMERIC) <- [948.8000]
2026-06-26T09:17:14.791+05:30 TRACE 4912 --- [    Test worker] org.hibernate.orm.jdbc.bind              : binding parameter (2:BIGINT) <- [6]
2026-06-26T09:17:14.791+05:30 TRACE 4912 --- [    Test worker] org.hibernate.orm.jdbc.bind              : binding parameter (3:TIMESTAMP_UTC) <- [2026-06-26T03:47:14.788784900Z]
2026-06-26T09:17:14.791+05:30 TRACE 4912 --- [    Test worker] org.hibernate.orm.jdbc.bind              : binding parameter (4:INTEGER) <- [3]
2026-06-26T09:17:14.791+05:30 TRACE 4912 --- [    Test worker] org.hibernate.orm.jdbc.bind              : binding parameter (5:BIGINT) <- [6]
2026-06-26T09:17:14.792+05:30 TRACE 4912 --- [    Test worker] org.hibernate.orm.jdbc.bind              : binding parameter (6:INTEGER) <- [2]
2026-06-26T09:17:14.806+05:30  INFO 4912 --- [    Test worker] i.StatisticalLoggingSessionEventListener : Session Metrics {
    46000 nanoseconds spent acquiring 1 JDBC connections;
    0 nanoseconds spent releasing 0 JDBC connections;
    355200 nanoseconds spent preparing 6 JDBC statements;
    60685400 nanoseconds spent executing 6 JDBC statements;
    0 nanoseconds spent executing 0 JDBC batches;
    0 nanoseconds spent performing 0 L2C puts;
    0 nanoseconds spent performing 0 L2C hits;
    0 nanoseconds spent performing 0 L2C misses;
    13853500 nanoseconds spent executing 1 flushes (flushing a total of 3 entities and 0 collections);
    3091131399992103 nanoseconds spent executing 3 pre-partial-flushes;
    49900 nanoseconds spent executing 3 partial-flushes (flushing a total of 0 entities and 0 collections)
}
2026-06-26T09:17:14.912+05:30 DEBUG 4912 --- [    Test worker] org.hibernate.SQL                        : 
    select
        uee1_0.id,
        uee1_0.amount_charged,
        uee1_0.balance_after,
        uee1_0.event_id,
        uee1_0.operator_id,
        uee1_0.processed_at,
        uee1_0.rate_applied,
        uee1_0.status,
        uee1_0.subscriber_id,
        uee1_0.units,
        uee1_0.usage_type 
    from
        usage_events uee1_0 
    where
        uee1_0.subscriber_id=? 
        and uee1_0.usage_type=? 
    order by
        uee1_0.processed_at desc 
    offset
        ? rows 
    fetch
        first ? rows only
2026-06-26T09:17:14.913+05:30 TRACE 4912 --- [    Test worker] org.hibernate.orm.jdbc.bind              : binding parameter (1:BIGINT) <- [6]
2026-06-26T09:17:14.914+05:30 TRACE 4912 --- [    Test worker] org.hibernate.orm.jdbc.bind              : binding parameter (2:VARCHAR) <- [VOICE]
2026-06-26T09:17:14.914+05:30 TRACE 4912 --- [    Test worker] org.hibernate.orm.jdbc.bind              : binding parameter (3:INTEGER) <- [0]
2026-06-26T09:17:14.915+05:30 TRACE 4912 --- [    Test worker] org.hibernate.orm.jdbc.bind              : binding parameter (4:INTEGER) <- [20]
2026-06-26T09:17:14.942+05:30  INFO 4912 --- [    Test worker] org.hibernate.SQL_SLOW                   : Slow query took 27 milliseconds [select uee1_0.id,uee1_0.amount_charged,uee1_0.balance_after,uee1_0.event_id,uee1_0.operator_id,uee1_0.processed_at,uee1_0.rate_applied,uee1_0.status,uee1_0.subscriber_id,uee1_0.units,uee1_0.usage_type from usage_events uee1_0 where uee1_0.subscriber_id=? and uee1_0.usage_type=? order by uee1_0.processed_at desc offset ? rows fetch first ? rows only]
2026-06-26T09:17:14.953+05:30  INFO 4912 --- [    Test worker] i.StatisticalLoggingSessionEventListener : Session Metrics {
    37100 nanoseconds spent acquiring 1 JDBC connections;
    0 nanoseconds spent releasing 0 JDBC connections;
    213300 nanoseconds spent preparing 1 JDBC statements;
    27315100 nanoseconds spent executing 1 JDBC statements;
    0 nanoseconds spent executing 0 JDBC batches;
    0 nanoseconds spent performing 0 L2C puts;
    0 nanoseconds spent performing 0 L2C hits;
    0 nanoseconds spent performing 0 L2C misses;
    0 nanoseconds spent executing 0 flushes (flushing a total of 0 entities and 0 collections);
    1030377308146101 nanoseconds spent executing 1 pre-partial-flushes;
    7600 nanoseconds spent executing 1 partial-flushes (flushing a total of 0 entities and 0 collections)
}
2026-06-26T09:17:14.968+05:30 DEBUG 4912 --- [    Test worker] org.hibernate.SQL                        : 
    select
        uee1_0.id,
        uee1_0.amount_charged,
        uee1_0.balance_after,
        uee1_0.event_id,
        uee1_0.operator_id,
        uee1_0.processed_at,
        uee1_0.rate_applied,
        uee1_0.status,
        uee1_0.subscriber_id,
        uee1_0.units,
        uee1_0.usage_type 
    from
        usage_events uee1_0 
    where
        uee1_0.subscriber_id=? 
        and uee1_0.status=? 
    order by
        uee1_0.processed_at desc 
    offset
        ? rows 
    fetch
        first ? rows only
2026-06-26T09:17:14.968+05:30 TRACE 4912 --- [    Test worker] org.hibernate.orm.jdbc.bind              : binding parameter (1:BIGINT) <- [6]
2026-06-26T09:17:14.969+05:30 TRACE 4912 --- [    Test worker] org.hibernate.orm.jdbc.bind              : binding parameter (2:VARCHAR) <- [CHARGED]
2026-06-26T09:17:14.969+05:30 TRACE 4912 --- [    Test worker] org.hibernate.orm.jdbc.bind              : binding parameter (3:INTEGER) <- [0]
2026-06-26T09:17:14.969+05:30 TRACE 4912 --- [    Test worker] org.hibernate.orm.jdbc.bind              : binding parameter (4:INTEGER) <- [20]
2026-06-26T09:17:14.986+05:30  INFO 4912 --- [    Test worker] i.StatisticalLoggingSessionEventListener : Session Metrics {
    292800 nanoseconds spent acquiring 1 JDBC connections;
    0 nanoseconds spent releasing 0 JDBC connections;
    214700 nanoseconds spent preparing 1 JDBC statements;
    8186900 nanoseconds spent executing 1 JDBC statements;
    0 nanoseconds spent executing 0 JDBC batches;
    0 nanoseconds spent performing 0 L2C puts;
    0 nanoseconds spent performing 0 L2C hits;
    0 nanoseconds spent performing 0 L2C misses;
    0 nanoseconds spent executing 0 flushes (flushing a total of 0 entities and 0 collections);
    1030377371750201 nanoseconds spent executing 1 pre-partial-flushes;
    998400 nanoseconds spent executing 1 partial-flushes (flushing a total of 0 entities and 0 collections)
}
2026-06-26T09:17:15.002+05:30 DEBUG 4912 --- [    Test worker] org.hibernate.SQL                        : 
    select
        uee1_0.id,
        uee1_0.amount_charged,
        uee1_0.balance_after,
        uee1_0.event_id,
        uee1_0.operator_id,
        uee1_0.processed_at,
        uee1_0.rate_applied,
        uee1_0.status,
        uee1_0.subscriber_id,
        uee1_0.units,
        uee1_0.usage_type 
    from
        usage_events uee1_0 
    where
        uee1_0.subscriber_id=? 
        and uee1_0.usage_type=? 
        and uee1_0.processed_at>=? 
        and uee1_0.processed_at<? 
    order by
        uee1_0.processed_at desc 
    offset
        ? rows 
    fetch
        first ? rows only
2026-06-26T09:17:15.003+05:30 TRACE 4912 --- [    Test worker] org.hibernate.orm.jdbc.bind              : binding parameter (1:BIGINT) <- [6]
2026-06-26T09:17:15.003+05:30 TRACE 4912 --- [    Test worker] org.hibernate.orm.jdbc.bind              : binding parameter (2:VARCHAR) <- [DATA]
2026-06-26T09:17:15.004+05:30 TRACE 4912 --- [    Test worker] org.hibernate.orm.jdbc.bind              : binding parameter (3:TIMESTAMP_UTC) <- [2026-06-26T00:00:00Z]
2026-06-26T09:17:15.004+05:30 TRACE 4912 --- [    Test worker] org.hibernate.orm.jdbc.bind              : binding parameter (4:TIMESTAMP_UTC) <- [2026-06-27T00:00:00Z]
2026-06-26T09:17:15.005+05:30 TRACE 4912 --- [    Test worker] org.hibernate.orm.jdbc.bind              : binding parameter (5:INTEGER) <- [0]
2026-06-26T09:17:15.005+05:30 TRACE 4912 --- [    Test worker] org.hibernate.orm.jdbc.bind              : binding parameter (6:INTEGER) <- [20]
2026-06-26T09:17:15.027+05:30  INFO 4912 --- [    Test worker] i.StatisticalLoggingSessionEventListener : Session Metrics {
    51100 nanoseconds spent acquiring 1 JDBC connections;
    0 nanoseconds spent releasing 0 JDBC connections;
    222100 nanoseconds spent preparing 1 JDBC statements;
    14598100 nanoseconds spent executing 1 JDBC statements;
    0 nanoseconds spent executing 0 JDBC batches;
    0 nanoseconds spent performing 0 L2C puts;
    0 nanoseconds spent performing 0 L2C hits;
    0 nanoseconds spent performing 0 L2C misses;
    0 nanoseconds spent executing 0 flushes (flushing a total of 0 entities and 0 collections);
    1030377405372701 nanoseconds spent executing 1 pre-partial-flushes;
    8800 nanoseconds spent executing 1 partial-flushes (flushing a total of 0 entities and 0 collections)
}
2026-06-26T09:17:15.089+05:30 DEBUG 4912 --- [    Test worker] org.hibernate.SQL                        : 
    select
        ike1_0.id,
        ike1_0.created_at,
        ike1_0.event_id,
        ike1_0.expires_at,
        ike1_0.response_hash,
        ike1_0.status 
    from
        idempotency_keys ike1_0 
    where
        ike1_0.event_id=?
2026-06-26T09:17:15.089+05:30 TRACE 4912 --- [    Test worker] org.hibernate.orm.jdbc.bind              : binding parameter (1:UUID) <- [69043750-c315-443a-9e6a-009e0324029b]
2026-06-26T09:17:15.106+05:30  INFO 4912 --- [    Test worker] i.StatisticalLoggingSessionEventListener : Session Metrics {
    53900 nanoseconds spent acquiring 1 JDBC connections;
    0 nanoseconds spent releasing 0 JDBC connections;
    59900 nanoseconds spent preparing 1 JDBC statements;
    4039400 nanoseconds spent executing 1 JDBC statements;
    0 nanoseconds spent executing 0 JDBC batches;
    0 nanoseconds spent performing 0 L2C puts;
    0 nanoseconds spent performing 0 L2C hits;
    0 nanoseconds spent performing 0 L2C misses;
    0 nanoseconds spent executing 0 flushes (flushing a total of 0 entities and 0 collections);
    1030377495276901 nanoseconds spent executing 1 pre-partial-flushes;
    9700 nanoseconds spent executing 1 partial-flushes (flushing a total of 0 entities and 0 collections)
}
]]></system-out>
  <system-err><![CDATA[WARNING: A Java agent has been loaded dynamically (C:\Users\shuba\.gradle\caches\modules-2\files-2.1\net.bytebuddy\byte-buddy-agent\1.14.19\154da3a65b4f4a909d3e5bdec55d1b2b4cbb6ce1\byte-buddy-agent-1.14.19.jar)
WARNING: If a serviceability tool is in use, please run with -XX:+EnableDynamicAgentLoading to hide this warning
WARNING: If a serviceability tool is not in use, please run with -Djdk.instrument.traceUsage for more information
WARNING: Dynamic loading of agents will be disallowed by default in a future release
]]></system-err>
</testsuite>
