<?xml version="1.0" encoding="UTF-8"?>
<testsuite name="com.telcoedge.charging.AsyncChargingServiceTest" tests="4" skipped="0" failures="0" errors="0" timestamp="2026-05-31T15:06:31.776Z" hostname="DESKTOP-UH6MUT8" time="0.166">
  <properties/>
  <testcase name="shouldDetectDuplicateAsync()" classname="com.telcoedge.charging.AsyncChargingServiceTest" time="0.068"/>
  <testcase name="shouldHandleInsufficientBalance()" classname="com.telcoedge.charging.AsyncChargingServiceTest" time="0.025"/>
  <testcase name="shouldChargeAsynchronously()" classname="com.telcoedge.charging.AsyncChargingServiceTest" time="0.04"/>
  <testcase name="shouldHandleSubscriberNotFound()" classname="com.telcoedge.charging.AsyncChargingServiceTest" time="0.023"/>
  <system-out><![CDATA[]]></system-out>
  <system-err><![CDATA[]]></system-err>
</testsuite>
