<?xml version="1.0" encoding="UTF-8"?>
<testsuite name="com.telcoedge.charging.CircuitBreakerIntegrationTest" tests="2" skipped="0" failures="0" errors="0" timestamp="2026-08-12T03:40:17.456Z" hostname="LAPTOP-AJ4PV88L" time="4.672">
  <properties/>
  <testcase name="fallbackReturnsNullWhenCircuitOpen()" classname="com.telcoedge.charging.CircuitBreakerIntegrationTest" time="0.02"/>
  <testcase name="circuitOpensAfterRepeatedFailures()" classname="com.telcoedge.charging.CircuitBreakerIntegrationTest" time="0.007"/>
  <system-out><![CDATA[{"@timestamp":"2026-08-12T09.10.17.458+05:30","level":"INFO","logger_name":"org.springframework.test.context.support.AnnotationConfigContextLoaderUtils","thread_name":"Test worker","message":"Could not detect default configuration classes for test class [com.telcoedge.charging.CircuitBreakerIntegrationTest]: CircuitBreakerIntegrationTest does not declare any static, non-private, non-final, nested classes annotated with @Configuration.","app":"charging-engine"}
{"@timestamp":"2026-08-12T09.10.17.479+05:30","level":"INFO","logger_name":"org.springframework.boot.test.context.SpringBootTestContextBootstrapper","thread_name":"Test worker","message":"Found @SpringBootConfiguration com.telcoedge.charging.ChargingEngineApplication for test class com.telcoedge.charging.CircuitBreakerIntegrationTest","app":"charging-engine"}
{"@timestamp":"2026-08-12T09.10.17.483+05:30","level":"INFO","logger_name":"tc.postgres:16-alpine","thread_name":"Test worker","message":"Creating container for image: postgres:16-alpine","app":"charging-engine"}
{"@timestamp":"2026-08-12T09.10.17.575+05:30","level":"INFO","logger_name":"tc.postgres:16-alpine","thread_name":"Test worker","message":"Container postgres:16-alpine is starting: 140064fbcb4cd754d5bcaa9514945f7d631713bfbb34cedca1dffc896bf757a1","app":"charging-engine"}
{"@timestamp":"2026-08-12T09.10.19.484+05:30","level":"INFO","logger_name":"tc.postgres:16-alpine","thread_name":"Test worker","message":"Container postgres:16-alpine started in PT2.0007743S","app":"charging-engine"}
{"@timestamp":"2026-08-12T09.10.19.485+05:30","level":"INFO","logger_name":"tc.postgres:16-alpine","thread_name":"Test worker","message":"Container is started (JDBC URL: jdbc:postgresql://host.docker.internal:50413/test?loggerLevel=OFF)","app":"charging-engine"}

  .   ____          _            __ _ _
 /\\ / ___'_ __ _ _(_)_ __  __ _ \ \ \ \
( ( )\___ | '_ | '_| | '_ \/ _` | \ \ \ \
 \\/  ___)| |_)| | | | | || (_| |  ) ) ) )
  '  |____| .__|_| |_|_| |_\__, | / / / /
 =========|_|==============|___/=/_/_/_/

 :: Spring Boot ::                (v3.3.4)

{"@timestamp":"2026-08-12T09.10.19.521+05:30","level":"INFO","logger_name":"com.telcoedge.charging.CircuitBreakerIntegrationTest","thread_name":"Test worker","message":"Starting CircuitBreakerIntegrationTest using Java 21.0.11 with PID 21168 (started by shubbham goyal in C:\\workspaces\\assisstedLearning\\telcoedge\\charging-engine)","app":"charging-engine"}
{"@timestamp":"2026-08-12T09.10.19.521+05:30","level":"DEBUG","logger_name":"com.telcoedge.charging.CircuitBreakerIntegrationTest","thread_name":"Test worker","message":"Running with Spring Boot v3.3.4, Spring v6.1.13","app":"charging-engine"}
{"@timestamp":"2026-08-12T09.10.19.521+05:30","level":"INFO","logger_name":"com.telcoedge.charging.CircuitBreakerIntegrationTest","thread_name":"Test worker","message":"No active profile set, falling back to 1 default profile: \"default\"","app":"charging-engine"}
{"@timestamp":"2026-08-12T09.10.19.758+05:30","level":"INFO","logger_name":"org.springframework.data.repository.config.RepositoryConfigurationDelegate","thread_name":"Test worker","message":"Bootstrapping Spring Data JPA repositories in DEFAULT mode.","app":"charging-engine"}
{"@timestamp":"2026-08-12T09.10.19.773+05:30","level":"INFO","logger_name":"org.springframework.data.repository.config.RepositoryConfigurationDelegate","thread_name":"Test worker","message":"Finished Spring Data repository scanning in 13 ms. Found 5 JPA repository interfaces.","app":"charging-engine"}
{"@timestamp":"2026-08-12T09.10.19.926+05:30","level":"INFO","logger_name":"org.springframework.boot.web.embedded.tomcat.TomcatWebServer","thread_name":"Test worker","message":"Tomcat initialized with port 0 (http)","app":"charging-engine"}
{"@timestamp":"2026-08-12T09.10.19.927+05:30","level":"INFO","logger_name":"org.apache.coyote.http11.Http11NioProtocol","thread_name":"Test worker","message":"Initializing ProtocolHandler [\"http-nio-auto-2\"]","app":"charging-engine"}
{"@timestamp":"2026-08-12T09.10.19.928+05:30","level":"INFO","logger_name":"org.apache.catalina.core.StandardService","thread_name":"Test worker","message":"Starting service [Tomcat]","app":"charging-engine"}
{"@timestamp":"2026-08-12T09.10.19.929+05:30","level":"INFO","logger_name":"org.apache.catalina.core.StandardEngine","thread_name":"Test worker","message":"Starting Servlet engine: [Apache Tomcat/10.1.30]","app":"charging-engine"}
{"@timestamp":"2026-08-12T09.10.19.977+05:30","level":"INFO","logger_name":"org.apache.catalina.core.ContainerBase.[Tomcat-1].[localhost].[/]","thread_name":"Test worker","message":"Initializing Spring embedded WebApplicationContext","app":"charging-engine"}
{"@timestamp":"2026-08-12T09.10.19.978+05:30","level":"INFO","logger_name":"org.springframework.boot.web.servlet.context.ServletWebServerApplicationContext","thread_name":"Test worker","message":"Root WebApplicationContext: initialization completed in 455 ms","app":"charging-engine"}
{"@timestamp":"2026-08-12T09.10.20.098+05:30","level":"DEBUG","logger_name":"com.telcoedge.charging.config.CorelationIdFilter","thread_name":"Test worker","message":"Filter 'corelationIdFilter' configured for use","app":"charging-engine"}
{"@timestamp":"2026-08-12T09.10.20.229+05:30","level":"INFO","logger_name":"org.flywaydb.core.FlywayExecutor","thread_name":"Test worker","message":"Database: jdbc:postgresql://host.docker.internal:50413/test (PostgreSQL 16.14)","app":"charging-engine"}
{"@timestamp":"2026-08-12T09.10.20.256+05:30","level":"INFO","logger_name":"org.flywaydb.core.internal.schemahistory.JdbcTableSchemaHistory","thread_name":"Test worker","message":"Schema history table \"public\".\"flyway_schema_history\" does not exist yet","app":"charging-engine"}
{"@timestamp":"2026-08-12T09.10.20.259+05:30","level":"INFO","logger_name":"org.flywaydb.core.internal.command.DbValidate","thread_name":"Test worker","message":"Successfully validated 10 migrations (execution time 00:00.014s)","app":"charging-engine"}
{"@timestamp":"2026-08-12T09.10.20.272+05:30","level":"INFO","logger_name":"org.flywaydb.core.internal.schemahistory.JdbcTableSchemaHistory","thread_name":"Test worker","message":"Creating Schema History table \"public\".\"flyway_schema_history\" ...","app":"charging-engine"}
{"@timestamp":"2026-08-12T09.10.20.305+05:30","level":"INFO","logger_name":"org.flywaydb.core.internal.command.DbMigrate","thread_name":"Test worker","message":"Current version of schema \"public\": << Empty Schema >>","app":"charging-engine"}
{"@timestamp":"2026-08-12T09.10.20.309+05:30","level":"INFO","logger_name":"org.flywaydb.core.internal.command.DbMigrate","thread_name":"Test worker","message":"Migrating schema \"public\" to version \"1 - create subscribers table\"","app":"charging-engine"}
{"@timestamp":"2026-08-12T09.10.20.333+05:30","level":"INFO","logger_name":"org.flywaydb.core.internal.command.DbMigrate","thread_name":"Test worker","message":"Migrating schema \"public\" to version \"2 - create operators\"","app":"charging-engine"}
{"@timestamp":"2026-08-12T09.10.20.359+05:30","level":"INFO","logger_name":"org.flywaydb.core.internal.command.DbMigrate","thread_name":"Test worker","message":"Migrating schema \"public\" to version \"3 - create plans and tariff rates\"","app":"charging-engine"}
{"@timestamp":"2026-08-12T09.10.20.391+05:30","level":"INFO","logger_name":"org.flywaydb.core.internal.command.DbMigrate","thread_name":"Test worker","message":"Migrating schema \"public\" to version \"4 - create balances\"","app":"charging-engine"}
{"@timestamp":"2026-08-12T09.10.20.457+05:30","level":"INFO","logger_name":"org.flywaydb.core.internal.command.DbMigrate","thread_name":"Test worker","message":"Migrating schema \"public\" to version \"5 - create usage events\"","app":"charging-engine"}
{"@timestamp":"2026-08-12T09.10.20.495+05:30","level":"INFO","logger_name":"org.flywaydb.core.internal.command.DbMigrate","thread_name":"Test worker","message":"Migrating schema \"public\" to version \"6 - create idempotency keys\"","app":"charging-engine"}
{"@timestamp":"2026-08-12T09.10.20.523+05:30","level":"INFO","logger_name":"org.flywaydb.core.internal.command.DbMigrate","thread_name":"Test worker","message":"Migrating schema \"public\" to version \"7 - add usage events type index\"","app":"charging-engine"}
{"@timestamp":"2026-08-12T09.10.20.545+05:30","level":"INFO","logger_name":"org.flywaydb.core.internal.command.DbMigrate","thread_name":"Test worker","message":"Migrating schema \"public\" to version \"8 - add audit columns to subscribers\"","app":"charging-engine"}
{"@timestamp":"2026-08-12T09.10.20.569+05:30","level":"INFO","logger_name":"org.flywaydb.core.internal.command.DbMigrate","thread_name":"Test worker","message":"Migrating schema \"public\" to version \"9 - tune usage events autovacuum\"","app":"charging-engine"}
{"@timestamp":"2026-08-12T09.10.20.589+05:30","level":"INFO","logger_name":"org.flywaydb.core.internal.command.DbMigrate","thread_name":"Test worker","message":"Migrating schema \"public\" to version \"10 - partition usage events\"","app":"charging-engine"}
{"@timestamp":"2026-08-12T09.10.20.645+05:30","level":"INFO","logger_name":"org.flywaydb.core.internal.command.DbMigrate","thread_name":"Test worker","message":"Successfully applied 10 migrations to schema \"public\", now at version v10 (execution time 00:00.171s)","app":"charging-engine"}
{"@timestamp":"2026-08-12T09.10.20.693+05:30","level":"INFO","logger_name":"org.hibernate.jpa.internal.util.LogHelper","thread_name":"Test worker","message":"HHH000204: Processing PersistenceUnitInfo [name: default]","app":"charging-engine"}
{"@timestamp":"2026-08-12T09.10.20.699+05:30","level":"INFO","logger_name":"org.hibernate.cache.internal.RegionFactoryInitiator","thread_name":"Test worker","message":"HHH000026: Second-level cache disabled","app":"charging-engine"}
{"@timestamp":"2026-08-12T09.10.20.710+05:30","level":"INFO","logger_name":"org.springframework.orm.jpa.persistenceunit.SpringPersistenceUnitInfo","thread_name":"Test worker","message":"No LoadTimeWeaver setup: ignoring JPA class transformer","app":"charging-engine"}
{"@timestamp":"2026-08-12T09.10.20.711+05:30","level":"INFO","logger_name":"com.zaxxer.hikari.HikariDataSource","thread_name":"Test worker","message":"charging-engine-pool - Starting...","app":"charging-engine"}
{"@timestamp":"2026-08-12T09.10.20.725+05:30","level":"INFO","logger_name":"com.zaxxer.hikari.pool.HikariPool","thread_name":"Test worker","message":"charging-engine-pool - Added connection org.postgresql.jdbc.PgConnection@c335f37","app":"charging-engine"}
{"@timestamp":"2026-08-12T09.10.20.726+05:30","level":"INFO","logger_name":"com.zaxxer.hikari.HikariDataSource","thread_name":"Test worker","message":"charging-engine-pool - Start completed.","app":"charging-engine"}
{"@timestamp":"2026-08-12T09.10.20.732+05:30","level":"WARN","logger_name":"org.hibernate.orm.deprecation","thread_name":"Test worker","message":"HHH90000025: PostgreSQLDialect does not need to be specified explicitly using 'hibernate.dialect' (remove the property setting and it will be selected by default)","app":"charging-engine"}
{"@timestamp":"2026-08-12T09.10.20.818+05:30","level":"INFO","logger_name":"org.hibernate.engine.transaction.jta.platform.internal.JtaPlatformInitiator","thread_name":"Test worker","message":"HHH000489: No JTA platform available (set 'hibernate.transaction.jta.platform' to enable JTA platform integration)","app":"charging-engine"}
{"@timestamp":"2026-08-12T09.10.20.837+05:30","level":"INFO","logger_name":"org.springframework.orm.jpa.LocalContainerEntityManagerFactoryBean","thread_name":"Test worker","message":"Initialized JPA EntityManagerFactory for persistence unit 'default'","app":"charging-engine"}
{"@timestamp":"2026-08-12T09.10.20.911+05:30","level":"INFO","logger_name":"org.hibernate.engine.internal.StatisticalLoggingSessionEventListener","thread_name":"Test worker","message":"Session Metrics {\n    0 nanoseconds spent acquiring 0 JDBC connections;\n    0 nanoseconds spent releasing 0 JDBC connections;\n    0 nanoseconds spent preparing 0 JDBC statements;\n    0 nanoseconds spent executing 0 JDBC statements;\n    0 nanoseconds spent executing 0 JDBC batches;\n    0 nanoseconds spent performing 0 L2C puts;\n    0 nanoseconds spent performing 0 L2C hits;\n    0 nanoseconds spent performing 0 L2C misses;\n    0 nanoseconds spent executing 0 flushes (flushing a total of 0 entities and 0 collections);\n    0 nanoseconds spent executing 0 pre-partial-flushes;\n    0 nanoseconds spent executing 0 partial-flushes (flushing a total of 0 entities and 0 collections)\n}","app":"charging-engine"}
{"@timestamp":"2026-08-12T09.10.20.922+05:30","level":"INFO","logger_name":"org.hibernate.engine.internal.StatisticalLoggingSessionEventListener","thread_name":"Test worker","message":"Session Metrics {\n    0 nanoseconds spent acquiring 0 JDBC connections;\n    0 nanoseconds spent releasing 0 JDBC connections;\n    0 nanoseconds spent preparing 0 JDBC statements;\n    0 nanoseconds spent executing 0 JDBC statements;\n    0 nanoseconds spent executing 0 JDBC batches;\n    0 nanoseconds spent performing 0 L2C puts;\n    0 nanoseconds spent performing 0 L2C hits;\n    0 nanoseconds spent performing 0 L2C misses;\n    0 nanoseconds spent executing 0 flushes (flushing a total of 0 entities and 0 collections);\n    0 nanoseconds spent executing 0 pre-partial-flushes;\n    0 nanoseconds spent executing 0 partial-flushes (flushing a total of 0 entities and 0 collections)\n}","app":"charging-engine"}
{"@timestamp":"2026-08-12T09.10.20.923+05:30","level":"INFO","logger_name":"org.hibernate.engine.internal.StatisticalLoggingSessionEventListener","thread_name":"Test worker","message":"Session Metrics {\n    0 nanoseconds spent acquiring 0 JDBC connections;\n    0 nanoseconds spent releasing 0 JDBC connections;\n    0 nanoseconds spent preparing 0 JDBC statements;\n    0 nanoseconds spent executing 0 JDBC statements;\n    0 nanoseconds spent executing 0 JDBC batches;\n    0 nanoseconds spent performing 0 L2C puts;\n    0 nanoseconds spent performing 0 L2C hits;\n    0 nanoseconds spent performing 0 L2C misses;\n    0 nanoseconds spent executing 0 flushes (flushing a total of 0 entities and 0 collections);\n    0 nanoseconds spent executing 0 pre-partial-flushes;\n    0 nanoseconds spent executing 0 partial-flushes (flushing a total of 0 entities and 0 collections)\n}","app":"charging-engine"}
{"@timestamp":"2026-08-12T09.10.20.924+05:30","level":"INFO","logger_name":"org.hibernate.engine.internal.StatisticalLoggingSessionEventListener","thread_name":"Test worker","message":"Session Metrics {\n    0 nanoseconds spent acquiring 0 JDBC connections;\n    0 nanoseconds spent releasing 0 JDBC connections;\n    0 nanoseconds spent preparing 0 JDBC statements;\n    0 nanoseconds spent executing 0 JDBC statements;\n    0 nanoseconds spent executing 0 JDBC batches;\n    0 nanoseconds spent performing 0 L2C puts;\n    0 nanoseconds spent performing 0 L2C hits;\n    0 nanoseconds spent performing 0 L2C misses;\n    0 nanoseconds spent executing 0 flushes (flushing a total of 0 entities and 0 collections);\n    0 nanoseconds spent executing 0 pre-partial-flushes;\n    0 nanoseconds spent executing 0 partial-flushes (flushing a total of 0 entities and 0 collections)\n}","app":"charging-engine"}
{"@timestamp":"2026-08-12T09.10.20.958+05:30","level":"INFO","logger_name":"org.hibernate.engine.internal.StatisticalLoggingSessionEventListener","thread_name":"Test worker","message":"Session Metrics {\n    0 nanoseconds spent acquiring 0 JDBC connections;\n    0 nanoseconds spent releasing 0 JDBC connections;\n    0 nanoseconds spent preparing 0 JDBC statements;\n    0 nanoseconds spent executing 0 JDBC statements;\n    0 nanoseconds spent executing 0 JDBC batches;\n    0 nanoseconds spent performing 0 L2C puts;\n    0 nanoseconds spent performing 0 L2C hits;\n    0 nanoseconds spent performing 0 L2C misses;\n    0 nanoseconds spent executing 0 flushes (flushing a total of 0 entities and 0 collections);\n    0 nanoseconds spent executing 0 pre-partial-flushes;\n    0 nanoseconds spent executing 0 partial-flushes (flushing a total of 0 entities and 0 collections)\n}","app":"charging-engine"}
{"@timestamp":"2026-08-12T09.10.20.961+05:30","level":"INFO","logger_name":"org.hibernate.engine.internal.StatisticalLoggingSessionEventListener","thread_name":"Test worker","message":"Session Metrics {\n    0 nanoseconds spent acquiring 0 JDBC connections;\n    0 nanoseconds spent releasing 0 JDBC connections;\n    0 nanoseconds spent preparing 0 JDBC statements;\n    0 nanoseconds spent executing 0 JDBC statements;\n    0 nanoseconds spent executing 0 JDBC batches;\n    0 nanoseconds spent performing 0 L2C puts;\n    0 nanoseconds spent performing 0 L2C hits;\n    0 nanoseconds spent performing 0 L2C misses;\n    0 nanoseconds spent executing 0 flushes (flushing a total of 0 entities and 0 collections);\n    0 nanoseconds spent executing 0 pre-partial-flushes;\n    0 nanoseconds spent executing 0 partial-flushes (flushing a total of 0 entities and 0 collections)\n}","app":"charging-engine"}
{"@timestamp":"2026-08-12T09.10.20.963+05:30","level":"INFO","logger_name":"org.hibernate.engine.internal.StatisticalLoggingSessionEventListener","thread_name":"Test worker","message":"Session Metrics {\n    0 nanoseconds spent acquiring 0 JDBC connections;\n    0 nanoseconds spent releasing 0 JDBC connections;\n    0 nanoseconds spent preparing 0 JDBC statements;\n    0 nanoseconds spent executing 0 JDBC statements;\n    0 nanoseconds spent executing 0 JDBC batches;\n    0 nanoseconds spent performing 0 L2C puts;\n    0 nanoseconds spent performing 0 L2C hits;\n    0 nanoseconds spent performing 0 L2C misses;\n    0 nanoseconds spent executing 0 flushes (flushing a total of 0 entities and 0 collections);\n    0 nanoseconds spent executing 0 pre-partial-flushes;\n    0 nanoseconds spent executing 0 partial-flushes (flushing a total of 0 entities and 0 collections)\n}","app":"charging-engine"}
{"@timestamp":"2026-08-12T09.10.20.964+05:30","level":"INFO","logger_name":"org.hibernate.engine.internal.StatisticalLoggingSessionEventListener","thread_name":"Test worker","message":"Session Metrics {\n    0 nanoseconds spent acquiring 0 JDBC connections;\n    0 nanoseconds spent releasing 0 JDBC connections;\n    0 nanoseconds spent preparing 0 JDBC statements;\n    0 nanoseconds spent executing 0 JDBC statements;\n    0 nanoseconds spent executing 0 JDBC batches;\n    0 nanoseconds spent performing 0 L2C puts;\n    0 nanoseconds spent performing 0 L2C hits;\n    0 nanoseconds spent performing 0 L2C misses;\n    0 nanoseconds spent executing 0 flushes (flushing a total of 0 entities and 0 collections);\n    0 nanoseconds spent executing 0 pre-partial-flushes;\n    0 nanoseconds spent executing 0 partial-flushes (flushing a total of 0 entities and 0 collections)\n}","app":"charging-engine"}
{"@timestamp":"2026-08-12T09.10.20.965+05:30","level":"INFO","logger_name":"org.hibernate.engine.internal.StatisticalLoggingSessionEventListener","thread_name":"Test worker","message":"Session Metrics {\n    0 nanoseconds spent acquiring 0 JDBC connections;\n    0 nanoseconds spent releasing 0 JDBC connections;\n    0 nanoseconds spent preparing 0 JDBC statements;\n    0 nanoseconds spent executing 0 JDBC statements;\n    0 nanoseconds spent executing 0 JDBC batches;\n    0 nanoseconds spent performing 0 L2C puts;\n    0 nanoseconds spent performing 0 L2C hits;\n    0 nanoseconds spent performing 0 L2C misses;\n    0 nanoseconds spent executing 0 flushes (flushing a total of 0 entities and 0 collections);\n    0 nanoseconds spent executing 0 pre-partial-flushes;\n    0 nanoseconds spent executing 0 partial-flushes (flushing a total of 0 entities and 0 collections)\n}","app":"charging-engine"}
{"@timestamp":"2026-08-12T09.10.20.966+05:30","level":"INFO","logger_name":"org.hibernate.engine.internal.StatisticalLoggingSessionEventListener","thread_name":"Test worker","message":"Session Metrics {\n    0 nanoseconds spent acquiring 0 JDBC connections;\n    0 nanoseconds spent releasing 0 JDBC connections;\n    0 nanoseconds spent preparing 0 JDBC statements;\n    0 nanoseconds spent executing 0 JDBC statements;\n    0 nanoseconds spent executing 0 JDBC batches;\n    0 nanoseconds spent performing 0 L2C puts;\n    0 nanoseconds spent performing 0 L2C hits;\n    0 nanoseconds spent performing 0 L2C misses;\n    0 nanoseconds spent executing 0 flushes (flushing a total of 0 entities and 0 collections);\n    0 nanoseconds spent executing 0 pre-partial-flushes;\n    0 nanoseconds spent executing 0 partial-flushes (flushing a total of 0 entities and 0 collections)\n}","app":"charging-engine"}
{"@timestamp":"2026-08-12T09.10.20.966+05:30","level":"INFO","logger_name":"org.hibernate.engine.internal.StatisticalLoggingSessionEventListener","thread_name":"Test worker","message":"Session Metrics {\n    0 nanoseconds spent acquiring 0 JDBC connections;\n    0 nanoseconds spent releasing 0 JDBC connections;\n    0 nanoseconds spent preparing 0 JDBC statements;\n    0 nanoseconds spent executing 0 JDBC statements;\n    0 nanoseconds spent executing 0 JDBC batches;\n    0 nanoseconds spent performing 0 L2C puts;\n    0 nanoseconds spent performing 0 L2C hits;\n    0 nanoseconds spent performing 0 L2C misses;\n    0 nanoseconds spent executing 0 flushes (flushing a total of 0 entities and 0 collections);\n    0 nanoseconds spent executing 0 pre-partial-flushes;\n    0 nanoseconds spent executing 0 partial-flushes (flushing a total of 0 entities and 0 collections)\n}","app":"charging-engine"}
{"@timestamp":"2026-08-12T09.10.20.966+05:30","level":"INFO","logger_name":"org.hibernate.engine.internal.StatisticalLoggingSessionEventListener","thread_name":"Test worker","message":"Session Metrics {\n    0 nanoseconds spent acquiring 0 JDBC connections;\n    0 nanoseconds spent releasing 0 JDBC connections;\n    0 nanoseconds spent preparing 0 JDBC statements;\n    0 nanoseconds spent executing 0 JDBC statements;\n    0 nanoseconds spent executing 0 JDBC batches;\n    0 nanoseconds spent performing 0 L2C puts;\n    0 nanoseconds spent performing 0 L2C hits;\n    0 nanoseconds spent performing 0 L2C misses;\n    0 nanoseconds spent executing 0 flushes (flushing a total of 0 entities and 0 collections);\n    0 nanoseconds spent executing 0 pre-partial-flushes;\n    0 nanoseconds spent executing 0 partial-flushes (flushing a total of 0 entities and 0 collections)\n}","app":"charging-engine"}
{"@timestamp":"2026-08-12T09.10.20.968+05:30","level":"INFO","logger_name":"org.hibernate.engine.internal.StatisticalLoggingSessionEventListener","thread_name":"Test worker","message":"Session Metrics {\n    0 nanoseconds spent acquiring 0 JDBC connections;\n    0 nanoseconds spent releasing 0 JDBC connections;\n    0 nanoseconds spent preparing 0 JDBC statements;\n    0 nanoseconds spent executing 0 JDBC statements;\n    0 nanoseconds spent executing 0 JDBC batches;\n    0 nanoseconds spent performing 0 L2C puts;\n    0 nanoseconds spent performing 0 L2C hits;\n    0 nanoseconds spent performing 0 L2C misses;\n    0 nanoseconds spent executing 0 flushes (flushing a total of 0 entities and 0 collections);\n    0 nanoseconds spent executing 0 pre-partial-flushes;\n    0 nanoseconds spent executing 0 partial-flushes (flushing a total of 0 entities and 0 collections)\n}","app":"charging-engine"}
{"@timestamp":"2026-08-12T09.10.20.968+05:30","level":"INFO","logger_name":"org.hibernate.engine.internal.StatisticalLoggingSessionEventListener","thread_name":"Test worker","message":"Session Metrics {\n    0 nanoseconds spent acquiring 0 JDBC connections;\n    0 nanoseconds spent releasing 0 JDBC connections;\n    0 nanoseconds spent preparing 0 JDBC statements;\n    0 nanoseconds spent executing 0 JDBC statements;\n    0 nanoseconds spent executing 0 JDBC batches;\n    0 nanoseconds spent performing 0 L2C puts;\n    0 nanoseconds spent performing 0 L2C hits;\n    0 nanoseconds spent performing 0 L2C misses;\n    0 nanoseconds spent executing 0 flushes (flushing a total of 0 entities and 0 collections);\n    0 nanoseconds spent executing 0 pre-partial-flushes;\n    0 nanoseconds spent executing 0 partial-flushes (flushing a total of 0 entities and 0 collections)\n}","app":"charging-engine"}
{"@timestamp":"2026-08-12T09.10.20.969+05:30","level":"INFO","logger_name":"org.hibernate.engine.internal.StatisticalLoggingSessionEventListener","thread_name":"Test worker","message":"Session Metrics {\n    0 nanoseconds spent acquiring 0 JDBC connections;\n    0 nanoseconds spent releasing 0 JDBC connections;\n    0 nanoseconds spent preparing 0 JDBC statements;\n    0 nanoseconds spent executing 0 JDBC statements;\n    0 nanoseconds spent executing 0 JDBC batches;\n    0 nanoseconds spent performing 0 L2C puts;\n    0 nanoseconds spent performing 0 L2C hits;\n    0 nanoseconds spent performing 0 L2C misses;\n    0 nanoseconds spent executing 0 flushes (flushing a total of 0 entities and 0 collections);\n    0 nanoseconds spent executing 0 pre-partial-flushes;\n    0 nanoseconds spent executing 0 partial-flushes (flushing a total of 0 entities and 0 collections)\n}","app":"charging-engine"}
{"@timestamp":"2026-08-12T09.10.20.970+05:30","level":"INFO","logger_name":"org.hibernate.engine.internal.StatisticalLoggingSessionEventListener","thread_name":"Test worker","message":"Session Metrics {\n    0 nanoseconds spent acquiring 0 JDBC connections;\n    0 nanoseconds spent releasing 0 JDBC connections;\n    0 nanoseconds spent preparing 0 JDBC statements;\n    0 nanoseconds spent executing 0 JDBC statements;\n    0 nanoseconds spent executing 0 JDBC batches;\n    0 nanoseconds spent performing 0 L2C puts;\n    0 nanoseconds spent performing 0 L2C hits;\n    0 nanoseconds spent performing 0 L2C misses;\n    0 nanoseconds spent executing 0 flushes (flushing a total of 0 entities and 0 collections);\n    0 nanoseconds spent executing 0 pre-partial-flushes;\n    0 nanoseconds spent executing 0 partial-flushes (flushing a total of 0 entities and 0 collections)\n}","app":"charging-engine"}
{"@timestamp":"2026-08-12T09.10.20.971+05:30","level":"INFO","logger_name":"org.hibernate.engine.internal.StatisticalLoggingSessionEventListener","thread_name":"Test worker","message":"Session Metrics {\n    0 nanoseconds spent acquiring 0 JDBC connections;\n    0 nanoseconds spent releasing 0 JDBC connections;\n    0 nanoseconds spent preparing 0 JDBC statements;\n    0 nanoseconds spent executing 0 JDBC statements;\n    0 nanoseconds spent executing 0 JDBC batches;\n    0 nanoseconds spent performing 0 L2C puts;\n    0 nanoseconds spent performing 0 L2C hits;\n    0 nanoseconds spent performing 0 L2C misses;\n    0 nanoseconds spent executing 0 flushes (flushing a total of 0 entities and 0 collections);\n    0 nanoseconds spent executing 0 pre-partial-flushes;\n    0 nanoseconds spent executing 0 partial-flushes (flushing a total of 0 entities and 0 collections)\n}","app":"charging-engine"}
{"@timestamp":"2026-08-12T09.10.20.972+05:30","level":"INFO","logger_name":"org.hibernate.engine.internal.StatisticalLoggingSessionEventListener","thread_name":"Test worker","message":"Session Metrics {\n    0 nanoseconds spent acquiring 0 JDBC connections;\n    0 nanoseconds spent releasing 0 JDBC connections;\n    0 nanoseconds spent preparing 0 JDBC statements;\n    0 nanoseconds spent executing 0 JDBC statements;\n    0 nanoseconds spent executing 0 JDBC batches;\n    0 nanoseconds spent performing 0 L2C puts;\n    0 nanoseconds spent performing 0 L2C hits;\n    0 nanoseconds spent performing 0 L2C misses;\n    0 nanoseconds spent executing 0 flushes (flushing a total of 0 entities and 0 collections);\n    0 nanoseconds spent executing 0 pre-partial-flushes;\n    0 nanoseconds spent executing 0 partial-flushes (flushing a total of 0 entities and 0 collections)\n}","app":"charging-engine"}
{"@timestamp":"2026-08-12T09.10.20.982+05:30","level":"INFO","logger_name":"org.hibernate.engine.internal.StatisticalLoggingSessionEventListener","thread_name":"Test worker","message":"Session Metrics {\n    0 nanoseconds spent acquiring 0 JDBC connections;\n    0 nanoseconds spent releasing 0 JDBC connections;\n    0 nanoseconds spent preparing 0 JDBC statements;\n    0 nanoseconds spent executing 0 JDBC statements;\n    0 nanoseconds spent executing 0 JDBC batches;\n    0 nanoseconds spent performing 0 L2C puts;\n    0 nanoseconds spent performing 0 L2C hits;\n    0 nanoseconds spent performing 0 L2C misses;\n    0 nanoseconds spent executing 0 flushes (flushing a total of 0 entities and 0 collections);\n    0 nanoseconds spent executing 0 pre-partial-flushes;\n    0 nanoseconds spent executing 0 partial-flushes (flushing a total of 0 entities and 0 collections)\n}","app":"charging-engine"}
{"@timestamp":"2026-08-12T09.10.20.984+05:30","level":"INFO","logger_name":"org.hibernate.engine.internal.StatisticalLoggingSessionEventListener","thread_name":"Test worker","message":"Session Metrics {\n    0 nanoseconds spent acquiring 0 JDBC connections;\n    0 nanoseconds spent releasing 0 JDBC connections;\n    0 nanoseconds spent preparing 0 JDBC statements;\n    0 nanoseconds spent executing 0 JDBC statements;\n    0 nanoseconds spent executing 0 JDBC batches;\n    0 nanoseconds spent performing 0 L2C puts;\n    0 nanoseconds spent performing 0 L2C hits;\n    0 nanoseconds spent performing 0 L2C misses;\n    0 nanoseconds spent executing 0 flushes (flushing a total of 0 entities and 0 collections);\n    0 nanoseconds spent executing 0 pre-partial-flushes;\n    0 nanoseconds spent executing 0 partial-flushes (flushing a total of 0 entities and 0 collections)\n}","app":"charging-engine"}
{"@timestamp":"2026-08-12T09.10.20.985+05:30","level":"INFO","logger_name":"org.hibernate.engine.internal.StatisticalLoggingSessionEventListener","thread_name":"Test worker","message":"Session Metrics {\n    0 nanoseconds spent acquiring 0 JDBC connections;\n    0 nanoseconds spent releasing 0 JDBC connections;\n    0 nanoseconds spent preparing 0 JDBC statements;\n    0 nanoseconds spent executing 0 JDBC statements;\n    0 nanoseconds spent executing 0 JDBC batches;\n    0 nanoseconds spent performing 0 L2C puts;\n    0 nanoseconds spent performing 0 L2C hits;\n    0 nanoseconds spent performing 0 L2C misses;\n    0 nanoseconds spent executing 0 flushes (flushing a total of 0 entities and 0 collections);\n    0 nanoseconds spent executing 0 pre-partial-flushes;\n    0 nanoseconds spent executing 0 partial-flushes (flushing a total of 0 entities and 0 collections)\n}","app":"charging-engine"}
{"@timestamp":"2026-08-12T09.10.20.985+05:30","level":"INFO","logger_name":"org.hibernate.engine.internal.StatisticalLoggingSessionEventListener","thread_name":"Test worker","message":"Session Metrics {\n    0 nanoseconds spent acquiring 0 JDBC connections;\n    0 nanoseconds spent releasing 0 JDBC connections;\n    0 nanoseconds spent preparing 0 JDBC statements;\n    0 nanoseconds spent executing 0 JDBC statements;\n    0 nanoseconds spent executing 0 JDBC batches;\n    0 nanoseconds spent performing 0 L2C puts;\n    0 nanoseconds spent performing 0 L2C hits;\n    0 nanoseconds spent performing 0 L2C misses;\n    0 nanoseconds spent executing 0 flushes (flushing a total of 0 entities and 0 collections);\n    0 nanoseconds spent executing 0 pre-partial-flushes;\n    0 nanoseconds spent executing 0 partial-flushes (flushing a total of 0 entities and 0 collections)\n}","app":"charging-engine"}
{"@timestamp":"2026-08-12T09.10.20.987+05:30","level":"INFO","logger_name":"org.hibernate.engine.internal.StatisticalLoggingSessionEventListener","thread_name":"Test worker","message":"Session Metrics {\n    0 nanoseconds spent acquiring 0 JDBC connections;\n    0 nanoseconds spent releasing 0 JDBC connections;\n    0 nanoseconds spent preparing 0 JDBC statements;\n    0 nanoseconds spent executing 0 JDBC statements;\n    0 nanoseconds spent executing 0 JDBC batches;\n    0 nanoseconds spent performing 0 L2C puts;\n    0 nanoseconds spent performing 0 L2C hits;\n    0 nanoseconds spent performing 0 L2C misses;\n    0 nanoseconds spent executing 0 flushes (flushing a total of 0 entities and 0 collections);\n    0 nanoseconds spent executing 0 pre-partial-flushes;\n    0 nanoseconds spent executing 0 partial-flushes (flushing a total of 0 entities and 0 collections)\n}","app":"charging-engine"}
{"@timestamp":"2026-08-12T09.10.20.987+05:30","level":"INFO","logger_name":"org.hibernate.engine.internal.StatisticalLoggingSessionEventListener","thread_name":"Test worker","message":"Session Metrics {\n    0 nanoseconds spent acquiring 0 JDBC connections;\n    0 nanoseconds spent releasing 0 JDBC connections;\n    0 nanoseconds spent preparing 0 JDBC statements;\n    0 nanoseconds spent executing 0 JDBC statements;\n    0 nanoseconds spent executing 0 JDBC batches;\n    0 nanoseconds spent performing 0 L2C puts;\n    0 nanoseconds spent performing 0 L2C hits;\n    0 nanoseconds spent performing 0 L2C misses;\n    0 nanoseconds spent executing 0 flushes (flushing a total of 0 entities and 0 collections);\n    0 nanoseconds spent executing 0 pre-partial-flushes;\n    0 nanoseconds spent executing 0 partial-flushes (flushing a total of 0 entities and 0 collections)\n}","app":"charging-engine"}
{"@timestamp":"2026-08-12T09.10.20.989+05:30","level":"INFO","logger_name":"org.hibernate.engine.internal.StatisticalLoggingSessionEventListener","thread_name":"Test worker","message":"Session Metrics {\n    0 nanoseconds spent acquiring 0 JDBC connections;\n    0 nanoseconds spent releasing 0 JDBC connections;\n    0 nanoseconds spent preparing 0 JDBC statements;\n    0 nanoseconds spent executing 0 JDBC statements;\n    0 nanoseconds spent executing 0 JDBC batches;\n    0 nanoseconds spent performing 0 L2C puts;\n    0 nanoseconds spent performing 0 L2C hits;\n    0 nanoseconds spent performing 0 L2C misses;\n    0 nanoseconds spent executing 0 flushes (flushing a total of 0 entities and 0 collections);\n    0 nanoseconds spent executing 0 pre-partial-flushes;\n    0 nanoseconds spent executing 0 partial-flushes (flushing a total of 0 entities and 0 collections)\n}","app":"charging-engine"}
{"@timestamp":"2026-08-12T09.10.20.989+05:30","level":"INFO","logger_name":"org.hibernate.engine.internal.StatisticalLoggingSessionEventListener","thread_name":"Test worker","message":"Session Metrics {\n    0 nanoseconds spent acquiring 0 JDBC connections;\n    0 nanoseconds spent releasing 0 JDBC connections;\n    0 nanoseconds spent preparing 0 JDBC statements;\n    0 nanoseconds spent executing 0 JDBC statements;\n    0 nanoseconds spent executing 0 JDBC batches;\n    0 nanoseconds spent performing 0 L2C puts;\n    0 nanoseconds spent performing 0 L2C hits;\n    0 nanoseconds spent performing 0 L2C misses;\n    0 nanoseconds spent executing 0 flushes (flushing a total of 0 entities and 0 collections);\n    0 nanoseconds spent executing 0 pre-partial-flushes;\n    0 nanoseconds spent executing 0 partial-flushes (flushing a total of 0 entities and 0 collections)\n}","app":"charging-engine"}
{"@timestamp":"2026-08-12T09.10.20.990+05:30","level":"INFO","logger_name":"org.hibernate.engine.internal.StatisticalLoggingSessionEventListener","thread_name":"Test worker","message":"Session Metrics {\n    0 nanoseconds spent acquiring 0 JDBC connections;\n    0 nanoseconds spent releasing 0 JDBC connections;\n    0 nanoseconds spent preparing 0 JDBC statements;\n    0 nanoseconds spent executing 0 JDBC statements;\n    0 nanoseconds spent executing 0 JDBC batches;\n    0 nanoseconds spent performing 0 L2C puts;\n    0 nanoseconds spent performing 0 L2C hits;\n    0 nanoseconds spent performing 0 L2C misses;\n    0 nanoseconds spent executing 0 flushes (flushing a total of 0 entities and 0 collections);\n    0 nanoseconds spent executing 0 pre-partial-flushes;\n    0 nanoseconds spent executing 0 partial-flushes (flushing a total of 0 entities and 0 collections)\n}","app":"charging-engine"}
{"@timestamp":"2026-08-12T09.10.21.001+05:30","level":"INFO","logger_name":"org.hibernate.engine.internal.StatisticalLoggingSessionEventListener","thread_name":"Test worker","message":"Session Metrics {\n    0 nanoseconds spent acquiring 0 JDBC connections;\n    0 nanoseconds spent releasing 0 JDBC connections;\n    0 nanoseconds spent preparing 0 JDBC statements;\n    0 nanoseconds spent executing 0 JDBC statements;\n    0 nanoseconds spent executing 0 JDBC batches;\n    0 nanoseconds spent performing 0 L2C puts;\n    0 nanoseconds spent performing 0 L2C hits;\n    0 nanoseconds spent performing 0 L2C misses;\n    0 nanoseconds spent executing 0 flushes (flushing a total of 0 entities and 0 collections);\n    0 nanoseconds spent executing 0 pre-partial-flushes;\n    0 nanoseconds spent executing 0 partial-flushes (flushing a total of 0 entities and 0 collections)\n}","app":"charging-engine"}
{"@timestamp":"2026-08-12T09.10.21.004+05:30","level":"INFO","logger_name":"org.hibernate.engine.internal.StatisticalLoggingSessionEventListener","thread_name":"Test worker","message":"Session Metrics {\n    0 nanoseconds spent acquiring 0 JDBC connections;\n    0 nanoseconds spent releasing 0 JDBC connections;\n    0 nanoseconds spent preparing 0 JDBC statements;\n    0 nanoseconds spent executing 0 JDBC statements;\n    0 nanoseconds spent executing 0 JDBC batches;\n    0 nanoseconds spent performing 0 L2C puts;\n    0 nanoseconds spent performing 0 L2C hits;\n    0 nanoseconds spent performing 0 L2C misses;\n    0 nanoseconds spent executing 0 flushes (flushing a total of 0 entities and 0 collections);\n    0 nanoseconds spent executing 0 pre-partial-flushes;\n    0 nanoseconds spent executing 0 partial-flushes (flushing a total of 0 entities and 0 collections)\n}","app":"charging-engine"}
{"@timestamp":"2026-08-12T09.10.21.008+05:30","level":"INFO","logger_name":"org.hibernate.engine.internal.StatisticalLoggingSessionEventListener","thread_name":"Test worker","message":"Session Metrics {\n    0 nanoseconds spent acquiring 0 JDBC connections;\n    0 nanoseconds spent releasing 0 JDBC connections;\n    0 nanoseconds spent preparing 0 JDBC statements;\n    0 nanoseconds spent executing 0 JDBC statements;\n    0 nanoseconds spent executing 0 JDBC batches;\n    0 nanoseconds spent performing 0 L2C puts;\n    0 nanoseconds spent performing 0 L2C hits;\n    0 nanoseconds spent performing 0 L2C misses;\n    0 nanoseconds spent executing 0 flushes (flushing a total of 0 entities and 0 collections);\n    0 nanoseconds spent executing 0 pre-partial-flushes;\n    0 nanoseconds spent executing 0 partial-flushes (flushing a total of 0 entities and 0 collections)\n}","app":"charging-engine"}
{"@timestamp":"2026-08-12T09.10.21.008+05:30","level":"INFO","logger_name":"org.hibernate.engine.internal.StatisticalLoggingSessionEventListener","thread_name":"Test worker","message":"Session Metrics {\n    0 nanoseconds spent acquiring 0 JDBC connections;\n    0 nanoseconds spent releasing 0 JDBC connections;\n    0 nanoseconds spent preparing 0 JDBC statements;\n    0 nanoseconds spent executing 0 JDBC statements;\n    0 nanoseconds spent executing 0 JDBC batches;\n    0 nanoseconds spent performing 0 L2C puts;\n    0 nanoseconds spent performing 0 L2C hits;\n    0 nanoseconds spent performing 0 L2C misses;\n    0 nanoseconds spent executing 0 flushes (flushing a total of 0 entities and 0 collections);\n    0 nanoseconds spent executing 0 pre-partial-flushes;\n    0 nanoseconds spent executing 0 partial-flushes (flushing a total of 0 entities and 0 collections)\n}","app":"charging-engine"}
{"@timestamp":"2026-08-12T09.10.21.009+05:30","level":"INFO","logger_name":"org.hibernate.engine.internal.StatisticalLoggingSessionEventListener","thread_name":"Test worker","message":"Session Metrics {\n    0 nanoseconds spent acquiring 0 JDBC connections;\n    0 nanoseconds spent releasing 0 JDBC connections;\n    0 nanoseconds spent preparing 0 JDBC statements;\n    0 nanoseconds spent executing 0 JDBC statements;\n    0 nanoseconds spent executing 0 JDBC batches;\n    0 nanoseconds spent performing 0 L2C puts;\n    0 nanoseconds spent performing 0 L2C hits;\n    0 nanoseconds spent performing 0 L2C misses;\n    0 nanoseconds spent executing 0 flushes (flushing a total of 0 entities and 0 collections);\n    0 nanoseconds spent executing 0 pre-partial-flushes;\n    0 nanoseconds spent executing 0 partial-flushes (flushing a total of 0 entities and 0 collections)\n}","app":"charging-engine"}
{"@timestamp":"2026-08-12T09.10.21.011+05:30","level":"INFO","logger_name":"org.hibernate.engine.internal.StatisticalLoggingSessionEventListener","thread_name":"Test worker","message":"Session Metrics {\n    0 nanoseconds spent acquiring 0 JDBC connections;\n    0 nanoseconds spent releasing 0 JDBC connections;\n    0 nanoseconds spent preparing 0 JDBC statements;\n    0 nanoseconds spent executing 0 JDBC statements;\n    0 nanoseconds spent executing 0 JDBC batches;\n    0 nanoseconds spent performing 0 L2C puts;\n    0 nanoseconds spent performing 0 L2C hits;\n    0 nanoseconds spent performing 0 L2C misses;\n    0 nanoseconds spent executing 0 flushes (flushing a total of 0 entities and 0 collections);\n    0 nanoseconds spent executing 0 pre-partial-flushes;\n    0 nanoseconds spent executing 0 partial-flushes (flushing a total of 0 entities and 0 collections)\n}","app":"charging-engine"}
{"@timestamp":"2026-08-12T09.10.21.011+05:30","level":"INFO","logger_name":"org.hibernate.engine.internal.StatisticalLoggingSessionEventListener","thread_name":"Test worker","message":"Session Metrics {\n    0 nanoseconds spent acquiring 0 JDBC connections;\n    0 nanoseconds spent releasing 0 JDBC connections;\n    0 nanoseconds spent preparing 0 JDBC statements;\n    0 nanoseconds spent executing 0 JDBC statements;\n    0 nanoseconds spent executing 0 JDBC batches;\n    0 nanoseconds spent performing 0 L2C puts;\n    0 nanoseconds spent performing 0 L2C hits;\n    0 nanoseconds spent performing 0 L2C misses;\n    0 nanoseconds spent executing 0 flushes (flushing a total of 0 entities and 0 collections);\n    0 nanoseconds spent executing 0 pre-partial-flushes;\n    0 nanoseconds spent executing 0 partial-flushes (flushing a total of 0 entities and 0 collections)\n}","app":"charging-engine"}
{"@timestamp":"2026-08-12T09.10.21.116+05:30","level":"INFO","logger_name":"org.hibernate.engine.internal.StatisticalLoggingSessionEventListener","thread_name":"Test worker","message":"Session Metrics {\n    0 nanoseconds spent acquiring 0 JDBC connections;\n    0 nanoseconds spent releasing 0 JDBC connections;\n    0 nanoseconds spent preparing 0 JDBC statements;\n    0 nanoseconds spent executing 0 JDBC statements;\n    0 nanoseconds spent executing 0 JDBC batches;\n    0 nanoseconds spent performing 0 L2C puts;\n    0 nanoseconds spent performing 0 L2C hits;\n    0 nanoseconds spent performing 0 L2C misses;\n    0 nanoseconds spent executing 0 flushes (flushing a total of 0 entities and 0 collections);\n    0 nanoseconds spent executing 0 pre-partial-flushes;\n    0 nanoseconds spent executing 0 partial-flushes (flushing a total of 0 entities and 0 collections)\n}","app":"charging-engine"}
{"@timestamp":"2026-08-12T09.10.21.117+05:30","level":"INFO","logger_name":"org.hibernate.engine.internal.StatisticalLoggingSessionEventListener","thread_name":"Test worker","message":"Session Metrics {\n    0 nanoseconds spent acquiring 0 JDBC connections;\n    0 nanoseconds spent releasing 0 JDBC connections;\n    0 nanoseconds spent preparing 0 JDBC statements;\n    0 nanoseconds spent executing 0 JDBC statements;\n    0 nanoseconds spent executing 0 JDBC batches;\n    0 nanoseconds spent performing 0 L2C puts;\n    0 nanoseconds spent performing 0 L2C hits;\n    0 nanoseconds spent performing 0 L2C misses;\n    0 nanoseconds spent executing 0 flushes (flushing a total of 0 entities and 0 collections);\n    0 nanoseconds spent executing 0 pre-partial-flushes;\n    0 nanoseconds spent executing 0 partial-flushes (flushing a total of 0 entities and 0 collections)\n}","app":"charging-engine"}
{"@timestamp":"2026-08-12T09.10.21.120+05:30","level":"INFO","logger_name":"org.hibernate.engine.internal.StatisticalLoggingSessionEventListener","thread_name":"Test worker","message":"Session Metrics {\n    0 nanoseconds spent acquiring 0 JDBC connections;\n    0 nanoseconds spent releasing 0 JDBC connections;\n    0 nanoseconds spent preparing 0 JDBC statements;\n    0 nanoseconds spent executing 0 JDBC statements;\n    0 nanoseconds spent executing 0 JDBC batches;\n    0 nanoseconds spent performing 0 L2C puts;\n    0 nanoseconds spent performing 0 L2C hits;\n    0 nanoseconds spent performing 0 L2C misses;\n    0 nanoseconds spent executing 0 flushes (flushing a total of 0 entities and 0 collections);\n    0 nanoseconds spent executing 0 pre-partial-flushes;\n    0 nanoseconds spent executing 0 partial-flushes (flushing a total of 0 entities and 0 collections)\n}","app":"charging-engine"}
{"@timestamp":"2026-08-12T09.10.21.120+05:30","level":"INFO","logger_name":"org.hibernate.engine.internal.StatisticalLoggingSessionEventListener","thread_name":"Test worker","message":"Session Metrics {\n    0 nanoseconds spent acquiring 0 JDBC connections;\n    0 nanoseconds spent releasing 0 JDBC connections;\n    0 nanoseconds spent preparing 0 JDBC statements;\n    0 nanoseconds spent executing 0 JDBC statements;\n    0 nanoseconds spent executing 0 JDBC batches;\n    0 nanoseconds spent performing 0 L2C puts;\n    0 nanoseconds spent performing 0 L2C hits;\n    0 nanoseconds spent performing 0 L2C misses;\n    0 nanoseconds spent executing 0 flushes (flushing a total of 0 entities and 0 collections);\n    0 nanoseconds spent executing 0 pre-partial-flushes;\n    0 nanoseconds spent executing 0 partial-flushes (flushing a total of 0 entities and 0 collections)\n}","app":"charging-engine"}
{"@timestamp":"2026-08-12T09.10.21.123+05:30","level":"INFO","logger_name":"org.hibernate.engine.internal.StatisticalLoggingSessionEventListener","thread_name":"Test worker","message":"Session Metrics {\n    0 nanoseconds spent acquiring 0 JDBC connections;\n    0 nanoseconds spent releasing 0 JDBC connections;\n    0 nanoseconds spent preparing 0 JDBC statements;\n    0 nanoseconds spent executing 0 JDBC statements;\n    0 nanoseconds spent executing 0 JDBC batches;\n    0 nanoseconds spent performing 0 L2C puts;\n    0 nanoseconds spent performing 0 L2C hits;\n    0 nanoseconds spent performing 0 L2C misses;\n    0 nanoseconds spent executing 0 flushes (flushing a total of 0 entities and 0 collections);\n    0 nanoseconds spent executing 0 pre-partial-flushes;\n    0 nanoseconds spent executing 0 partial-flushes (flushing a total of 0 entities and 0 collections)\n}","app":"charging-engine"}
{"@timestamp":"2026-08-12T09.10.22.016+05:30","level":"INFO","logger_name":"org.springframework.boot.actuate.endpoint.web.EndpointLinksResolver","thread_name":"Test worker","message":"Exposing 3 endpoints beneath base path '/actuator'","app":"charging-engine"}
{"@timestamp":"2026-08-12T09.10.22.072+05:30","level":"INFO","logger_name":"org.apache.coyote.http11.Http11NioProtocol","thread_name":"Test worker","message":"Starting ProtocolHandler [\"http-nio-auto-2\"]","app":"charging-engine"}
{"@timestamp":"2026-08-12T09.10.22.079+05:30","level":"INFO","logger_name":"org.springframework.boot.web.embedded.tomcat.TomcatWebServer","thread_name":"Test worker","message":"Tomcat started on port 50437 (http) with context path '/'","app":"charging-engine"}
{"@timestamp":"2026-08-12T09.10.22.096+05:30","level":"INFO","logger_name":"com.telcoedge.charging.CircuitBreakerIntegrationTest","thread_name":"Test worker","message":"Started CircuitBreakerIntegrationTest in 2.606 seconds (process running for 30.382)","app":"charging-engine"}
{"@timestamp":"2026-08-12T09.10.22.118+05:30","level":"WARN","logger_name":"com.telcoedge.charging.SubscriberLookup","thread_name":"Test worker","message":"Circuit breaker fallback for a subscriber id lookup : operatorId acme , msisdn 9876543210, error CircuitBreaker 'subscriberLookup' is OPEN and does not permit further calls","app":"charging-engine"}
{"@timestamp":"2026-08-12T09.10.22.123+05:30","level":"WARN","logger_name":"com.telcoedge.charging.SubscriberLookup","thread_name":"Test worker","message":"Circuit breaker fallback for a subscriber id lookup : operatorId nonexistent , msisdn 0000000000, error CircuitBreaker 'subscriberLookup' is OPEN and does not permit further calls","app":"charging-engine"}
{"@timestamp":"2026-08-12T09.10.22.124+05:30","level":"WARN","logger_name":"com.telcoedge.charging.SubscriberLookup","thread_name":"Test worker","message":"Circuit breaker fallback for a subscriber id lookup : operatorId nonexistent , msisdn 0000000000, error CircuitBreaker 'subscriberLookup' is OPEN and does not permit further calls","app":"charging-engine"}
{"@timestamp":"2026-08-12T09.10.22.124+05:30","level":"WARN","logger_name":"com.telcoedge.charging.SubscriberLookup","thread_name":"Test worker","message":"Circuit breaker fallback for a subscriber id lookup : operatorId nonexistent , msisdn 0000000000, error CircuitBreaker 'subscriberLookup' is OPEN and does not permit further calls","app":"charging-engine"}
{"@timestamp":"2026-08-12T09.10.22.124+05:30","level":"WARN","logger_name":"com.telcoedge.charging.SubscriberLookup","thread_name":"Test worker","message":"Circuit breaker fallback for a subscriber id lookup : operatorId nonexistent , msisdn 0000000000, error CircuitBreaker 'subscriberLookup' is OPEN and does not permit further calls","app":"charging-engine"}
{"@timestamp":"2026-08-12T09.10.22.124+05:30","level":"WARN","logger_name":"com.telcoedge.charging.SubscriberLookup","thread_name":"Test worker","message":"Circuit breaker fallback for a subscriber id lookup : operatorId nonexistent , msisdn 0000000000, error CircuitBreaker 'subscriberLookup' is OPEN and does not permit further calls","app":"charging-engine"}
{"@timestamp":"2026-08-12T09.10.22.124+05:30","level":"WARN","logger_name":"com.telcoedge.charging.SubscriberLookup","thread_name":"Test worker","message":"Circuit breaker fallback for a subscriber id lookup : operatorId nonexistent , msisdn 0000000000, error CircuitBreaker 'subscriberLookup' is OPEN and does not permit further calls","app":"charging-engine"}
{"@timestamp":"2026-08-12T09.10.22.125+05:30","level":"WARN","logger_name":"com.telcoedge.charging.SubscriberLookup","thread_name":"Test worker","message":"Circuit breaker fallback for a subscriber id lookup : operatorId nonexistent , msisdn 0000000000, error CircuitBreaker 'subscriberLookup' is OPEN and does not permit further calls","app":"charging-engine"}
{"@timestamp":"2026-08-12T09.10.22.125+05:30","level":"WARN","logger_name":"com.telcoedge.charging.SubscriberLookup","thread_name":"Test worker","message":"Circuit breaker fallback for a subscriber id lookup : operatorId nonexistent , msisdn 0000000000, error CircuitBreaker 'subscriberLookup' is OPEN and does not permit further calls","app":"charging-engine"}
{"@timestamp":"2026-08-12T09.10.22.126+05:30","level":"WARN","logger_name":"com.telcoedge.charging.SubscriberLookup","thread_name":"Test worker","message":"Circuit breaker fallback for a subscriber id lookup : operatorId nonexistent , msisdn 0000000000, error CircuitBreaker 'subscriberLookup' is OPEN and does not permit further calls","app":"charging-engine"}
{"@timestamp":"2026-08-12T09.10.22.126+05:30","level":"WARN","logger_name":"com.telcoedge.charging.SubscriberLookup","thread_name":"Test worker","message":"Circuit breaker fallback for a subscriber id lookup : operatorId nonexistent , msisdn 0000000000, error CircuitBreaker 'subscriberLookup' is OPEN and does not permit further calls","app":"charging-engine"}
]]></system-out>
  <system-err><![CDATA[]]></system-err>
</testsuite>
