<?xml version="1.0" encoding="UTF-8"?>
<testsuite name="com.telcoedge.subscriber.SubscriberApiIntegrationTest" tests="8" skipped="0" failures="0" errors="0" timestamp="2026-07-17T04:24:26.762Z" hostname="LAPTOP-AJ4PV88L" time="18.507">
  <properties/>
  <testcase name="rejectRequestWithoutToken()" classname="com.telcoedge.subscriber.SubscriberApiIntegrationTest" time="0.841"/>
  <testcase name="healthEndPointIsPublic()" classname="com.telcoedge.subscriber.SubscriberApiIntegrationTest" time="0.149"/>
  <testcase name="returns409WhenDuplicateSubscriber()" classname="com.telcoedge.subscriber.SubscriberApiIntegrationTest" time="0.492"/>
  <testcase name="deniedCrossTenantAccess()" classname="com.telcoedge.subscriber.SubscriberApiIntegrationTest" time="0.052"/>
  <testcase name="deniedCrossTenantCreate()" classname="com.telcoedge.subscriber.SubscriberApiIntegrationTest" time="0.035"/>
  <testcase name="createSubscriberAndReadItBack()" classname="com.telcoedge.subscriber.SubscriberApiIntegrationTest" time="0.095"/>
  <testcase name="returns404ForUnknownSubscriber()" classname="com.telcoedge.subscriber.SubscriberApiIntegrationTest" time="0.021"/>
  <testcase name="allowSameOperatorTest()" classname="com.telcoedge.subscriber.SubscriberApiIntegrationTest" time="0.061"/>
  <system-out><![CDATA[09:54:26.930 [Test worker] INFO org.springframework.test.context.support.AnnotationConfigContextLoaderUtils -- Could not detect default configuration classes for test class [com.telcoedge.subscriber.SubscriberApiIntegrationTest]: SubscriberApiIntegrationTest does not declare any static, non-private, non-final, nested classes annotated with @Configuration.
09:54:26.977 [Test worker] INFO org.testcontainers.images.PullPolicy -- Image pull policy will be performed by: DefaultPullPolicy()
09:54:26.981 [Test worker] INFO org.testcontainers.utility.ImageNameSubstitutor -- Image name substitution will be performed by: DefaultImageNameSubstitutor (composite of 'ConfigurationFileImageNameSubstitutor' and 'PrefixingImageNameSubstitutor')
09:54:26.998 [Test worker] INFO org.testcontainers.DockerClientFactory -- Testcontainers version: 1.21.4
09:54:31.344 [Test worker] INFO org.testcontainers.dockerclient.DockerClientProviderStrategy -- Found Docker environment with Environment variables, system properties and defaults. Resolved dockerHost=tcp://localhost:2375
09:54:31.345 [Test worker] INFO org.testcontainers.DockerClientFactory -- Docker host IP address is host.docker.internal
09:54:31.368 [Test worker] INFO org.testcontainers.DockerClientFactory -- Connected to docker: 
  Server Version: 29.6.1
  API Version: 1.55
  Operating System: Docker Desktop
  Total Memory: 15687 MB
  Labels: 
    com.docker.desktop.address=npipe://\\.\pipe\docker_cli
09:54:31.443 [Test worker] INFO tc.testcontainers/ryuk:0.12.0 -- Creating container for image: testcontainers/ryuk:0.12.0
09:54:31.910 [Test worker] INFO tc.testcontainers/ryuk:0.12.0 -- Container testcontainers/ryuk:0.12.0 is starting: 7c1f294fa3b5a67f28161b07f7c5353f22f23c664aa4b97d3018086f07ca2d4a
09:54:32.215 [Test worker] INFO tc.testcontainers/ryuk:0.12.0 -- Container testcontainers/ryuk:0.12.0 started in PT0.772163S
09:54:32.223 [Test worker] INFO org.testcontainers.utility.RyukResourceReaper -- Ryuk started - will monitor and terminate Testcontainers containers on JVM exit
09:54:32.224 [Test worker] INFO org.testcontainers.DockerClientFactory -- Checking the system...
09:54:32.225 [Test worker] INFO org.testcontainers.DockerClientFactory -- ✔︎ Docker server version should be at least 1.6.0
09:54:32.341 [Test worker] INFO org.springframework.boot.test.context.SpringBootTestContextBootstrapper -- Found @SpringBootConfiguration com.telcoedge.SubscriberApiApplication for test class com.telcoedge.subscriber.SubscriberApiIntegrationTest
09:54:32.439 [Test worker] INFO tc.postgres:16-alpine -- Creating container for image: postgres:16-alpine
09:54:32.539 [Test worker] INFO tc.postgres:16-alpine -- Container postgres:16-alpine is starting: fd174d4107fe3906d607acf11cce8b9361bb3a736bd522f5017b48610f142555
09:54:34.744 [Test worker] INFO tc.postgres:16-alpine -- Container postgres:16-alpine started in PT2.3054658S
09:54:34.746 [Test worker] INFO tc.postgres:16-alpine -- Container is started (JDBC URL: jdbc:postgresql://host.docker.internal:52835/test?loggerLevel=OFF)

  .   ____          _            __ _ _
 /\\ / ___'_ __ _ _(_)_ __  __ _ \ \ \ \
( ( )\___ | '_ | '_| | '_ \/ _` | \ \ \ \
 \\/  ___)| |_)| | | | | || (_| |  ) ) ) )
  '  |____| .__|_| |_|_| |_\__, | / / / /
 =========|_|==============|___/=/_/_/_/

 :: Spring Boot ::                (v3.3.4)

{"@timestamp":"2026-07-17T09.54.35.378+05:30","level":"INFO","logger_name":"org.hibernate.validator.internal.util.Version","thread_name":"background-preinit","message":"HV000001: Hibernate Validator 8.0.1.Final","app":"subscriber-api"}
{"@timestamp":"2026-07-17T09.54.35.444+05:30","level":"INFO","logger_name":"com.telcoedge.subscriber.SubscriberApiIntegrationTest","thread_name":"Test worker","message":"Starting SubscriberApiIntegrationTest using Java 21.0.11 with PID 23472 (started by shubbham goyal in C:\\workspaces\\assisstedLearning\\telcoedge\\subscriber-api)","app":"subscriber-api"}
{"@timestamp":"2026-07-17T09.54.35.444+05:30","level":"DEBUG","logger_name":"com.telcoedge.subscriber.SubscriberApiIntegrationTest","thread_name":"Test worker","message":"Running with Spring Boot v3.3.4, Spring v6.1.13","app":"subscriber-api"}
{"@timestamp":"2026-07-17T09.54.35.445+05:30","level":"INFO","logger_name":"com.telcoedge.subscriber.SubscriberApiIntegrationTest","thread_name":"Test worker","message":"The following 1 profile is active: \"dev\"","app":"subscriber-api"}
{"@timestamp":"2026-07-17T09.54.36.399+05:30","level":"INFO","logger_name":"org.springframework.data.repository.config.RepositoryConfigurationDelegate","thread_name":"Test worker","message":"Bootstrapping Spring Data JPA repositories in DEFAULT mode.","app":"subscriber-api"}
{"@timestamp":"2026-07-17T09.54.36.490+05:30","level":"INFO","logger_name":"org.springframework.data.repository.config.RepositoryConfigurationDelegate","thread_name":"Test worker","message":"Finished Spring Data repository scanning in 84 ms. Found 6 JPA repository interfaces.","app":"subscriber-api"}
{"@timestamp":"2026-07-17T09.54.37.516+05:30","level":"INFO","logger_name":"org.springframework.boot.web.embedded.tomcat.TomcatWebServer","thread_name":"Test worker","message":"Tomcat initialized with port 0 (http)","app":"subscriber-api"}
{"@timestamp":"2026-07-17T09.54.37.531+05:30","level":"INFO","logger_name":"org.apache.coyote.http11.Http11NioProtocol","thread_name":"Test worker","message":"Initializing ProtocolHandler [\"http-nio-auto-1\"]","app":"subscriber-api"}
{"@timestamp":"2026-07-17T09.54.37.536+05:30","level":"INFO","logger_name":"org.apache.catalina.core.StandardService","thread_name":"Test worker","message":"Starting service [Tomcat]","app":"subscriber-api"}
{"@timestamp":"2026-07-17T09.54.37.536+05:30","level":"INFO","logger_name":"org.apache.catalina.core.StandardEngine","thread_name":"Test worker","message":"Starting Servlet engine: [Apache Tomcat/10.1.30]","app":"subscriber-api"}
{"@timestamp":"2026-07-17T09.54.37.630+05:30","level":"INFO","logger_name":"org.apache.catalina.core.ContainerBase.[Tomcat].[localhost].[/]","thread_name":"Test worker","message":"Initializing Spring embedded WebApplicationContext","app":"subscriber-api"}
{"@timestamp":"2026-07-17T09.54.37.631+05:30","level":"INFO","logger_name":"org.springframework.boot.web.servlet.context.ServletWebServerApplicationContext","thread_name":"Test worker","message":"Root WebApplicationContext: initialization completed in 2170 ms","app":"subscriber-api"}
{"@timestamp":"2026-07-17T09.54.38.220+05:30","level":"DEBUG","logger_name":"org.springframework.jdbc.datasource.SimpleDriverDataSource","thread_name":"Test worker","message":"Creating new JDBC Driver Connection to [jdbc:postgresql://host.docker.internal:52835/test?loggerLevel=OFF]","app":"subscriber-api"}
{"@timestamp":"2026-07-17T09.54.38.425+05:30","level":"DEBUG","logger_name":"org.springframework.jdbc.datasource.SimpleDriverDataSource","thread_name":"Test worker","message":"Creating new JDBC Driver Connection to [jdbc:postgresql://host.docker.internal:52835/test?loggerLevel=OFF]","app":"subscriber-api"}
{"@timestamp":"2026-07-17T09.54.38.452+05:30","level":"INFO","logger_name":"org.flywaydb.core.FlywayExecutor","thread_name":"Test worker","message":"Database: jdbc:postgresql://host.docker.internal:52835/test (PostgreSQL 16.14)","app":"subscriber-api"}
{"@timestamp":"2026-07-17T09.54.38.504+05:30","level":"INFO","logger_name":"org.flywaydb.core.internal.schemahistory.JdbcTableSchemaHistory","thread_name":"Test worker","message":"Schema history table \"public\".\"flyway_schema_history\" does not exist yet","app":"subscriber-api"}
{"@timestamp":"2026-07-17T09.54.38.509+05:30","level":"INFO","logger_name":"org.flywaydb.core.internal.command.DbValidate","thread_name":"Test worker","message":"Successfully validated 6 migrations (execution time 00:00.027s)","app":"subscriber-api"}
{"@timestamp":"2026-07-17T09.54.38.533+05:30","level":"INFO","logger_name":"org.flywaydb.core.internal.schemahistory.JdbcTableSchemaHistory","thread_name":"Test worker","message":"Creating Schema History table \"public\".\"flyway_schema_history\" ...","app":"subscriber-api"}
{"@timestamp":"2026-07-17T09.54.38.574+05:30","level":"DEBUG","logger_name":"org.springframework.jdbc.datasource.SimpleDriverDataSource","thread_name":"Test worker","message":"Creating new JDBC Driver Connection to [jdbc:postgresql://host.docker.internal:52835/test?loggerLevel=OFF]","app":"subscriber-api"}
{"@timestamp":"2026-07-17T09.54.38.603+05:30","level":"INFO","logger_name":"org.flywaydb.core.internal.command.DbMigrate","thread_name":"Test worker","message":"Current version of schema \"public\": << Empty Schema >>","app":"subscriber-api"}
{"@timestamp":"2026-07-17T09.54.38.616+05:30","level":"INFO","logger_name":"org.flywaydb.core.internal.command.DbMigrate","thread_name":"Test worker","message":"Migrating schema \"public\" to version \"1 - create subscribers table\"","app":"subscriber-api"}
{"@timestamp":"2026-07-17T09.54.38.655+05:30","level":"INFO","logger_name":"org.flywaydb.core.internal.command.DbMigrate","thread_name":"Test worker","message":"Migrating schema \"public\" to version \"2 - create operators\"","app":"subscriber-api"}
{"@timestamp":"2026-07-17T09.54.38.699+05:30","level":"INFO","logger_name":"org.flywaydb.core.internal.command.DbMigrate","thread_name":"Test worker","message":"Migrating schema \"public\" to version \"3 - create plans and tariff rates\"","app":"subscriber-api"}
{"@timestamp":"2026-07-17T09.54.38.732+05:30","level":"INFO","logger_name":"org.flywaydb.core.internal.command.DbMigrate","thread_name":"Test worker","message":"Migrating schema \"public\" to version \"4 - create balances\"","app":"subscriber-api"}
{"@timestamp":"2026-07-17T09.54.38.749+05:30","level":"INFO","logger_name":"org.flywaydb.core.internal.command.DbMigrate","thread_name":"Test worker","message":"Migrating schema \"public\" to version \"5 - create usage events\"","app":"subscriber-api"}
{"@timestamp":"2026-07-17T09.54.38.775+05:30","level":"INFO","logger_name":"org.flywaydb.core.internal.command.DbMigrate","thread_name":"Test worker","message":"Migrating schema \"public\" to version \"6 - create idempotency keys\"","app":"subscriber-api"}
{"@timestamp":"2026-07-17T09.54.38.801+05:30","level":"INFO","logger_name":"org.flywaydb.core.internal.command.DbMigrate","thread_name":"Test worker","message":"Successfully applied 6 migrations to schema \"public\", now at version v6 (execution time 00:00.081s)","app":"subscriber-api"}
{"@timestamp":"2026-07-17T09.54.38.929+05:30","level":"INFO","logger_name":"org.hibernate.jpa.internal.util.LogHelper","thread_name":"Test worker","message":"HHH000204: Processing PersistenceUnitInfo [name: default]","app":"subscriber-api"}
{"@timestamp":"2026-07-17T09.54.39.010+05:30","level":"INFO","logger_name":"org.hibernate.Version","thread_name":"Test worker","message":"HHH000412: Hibernate ORM core version 6.5.3.Final","app":"subscriber-api"}
{"@timestamp":"2026-07-17T09.54.39.084+05:30","level":"INFO","logger_name":"org.hibernate.cache.internal.RegionFactoryInitiator","thread_name":"Test worker","message":"HHH000026: Second-level cache disabled","app":"subscriber-api"}
{"@timestamp":"2026-07-17T09.54.39.481+05:30","level":"INFO","logger_name":"org.springframework.orm.jpa.persistenceunit.SpringPersistenceUnitInfo","thread_name":"Test worker","message":"No LoadTimeWeaver setup: ignoring JPA class transformer","app":"subscriber-api"}
{"@timestamp":"2026-07-17T09.54.39.543+05:30","level":"INFO","logger_name":"com.zaxxer.hikari.HikariDataSource","thread_name":"Test worker","message":"HikariPool-1 - Starting...","app":"subscriber-api"}
{"@timestamp":"2026-07-17T09.54.39.587+05:30","level":"INFO","logger_name":"com.zaxxer.hikari.pool.HikariPool","thread_name":"Test worker","message":"HikariPool-1 - Added connection org.postgresql.jdbc.PgConnection@35bfa7be","app":"subscriber-api"}
{"@timestamp":"2026-07-17T09.54.39.589+05:30","level":"INFO","logger_name":"com.zaxxer.hikari.HikariDataSource","thread_name":"Test worker","message":"HikariPool-1 - Start completed.","app":"subscriber-api"}
{"@timestamp":"2026-07-17T09.54.39.634+05:30","level":"WARN","logger_name":"org.hibernate.orm.deprecation","thread_name":"Test worker","message":"HHH90000025: PostgreSQLDialect does not need to be specified explicitly using 'hibernate.dialect' (remove the property setting and it will be selected by default)","app":"subscriber-api"}
{"@timestamp":"2026-07-17T09.54.41.099+05:30","level":"INFO","logger_name":"org.hibernate.engine.transaction.jta.platform.internal.JtaPlatformInitiator","thread_name":"Test worker","message":"HHH000489: No JTA platform available (set 'hibernate.transaction.jta.platform' to enable JTA platform integration)","app":"subscriber-api"}
{"@timestamp":"2026-07-17T09.54.41.184+05:30","level":"INFO","logger_name":"org.springframework.orm.jpa.LocalContainerEntityManagerFactoryBean","thread_name":"Test worker","message":"Initialized JPA EntityManagerFactory for persistence unit 'default'","app":"subscriber-api"}
{"@timestamp":"2026-07-17T09.54.41.692+05:30","level":"WARN","logger_name":"org.springframework.boot.autoconfigure.orm.jpa.JpaBaseConfiguration$JpaWebConfiguration","thread_name":"Test worker","message":"spring.jpa.open-in-view is enabled by default. Therefore, database queries may be performed during view rendering. Explicitly configure spring.jpa.open-in-view to disable this warning","app":"subscriber-api"}
{"@timestamp":"2026-07-17T09.54.41.725+05:30","level":"DEBUG","logger_name":"org.springframework.security.config.annotation.authentication.configuration.AuthenticationConfiguration$DefaultPasswordEncoderAuthenticationManagerBuilder","thread_name":"Test worker","message":"No authenticationProviders and no parentAuthenticationManager defined. Returning null.","app":"subscriber-api"}
{"@timestamp":"2026-07-17T09.54.42.156+05:30","level":"INFO","logger_name":"org.springframework.boot.actuate.endpoint.web.EndpointLinksResolver","thread_name":"Test worker","message":"Exposing 3 endpoints beneath base path '/actuator'","app":"subscriber-api"}
{"@timestamp":"2026-07-17T09.54.42.308+05:30","level":"DEBUG","logger_name":"org.springframework.security.web.DefaultSecurityFilterChain","thread_name":"Test worker","message":"Will secure any request with filters: DisableEncodeUrlFilter, WebAsyncManagerIntegrationFilter, SecurityContextHolderFilter, HeaderWriterFilter, LogoutFilter, BearerTokenAuthenticationFilter, RequestCacheAwareFilter, SecurityContextHolderAwareRequestFilter, AnonymousAuthenticationFilter, SessionManagementFilter, ExceptionTranslationFilter, AuthorizationFilter","app":"subscriber-api"}
{"@timestamp":"2026-07-17T09.54.42.691+05:30","level":"INFO","logger_name":"org.springframework.data.jpa.repository.query.QueryEnhancerFactory","thread_name":"Test worker","message":"Hibernate is in classpath; If applicable, HQL parser will be used.","app":"subscriber-api"}
{"@timestamp":"2026-07-17T09.54.43.292+05:30","level":"INFO","logger_name":"org.apache.coyote.http11.Http11NioProtocol","thread_name":"Test worker","message":"Starting ProtocolHandler [\"http-nio-auto-1\"]","app":"subscriber-api"}
{"@timestamp":"2026-07-17T09.54.43.301+05:30","level":"INFO","logger_name":"org.springframework.boot.web.embedded.tomcat.TomcatWebServer","thread_name":"Test worker","message":"Tomcat started on port 52858 (http) with context path '/'","app":"subscriber-api"}
{"@timestamp":"2026-07-17T09.54.43.310+05:30","level":"INFO","logger_name":"com.telcoedge.subscriber.SubscriberApiIntegrationTest","thread_name":"Test worker","message":"Started SubscriberApiIntegrationTest in 8.511 seconds (process running for 17.335)","app":"subscriber-api"}
Hibernate: 
    insert 
    into
        operators
        (active, code, created_at, name) 
    values
        (?, ?, ?, ?) 
    returning id
{"@timestamp":"2026-07-17T09.54.43.453+05:30","level":"TRACE","logger_name":"org.hibernate.orm.jdbc.bind","thread_name":"Test worker","message":"binding parameter (1:BOOLEAN) <- [true]","app":"subscriber-api"}
{"@timestamp":"2026-07-17T09.54.43.454+05:30","level":"TRACE","logger_name":"org.hibernate.orm.jdbc.bind","thread_name":"Test worker","message":"binding parameter (2:VARCHAR) <- [testtop]","app":"subscriber-api"}
{"@timestamp":"2026-07-17T09.54.43.454+05:30","level":"TRACE","logger_name":"org.hibernate.orm.jdbc.bind","thread_name":"Test worker","message":"binding parameter (3:TIMESTAMP_UTC) <- [2026-07-17T04:24:43.430150Z]","app":"subscriber-api"}
{"@timestamp":"2026-07-17T09.54.43.455+05:30","level":"TRACE","logger_name":"org.hibernate.orm.jdbc.bind","thread_name":"Test worker","message":"binding parameter (4:VARCHAR) <- [Test Operator]","app":"subscriber-api"}
{"@timestamp":"2026-07-17T09.54.44.176+05:30","level":"INFO","logger_name":"org.apache.catalina.core.ContainerBase.[Tomcat].[localhost].[/]","thread_name":"tomcat-handler-0","message":"Initializing Spring DispatcherServlet 'dispatcherServlet'","app":"subscriber-api"}
{"@timestamp":"2026-07-17T09.54.44.176+05:30","level":"INFO","logger_name":"org.springframework.web.servlet.DispatcherServlet","thread_name":"tomcat-handler-0","message":"Initializing Servlet 'dispatcherServlet'","app":"subscriber-api"}
{"@timestamp":"2026-07-17T09.54.44.178+05:30","level":"INFO","logger_name":"org.springframework.web.servlet.DispatcherServlet","thread_name":"tomcat-handler-0","message":"Completed initialization in 2 ms","app":"subscriber-api"}
{"@timestamp":"2026-07-17T09.54.44.219+05:30","level":"DEBUG","logger_name":"org.springframework.security.web.FilterChainProxy","thread_name":"tomcat-handler-0","message":"Securing GET /api/v1/operators/acme/subscribers/00000000000","app":"subscriber-api"}
{"@timestamp":"2026-07-17T09.54.44.232+05:30","level":"DEBUG","logger_name":"org.springframework.security.web.authentication.AnonymousAuthenticationFilter","thread_name":"tomcat-handler-0","message":"Set SecurityContextHolder to anonymous SecurityContext","app":"subscriber-api"}
{"@timestamp":"2026-07-17T09.54.44.366+05:30","level":"DEBUG","logger_name":"org.springframework.security.web.FilterChainProxy","thread_name":"tomcat-handler-1","message":"Securing GET /actuator/health","app":"subscriber-api"}
{"@timestamp":"2026-07-17T09.54.44.369+05:30","level":"DEBUG","logger_name":"org.springframework.security.web.authentication.AnonymousAuthenticationFilter","thread_name":"tomcat-handler-1","message":"Set SecurityContextHolder to anonymous SecurityContext","app":"subscriber-api"}
{"@timestamp":"2026-07-17T09.54.44.374+05:30","level":"DEBUG","logger_name":"org.springframework.security.web.FilterChainProxy","thread_name":"tomcat-handler-1","message":"Secured GET /actuator/health","app":"subscriber-api"}
{"@timestamp":"2026-07-17T09.54.44.426+05:30","level":"DEBUG","logger_name":"org.springframework.jdbc.datasource.DataSourceUtils","thread_name":"tomcat-handler-1","message":"Fetching JDBC Connection from DataSource","app":"subscriber-api"}
{"@timestamp":"2026-07-17T09.54.44.442+05:30","level":"DEBUG","logger_name":"org.springframework.jdbc.datasource.DataSourceUtils","thread_name":"tomcat-handler-1","message":"Fetching JDBC Connection from DataSource","app":"subscriber-api"}
{"@timestamp":"2026-07-17T09.54.44.636+05:30","level":"DEBUG","logger_name":"org.springframework.security.web.FilterChainProxy","thread_name":"tomcat-handler-2","message":"Securing POST /api/v1/operators/testtop/subscribers","app":"subscriber-api"}
{"@timestamp":"2026-07-17T09.54.44.652+05:30","level":"DEBUG","logger_name":"org.springframework.security.oauth2.server.resource.authentication.JwtAuthenticationProvider","thread_name":"tomcat-handler-2","message":"Authenticated token","app":"subscriber-api"}
{"@timestamp":"2026-07-17T09.54.44.653+05:30","level":"DEBUG","logger_name":"org.springframework.security.oauth2.server.resource.web.authentication.BearerTokenAuthenticationFilter","thread_name":"tomcat-handler-2","message":"Set SecurityContextHolder to JwtAuthenticationToken [Principal=org.springframework.security.oauth2.jwt.Jwt@ec778eac, Credentials=[PROTECTED], Authenticated=true, Details=WebAuthenticationDetails [RemoteIpAddress=127.0.0.1, SessionId=null], Granted Authorities=[]]","app":"subscriber-api"}
{"@timestamp":"2026-07-17T09.54.44.654+05:30","level":"DEBUG","logger_name":"org.springframework.security.web.FilterChainProxy","thread_name":"tomcat-handler-2","message":"Secured POST /api/v1/operators/testtop/subscribers","app":"subscriber-api"}
{"@timestamp":"2026-07-17T09.54.44.730+05:30","level":"DEBUG","logger_name":"org.springframework.security.authorization.method.AuthorizationManagerBeforeMethodInterceptor","thread_name":"tomcat-handler-2","message":"Authorizing method invocation ReflectiveMethodInvocation: public com.telcoedge.domain.Subscriber com.telcoedge.subscriber.service.SubscriberService.create(java.lang.String,java.lang.String,java.lang.String); target is of class [com.telcoedge.subscriber.service.SubscriberService]","app":"subscriber-api"}
{"@timestamp":"2026-07-17T09.54.44.795+05:30","level":"DEBUG","logger_name":"org.springframework.security.authorization.method.AuthorizationManagerBeforeMethodInterceptor","thread_name":"tomcat-handler-2","message":"Authorized method invocation ReflectiveMethodInvocation: public com.telcoedge.domain.Subscriber com.telcoedge.subscriber.service.SubscriberService.create(java.lang.String,java.lang.String,java.lang.String); target is of class [com.telcoedge.subscriber.service.SubscriberService]","app":"subscriber-api"}
Hibernate: 
    select
        se1_0.id 
    from
        subscribers se1_0 
    where
        se1_0.operator_id=? 
        and se1_0.msisdn=? 
    fetch
        first ? rows only
{"@timestamp":"2026-07-17T09.54.44.917+05:30","level":"TRACE","logger_name":"org.hibernate.orm.jdbc.bind","thread_name":"tomcat-handler-2","message":"binding parameter (1:VARCHAR) <- [testtop]","app":"subscriber-api"}
{"@timestamp":"2026-07-17T09.54.44.917+05:30","level":"TRACE","logger_name":"org.hibernate.orm.jdbc.bind","thread_name":"tomcat-handler-2","message":"binding parameter (2:VARCHAR) <- [919111000001]","app":"subscriber-api"}
{"@timestamp":"2026-07-17T09.54.44.917+05:30","level":"TRACE","logger_name":"org.hibernate.orm.jdbc.bind","thread_name":"tomcat-handler-2","message":"binding parameter (3:INTEGER) <- [1]","app":"subscriber-api"}
Hibernate: 
    insert 
    into
        subscribers
        (created_at, msisdn, name, operator_id, status, updated_at) 
    values
        (?, ?, ?, ?, ?, ?) 
    returning id
{"@timestamp":"2026-07-17T09.54.44.929+05:30","level":"TRACE","logger_name":"org.hibernate.orm.jdbc.bind","thread_name":"tomcat-handler-2","message":"binding parameter (1:TIMESTAMP_UTC) <- [2026-07-17T04:24:44.928045800Z]","app":"subscriber-api"}
{"@timestamp":"2026-07-17T09.54.44.929+05:30","level":"TRACE","logger_name":"org.hibernate.orm.jdbc.bind","thread_name":"tomcat-handler-2","message":"binding parameter (2:VARCHAR) <- [919111000001]","app":"subscriber-api"}
{"@timestamp":"2026-07-17T09.54.44.930+05:30","level":"TRACE","logger_name":"org.hibernate.orm.jdbc.bind","thread_name":"tomcat-handler-2","message":"binding parameter (3:VARCHAR) <- [first]","app":"subscriber-api"}
{"@timestamp":"2026-07-17T09.54.44.930+05:30","level":"TRACE","logger_name":"org.hibernate.orm.jdbc.bind","thread_name":"tomcat-handler-2","message":"binding parameter (4:VARCHAR) <- [testtop]","app":"subscriber-api"}
{"@timestamp":"2026-07-17T09.54.44.930+05:30","level":"TRACE","logger_name":"org.hibernate.orm.jdbc.bind","thread_name":"tomcat-handler-2","message":"binding parameter (5:VARCHAR) <- [ACTIVE]","app":"subscriber-api"}
{"@timestamp":"2026-07-17T09.54.44.930+05:30","level":"TRACE","logger_name":"org.hibernate.orm.jdbc.bind","thread_name":"tomcat-handler-2","message":"binding parameter (6:TIMESTAMP_UTC) <- [2026-07-17T04:24:44.928045800Z]","app":"subscriber-api"}
{"@timestamp":"2026-07-17T09.54.44.966+05:30","level":"DEBUG","logger_name":"org.springframework.security.web.FilterChainProxy","thread_name":"tomcat-handler-3","message":"Securing POST /api/v1/operators/testtop/subscribers","app":"subscriber-api"}
{"@timestamp":"2026-07-17T09.54.44.969+05:30","level":"DEBUG","logger_name":"org.springframework.security.oauth2.server.resource.authentication.JwtAuthenticationProvider","thread_name":"tomcat-handler-3","message":"Authenticated token","app":"subscriber-api"}
{"@timestamp":"2026-07-17T09.54.44.970+05:30","level":"DEBUG","logger_name":"org.springframework.security.oauth2.server.resource.web.authentication.BearerTokenAuthenticationFilter","thread_name":"tomcat-handler-3","message":"Set SecurityContextHolder to JwtAuthenticationToken [Principal=org.springframework.security.oauth2.jwt.Jwt@ec778eac, Credentials=[PROTECTED], Authenticated=true, Details=WebAuthenticationDetails [RemoteIpAddress=127.0.0.1, SessionId=null], Granted Authorities=[]]","app":"subscriber-api"}
{"@timestamp":"2026-07-17T09.54.44.972+05:30","level":"DEBUG","logger_name":"org.springframework.security.web.FilterChainProxy","thread_name":"tomcat-handler-3","message":"Secured POST /api/v1/operators/testtop/subscribers","app":"subscriber-api"}
{"@timestamp":"2026-07-17T09.54.44.974+05:30","level":"DEBUG","logger_name":"org.springframework.security.authorization.method.AuthorizationManagerBeforeMethodInterceptor","thread_name":"tomcat-handler-3","message":"Authorizing method invocation ReflectiveMethodInvocation: public com.telcoedge.domain.Subscriber com.telcoedge.subscriber.service.SubscriberService.create(java.lang.String,java.lang.String,java.lang.String); target is of class [com.telcoedge.subscriber.service.SubscriberService]","app":"subscriber-api"}
{"@timestamp":"2026-07-17T09.54.44.975+05:30","level":"DEBUG","logger_name":"org.springframework.security.authorization.method.AuthorizationManagerBeforeMethodInterceptor","thread_name":"tomcat-handler-3","message":"Authorized method invocation ReflectiveMethodInvocation: public com.telcoedge.domain.Subscriber com.telcoedge.subscriber.service.SubscriberService.create(java.lang.String,java.lang.String,java.lang.String); target is of class [com.telcoedge.subscriber.service.SubscriberService]","app":"subscriber-api"}
Hibernate: 
    select
        se1_0.id 
    from
        subscribers se1_0 
    where
        se1_0.operator_id=? 
        and se1_0.msisdn=? 
    fetch
        first ? rows only
{"@timestamp":"2026-07-17T09.54.44.978+05:30","level":"TRACE","logger_name":"org.hibernate.orm.jdbc.bind","thread_name":"tomcat-handler-3","message":"binding parameter (1:VARCHAR) <- [testtop]","app":"subscriber-api"}
{"@timestamp":"2026-07-17T09.54.44.978+05:30","level":"TRACE","logger_name":"org.hibernate.orm.jdbc.bind","thread_name":"tomcat-handler-3","message":"binding parameter (2:VARCHAR) <- [919111000001]","app":"subscriber-api"}
{"@timestamp":"2026-07-17T09.54.44.979+05:30","level":"TRACE","logger_name":"org.hibernate.orm.jdbc.bind","thread_name":"tomcat-handler-3","message":"binding parameter (3:INTEGER) <- [1]","app":"subscriber-api"}
{"@timestamp":"2026-07-17T09.54.45.011+05:30","level":"DEBUG","logger_name":"org.springframework.security.web.FilterChainProxy","thread_name":"tomcat-handler-4","message":"Securing POST /api/v1/operators/acme/subscribers","app":"subscriber-api"}
{"@timestamp":"2026-07-17T09.54.45.013+05:30","level":"DEBUG","logger_name":"org.springframework.security.oauth2.server.resource.authentication.JwtAuthenticationProvider","thread_name":"tomcat-handler-4","message":"Authenticated token","app":"subscriber-api"}
{"@timestamp":"2026-07-17T09.54.45.013+05:30","level":"DEBUG","logger_name":"org.springframework.security.oauth2.server.resource.web.authentication.BearerTokenAuthenticationFilter","thread_name":"tomcat-handler-4","message":"Set SecurityContextHolder to JwtAuthenticationToken [Principal=org.springframework.security.oauth2.jwt.Jwt@adeaecd8, Credentials=[PROTECTED], Authenticated=true, Details=WebAuthenticationDetails [RemoteIpAddress=127.0.0.1, SessionId=null], Granted Authorities=[]]","app":"subscriber-api"}
{"@timestamp":"2026-07-17T09.54.45.014+05:30","level":"DEBUG","logger_name":"org.springframework.security.web.FilterChainProxy","thread_name":"tomcat-handler-4","message":"Secured POST /api/v1/operators/acme/subscribers","app":"subscriber-api"}
{"@timestamp":"2026-07-17T09.54.45.015+05:30","level":"DEBUG","logger_name":"org.springframework.security.authorization.method.AuthorizationManagerBeforeMethodInterceptor","thread_name":"tomcat-handler-4","message":"Authorizing method invocation ReflectiveMethodInvocation: public com.telcoedge.domain.Subscriber com.telcoedge.subscriber.service.SubscriberService.create(java.lang.String,java.lang.String,java.lang.String); target is of class [com.telcoedge.subscriber.service.SubscriberService]","app":"subscriber-api"}
{"@timestamp":"2026-07-17T09.54.45.016+05:30","level":"DEBUG","logger_name":"org.springframework.security.authorization.method.AuthorizationManagerBeforeMethodInterceptor","thread_name":"tomcat-handler-4","message":"Authorized method invocation ReflectiveMethodInvocation: public com.telcoedge.domain.Subscriber com.telcoedge.subscriber.service.SubscriberService.create(java.lang.String,java.lang.String,java.lang.String); target is of class [com.telcoedge.subscriber.service.SubscriberService]","app":"subscriber-api"}
Hibernate: 
    select
        se1_0.id 
    from
        subscribers se1_0 
    where
        se1_0.operator_id=? 
        and se1_0.msisdn=? 
    fetch
        first ? rows only
{"@timestamp":"2026-07-17T09.54.45.017+05:30","level":"TRACE","logger_name":"org.hibernate.orm.jdbc.bind","thread_name":"tomcat-handler-4","message":"binding parameter (1:VARCHAR) <- [acme]","app":"subscriber-api"}
{"@timestamp":"2026-07-17T09.54.45.017+05:30","level":"TRACE","logger_name":"org.hibernate.orm.jdbc.bind","thread_name":"tomcat-handler-4","message":"binding parameter (2:VARCHAR) <- [9876543999]","app":"subscriber-api"}
{"@timestamp":"2026-07-17T09.54.45.018+05:30","level":"TRACE","logger_name":"org.hibernate.orm.jdbc.bind","thread_name":"tomcat-handler-4","message":"binding parameter (3:INTEGER) <- [1]","app":"subscriber-api"}
Hibernate: 
    insert 
    into
        subscribers
        (created_at, msisdn, name, operator_id, status, updated_at) 
    values
        (?, ?, ?, ?, ?, ?) 
    returning id
{"@timestamp":"2026-07-17T09.54.45.021+05:30","level":"TRACE","logger_name":"org.hibernate.orm.jdbc.bind","thread_name":"tomcat-handler-4","message":"binding parameter (1:TIMESTAMP_UTC) <- [2026-07-17T04:24:45.021173Z]","app":"subscriber-api"}
{"@timestamp":"2026-07-17T09.54.45.022+05:30","level":"TRACE","logger_name":"org.hibernate.orm.jdbc.bind","thread_name":"tomcat-handler-4","message":"binding parameter (2:VARCHAR) <- [9876543999]","app":"subscriber-api"}
{"@timestamp":"2026-07-17T09.54.45.022+05:30","level":"TRACE","logger_name":"org.hibernate.orm.jdbc.bind","thread_name":"tomcat-handler-4","message":"binding parameter (3:VARCHAR) <- [Test User]","app":"subscriber-api"}
{"@timestamp":"2026-07-17T09.54.45.022+05:30","level":"TRACE","logger_name":"org.hibernate.orm.jdbc.bind","thread_name":"tomcat-handler-4","message":"binding parameter (4:VARCHAR) <- [acme]","app":"subscriber-api"}
{"@timestamp":"2026-07-17T09.54.45.022+05:30","level":"TRACE","logger_name":"org.hibernate.orm.jdbc.bind","thread_name":"tomcat-handler-4","message":"binding parameter (5:VARCHAR) <- [ACTIVE]","app":"subscriber-api"}
{"@timestamp":"2026-07-17T09.54.45.022+05:30","level":"TRACE","logger_name":"org.hibernate.orm.jdbc.bind","thread_name":"tomcat-handler-4","message":"binding parameter (6:TIMESTAMP_UTC) <- [2026-07-17T04:24:45.021173Z]","app":"subscriber-api"}
{"@timestamp":"2026-07-17T09.54.45.038+05:30","level":"DEBUG","logger_name":"org.springframework.security.web.FilterChainProxy","thread_name":"tomcat-handler-5","message":"Securing GET /api/v1/operators/acme/subscribers/9876543999","app":"subscriber-api"}
{"@timestamp":"2026-07-17T09.54.45.040+05:30","level":"DEBUG","logger_name":"org.springframework.security.oauth2.server.resource.authentication.JwtAuthenticationProvider","thread_name":"tomcat-handler-5","message":"Authenticated token","app":"subscriber-api"}
{"@timestamp":"2026-07-17T09.54.45.040+05:30","level":"DEBUG","logger_name":"org.springframework.security.oauth2.server.resource.web.authentication.BearerTokenAuthenticationFilter","thread_name":"tomcat-handler-5","message":"Set SecurityContextHolder to JwtAuthenticationToken [Principal=org.springframework.security.oauth2.jwt.Jwt@6a7825f4, Credentials=[PROTECTED], Authenticated=true, Details=WebAuthenticationDetails [RemoteIpAddress=127.0.0.1, SessionId=null], Granted Authorities=[]]","app":"subscriber-api"}
{"@timestamp":"2026-07-17T09.54.45.040+05:30","level":"DEBUG","logger_name":"org.springframework.security.web.FilterChainProxy","thread_name":"tomcat-handler-5","message":"Secured GET /api/v1/operators/acme/subscribers/9876543999","app":"subscriber-api"}
{"@timestamp":"2026-07-17T09.54.45.042+05:30","level":"DEBUG","logger_name":"org.springframework.security.authorization.method.AuthorizationManagerBeforeMethodInterceptor","thread_name":"tomcat-handler-5","message":"Authorizing method invocation ReflectiveMethodInvocation: public com.telcoedge.domain.Subscriber com.telcoedge.subscriber.service.SubscriberService.findByMsisdn(java.lang.String,java.lang.String); target is of class [com.telcoedge.subscriber.service.SubscriberService]","app":"subscriber-api"}
{"@timestamp":"2026-07-17T09.54.45.043+05:30","level":"DEBUG","logger_name":"org.springframework.security.authorization.method.AuthorizationManagerBeforeMethodInterceptor","thread_name":"tomcat-handler-5","message":"Failed to authorize ReflectiveMethodInvocation: public com.telcoedge.domain.Subscriber com.telcoedge.subscriber.service.SubscriberService.findByMsisdn(java.lang.String,java.lang.String); target is of class [com.telcoedge.subscriber.service.SubscriberService] with authorization manager org.springframework.security.authorization.ObservationAuthorizationManager@24cea947 and decision ExpressionAuthorizationDecision [granted=false, expressionAttribute=#operatorId == authentication.token.claims['operator_id']]","app":"subscriber-api"}
{"@timestamp":"2026-07-17T09.54.45.046+05:30","level":"WARN","logger_name":"org.springframework.web.servlet.mvc.method.annotation.ExceptionHandlerExceptionResolver","thread_name":"tomcat-handler-5","message":"Failure in @ExceptionHandler com.telcoedge.subscriber.web.GlobalExceptionHandler#handleAccessDenied(AccessDeniedException, AuthorizationDeniedException, HttpServletRequest)","stack_trace":"java.lang.IllegalStateException: Could not resolve parameter [0] in public com.telcoedge.subscriber.web.ErrorResponse com.telcoedge.subscriber.web.GlobalExceptionHandler.handleAccessDenied(java.nio.file.AccessDeniedException,org.springframework.security.authorization.AuthorizationDeniedException,jakarta.servlet.http.HttpServletRequest): No suitable resolver\r\n\tat org.springframework.web.method.support.InvocableHandlerMethod.getMethodArgumentValues(InvocableHandlerMethod.java:221)\r\n\tat org.springframework.web.method.support.InvocableHandlerMethod.invokeForRequest(InvocableHandlerMethod.java:178)\r\n\tat org.springframework.web.servlet.mvc.method.annotation.ServletInvocableHandlerMethod.invokeAndHandle(ServletInvocableHandlerMethod.java:118)\r\n\tat org.springframework.web.servlet.mvc.method.annotation.ExceptionHandlerExceptionResolver.doResolveHandlerMethodException(ExceptionHandlerExceptionResolver.java:432)\r\n\tat org.springframework.web.servlet.handler.AbstractHandlerMethodExceptionResolver.doResolveException(AbstractHandlerMethodExceptionResolver.java:74)\r\n\tat org.springframework.web.servlet.handler.AbstractHandlerExceptionResolver.resolveException(AbstractHandlerExceptionResolver.java:175)\r\n\tat org.springframework.web.servlet.handler.HandlerExceptionResolverComposite.resolveException(HandlerExceptionResolverComposite.java:80)\r\n\tat org.springframework.web.servlet.DispatcherServlet.processHandlerException(DispatcherServlet.java:1358)\r\n\tat org.springframework.web.servlet.DispatcherServlet.processDispatchResult(DispatcherServlet.java:1161)\r\n\tat org.springframework.web.servlet.DispatcherServlet.doDispatch(DispatcherServlet.java:1106)\r\n\tat org.springframework.web.servlet.DispatcherServlet.doService(DispatcherServlet.java:979)\r\n\tat org.springframework.web.servlet.FrameworkServlet.processRequest(FrameworkServlet.java:1014)\r\n\tat org.springframework.web.servlet.FrameworkServlet.doGet(FrameworkServlet.java:903)\r\n\tat jakarta.servlet.http.HttpServlet.service(HttpServlet.java:564)\r\n\tat org.springframework.web.servlet.FrameworkServlet.service(FrameworkServlet.java:885)\r\n\tat jakarta.servlet.http.HttpServlet.service(HttpServlet.java:658)\r\n\tat org.apache.catalina.core.ApplicationFilterChain.internalDoFilter(ApplicationFilterChain.java:195)\r\n\tat org.apache.catalina.core.ApplicationFilterChain.doFilter(ApplicationFilterChain.java:140)\r\n\tat org.apache.tomcat.websocket.server.WsFilter.doFilter(WsFilter.java:51)\r\n\tat org.apache.catalina.core.ApplicationFilterChain.internalDoFilter(ApplicationFilterChain.java:164)\r\n\tat org.apache.catalina.core.ApplicationFilterChain.doFilter(ApplicationFilterChain.java:140)\r\n\tat org.springframework.web.filter.CompositeFilter$VirtualFilterChain.doFilter(CompositeFilter.java:108)\r\n\tat org.springframework.security.web.FilterChainProxy.lambda$doFilterInternal$3(FilterChainProxy.java:231)\r\n\tat org.springframework.security.web.ObservationFilterChainDecorator$FilterObservation$SimpleFilterObservation.lambda$wrap$1(ObservationFilterChainDecorator.java:479)\r\n\tat org.springframework.security.web.ObservationFilterChainDecorator$AroundFilterObservation$SimpleAroundFilterObservation.lambda$wrap$1(ObservationFilterChainDecorator.java:340)\r\n\tat org.springframework.security.web.ObservationFilterChainDecorator.lambda$wrapSecured$0(ObservationFilterChainDecorator.java:82)\r\n\tat org.springframework.security.web.ObservationFilterChainDecorator$VirtualFilterChain.doFilter(ObservationFilterChainDecorator.java:128)\r\n\tat org.springframework.security.web.access.intercept.AuthorizationFilter.doFilter(AuthorizationFilter.java:100)\r\n\tat org.springframework.security.web.ObservationFilterChainDecorator$ObservationFilter.wrapFilter(ObservationFilterChainDecorator.java:240)\r\n\tat org.springframework.security.web.ObservationFilterChainDecorator$ObservationFilter.doFilter(ObservationFilterChainDecorator.java:227)\r\n\tat org.springframework.security.web.ObservationFilterChainDecorator$VirtualFilterChain.doFilter(ObservationFilterChainDecorator.java:137)\r\n\tat org.springframework.security.web.access.ExceptionTranslationFilter.doFilter(ExceptionTranslationFilter.java:126)\r\n\tat org.springframework.security.web.access.ExceptionTranslationFilter.doFilter(ExceptionTranslationFilter.java:120)\r\n\tat org.springframework.security.web.ObservationFilterChainDecorator$ObservationFilter.wrapFilter(ObservationFilterChainDecorator.java:240)\r\n\tat org.springframework.security.web.ObservationFilterChainDecorator$ObservationFilter.doFilter(ObservationFilterChainDecorator.java:227)\r\n\tat org.springframework.security.web.ObservationFilterChainDecorator$VirtualFilterChain.doFilter(ObservationFilterChainDecorator.java:137)\r\n\tat org.springframework.security.web.session.SessionManagementFilter.doFilter(SessionManagementFilter.java:131)\r\n\tat org.springframework.security.web.session.SessionManagementFilter.doFilter(SessionManagementFilter.java:85)\r\n\tat org.springframework.security.web.ObservationFilterChainDecorator$ObservationFilter.wrapFilter(ObservationFilterChainDecorator.java:240)\r\n\tat org.springframework.security.web.ObservationFilterChainDecorator$ObservationFilter.doFilter(ObservationFilterChainDecorator.java:227)\r\n\tat org.springframework.security.web.ObservationFilterChainDecorator$VirtualFilterChain.doFilter(ObservationFilterChainDecorator.java:137)\r\n\tat org.springframework.security.web.authentication.AnonymousAuthenticationFilter.doFilter(AnonymousAuthenticationFilter.java:100)\r\n\tat org.springframework.security.web.ObservationFilterChainDecorator$ObservationFilter.wrapFilter(ObservationFilterChainDecorator.java:240)\r\n\tat org.springframework.security.web.ObservationFilterChainDecorator$ObservationFilter.doFilter(ObservationFilterChainDecorator.java:227)\r\n\tat org.springframework.security.web.ObservationFilterChainDecorator$VirtualFilterChain.doFilter(ObservationFilterChainDecorator.java:137)\r\n\tat org.springframework.security.web.servletapi.SecurityContextHolderAwareRequestFilter.doFilter(SecurityContextHolderAwareRequestFilter.java:179)\r\n\tat org.springframework.security.web.ObservationFilterChainDecorator$ObservationFilter.wrapFilter(ObservationFilterChainDecorator.java:240)\r\n\tat org.springframework.security.web.ObservationFilterChainDecorator$ObservationFilter.doFilter(ObservationFilterChainDecorator.java:227)\r\n\tat org.springframework.security.web.ObservationFilterChainDecorator$VirtualFilterChain.doFilter(ObservationFilterChainDecorator.java:137)\r\n\tat org.springframework.security.web.savedrequest.RequestCacheAwareFilter.doFilter(RequestCacheAwareFilter.java:63)\r\n\tat org.springframework.security.web.ObservationFilterChainDecorator$ObservationFilter.wrapFilter(ObservationFilterChainDecorator.java:240)\r\n\tat org.springframework.security.web.ObservationFilterChainDecorator$ObservationFilter.doFilter(ObservationFilterChainDecorator.java:227)\r\n\tat org.springframework.security.web.ObservationFilterChainDecorator$VirtualFilterChain.doFilter(ObservationFilterChainDecorator.java:137)\r\n\tat org.springframework.security.oauth2.server.resource.web.authentication.BearerTokenAuthenticationFilter.doFilterInternal(BearerTokenAuthenticationFilter.java:145)\r\n\tat org.springframework.web.filter.OncePerRequestFilter.doFilter(OncePerRequestFilter.java:116)\r\n\tat org.springframework.security.web.ObservationFilterChainDecorator$ObservationFilter.wrapFilter(ObservationFilterChainDecorator.java:240)\r\n\tat org.springframework.security.web.ObservationFilterChainDecorator$ObservationFilter.doFilter(ObservationFilterChainDecorator.java:227)\r\n\tat org.springframework.security.web.ObservationFilterChainDecorator$VirtualFilterChain.doFilter(ObservationFilterChainDecorator.java:137)\r\n\tat org.springframework.security.web.authentication.logout.LogoutFilter.doFilter(LogoutFilter.java:107)\r\n\tat org.springframework.security.web.authentication.logout.LogoutFilter.doFilter(LogoutFilter.java:93)\r\n\tat org.springframework.security.web.ObservationFilterChainDecorator$ObservationFilter.wrapFilter(ObservationFilterChainDecorator.java:240)\r\n\tat org.springframework.security.web.ObservationFilterChainDecorator$ObservationFilter.doFilter(ObservationFilterChainDecorator.java:227)\r\n\tat org.springframework.security.web.ObservationFilterChainDecorator$VirtualFilterChain.doFilter(ObservationFilterChainDecorator.java:137)\r\n\tat org.springframework.security.web.header.HeaderWriterFilter.doHeadersAfter(HeaderWriterFilter.java:90)\r\n\tat org.springframework.security.web.header.HeaderWriterFilter.doFilterInternal(HeaderWriterFilter.java:75)\r\n\tat org.springframework.web.filter.OncePerRequestFilter.doFilter(OncePerRequestFilter.java:116)\r\n\tat org.springframework.security.web.ObservationFilterChainDecorator$ObservationFilter.wrapFilter(ObservationFilterChainDecorator.java:240)\r\n\tat org.springframework.security.web.ObservationFilterChainDecorator$ObservationFilter.doFilter(ObservationFilterChainDecorator.java:227)\r\n\tat org.springframework.security.web.ObservationFilterChainDecorator$VirtualFilterChain.doFilter(ObservationFilterChainDecorator.java:137)\r\n\tat org.springframework.security.web.context.SecurityContextHolderFilter.doFilter(SecurityContextHolderFilter.java:82)\r\n\tat org.springframework.security.web.context.SecurityContextHolderFilter.doFilter(SecurityContextHolderFilter.java:69)\r\n\tat org.springframework.security.web.ObservationFilterChainDecorator$ObservationFilter.wrapFilter(ObservationFilterChainDecorator.java:240)\r\n\tat org.springframework.security.web.ObservationFilterChainDecorator$ObservationFilter.doFilter(ObservationFilterChainDecorator.java:227)\r\n\tat org.springframework.security.web.ObservationFilterChainDecorator$VirtualFilterChain.doFilter(ObservationFilterChainDecorator.java:137)\r\n\tat org.springframework.security.web.context.request.async.WebAsyncManagerIntegrationFilter.doFilterInternal(WebAsyncManagerIntegrationFilter.java:62)\r\n\tat org.springframework.web.filter.OncePerRequestFilter.doFilter(OncePerRequestFilter.java:116)\r\n\tat org.springframework.security.web.ObservationFilterChainDecorator$ObservationFilter.wrapFilter(ObservationFilterChainDecorator.java:240)\r\n\tat org.springframework.security.web.ObservationFilterChainDecorator$ObservationFilter.doFilter(ObservationFilterChainDecorator.java:227)\r\n\tat org.springframework.security.web.ObservationFilterChainDecorator$VirtualFilterChain.doFilter(ObservationFilterChainDecorator.java:137)\r\n\tat org.springframework.security.web.session.DisableEncodeUrlFilter.doFilterInternal(DisableEncodeUrlFilter.java:42)\r\n\tat org.springframework.web.filter.OncePerRequestFilter.doFilter(OncePerRequestFilter.java:116)\r\n\tat org.springframework.security.web.ObservationFilterChainDecorator$ObservationFilter.wrapFilter(ObservationFilterChainDecorator.java:240)\r\n\tat org.springframework.security.web.ObservationFilterChainDecorator$AroundFilterObservation$SimpleAroundFilterObservation.lambda$wrap$0(ObservationFilterChainDecorator.java:323)\r\n\tat org.springframework.security.web.ObservationFilterChainDecorator$ObservationFilter.doFilter(ObservationFilterChainDecorator.java:224)\r\n\tat org.springframework.security.web.ObservationFilterChainDecorator$VirtualFilterChain.doFilter(ObservationFilterChainDecorator.java:137)\r\n\tat org.springframework.security.web.FilterChainProxy.doFilterInternal(FilterChainProxy.java:233)\r\n\tat org.springframework.security.web.FilterChainProxy.doFilter(FilterChainProxy.java:191)\r\n\tat org.springframework.web.filter.CompositeFilter$VirtualFilterChain.doFilter(CompositeFilter.java:113)\r\n\tat org.springframework.web.servlet.handler.HandlerMappingIntrospector.lambda$createCacheFilter$3(HandlerMappingIntrospector.java:195)\r\n\tat org.springframework.web.filter.CompositeFilter$VirtualFilterChain.doFilter(CompositeFilter.java:113)\r\n\tat org.springframework.web.filter.CompositeFilter.doFilter(CompositeFilter.java:74)\r\n\tat org.springframework.security.config.annotation.web.configuration.WebMvcSecurityConfiguration$CompositeFilterChainProxy.doFilter(WebMvcSecurityConfiguration.java:230)\r\n\tat org.springframework.web.filter.DelegatingFilterProxy.invokeDelegate(DelegatingFilterProxy.java:352)\r\n\tat org.springframework.web.filter.DelegatingFilterProxy.doFilter(DelegatingFilterProxy.java:268)\r\n\tat org.apache.catalina.core.ApplicationFilterChain.internalDoFilter(ApplicationFilterChain.java:164)\r\n\tat org.apache.catalina.core.ApplicationFilterChain.doFilter(ApplicationFilterChain.java:140)\r\n\tat org.springframework.web.filter.RequestContextFilter.doFilterInternal(RequestContextFilter.java:100)\r\n\tat org.springframework.web.filter.OncePerRequestFilter.doFilter(OncePerRequestFilter.java:116)\r\n\tat org.apache.catalina.core.ApplicationFilterChain.internalDoFilter(ApplicationFilterChain.java:164)\r\n\tat org.apache.catalina.core.ApplicationFilterChain.doFilter(ApplicationFilterChain.java:140)\r\n\tat org.springframework.web.filter.FormContentFilter.doFilterInternal(FormContentFilter.java:93)\r\n\tat org.springframework.web.filter.OncePerRequestFilter.doFilter(OncePerRequestFilter.java:116)\r\n\tat org.apache.catalina.core.ApplicationFilterChain.internalDoFilter(ApplicationFilterChain.java:164)\r\n\tat org.apache.catalina.core.ApplicationFilterChain.doFilter(ApplicationFilterChain.java:140)\r\n\tat org.springframework.web.filter.ServerHttpObservationFilter.doFilterInternal(ServerHttpObservationFilter.java:113)\r\n\tat org.springframework.web.filter.OncePerRequestFilter.doFilter(OncePerRequestFilter.java:116)\r\n\tat org.apache.catalina.core.ApplicationFilterChain.internalDoFilter(ApplicationFilterChain.java:164)\r\n\tat org.apache.catalina.core.ApplicationFilterChain.doFilter(ApplicationFilterChain.java:140)\r\n\tat org.springframework.web.filter.CharacterEncodingFilter.doFilterInternal(CharacterEncodingFilter.java:201)\r\n\tat org.springframework.web.filter.OncePerRequestFilter.doFilter(OncePerRequestFilter.java:116)\r\n\tat org.apache.catalina.core.ApplicationFilterChain.internalDoFilter(ApplicationFilterChain.java:164)\r\n\tat org.apache.catalina.core.ApplicationFilterChain.doFilter(ApplicationFilterChain.java:140)\r\n\tat org.apache.catalina.core.StandardWrapperValve.invoke(StandardWrapperValve.java:167)\r\n\tat org.apache.catalina.core.StandardContextValve.invoke(StandardContextValve.java:90)\r\n\tat org.apache.catalina.authenticator.AuthenticatorBase.invoke(AuthenticatorBase.java:483)\r\n\tat org.apache.catalina.core.StandardHostValve.invoke(StandardHostValve.java:115)\r\n\tat org.apache.catalina.valves.ErrorReportValve.invoke(ErrorReportValve.java:93)\r\n\tat org.apache.catalina.core.StandardEngineValve.invoke(StandardEngineValve.java:74)\r\n\tat org.apache.catalina.connector.CoyoteAdapter.service(CoyoteAdapter.java:344)\r\n\tat org.apache.coyote.http11.Http11Processor.service(Http11Processor.java:384)\r\n\tat org.apache.coyote.AbstractProcessorLight.process(AbstractProcessorLight.java:63)\r\n\tat org.apache.coyote.AbstractProtocol$ConnectionHandler.process(AbstractProtocol.java:905)\r\n\tat org.apache.tomcat.util.net.NioEndpoint$SocketProcessor.doRun(NioEndpoint.java:1741)\r\n\tat org.apache.tomcat.util.net.SocketProcessorBase.run(SocketProcessorBase.java:52)\r\n\tat java.base/java.lang.VirtualThread.run(VirtualThread.java:329)\r\n","app":"subscriber-api"}
{"@timestamp":"2026-07-17T09.54.45.075+05:30","level":"DEBUG","logger_name":"org.springframework.security.web.FilterChainProxy","thread_name":"tomcat-handler-6","message":"Securing POST /api/v1/operators/acme/subscribers","app":"subscriber-api"}
{"@timestamp":"2026-07-17T09.54.45.077+05:30","level":"DEBUG","logger_name":"org.springframework.security.oauth2.server.resource.authentication.JwtAuthenticationProvider","thread_name":"tomcat-handler-6","message":"Authenticated token","app":"subscriber-api"}
{"@timestamp":"2026-07-17T09.54.45.077+05:30","level":"DEBUG","logger_name":"org.springframework.security.oauth2.server.resource.web.authentication.BearerTokenAuthenticationFilter","thread_name":"tomcat-handler-6","message":"Set SecurityContextHolder to JwtAuthenticationToken [Principal=org.springframework.security.oauth2.jwt.Jwt@6a7825f4, Credentials=[PROTECTED], Authenticated=true, Details=WebAuthenticationDetails [RemoteIpAddress=127.0.0.1, SessionId=null], Granted Authorities=[]]","app":"subscriber-api"}
{"@timestamp":"2026-07-17T09.54.45.078+05:30","level":"DEBUG","logger_name":"org.springframework.security.web.FilterChainProxy","thread_name":"tomcat-handler-6","message":"Secured POST /api/v1/operators/acme/subscribers","app":"subscriber-api"}
{"@timestamp":"2026-07-17T09.54.45.080+05:30","level":"DEBUG","logger_name":"org.springframework.security.authorization.method.AuthorizationManagerBeforeMethodInterceptor","thread_name":"tomcat-handler-6","message":"Authorizing method invocation ReflectiveMethodInvocation: public com.telcoedge.domain.Subscriber com.telcoedge.subscriber.service.SubscriberService.create(java.lang.String,java.lang.String,java.lang.String); target is of class [com.telcoedge.subscriber.service.SubscriberService]","app":"subscriber-api"}
{"@timestamp":"2026-07-17T09.54.45.081+05:30","level":"DEBUG","logger_name":"org.springframework.security.authorization.method.AuthorizationManagerBeforeMethodInterceptor","thread_name":"tomcat-handler-6","message":"Failed to authorize ReflectiveMethodInvocation: public com.telcoedge.domain.Subscriber com.telcoedge.subscriber.service.SubscriberService.create(java.lang.String,java.lang.String,java.lang.String); target is of class [com.telcoedge.subscriber.service.SubscriberService] with authorization manager org.springframework.security.authorization.ObservationAuthorizationManager@24cea947 and decision ExpressionAuthorizationDecision [granted=false, expressionAttribute=#operatorId == authentication.token.claims['operator_id']]","app":"subscriber-api"}
{"@timestamp":"2026-07-17T09.54.45.082+05:30","level":"WARN","logger_name":"org.springframework.web.servlet.mvc.method.annotation.ExceptionHandlerExceptionResolver","thread_name":"tomcat-handler-6","message":"Failure in @ExceptionHandler com.telcoedge.subscriber.web.GlobalExceptionHandler#handleAccessDenied(AccessDeniedException, AuthorizationDeniedException, HttpServletRequest)","stack_trace":"java.lang.IllegalStateException: Could not resolve parameter [0] in public com.telcoedge.subscriber.web.ErrorResponse com.telcoedge.subscriber.web.GlobalExceptionHandler.handleAccessDenied(java.nio.file.AccessDeniedException,org.springframework.security.authorization.AuthorizationDeniedException,jakarta.servlet.http.HttpServletRequest): No suitable resolver\r\n\tat org.springframework.web.method.support.InvocableHandlerMethod.getMethodArgumentValues(InvocableHandlerMethod.java:221)\r\n\tat org.springframework.web.method.support.InvocableHandlerMethod.invokeForRequest(InvocableHandlerMethod.java:178)\r\n\tat org.springframework.web.servlet.mvc.method.annotation.ServletInvocableHandlerMethod.invokeAndHandle(ServletInvocableHandlerMethod.java:118)\r\n\tat org.springframework.web.servlet.mvc.method.annotation.ExceptionHandlerExceptionResolver.doResolveHandlerMethodException(ExceptionHandlerExceptionResolver.java:432)\r\n\tat org.springframework.web.servlet.handler.AbstractHandlerMethodExceptionResolver.doResolveException(AbstractHandlerMethodExceptionResolver.java:74)\r\n\tat org.springframework.web.servlet.handler.AbstractHandlerExceptionResolver.resolveException(AbstractHandlerExceptionResolver.java:175)\r\n\tat org.springframework.web.servlet.handler.HandlerExceptionResolverComposite.resolveException(HandlerExceptionResolverComposite.java:80)\r\n\tat org.springframework.web.servlet.DispatcherServlet.processHandlerException(DispatcherServlet.java:1358)\r\n\tat org.springframework.web.servlet.DispatcherServlet.processDispatchResult(DispatcherServlet.java:1161)\r\n\tat org.springframework.web.servlet.DispatcherServlet.doDispatch(DispatcherServlet.java:1106)\r\n\tat org.springframework.web.servlet.DispatcherServlet.doService(DispatcherServlet.java:979)\r\n\tat org.springframework.web.servlet.FrameworkServlet.processRequest(FrameworkServlet.java:1014)\r\n\tat org.springframework.web.servlet.FrameworkServlet.doPost(FrameworkServlet.java:914)\r\n\tat jakarta.servlet.http.HttpServlet.service(HttpServlet.java:590)\r\n\tat org.springframework.web.servlet.FrameworkServlet.service(FrameworkServlet.java:885)\r\n\tat jakarta.servlet.http.HttpServlet.service(HttpServlet.java:658)\r\n\tat org.apache.catalina.core.ApplicationFilterChain.internalDoFilter(ApplicationFilterChain.java:195)\r\n\tat org.apache.catalina.core.ApplicationFilterChain.doFilter(ApplicationFilterChain.java:140)\r\n\tat org.apache.tomcat.websocket.server.WsFilter.doFilter(WsFilter.java:51)\r\n\tat org.apache.catalina.core.ApplicationFilterChain.internalDoFilter(ApplicationFilterChain.java:164)\r\n\tat org.apache.catalina.core.ApplicationFilterChain.doFilter(ApplicationFilterChain.java:140)\r\n\tat org.springframework.web.filter.CompositeFilter$VirtualFilterChain.doFilter(CompositeFilter.java:108)\r\n\tat org.springframework.security.web.FilterChainProxy.lambda$doFilterInternal$3(FilterChainProxy.java:231)\r\n\tat org.springframework.security.web.ObservationFilterChainDecorator$FilterObservation$SimpleFilterObservation.lambda$wrap$1(ObservationFilterChainDecorator.java:479)\r\n\tat org.springframework.security.web.ObservationFilterChainDecorator$AroundFilterObservation$SimpleAroundFilterObservation.lambda$wrap$1(ObservationFilterChainDecorator.java:340)\r\n\tat org.springframework.security.web.ObservationFilterChainDecorator.lambda$wrapSecured$0(ObservationFilterChainDecorator.java:82)\r\n\tat org.springframework.security.web.ObservationFilterChainDecorator$VirtualFilterChain.doFilter(ObservationFilterChainDecorator.java:128)\r\n\tat org.springframework.security.web.access.intercept.AuthorizationFilter.doFilter(AuthorizationFilter.java:100)\r\n\tat org.springframework.security.web.ObservationFilterChainDecorator$ObservationFilter.wrapFilter(ObservationFilterChainDecorator.java:240)\r\n\tat org.springframework.security.web.ObservationFilterChainDecorator$ObservationFilter.doFilter(ObservationFilterChainDecorator.java:227)\r\n\tat org.springframework.security.web.ObservationFilterChainDecorator$VirtualFilterChain.doFilter(ObservationFilterChainDecorator.java:137)\r\n\tat org.springframework.security.web.access.ExceptionTranslationFilter.doFilter(ExceptionTranslationFilter.java:126)\r\n\tat org.springframework.security.web.access.ExceptionTranslationFilter.doFilter(ExceptionTranslationFilter.java:120)\r\n\tat org.springframework.security.web.ObservationFilterChainDecorator$ObservationFilter.wrapFilter(ObservationFilterChainDecorator.java:240)\r\n\tat org.springframework.security.web.ObservationFilterChainDecorator$ObservationFilter.doFilter(ObservationFilterChainDecorator.java:227)\r\n\tat org.springframework.security.web.ObservationFilterChainDecorator$VirtualFilterChain.doFilter(ObservationFilterChainDecorator.java:137)\r\n\tat org.springframework.security.web.session.SessionManagementFilter.doFilter(SessionManagementFilter.java:131)\r\n\tat org.springframework.security.web.session.SessionManagementFilter.doFilter(SessionManagementFilter.java:85)\r\n\tat org.springframework.security.web.ObservationFilterChainDecorator$ObservationFilter.wrapFilter(ObservationFilterChainDecorator.java:240)\r\n\tat org.springframework.security.web.ObservationFilterChainDecorator$ObservationFilter.doFilter(ObservationFilterChainDecorator.java:227)\r\n\tat org.springframework.security.web.ObservationFilterChainDecorator$VirtualFilterChain.doFilter(ObservationFilterChainDecorator.java:137)\r\n\tat org.springframework.security.web.authentication.AnonymousAuthenticationFilter.doFilter(AnonymousAuthenticationFilter.java:100)\r\n\tat org.springframework.security.web.ObservationFilterChainDecorator$ObservationFilter.wrapFilter(ObservationFilterChainDecorator.java:240)\r\n\tat org.springframework.security.web.ObservationFilterChainDecorator$ObservationFilter.doFilter(ObservationFilterChainDecorator.java:227)\r\n\tat org.springframework.security.web.ObservationFilterChainDecorator$VirtualFilterChain.doFilter(ObservationFilterChainDecorator.java:137)\r\n\tat org.springframework.security.web.servletapi.SecurityContextHolderAwareRequestFilter.doFilter(SecurityContextHolderAwareRequestFilter.java:179)\r\n\tat org.springframework.security.web.ObservationFilterChainDecorator$ObservationFilter.wrapFilter(ObservationFilterChainDecorator.java:240)\r\n\tat org.springframework.security.web.ObservationFilterChainDecorator$ObservationFilter.doFilter(ObservationFilterChainDecorator.java:227)\r\n\tat org.springframework.security.web.ObservationFilterChainDecorator$VirtualFilterChain.doFilter(ObservationFilterChainDecorator.java:137)\r\n\tat org.springframework.security.web.savedrequest.RequestCacheAwareFilter.doFilter(RequestCacheAwareFilter.java:63)\r\n\tat org.springframework.security.web.ObservationFilterChainDecorator$ObservationFilter.wrapFilter(ObservationFilterChainDecorator.java:240)\r\n\tat org.springframework.security.web.ObservationFilterChainDecorator$ObservationFilter.doFilter(ObservationFilterChainDecorator.java:227)\r\n\tat org.springframework.security.web.ObservationFilterChainDecorator$VirtualFilterChain.doFilter(ObservationFilterChainDecorator.java:137)\r\n\tat org.springframework.security.oauth2.server.resource.web.authentication.BearerTokenAuthenticationFilter.doFilterInternal(BearerTokenAuthenticationFilter.java:145)\r\n\tat org.springframework.web.filter.OncePerRequestFilter.doFilter(OncePerRequestFilter.java:116)\r\n\tat org.springframework.security.web.ObservationFilterChainDecorator$ObservationFilter.wrapFilter(ObservationFilterChainDecorator.java:240)\r\n\tat org.springframework.security.web.ObservationFilterChainDecorator$ObservationFilter.doFilter(ObservationFilterChainDecorator.java:227)\r\n\tat org.springframework.security.web.ObservationFilterChainDecorator$VirtualFilterChain.doFilter(ObservationFilterChainDecorator.java:137)\r\n\tat org.springframework.security.web.authentication.logout.LogoutFilter.doFilter(LogoutFilter.java:107)\r\n\tat org.springframework.security.web.authentication.logout.LogoutFilter.doFilter(LogoutFilter.java:93)\r\n\tat org.springframework.security.web.ObservationFilterChainDecorator$ObservationFilter.wrapFilter(ObservationFilterChainDecorator.java:240)\r\n\tat org.springframework.security.web.ObservationFilterChainDecorator$ObservationFilter.doFilter(ObservationFilterChainDecorator.java:227)\r\n\tat org.springframework.security.web.ObservationFilterChainDecorator$VirtualFilterChain.doFilter(ObservationFilterChainDecorator.java:137)\r\n\tat org.springframework.security.web.header.HeaderWriterFilter.doHeadersAfter(HeaderWriterFilter.java:90)\r\n\tat org.springframework.security.web.header.HeaderWriterFilter.doFilterInternal(HeaderWriterFilter.java:75)\r\n\tat org.springframework.web.filter.OncePerRequestFilter.doFilter(OncePerRequestFilter.java:116)\r\n\tat org.springframework.security.web.ObservationFilterChainDecorator$ObservationFilter.wrapFilter(ObservationFilterChainDecorator.java:240)\r\n\tat org.springframework.security.web.ObservationFilterChainDecorator$ObservationFilter.doFilter(ObservationFilterChainDecorator.java:227)\r\n\tat org.springframework.security.web.ObservationFilterChainDecorator$VirtualFilterChain.doFilter(ObservationFilterChainDecorator.java:137)\r\n\tat org.springframework.security.web.context.SecurityContextHolderFilter.doFilter(SecurityContextHolderFilter.java:82)\r\n\tat org.springframework.security.web.context.SecurityContextHolderFilter.doFilter(SecurityContextHolderFilter.java:69)\r\n\tat org.springframework.security.web.ObservationFilterChainDecorator$ObservationFilter.wrapFilter(ObservationFilterChainDecorator.java:240)\r\n\tat org.springframework.security.web.ObservationFilterChainDecorator$ObservationFilter.doFilter(ObservationFilterChainDecorator.java:227)\r\n\tat org.springframework.security.web.ObservationFilterChainDecorator$VirtualFilterChain.doFilter(ObservationFilterChainDecorator.java:137)\r\n\tat org.springframework.security.web.context.request.async.WebAsyncManagerIntegrationFilter.doFilterInternal(WebAsyncManagerIntegrationFilter.java:62)\r\n\tat org.springframework.web.filter.OncePerRequestFilter.doFilter(OncePerRequestFilter.java:116)\r\n\tat org.springframework.security.web.ObservationFilterChainDecorator$ObservationFilter.wrapFilter(ObservationFilterChainDecorator.java:240)\r\n\tat org.springframework.security.web.ObservationFilterChainDecorator$ObservationFilter.doFilter(ObservationFilterChainDecorator.java:227)\r\n\tat org.springframework.security.web.ObservationFilterChainDecorator$VirtualFilterChain.doFilter(ObservationFilterChainDecorator.java:137)\r\n\tat org.springframework.security.web.session.DisableEncodeUrlFilter.doFilterInternal(DisableEncodeUrlFilter.java:42)\r\n\tat org.springframework.web.filter.OncePerRequestFilter.doFilter(OncePerRequestFilter.java:116)\r\n\tat org.springframework.security.web.ObservationFilterChainDecorator$ObservationFilter.wrapFilter(ObservationFilterChainDecorator.java:240)\r\n\tat org.springframework.security.web.ObservationFilterChainDecorator$AroundFilterObservation$SimpleAroundFilterObservation.lambda$wrap$0(ObservationFilterChainDecorator.java:323)\r\n\tat org.springframework.security.web.ObservationFilterChainDecorator$ObservationFilter.doFilter(ObservationFilterChainDecorator.java:224)\r\n\tat org.springframework.security.web.ObservationFilterChainDecorator$VirtualFilterChain.doFilter(ObservationFilterChainDecorator.java:137)\r\n\tat org.springframework.security.web.FilterChainProxy.doFilterInternal(FilterChainProxy.java:233)\r\n\tat org.springframework.security.web.FilterChainProxy.doFilter(FilterChainProxy.java:191)\r\n\tat org.springframework.web.filter.CompositeFilter$VirtualFilterChain.doFilter(CompositeFilter.java:113)\r\n\tat org.springframework.web.servlet.handler.HandlerMappingIntrospector.lambda$createCacheFilter$3(HandlerMappingIntrospector.java:195)\r\n\tat org.springframework.web.filter.CompositeFilter$VirtualFilterChain.doFilter(CompositeFilter.java:113)\r\n\tat org.springframework.web.filter.CompositeFilter.doFilter(CompositeFilter.java:74)\r\n\tat org.springframework.security.config.annotation.web.configuration.WebMvcSecurityConfiguration$CompositeFilterChainProxy.doFilter(WebMvcSecurityConfiguration.java:230)\r\n\tat org.springframework.web.filter.DelegatingFilterProxy.invokeDelegate(DelegatingFilterProxy.java:352)\r\n\tat org.springframework.web.filter.DelegatingFilterProxy.doFilter(DelegatingFilterProxy.java:268)\r\n\tat org.apache.catalina.core.ApplicationFilterChain.internalDoFilter(ApplicationFilterChain.java:164)\r\n\tat org.apache.catalina.core.ApplicationFilterChain.doFilter(ApplicationFilterChain.java:140)\r\n\tat org.springframework.web.filter.RequestContextFilter.doFilterInternal(RequestContextFilter.java:100)\r\n\tat org.springframework.web.filter.OncePerRequestFilter.doFilter(OncePerRequestFilter.java:116)\r\n\tat org.apache.catalina.core.ApplicationFilterChain.internalDoFilter(ApplicationFilterChain.java:164)\r\n\tat org.apache.catalina.core.ApplicationFilterChain.doFilter(ApplicationFilterChain.java:140)\r\n\tat org.springframework.web.filter.FormContentFilter.doFilterInternal(FormContentFilter.java:93)\r\n\tat org.springframework.web.filter.OncePerRequestFilter.doFilter(OncePerRequestFilter.java:116)\r\n\tat org.apache.catalina.core.ApplicationFilterChain.internalDoFilter(ApplicationFilterChain.java:164)\r\n\tat org.apache.catalina.core.ApplicationFilterChain.doFilter(ApplicationFilterChain.java:140)\r\n\tat org.springframework.web.filter.ServerHttpObservationFilter.doFilterInternal(ServerHttpObservationFilter.java:113)\r\n\tat org.springframework.web.filter.OncePerRequestFilter.doFilter(OncePerRequestFilter.java:116)\r\n\tat org.apache.catalina.core.ApplicationFilterChain.internalDoFilter(ApplicationFilterChain.java:164)\r\n\tat org.apache.catalina.core.ApplicationFilterChain.doFilter(ApplicationFilterChain.java:140)\r\n\tat org.springframework.web.filter.CharacterEncodingFilter.doFilterInternal(CharacterEncodingFilter.java:201)\r\n\tat org.springframework.web.filter.OncePerRequestFilter.doFilter(OncePerRequestFilter.java:116)\r\n\tat org.apache.catalina.core.ApplicationFilterChain.internalDoFilter(ApplicationFilterChain.java:164)\r\n\tat org.apache.catalina.core.ApplicationFilterChain.doFilter(ApplicationFilterChain.java:140)\r\n\tat org.apache.catalina.core.StandardWrapperValve.invoke(StandardWrapperValve.java:167)\r\n\tat org.apache.catalina.core.StandardContextValve.invoke(StandardContextValve.java:90)\r\n\tat org.apache.catalina.authenticator.AuthenticatorBase.invoke(AuthenticatorBase.java:483)\r\n\tat org.apache.catalina.core.StandardHostValve.invoke(StandardHostValve.java:115)\r\n\tat org.apache.catalina.valves.ErrorReportValve.invoke(ErrorReportValve.java:93)\r\n\tat org.apache.catalina.core.StandardEngineValve.invoke(StandardEngineValve.java:74)\r\n\tat org.apache.catalina.connector.CoyoteAdapter.service(CoyoteAdapter.java:344)\r\n\tat org.apache.coyote.http11.Http11Processor.service(Http11Processor.java:384)\r\n\tat org.apache.coyote.AbstractProcessorLight.process(AbstractProcessorLight.java:63)\r\n\tat org.apache.coyote.AbstractProtocol$ConnectionHandler.process(AbstractProtocol.java:905)\r\n\tat org.apache.tomcat.util.net.NioEndpoint$SocketProcessor.doRun(NioEndpoint.java:1741)\r\n\tat org.apache.tomcat.util.net.SocketProcessorBase.run(SocketProcessorBase.java:52)\r\n\tat java.base/java.lang.VirtualThread.run(VirtualThread.java:329)\r\n","app":"subscriber-api"}
{"@timestamp":"2026-07-17T09.54.45.105+05:30","level":"DEBUG","logger_name":"org.springframework.security.web.FilterChainProxy","thread_name":"tomcat-handler-7","message":"Securing POST /api/v1/operators/acme/subscribers","app":"subscriber-api"}
{"@timestamp":"2026-07-17T09.54.45.107+05:30","level":"DEBUG","logger_name":"org.springframework.security.oauth2.server.resource.authentication.JwtAuthenticationProvider","thread_name":"tomcat-handler-7","message":"Authenticated token","app":"subscriber-api"}
{"@timestamp":"2026-07-17T09.54.45.107+05:30","level":"DEBUG","logger_name":"org.springframework.security.oauth2.server.resource.web.authentication.BearerTokenAuthenticationFilter","thread_name":"tomcat-handler-7","message":"Set SecurityContextHolder to JwtAuthenticationToken [Principal=org.springframework.security.oauth2.jwt.Jwt@adeaecd8, Credentials=[PROTECTED], Authenticated=true, Details=WebAuthenticationDetails [RemoteIpAddress=127.0.0.1, SessionId=null], Granted Authorities=[]]","app":"subscriber-api"}
{"@timestamp":"2026-07-17T09.54.45.108+05:30","level":"DEBUG","logger_name":"org.springframework.security.web.FilterChainProxy","thread_name":"tomcat-handler-7","message":"Secured POST /api/v1/operators/acme/subscribers","app":"subscriber-api"}
{"@timestamp":"2026-07-17T09.54.45.110+05:30","level":"DEBUG","logger_name":"org.springframework.security.authorization.method.AuthorizationManagerBeforeMethodInterceptor","thread_name":"tomcat-handler-7","message":"Authorizing method invocation ReflectiveMethodInvocation: public com.telcoedge.domain.Subscriber com.telcoedge.subscriber.service.SubscriberService.create(java.lang.String,java.lang.String,java.lang.String); target is of class [com.telcoedge.subscriber.service.SubscriberService]","app":"subscriber-api"}
{"@timestamp":"2026-07-17T09.54.45.111+05:30","level":"DEBUG","logger_name":"org.springframework.security.authorization.method.AuthorizationManagerBeforeMethodInterceptor","thread_name":"tomcat-handler-7","message":"Authorized method invocation ReflectiveMethodInvocation: public com.telcoedge.domain.Subscriber com.telcoedge.subscriber.service.SubscriberService.create(java.lang.String,java.lang.String,java.lang.String); target is of class [com.telcoedge.subscriber.service.SubscriberService]","app":"subscriber-api"}
Hibernate: 
    select
        se1_0.id 
    from
        subscribers se1_0 
    where
        se1_0.operator_id=? 
        and se1_0.msisdn=? 
    fetch
        first ? rows only
{"@timestamp":"2026-07-17T09.54.45.114+05:30","level":"TRACE","logger_name":"org.hibernate.orm.jdbc.bind","thread_name":"tomcat-handler-7","message":"binding parameter (1:VARCHAR) <- [acme]","app":"subscriber-api"}
{"@timestamp":"2026-07-17T09.54.45.114+05:30","level":"TRACE","logger_name":"org.hibernate.orm.jdbc.bind","thread_name":"tomcat-handler-7","message":"binding parameter (2:VARCHAR) <- [9876543210]","app":"subscriber-api"}
{"@timestamp":"2026-07-17T09.54.45.115+05:30","level":"TRACE","logger_name":"org.hibernate.orm.jdbc.bind","thread_name":"tomcat-handler-7","message":"binding parameter (3:INTEGER) <- [1]","app":"subscriber-api"}
Hibernate: 
    insert 
    into
        subscribers
        (created_at, msisdn, name, operator_id, status, updated_at) 
    values
        (?, ?, ?, ?, ?, ?) 
    returning id
{"@timestamp":"2026-07-17T09.54.45.120+05:30","level":"TRACE","logger_name":"org.hibernate.orm.jdbc.bind","thread_name":"tomcat-handler-7","message":"binding parameter (1:TIMESTAMP_UTC) <- [2026-07-17T04:24:45.118962400Z]","app":"subscriber-api"}
{"@timestamp":"2026-07-17T09.54.45.120+05:30","level":"TRACE","logger_name":"org.hibernate.orm.jdbc.bind","thread_name":"tomcat-handler-7","message":"binding parameter (2:VARCHAR) <- [9876543210]","app":"subscriber-api"}
{"@timestamp":"2026-07-17T09.54.45.120+05:30","level":"TRACE","logger_name":"org.hibernate.orm.jdbc.bind","thread_name":"tomcat-handler-7","message":"binding parameter (3:VARCHAR) <- [Aakash kumar]","app":"subscriber-api"}
{"@timestamp":"2026-07-17T09.54.45.120+05:30","level":"TRACE","logger_name":"org.hibernate.orm.jdbc.bind","thread_name":"tomcat-handler-7","message":"binding parameter (4:VARCHAR) <- [acme]","app":"subscriber-api"}
{"@timestamp":"2026-07-17T09.54.45.120+05:30","level":"TRACE","logger_name":"org.hibernate.orm.jdbc.bind","thread_name":"tomcat-handler-7","message":"binding parameter (5:VARCHAR) <- [ACTIVE]","app":"subscriber-api"}
{"@timestamp":"2026-07-17T09.54.45.120+05:30","level":"TRACE","logger_name":"org.hibernate.orm.jdbc.bind","thread_name":"tomcat-handler-7","message":"binding parameter (6:TIMESTAMP_UTC) <- [2026-07-17T04:24:45.118962400Z]","app":"subscriber-api"}
{"@timestamp":"2026-07-17T09.54.45.138+05:30","level":"DEBUG","logger_name":"org.springframework.security.web.FilterChainProxy","thread_name":"tomcat-handler-8","message":"Securing GET /api/v1/operators/acme/subscribers/9876543210","app":"subscriber-api"}
{"@timestamp":"2026-07-17T09.54.45.141+05:30","level":"DEBUG","logger_name":"org.springframework.security.oauth2.server.resource.authentication.JwtAuthenticationProvider","thread_name":"tomcat-handler-8","message":"Authenticated token","app":"subscriber-api"}
{"@timestamp":"2026-07-17T09.54.45.141+05:30","level":"DEBUG","logger_name":"org.springframework.security.oauth2.server.resource.web.authentication.BearerTokenAuthenticationFilter","thread_name":"tomcat-handler-8","message":"Set SecurityContextHolder to JwtAuthenticationToken [Principal=org.springframework.security.oauth2.jwt.Jwt@adeaecd8, Credentials=[PROTECTED], Authenticated=true, Details=WebAuthenticationDetails [RemoteIpAddress=127.0.0.1, SessionId=null], Granted Authorities=[]]","app":"subscriber-api"}
{"@timestamp":"2026-07-17T09.54.45.141+05:30","level":"DEBUG","logger_name":"org.springframework.security.web.FilterChainProxy","thread_name":"tomcat-handler-8","message":"Secured GET /api/v1/operators/acme/subscribers/9876543210","app":"subscriber-api"}
{"@timestamp":"2026-07-17T09.54.45.142+05:30","level":"DEBUG","logger_name":"org.springframework.security.authorization.method.AuthorizationManagerBeforeMethodInterceptor","thread_name":"tomcat-handler-8","message":"Authorizing method invocation ReflectiveMethodInvocation: public com.telcoedge.domain.Subscriber com.telcoedge.subscriber.service.SubscriberService.findByMsisdn(java.lang.String,java.lang.String); target is of class [com.telcoedge.subscriber.service.SubscriberService]","app":"subscriber-api"}
{"@timestamp":"2026-07-17T09.54.45.144+05:30","level":"DEBUG","logger_name":"org.springframework.security.authorization.method.AuthorizationManagerBeforeMethodInterceptor","thread_name":"tomcat-handler-8","message":"Authorized method invocation ReflectiveMethodInvocation: public com.telcoedge.domain.Subscriber com.telcoedge.subscriber.service.SubscriberService.findByMsisdn(java.lang.String,java.lang.String); target is of class [com.telcoedge.subscriber.service.SubscriberService]","app":"subscriber-api"}
Hibernate: 
    select
        se1_0.id,
        se1_0.created_at,
        se1_0.msisdn,
        se1_0.name,
        se1_0.operator_id,
        se1_0.status,
        se1_0.updated_at 
    from
        subscribers se1_0 
    where
        se1_0.operator_id=? 
        and se1_0.msisdn=?
{"@timestamp":"2026-07-17T09.54.45.165+05:30","level":"TRACE","logger_name":"org.hibernate.orm.jdbc.bind","thread_name":"tomcat-handler-8","message":"binding parameter (1:VARCHAR) <- [acme]","app":"subscriber-api"}
{"@timestamp":"2026-07-17T09.54.45.166+05:30","level":"TRACE","logger_name":"org.hibernate.orm.jdbc.bind","thread_name":"tomcat-handler-8","message":"binding parameter (2:VARCHAR) <- [9876543210]","app":"subscriber-api"}
{"@timestamp":"2026-07-17T09.54.45.196+05:30","level":"DEBUG","logger_name":"org.springframework.security.web.FilterChainProxy","thread_name":"tomcat-handler-9","message":"Securing GET /api/v1/operators/acme/subscribers/00000000000","app":"subscriber-api"}
{"@timestamp":"2026-07-17T09.54.45.197+05:30","level":"DEBUG","logger_name":"org.springframework.security.oauth2.server.resource.authentication.JwtAuthenticationProvider","thread_name":"tomcat-handler-9","message":"Authenticated token","app":"subscriber-api"}
{"@timestamp":"2026-07-17T09.54.45.197+05:30","level":"DEBUG","logger_name":"org.springframework.security.oauth2.server.resource.web.authentication.BearerTokenAuthenticationFilter","thread_name":"tomcat-handler-9","message":"Set SecurityContextHolder to JwtAuthenticationToken [Principal=org.springframework.security.oauth2.jwt.Jwt@adeaecd8, Credentials=[PROTECTED], Authenticated=true, Details=WebAuthenticationDetails [RemoteIpAddress=127.0.0.1, SessionId=null], Granted Authorities=[]]","app":"subscriber-api"}
{"@timestamp":"2026-07-17T09.54.45.198+05:30","level":"DEBUG","logger_name":"org.springframework.security.web.FilterChainProxy","thread_name":"tomcat-handler-9","message":"Secured GET /api/v1/operators/acme/subscribers/00000000000","app":"subscriber-api"}
{"@timestamp":"2026-07-17T09.54.45.198+05:30","level":"DEBUG","logger_name":"org.springframework.security.authorization.method.AuthorizationManagerBeforeMethodInterceptor","thread_name":"tomcat-handler-9","message":"Authorizing method invocation ReflectiveMethodInvocation: public com.telcoedge.domain.Subscriber com.telcoedge.subscriber.service.SubscriberService.findByMsisdn(java.lang.String,java.lang.String); target is of class [com.telcoedge.subscriber.service.SubscriberService]","app":"subscriber-api"}
{"@timestamp":"2026-07-17T09.54.45.199+05:30","level":"DEBUG","logger_name":"org.springframework.security.authorization.method.AuthorizationManagerBeforeMethodInterceptor","thread_name":"tomcat-handler-9","message":"Authorized method invocation ReflectiveMethodInvocation: public com.telcoedge.domain.Subscriber com.telcoedge.subscriber.service.SubscriberService.findByMsisdn(java.lang.String,java.lang.String); target is of class [com.telcoedge.subscriber.service.SubscriberService]","app":"subscriber-api"}
Hibernate: 
    select
        se1_0.id,
        se1_0.created_at,
        se1_0.msisdn,
        se1_0.name,
        se1_0.operator_id,
        se1_0.status,
        se1_0.updated_at 
    from
        subscribers se1_0 
    where
        se1_0.operator_id=? 
        and se1_0.msisdn=?
{"@timestamp":"2026-07-17T09.54.45.200+05:30","level":"TRACE","logger_name":"org.hibernate.orm.jdbc.bind","thread_name":"tomcat-handler-9","message":"binding parameter (1:VARCHAR) <- [acme]","app":"subscriber-api"}
{"@timestamp":"2026-07-17T09.54.45.200+05:30","level":"TRACE","logger_name":"org.hibernate.orm.jdbc.bind","thread_name":"tomcat-handler-9","message":"binding parameter (2:VARCHAR) <- [00000000000]","app":"subscriber-api"}
{"@timestamp":"2026-07-17T09.54.45.229+05:30","level":"DEBUG","logger_name":"org.springframework.security.web.FilterChainProxy","thread_name":"tomcat-handler-10","message":"Securing POST /api/v1/operators/acme/subscribers","app":"subscriber-api"}
{"@timestamp":"2026-07-17T09.54.45.230+05:30","level":"DEBUG","logger_name":"org.springframework.security.oauth2.server.resource.authentication.JwtAuthenticationProvider","thread_name":"tomcat-handler-10","message":"Authenticated token","app":"subscriber-api"}
{"@timestamp":"2026-07-17T09.54.45.230+05:30","level":"DEBUG","logger_name":"org.springframework.security.oauth2.server.resource.web.authentication.BearerTokenAuthenticationFilter","thread_name":"tomcat-handler-10","message":"Set SecurityContextHolder to JwtAuthenticationToken [Principal=org.springframework.security.oauth2.jwt.Jwt@adeaecd8, Credentials=[PROTECTED], Authenticated=true, Details=WebAuthenticationDetails [RemoteIpAddress=127.0.0.1, SessionId=null], Granted Authorities=[]]","app":"subscriber-api"}
{"@timestamp":"2026-07-17T09.54.45.231+05:30","level":"DEBUG","logger_name":"org.springframework.security.web.FilterChainProxy","thread_name":"tomcat-handler-10","message":"Secured POST /api/v1/operators/acme/subscribers","app":"subscriber-api"}
{"@timestamp":"2026-07-17T09.54.45.234+05:30","level":"DEBUG","logger_name":"org.springframework.security.authorization.method.AuthorizationManagerBeforeMethodInterceptor","thread_name":"tomcat-handler-10","message":"Authorizing method invocation ReflectiveMethodInvocation: public com.telcoedge.domain.Subscriber com.telcoedge.subscriber.service.SubscriberService.create(java.lang.String,java.lang.String,java.lang.String); target is of class [com.telcoedge.subscriber.service.SubscriberService]","app":"subscriber-api"}
{"@timestamp":"2026-07-17T09.54.45.235+05:30","level":"DEBUG","logger_name":"org.springframework.security.authorization.method.AuthorizationManagerBeforeMethodInterceptor","thread_name":"tomcat-handler-10","message":"Authorized method invocation ReflectiveMethodInvocation: public com.telcoedge.domain.Subscriber com.telcoedge.subscriber.service.SubscriberService.create(java.lang.String,java.lang.String,java.lang.String); target is of class [com.telcoedge.subscriber.service.SubscriberService]","app":"subscriber-api"}
Hibernate: 
    select
        se1_0.id 
    from
        subscribers se1_0 
    where
        se1_0.operator_id=? 
        and se1_0.msisdn=? 
    fetch
        first ? rows only
{"@timestamp":"2026-07-17T09.54.45.238+05:30","level":"TRACE","logger_name":"org.hibernate.orm.jdbc.bind","thread_name":"tomcat-handler-10","message":"binding parameter (1:VARCHAR) <- [acme]","app":"subscriber-api"}
{"@timestamp":"2026-07-17T09.54.45.238+05:30","level":"TRACE","logger_name":"org.hibernate.orm.jdbc.bind","thread_name":"tomcat-handler-10","message":"binding parameter (2:VARCHAR) <- [9876543219]","app":"subscriber-api"}
{"@timestamp":"2026-07-17T09.54.45.238+05:30","level":"TRACE","logger_name":"org.hibernate.orm.jdbc.bind","thread_name":"tomcat-handler-10","message":"binding parameter (3:INTEGER) <- [1]","app":"subscriber-api"}
Hibernate: 
    insert 
    into
        subscribers
        (created_at, msisdn, name, operator_id, status, updated_at) 
    values
        (?, ?, ?, ?, ?, ?) 
    returning id
{"@timestamp":"2026-07-17T09.54.45.242+05:30","level":"TRACE","logger_name":"org.hibernate.orm.jdbc.bind","thread_name":"tomcat-handler-10","message":"binding parameter (1:TIMESTAMP_UTC) <- [2026-07-17T04:24:45.241862100Z]","app":"subscriber-api"}
{"@timestamp":"2026-07-17T09.54.45.243+05:30","level":"TRACE","logger_name":"org.hibernate.orm.jdbc.bind","thread_name":"tomcat-handler-10","message":"binding parameter (2:VARCHAR) <- [9876543219]","app":"subscriber-api"}
{"@timestamp":"2026-07-17T09.54.45.243+05:30","level":"TRACE","logger_name":"org.hibernate.orm.jdbc.bind","thread_name":"tomcat-handler-10","message":"binding parameter (3:VARCHAR) <- [Test User]","app":"subscriber-api"}
{"@timestamp":"2026-07-17T09.54.45.243+05:30","level":"TRACE","logger_name":"org.hibernate.orm.jdbc.bind","thread_name":"tomcat-handler-10","message":"binding parameter (4:VARCHAR) <- [acme]","app":"subscriber-api"}
{"@timestamp":"2026-07-17T09.54.45.243+05:30","level":"TRACE","logger_name":"org.hibernate.orm.jdbc.bind","thread_name":"tomcat-handler-10","message":"binding parameter (5:VARCHAR) <- [ACTIVE]","app":"subscriber-api"}
{"@timestamp":"2026-07-17T09.54.45.243+05:30","level":"TRACE","logger_name":"org.hibernate.orm.jdbc.bind","thread_name":"tomcat-handler-10","message":"binding parameter (6:TIMESTAMP_UTC) <- [2026-07-17T04:24:45.241862100Z]","app":"subscriber-api"}
{"@timestamp":"2026-07-17T09.54.45.253+05:30","level":"DEBUG","logger_name":"org.springframework.security.web.FilterChainProxy","thread_name":"tomcat-handler-11","message":"Securing GET /api/v1/operators/acme/subscribers/9876543219","app":"subscriber-api"}
{"@timestamp":"2026-07-17T09.54.45.255+05:30","level":"DEBUG","logger_name":"org.springframework.security.oauth2.server.resource.authentication.JwtAuthenticationProvider","thread_name":"tomcat-handler-11","message":"Authenticated token","app":"subscriber-api"}
{"@timestamp":"2026-07-17T09.54.45.256+05:30","level":"DEBUG","logger_name":"org.springframework.security.oauth2.server.resource.web.authentication.BearerTokenAuthenticationFilter","thread_name":"tomcat-handler-11","message":"Set SecurityContextHolder to JwtAuthenticationToken [Principal=org.springframework.security.oauth2.jwt.Jwt@adeaecd8, Credentials=[PROTECTED], Authenticated=true, Details=WebAuthenticationDetails [RemoteIpAddress=127.0.0.1, SessionId=null], Granted Authorities=[]]","app":"subscriber-api"}
{"@timestamp":"2026-07-17T09.54.45.257+05:30","level":"DEBUG","logger_name":"org.springframework.security.web.FilterChainProxy","thread_name":"tomcat-handler-11","message":"Secured GET /api/v1/operators/acme/subscribers/9876543219","app":"subscriber-api"}
{"@timestamp":"2026-07-17T09.54.45.258+05:30","level":"DEBUG","logger_name":"org.springframework.security.authorization.method.AuthorizationManagerBeforeMethodInterceptor","thread_name":"tomcat-handler-11","message":"Authorizing method invocation ReflectiveMethodInvocation: public com.telcoedge.domain.Subscriber com.telcoedge.subscriber.service.SubscriberService.findByMsisdn(java.lang.String,java.lang.String); target is of class [com.telcoedge.subscriber.service.SubscriberService]","app":"subscriber-api"}
{"@timestamp":"2026-07-17T09.54.45.258+05:30","level":"DEBUG","logger_name":"org.springframework.security.authorization.method.AuthorizationManagerBeforeMethodInterceptor","thread_name":"tomcat-handler-11","message":"Authorized method invocation ReflectiveMethodInvocation: public com.telcoedge.domain.Subscriber com.telcoedge.subscriber.service.SubscriberService.findByMsisdn(java.lang.String,java.lang.String); target is of class [com.telcoedge.subscriber.service.SubscriberService]","app":"subscriber-api"}
Hibernate: 
    select
        se1_0.id,
        se1_0.created_at,
        se1_0.msisdn,
        se1_0.name,
        se1_0.operator_id,
        se1_0.status,
        se1_0.updated_at 
    from
        subscribers se1_0 
    where
        se1_0.operator_id=? 
        and se1_0.msisdn=?
{"@timestamp":"2026-07-17T09.54.45.260+05:30","level":"TRACE","logger_name":"org.hibernate.orm.jdbc.bind","thread_name":"tomcat-handler-11","message":"binding parameter (1:VARCHAR) <- [acme]","app":"subscriber-api"}
{"@timestamp":"2026-07-17T09.54.45.260+05:30","level":"TRACE","logger_name":"org.hibernate.orm.jdbc.bind","thread_name":"tomcat-handler-11","message":"binding parameter (2:VARCHAR) <- [9876543219]","app":"subscriber-api"}
]]></system-out>
  <system-err><![CDATA[WARNING: A Java agent has been loaded dynamically (C:\Users\shubbham goyal\.gradle\caches\modules-2\files-2.1\net.bytebuddy\byte-buddy-agent\1.14.19\154da3a65b4f4a909d3e5bdec55d1b2b4cbb6ce1\byte-buddy-agent-1.14.19.jar)
WARNING: If a serviceability tool is in use, please run with -XX:+EnableDynamicAgentLoading to hide this warning
WARNING: If a serviceability tool is not in use, please run with -Djdk.instrument.traceUsage for more information
WARNING: Dynamic loading of agents will be disallowed by default in a future release
]]></system-err>
</testsuite>
